[2022-04-18 21:01:19,597] {taskinstance.py:1043} INFO - Dependencies all met for <TaskInstance: example_branch_datetime_operator_2.datetime_branch scheduled__2022-04-17T00:00:00+00:00 [queued]>
[2022-04-18 21:01:19,608] {taskinstance.py:1043} INFO - Dependencies all met for <TaskInstance: example_branch_datetime_operator_2.datetime_branch scheduled__2022-04-17T00:00:00+00:00 [queued]>
[2022-04-18 21:01:19,609] {taskinstance.py:1249} INFO - 
--------------------------------------------------------------------------------
[2022-04-18 21:01:19,610] {taskinstance.py:1250} INFO - Starting attempt 1 of 1
[2022-04-18 21:01:19,611] {taskinstance.py:1251} INFO - 
--------------------------------------------------------------------------------
[2022-04-18 21:01:19,624] {taskinstance.py:1270} INFO - Executing <Task(BranchDateTimeOperator): datetime_branch> on 2022-04-17 00:00:00+00:00
[2022-04-18 21:01:19,629] {standard_task_runner.py:52} INFO - Started process 149 to run task
[2022-04-18 21:01:19,633] {standard_task_runner.py:79} INFO - Running: ['***', 'tasks', 'run', 'example_branch_datetime_operator_2', 'datetime_branch', 'scheduled__2022-04-17T00:00:00+00:00', '--job-id', '3', '--raw', '--subdir', '/home/***/.local/lib/python3.7/site-packages/***/example_dags/example_branch_datetime_operator.py', '--cfg-path', '/tmp/tmp7_vf12ov', '--error-file', '/tmp/tmpw0wu0tts']
[2022-04-18 21:01:19,634] {standard_task_runner.py:80} INFO - Job 3: Subtask datetime_branch
[2022-04-18 21:01:19,693] {logging_mixin.py:109} INFO - Running <TaskInstance: example_branch_datetime_operator_2.datetime_branch scheduled__2022-04-17T00:00:00+00:00 [running]> on host 33fb2ce8ec64
[2022-04-18 21:01:19,740] {taskinstance.py:1448} INFO - Exporting the following env vars:
AIRFLOW_CTX_DAG_OWNER=***
AIRFLOW_CTX_DAG_ID=example_branch_datetime_operator_2
AIRFLOW_CTX_TASK_ID=datetime_branch
AIRFLOW_CTX_EXECUTION_DATE=2022-04-17T00:00:00+00:00
AIRFLOW_CTX_DAG_RUN_ID=scheduled__2022-04-17T00:00:00+00:00
[2022-04-18 21:01:19,741] {skipmixin.py:140} INFO - Following branch ['date_in_range']
[2022-04-18 21:01:19,742] {skipmixin.py:171} INFO - Skipping tasks ['date_outside_range']
[2022-04-18 21:01:19,779] {taskinstance.py:1288} INFO - Marking task as SUCCESS. dag_id=example_branch_datetime_operator_2, task_id=datetime_branch, execution_date=20220417T000000, start_date=20220418T210119, end_date=20220418T210119
[2022-04-18 21:01:19,806] {local_task_job.py:154} INFO - Task exited with return code 0
[2022-04-18 21:01:19,853] {local_task_job.py:264} INFO - 1 downstream tasks scheduled from follow-on schedule check
