[2022-04-18 20:59:28,809] {processor.py:163} INFO - Started process (PID=118) to work on /home/airflow/.local/lib/python3.7/site-packages/airflow/example_dags/example_subdag_operator.py
[2022-04-18 20:59:28,811] {processor.py:642} INFO - Processing file /home/airflow/.local/lib/python3.7/site-packages/airflow/example_dags/example_subdag_operator.py for tasks to queue
[2022-04-18 20:59:28,813] {logging_mixin.py:109} INFO - [2022-04-18 20:59:28,813] {dagbag.py:500} INFO - Filling up the DagBag from /home/airflow/.local/lib/python3.7/site-packages/airflow/example_dags/example_subdag_operator.py
[2022-04-18 20:59:28,856] {processor.py:652} INFO - DAG(s) dict_keys(['example_subdag_operator.section-1', 'example_subdag_operator.section-2', 'example_subdag_operator']) retrieved from /home/airflow/.local/lib/python3.7/site-packages/airflow/example_dags/example_subdag_operator.py
[2022-04-18 20:59:30,370] {logging_mixin.py:109} INFO - [2022-04-18 20:59:30,370] {manager.py:496} INFO - Created Permission View: can read on DAG:example_subdag_operator
[2022-04-18 20:59:30,377] {logging_mixin.py:109} INFO - [2022-04-18 20:59:30,377] {manager.py:496} INFO - Created Permission View: can edit on DAG:example_subdag_operator
[2022-04-18 20:59:30,377] {logging_mixin.py:109} INFO - [2022-04-18 20:59:30,377] {dag.py:2398} INFO - Sync 3 DAGs
[2022-04-18 20:59:30,384] {logging_mixin.py:109} INFO - [2022-04-18 20:59:30,384] {dag.py:2417} INFO - Creating ORM DAG for example_subdag_operator
[2022-04-18 20:59:30,385] {logging_mixin.py:109} INFO - [2022-04-18 20:59:30,385] {dag.py:2417} INFO - Creating ORM DAG for example_subdag_operator.section-2
[2022-04-18 20:59:30,386] {logging_mixin.py:109} INFO - [2022-04-18 20:59:30,386] {dag.py:2417} INFO - Creating ORM DAG for example_subdag_operator.section-1
[2022-04-18 20:59:30,395] {logging_mixin.py:109} INFO - [2022-04-18 20:59:30,395] {dag.py:2937} INFO - Setting next_dagrun for example_subdag_operator to 2022-04-16T00:00:00+00:00
[2022-04-18 20:59:30,397] {logging_mixin.py:109} INFO - [2022-04-18 20:59:30,397] {dag.py:2937} INFO - Setting next_dagrun for example_subdag_operator.section-1 to None
[2022-04-18 20:59:30,398] {logging_mixin.py:109} INFO - [2022-04-18 20:59:30,398] {dag.py:2937} INFO - Setting next_dagrun for example_subdag_operator.section-2 to None
[2022-04-18 20:59:30,406] {logging_mixin.py:109} INFO - [2022-04-18 20:59:30,406] {dag.py:2398} INFO - Sync 2 DAGs
[2022-04-18 20:59:30,420] {logging_mixin.py:109} INFO - [2022-04-18 20:59:30,420] {dag.py:2937} INFO - Setting next_dagrun for example_subdag_operator.section-1 to None
[2022-04-18 20:59:30,422] {logging_mixin.py:109} INFO - [2022-04-18 20:59:30,421] {dag.py:2937} INFO - Setting next_dagrun for example_subdag_operator.section-2 to None
[2022-04-18 20:59:30,432] {processor.py:171} INFO - Processing /home/airflow/.local/lib/python3.7/site-packages/airflow/example_dags/example_subdag_operator.py took 1.626 seconds
[2022-04-18 21:00:00,549] {processor.py:163} INFO - Started process (PID=300) to work on /home/airflow/.local/lib/python3.7/site-packages/airflow/example_dags/example_subdag_operator.py
[2022-04-18 21:00:00,551] {processor.py:642} INFO - Processing file /home/airflow/.local/lib/python3.7/site-packages/airflow/example_dags/example_subdag_operator.py for tasks to queue
[2022-04-18 21:00:00,553] {logging_mixin.py:109} INFO - [2022-04-18 21:00:00,552] {dagbag.py:500} INFO - Filling up the DagBag from /home/airflow/.local/lib/python3.7/site-packages/airflow/example_dags/example_subdag_operator.py
[2022-04-18 21:00:00,589] {processor.py:652} INFO - DAG(s) dict_keys(['example_subdag_operator.section-1', 'example_subdag_operator.section-2', 'example_subdag_operator']) retrieved from /home/airflow/.local/lib/python3.7/site-packages/airflow/example_dags/example_subdag_operator.py
[2022-04-18 21:00:00,601] {logging_mixin.py:109} INFO - [2022-04-18 21:00:00,601] {dag.py:2398} INFO - Sync 3 DAGs
[2022-04-18 21:00:00,618] {logging_mixin.py:109} INFO - [2022-04-18 21:00:00,617] {dag.py:2937} INFO - Setting next_dagrun for example_subdag_operator to 2022-04-16T00:00:00+00:00
[2022-04-18 21:00:00,619] {logging_mixin.py:109} INFO - [2022-04-18 21:00:00,619] {dag.py:2937} INFO - Setting next_dagrun for example_subdag_operator.section-1 to None
[2022-04-18 21:00:00,620] {logging_mixin.py:109} INFO - [2022-04-18 21:00:00,620] {dag.py:2937} INFO - Setting next_dagrun for example_subdag_operator.section-2 to None
[2022-04-18 21:00:00,627] {logging_mixin.py:109} INFO - [2022-04-18 21:00:00,626] {dag.py:2398} INFO - Sync 2 DAGs
[2022-04-18 21:00:00,635] {logging_mixin.py:109} INFO - [2022-04-18 21:00:00,635] {dag.py:2937} INFO - Setting next_dagrun for example_subdag_operator.section-1 to None
[2022-04-18 21:00:00,635] {logging_mixin.py:109} INFO - [2022-04-18 21:00:00,635] {dag.py:2937} INFO - Setting next_dagrun for example_subdag_operator.section-2 to None
[2022-04-18 21:00:00,643] {processor.py:171} INFO - Processing /home/airflow/.local/lib/python3.7/site-packages/airflow/example_dags/example_subdag_operator.py took 0.097 seconds
[2022-04-18 21:00:31,100] {processor.py:163} INFO - Started process (PID=351) to work on /home/airflow/.local/lib/python3.7/site-packages/airflow/example_dags/example_subdag_operator.py
[2022-04-18 21:00:31,104] {processor.py:642} INFO - Processing file /home/airflow/.local/lib/python3.7/site-packages/airflow/example_dags/example_subdag_operator.py for tasks to queue
[2022-04-18 21:00:31,106] {logging_mixin.py:109} INFO - [2022-04-18 21:00:31,105] {dagbag.py:500} INFO - Filling up the DagBag from /home/airflow/.local/lib/python3.7/site-packages/airflow/example_dags/example_subdag_operator.py
[2022-04-18 21:00:31,316] {processor.py:652} INFO - DAG(s) dict_keys(['example_subdag_operator.section-1', 'example_subdag_operator.section-2', 'example_subdag_operator']) retrieved from /home/airflow/.local/lib/python3.7/site-packages/airflow/example_dags/example_subdag_operator.py
[2022-04-18 21:00:31,372] {logging_mixin.py:109} INFO - [2022-04-18 21:00:31,372] {dag.py:2398} INFO - Sync 3 DAGs
[2022-04-18 21:00:31,403] {logging_mixin.py:109} INFO - [2022-04-18 21:00:31,403] {dag.py:2937} INFO - Setting next_dagrun for example_subdag_operator to 2022-04-16T00:00:00+00:00
[2022-04-18 21:00:31,405] {logging_mixin.py:109} INFO - [2022-04-18 21:00:31,405] {dag.py:2937} INFO - Setting next_dagrun for example_subdag_operator.section-1 to None
[2022-04-18 21:00:31,406] {logging_mixin.py:109} INFO - [2022-04-18 21:00:31,406] {dag.py:2937} INFO - Setting next_dagrun for example_subdag_operator.section-2 to None
[2022-04-18 21:00:31,417] {logging_mixin.py:109} INFO - [2022-04-18 21:00:31,417] {dag.py:2398} INFO - Sync 2 DAGs
[2022-04-18 21:00:31,433] {logging_mixin.py:109} INFO - [2022-04-18 21:00:31,433] {dag.py:2937} INFO - Setting next_dagrun for example_subdag_operator.section-1 to None
[2022-04-18 21:00:31,435] {logging_mixin.py:109} INFO - [2022-04-18 21:00:31,435] {dag.py:2937} INFO - Setting next_dagrun for example_subdag_operator.section-2 to None
[2022-04-18 21:00:31,449] {processor.py:171} INFO - Processing /home/airflow/.local/lib/python3.7/site-packages/airflow/example_dags/example_subdag_operator.py took 0.358 seconds
[2022-04-18 21:01:01,923] {processor.py:163} INFO - Started process (PID=412) to work on /home/airflow/.local/lib/python3.7/site-packages/airflow/example_dags/example_subdag_operator.py
[2022-04-18 21:01:01,926] {processor.py:642} INFO - Processing file /home/airflow/.local/lib/python3.7/site-packages/airflow/example_dags/example_subdag_operator.py for tasks to queue
[2022-04-18 21:01:01,927] {logging_mixin.py:109} INFO - [2022-04-18 21:01:01,927] {dagbag.py:500} INFO - Filling up the DagBag from /home/airflow/.local/lib/python3.7/site-packages/airflow/example_dags/example_subdag_operator.py
[2022-04-18 21:01:01,966] {processor.py:652} INFO - DAG(s) dict_keys(['example_subdag_operator.section-1', 'example_subdag_operator.section-2', 'example_subdag_operator']) retrieved from /home/airflow/.local/lib/python3.7/site-packages/airflow/example_dags/example_subdag_operator.py
[2022-04-18 21:01:01,979] {logging_mixin.py:109} INFO - [2022-04-18 21:01:01,979] {dag.py:2398} INFO - Sync 3 DAGs
[2022-04-18 21:01:01,998] {logging_mixin.py:109} INFO - [2022-04-18 21:01:01,998] {dag.py:2937} INFO - Setting next_dagrun for example_subdag_operator to 2022-04-16T00:00:00+00:00
[2022-04-18 21:01:01,999] {logging_mixin.py:109} INFO - [2022-04-18 21:01:01,999] {dag.py:2937} INFO - Setting next_dagrun for example_subdag_operator.section-1 to None
[2022-04-18 21:01:01,999] {logging_mixin.py:109} INFO - [2022-04-18 21:01:01,999] {dag.py:2937} INFO - Setting next_dagrun for example_subdag_operator.section-2 to None
[2022-04-18 21:01:02,006] {logging_mixin.py:109} INFO - [2022-04-18 21:01:02,006] {dag.py:2398} INFO - Sync 2 DAGs
[2022-04-18 21:01:02,015] {logging_mixin.py:109} INFO - [2022-04-18 21:01:02,015] {dag.py:2937} INFO - Setting next_dagrun for example_subdag_operator.section-1 to None
[2022-04-18 21:01:02,016] {logging_mixin.py:109} INFO - [2022-04-18 21:01:02,016] {dag.py:2937} INFO - Setting next_dagrun for example_subdag_operator.section-2 to None
[2022-04-18 21:01:02,024] {processor.py:171} INFO - Processing /home/airflow/.local/lib/python3.7/site-packages/airflow/example_dags/example_subdag_operator.py took 0.114 seconds
[2022-04-18 21:01:32,281] {processor.py:163} INFO - Started process (PID=463) to work on /home/airflow/.local/lib/python3.7/site-packages/airflow/example_dags/example_subdag_operator.py
[2022-04-18 21:01:32,300] {processor.py:642} INFO - Processing file /home/airflow/.local/lib/python3.7/site-packages/airflow/example_dags/example_subdag_operator.py for tasks to queue
[2022-04-18 21:01:32,317] {logging_mixin.py:109} INFO - [2022-04-18 21:01:32,317] {dagbag.py:500} INFO - Filling up the DagBag from /home/airflow/.local/lib/python3.7/site-packages/airflow/example_dags/example_subdag_operator.py
[2022-04-18 21:01:32,503] {processor.py:652} INFO - DAG(s) dict_keys(['example_subdag_operator.section-1', 'example_subdag_operator.section-2', 'example_subdag_operator']) retrieved from /home/airflow/.local/lib/python3.7/site-packages/airflow/example_dags/example_subdag_operator.py
[2022-04-18 21:01:32,521] {logging_mixin.py:109} INFO - [2022-04-18 21:01:32,521] {dag.py:2398} INFO - Sync 3 DAGs
[2022-04-18 21:01:32,543] {logging_mixin.py:109} INFO - [2022-04-18 21:01:32,543] {dag.py:2937} INFO - Setting next_dagrun for example_subdag_operator to 2022-04-16T00:00:00+00:00
[2022-04-18 21:01:32,544] {logging_mixin.py:109} INFO - [2022-04-18 21:01:32,544] {dag.py:2937} INFO - Setting next_dagrun for example_subdag_operator.section-1 to None
[2022-04-18 21:01:32,545] {logging_mixin.py:109} INFO - [2022-04-18 21:01:32,545] {dag.py:2937} INFO - Setting next_dagrun for example_subdag_operator.section-2 to None
[2022-04-18 21:01:32,553] {logging_mixin.py:109} INFO - [2022-04-18 21:01:32,553] {dag.py:2398} INFO - Sync 2 DAGs
[2022-04-18 21:01:32,563] {logging_mixin.py:109} INFO - [2022-04-18 21:01:32,563] {dag.py:2937} INFO - Setting next_dagrun for example_subdag_operator.section-1 to None
[2022-04-18 21:01:32,564] {logging_mixin.py:109} INFO - [2022-04-18 21:01:32,564] {dag.py:2937} INFO - Setting next_dagrun for example_subdag_operator.section-2 to None
[2022-04-18 21:01:32,572] {processor.py:171} INFO - Processing /home/airflow/.local/lib/python3.7/site-packages/airflow/example_dags/example_subdag_operator.py took 0.338 seconds
[2022-04-18 21:02:02,624] {processor.py:163} INFO - Started process (PID=525) to work on /home/airflow/.local/lib/python3.7/site-packages/airflow/example_dags/example_subdag_operator.py
[2022-04-18 21:02:02,629] {processor.py:642} INFO - Processing file /home/airflow/.local/lib/python3.7/site-packages/airflow/example_dags/example_subdag_operator.py for tasks to queue
[2022-04-18 21:02:02,632] {logging_mixin.py:109} INFO - [2022-04-18 21:02:02,632] {dagbag.py:500} INFO - Filling up the DagBag from /home/airflow/.local/lib/python3.7/site-packages/airflow/example_dags/example_subdag_operator.py
[2022-04-18 21:02:02,728] {processor.py:652} INFO - DAG(s) dict_keys(['example_subdag_operator.section-1', 'example_subdag_operator.section-2', 'example_subdag_operator']) retrieved from /home/airflow/.local/lib/python3.7/site-packages/airflow/example_dags/example_subdag_operator.py
[2022-04-18 21:02:02,769] {logging_mixin.py:109} INFO - [2022-04-18 21:02:02,768] {dag.py:2398} INFO - Sync 3 DAGs
[2022-04-18 21:02:02,799] {logging_mixin.py:109} INFO - [2022-04-18 21:02:02,798] {dag.py:2937} INFO - Setting next_dagrun for example_subdag_operator to 2022-04-16T00:00:00+00:00
[2022-04-18 21:02:02,800] {logging_mixin.py:109} INFO - [2022-04-18 21:02:02,800] {dag.py:2937} INFO - Setting next_dagrun for example_subdag_operator.section-1 to None
[2022-04-18 21:02:02,801] {logging_mixin.py:109} INFO - [2022-04-18 21:02:02,801] {dag.py:2937} INFO - Setting next_dagrun for example_subdag_operator.section-2 to None
[2022-04-18 21:02:02,808] {logging_mixin.py:109} INFO - [2022-04-18 21:02:02,808] {dag.py:2398} INFO - Sync 2 DAGs
[2022-04-18 21:02:02,818] {logging_mixin.py:109} INFO - [2022-04-18 21:02:02,818] {dag.py:2937} INFO - Setting next_dagrun for example_subdag_operator.section-1 to None
[2022-04-18 21:02:02,819] {logging_mixin.py:109} INFO - [2022-04-18 21:02:02,819] {dag.py:2937} INFO - Setting next_dagrun for example_subdag_operator.section-2 to None
[2022-04-18 21:02:02,828] {processor.py:171} INFO - Processing /home/airflow/.local/lib/python3.7/site-packages/airflow/example_dags/example_subdag_operator.py took 0.212 seconds
[2022-04-18 21:02:33,409] {processor.py:163} INFO - Started process (PID=576) to work on /home/airflow/.local/lib/python3.7/site-packages/airflow/example_dags/example_subdag_operator.py
[2022-04-18 21:02:33,412] {processor.py:642} INFO - Processing file /home/airflow/.local/lib/python3.7/site-packages/airflow/example_dags/example_subdag_operator.py for tasks to queue
[2022-04-18 21:02:33,413] {logging_mixin.py:109} INFO - [2022-04-18 21:02:33,413] {dagbag.py:500} INFO - Filling up the DagBag from /home/airflow/.local/lib/python3.7/site-packages/airflow/example_dags/example_subdag_operator.py
[2022-04-18 21:02:33,450] {processor.py:652} INFO - DAG(s) dict_keys(['example_subdag_operator.section-1', 'example_subdag_operator.section-2', 'example_subdag_operator']) retrieved from /home/airflow/.local/lib/python3.7/site-packages/airflow/example_dags/example_subdag_operator.py
[2022-04-18 21:02:33,463] {logging_mixin.py:109} INFO - [2022-04-18 21:02:33,463] {dag.py:2398} INFO - Sync 3 DAGs
[2022-04-18 21:02:33,481] {logging_mixin.py:109} INFO - [2022-04-18 21:02:33,481] {dag.py:2937} INFO - Setting next_dagrun for example_subdag_operator to 2022-04-16T00:00:00+00:00
[2022-04-18 21:02:33,482] {logging_mixin.py:109} INFO - [2022-04-18 21:02:33,482] {dag.py:2937} INFO - Setting next_dagrun for example_subdag_operator.section-1 to None
[2022-04-18 21:02:33,482] {logging_mixin.py:109} INFO - [2022-04-18 21:02:33,482] {dag.py:2937} INFO - Setting next_dagrun for example_subdag_operator.section-2 to None
[2022-04-18 21:02:33,489] {logging_mixin.py:109} INFO - [2022-04-18 21:02:33,489] {dag.py:2398} INFO - Sync 2 DAGs
[2022-04-18 21:02:33,498] {logging_mixin.py:109} INFO - [2022-04-18 21:02:33,498] {dag.py:2937} INFO - Setting next_dagrun for example_subdag_operator.section-1 to None
[2022-04-18 21:02:33,499] {logging_mixin.py:109} INFO - [2022-04-18 21:02:33,499] {dag.py:2937} INFO - Setting next_dagrun for example_subdag_operator.section-2 to None
[2022-04-18 21:02:33,506] {processor.py:171} INFO - Processing /home/airflow/.local/lib/python3.7/site-packages/airflow/example_dags/example_subdag_operator.py took 0.102 seconds
[2022-04-18 21:03:03,804] {processor.py:163} INFO - Started process (PID=635) to work on /home/airflow/.local/lib/python3.7/site-packages/airflow/example_dags/example_subdag_operator.py
[2022-04-18 21:03:03,811] {processor.py:642} INFO - Processing file /home/airflow/.local/lib/python3.7/site-packages/airflow/example_dags/example_subdag_operator.py for tasks to queue
[2022-04-18 21:03:03,814] {logging_mixin.py:109} INFO - [2022-04-18 21:03:03,813] {dagbag.py:500} INFO - Filling up the DagBag from /home/airflow/.local/lib/python3.7/site-packages/airflow/example_dags/example_subdag_operator.py
[2022-04-18 21:03:03,857] {processor.py:652} INFO - DAG(s) dict_keys(['example_subdag_operator.section-1', 'example_subdag_operator.section-2', 'example_subdag_operator']) retrieved from /home/airflow/.local/lib/python3.7/site-packages/airflow/example_dags/example_subdag_operator.py
[2022-04-18 21:03:03,872] {logging_mixin.py:109} INFO - [2022-04-18 21:03:03,872] {dag.py:2398} INFO - Sync 3 DAGs
[2022-04-18 21:03:03,892] {logging_mixin.py:109} INFO - [2022-04-18 21:03:03,892] {dag.py:2937} INFO - Setting next_dagrun for example_subdag_operator to 2022-04-16T00:00:00+00:00
[2022-04-18 21:03:03,893] {logging_mixin.py:109} INFO - [2022-04-18 21:03:03,893] {dag.py:2937} INFO - Setting next_dagrun for example_subdag_operator.section-1 to None
[2022-04-18 21:03:03,894] {logging_mixin.py:109} INFO - [2022-04-18 21:03:03,894] {dag.py:2937} INFO - Setting next_dagrun for example_subdag_operator.section-2 to None
[2022-04-18 21:03:03,903] {logging_mixin.py:109} INFO - [2022-04-18 21:03:03,903] {dag.py:2398} INFO - Sync 2 DAGs
[2022-04-18 21:03:03,916] {logging_mixin.py:109} INFO - [2022-04-18 21:03:03,916] {dag.py:2937} INFO - Setting next_dagrun for example_subdag_operator.section-1 to None
[2022-04-18 21:03:03,919] {logging_mixin.py:109} INFO - [2022-04-18 21:03:03,918] {dag.py:2937} INFO - Setting next_dagrun for example_subdag_operator.section-2 to None
[2022-04-18 21:03:03,929] {processor.py:171} INFO - Processing /home/airflow/.local/lib/python3.7/site-packages/airflow/example_dags/example_subdag_operator.py took 0.129 seconds
[2022-04-18 21:03:34,351] {processor.py:163} INFO - Started process (PID=685) to work on /home/airflow/.local/lib/python3.7/site-packages/airflow/example_dags/example_subdag_operator.py
[2022-04-18 21:03:34,354] {processor.py:642} INFO - Processing file /home/airflow/.local/lib/python3.7/site-packages/airflow/example_dags/example_subdag_operator.py for tasks to queue
[2022-04-18 21:03:34,355] {logging_mixin.py:109} INFO - [2022-04-18 21:03:34,355] {dagbag.py:500} INFO - Filling up the DagBag from /home/airflow/.local/lib/python3.7/site-packages/airflow/example_dags/example_subdag_operator.py
[2022-04-18 21:03:34,397] {processor.py:652} INFO - DAG(s) dict_keys(['example_subdag_operator.section-1', 'example_subdag_operator.section-2', 'example_subdag_operator']) retrieved from /home/airflow/.local/lib/python3.7/site-packages/airflow/example_dags/example_subdag_operator.py
[2022-04-18 21:03:34,414] {logging_mixin.py:109} INFO - [2022-04-18 21:03:34,414] {dag.py:2398} INFO - Sync 3 DAGs
[2022-04-18 21:03:34,436] {logging_mixin.py:109} INFO - [2022-04-18 21:03:34,436] {dag.py:2937} INFO - Setting next_dagrun for example_subdag_operator to 2022-04-16T00:00:00+00:00
[2022-04-18 21:03:34,437] {logging_mixin.py:109} INFO - [2022-04-18 21:03:34,437] {dag.py:2937} INFO - Setting next_dagrun for example_subdag_operator.section-1 to None
[2022-04-18 21:03:34,438] {logging_mixin.py:109} INFO - [2022-04-18 21:03:34,438] {dag.py:2937} INFO - Setting next_dagrun for example_subdag_operator.section-2 to None
[2022-04-18 21:03:34,445] {logging_mixin.py:109} INFO - [2022-04-18 21:03:34,445] {dag.py:2398} INFO - Sync 2 DAGs
[2022-04-18 21:03:34,453] {logging_mixin.py:109} INFO - [2022-04-18 21:03:34,453] {dag.py:2937} INFO - Setting next_dagrun for example_subdag_operator.section-1 to None
[2022-04-18 21:03:34,454] {logging_mixin.py:109} INFO - [2022-04-18 21:03:34,454] {dag.py:2937} INFO - Setting next_dagrun for example_subdag_operator.section-2 to None
[2022-04-18 21:03:34,463] {processor.py:171} INFO - Processing /home/airflow/.local/lib/python3.7/site-packages/airflow/example_dags/example_subdag_operator.py took 0.119 seconds
[2022-04-18 21:04:04,668] {processor.py:163} INFO - Started process (PID=745) to work on /home/airflow/.local/lib/python3.7/site-packages/airflow/example_dags/example_subdag_operator.py
[2022-04-18 21:04:04,671] {processor.py:642} INFO - Processing file /home/airflow/.local/lib/python3.7/site-packages/airflow/example_dags/example_subdag_operator.py for tasks to queue
[2022-04-18 21:04:04,674] {logging_mixin.py:109} INFO - [2022-04-18 21:04:04,674] {dagbag.py:500} INFO - Filling up the DagBag from /home/airflow/.local/lib/python3.7/site-packages/airflow/example_dags/example_subdag_operator.py
[2022-04-18 21:04:04,757] {processor.py:652} INFO - DAG(s) dict_keys(['example_subdag_operator.section-1', 'example_subdag_operator.section-2', 'example_subdag_operator']) retrieved from /home/airflow/.local/lib/python3.7/site-packages/airflow/example_dags/example_subdag_operator.py
[2022-04-18 21:04:04,786] {logging_mixin.py:109} INFO - [2022-04-18 21:04:04,786] {dag.py:2398} INFO - Sync 3 DAGs
[2022-04-18 21:04:04,829] {logging_mixin.py:109} INFO - [2022-04-18 21:04:04,829] {dag.py:2937} INFO - Setting next_dagrun for example_subdag_operator to 2022-04-16T00:00:00+00:00
[2022-04-18 21:04:04,865] {logging_mixin.py:109} INFO - [2022-04-18 21:04:04,865] {dag.py:2937} INFO - Setting next_dagrun for example_subdag_operator.section-1 to None
[2022-04-18 21:04:04,867] {logging_mixin.py:109} INFO - [2022-04-18 21:04:04,867] {dag.py:2937} INFO - Setting next_dagrun for example_subdag_operator.section-2 to None
[2022-04-18 21:04:04,877] {logging_mixin.py:109} INFO - [2022-04-18 21:04:04,877] {dag.py:2398} INFO - Sync 2 DAGs
[2022-04-18 21:04:04,902] {logging_mixin.py:109} INFO - [2022-04-18 21:04:04,902] {dag.py:2937} INFO - Setting next_dagrun for example_subdag_operator.section-1 to None
[2022-04-18 21:04:04,930] {logging_mixin.py:109} INFO - [2022-04-18 21:04:04,929] {dag.py:2937} INFO - Setting next_dagrun for example_subdag_operator.section-2 to None
[2022-04-18 21:04:04,991] {processor.py:171} INFO - Processing /home/airflow/.local/lib/python3.7/site-packages/airflow/example_dags/example_subdag_operator.py took 0.329 seconds
[2022-04-18 21:04:35,104] {processor.py:163} INFO - Started process (PID=796) to work on /home/airflow/.local/lib/python3.7/site-packages/airflow/example_dags/example_subdag_operator.py
[2022-04-18 21:04:35,107] {processor.py:642} INFO - Processing file /home/airflow/.local/lib/python3.7/site-packages/airflow/example_dags/example_subdag_operator.py for tasks to queue
[2022-04-18 21:04:35,109] {logging_mixin.py:109} INFO - [2022-04-18 21:04:35,109] {dagbag.py:500} INFO - Filling up the DagBag from /home/airflow/.local/lib/python3.7/site-packages/airflow/example_dags/example_subdag_operator.py
[2022-04-18 21:04:35,155] {processor.py:652} INFO - DAG(s) dict_keys(['example_subdag_operator.section-1', 'example_subdag_operator.section-2', 'example_subdag_operator']) retrieved from /home/airflow/.local/lib/python3.7/site-packages/airflow/example_dags/example_subdag_operator.py
[2022-04-18 21:04:35,172] {logging_mixin.py:109} INFO - [2022-04-18 21:04:35,172] {dag.py:2398} INFO - Sync 3 DAGs
[2022-04-18 21:04:35,196] {logging_mixin.py:109} INFO - [2022-04-18 21:04:35,196] {dag.py:2937} INFO - Setting next_dagrun for example_subdag_operator to 2022-04-16T00:00:00+00:00
[2022-04-18 21:04:35,197] {logging_mixin.py:109} INFO - [2022-04-18 21:04:35,197] {dag.py:2937} INFO - Setting next_dagrun for example_subdag_operator.section-1 to None
[2022-04-18 21:04:35,198] {logging_mixin.py:109} INFO - [2022-04-18 21:04:35,198] {dag.py:2937} INFO - Setting next_dagrun for example_subdag_operator.section-2 to None
[2022-04-18 21:04:35,207] {logging_mixin.py:109} INFO - [2022-04-18 21:04:35,207] {dag.py:2398} INFO - Sync 2 DAGs
[2022-04-18 21:04:35,220] {logging_mixin.py:109} INFO - [2022-04-18 21:04:35,220] {dag.py:2937} INFO - Setting next_dagrun for example_subdag_operator.section-1 to None
[2022-04-18 21:04:35,221] {logging_mixin.py:109} INFO - [2022-04-18 21:04:35,221] {dag.py:2937} INFO - Setting next_dagrun for example_subdag_operator.section-2 to None
[2022-04-18 21:04:35,232] {processor.py:171} INFO - Processing /home/airflow/.local/lib/python3.7/site-packages/airflow/example_dags/example_subdag_operator.py took 0.132 seconds
[2022-04-18 21:05:05,382] {processor.py:163} INFO - Started process (PID=847) to work on /home/airflow/.local/lib/python3.7/site-packages/airflow/example_dags/example_subdag_operator.py
[2022-04-18 21:05:05,385] {processor.py:642} INFO - Processing file /home/airflow/.local/lib/python3.7/site-packages/airflow/example_dags/example_subdag_operator.py for tasks to queue
[2022-04-18 21:05:05,386] {logging_mixin.py:109} INFO - [2022-04-18 21:05:05,386] {dagbag.py:500} INFO - Filling up the DagBag from /home/airflow/.local/lib/python3.7/site-packages/airflow/example_dags/example_subdag_operator.py
[2022-04-18 21:05:05,424] {processor.py:652} INFO - DAG(s) dict_keys(['example_subdag_operator.section-1', 'example_subdag_operator.section-2', 'example_subdag_operator']) retrieved from /home/airflow/.local/lib/python3.7/site-packages/airflow/example_dags/example_subdag_operator.py
[2022-04-18 21:05:05,438] {logging_mixin.py:109} INFO - [2022-04-18 21:05:05,438] {dag.py:2398} INFO - Sync 3 DAGs
[2022-04-18 21:05:05,459] {logging_mixin.py:109} INFO - [2022-04-18 21:05:05,459] {dag.py:2937} INFO - Setting next_dagrun for example_subdag_operator to 2022-04-16T00:00:00+00:00
[2022-04-18 21:05:05,460] {logging_mixin.py:109} INFO - [2022-04-18 21:05:05,460] {dag.py:2937} INFO - Setting next_dagrun for example_subdag_operator.section-1 to None
[2022-04-18 21:05:05,461] {logging_mixin.py:109} INFO - [2022-04-18 21:05:05,461] {dag.py:2937} INFO - Setting next_dagrun for example_subdag_operator.section-2 to None
[2022-04-18 21:05:05,470] {logging_mixin.py:109} INFO - [2022-04-18 21:05:05,470] {dag.py:2398} INFO - Sync 2 DAGs
[2022-04-18 21:05:05,483] {logging_mixin.py:109} INFO - [2022-04-18 21:05:05,483] {dag.py:2937} INFO - Setting next_dagrun for example_subdag_operator.section-1 to None
[2022-04-18 21:05:05,484] {logging_mixin.py:109} INFO - [2022-04-18 21:05:05,484] {dag.py:2937} INFO - Setting next_dagrun for example_subdag_operator.section-2 to None
[2022-04-18 21:05:05,492] {processor.py:171} INFO - Processing /home/airflow/.local/lib/python3.7/site-packages/airflow/example_dags/example_subdag_operator.py took 0.114 seconds
[2022-04-18 21:05:35,869] {processor.py:163} INFO - Started process (PID=907) to work on /home/airflow/.local/lib/python3.7/site-packages/airflow/example_dags/example_subdag_operator.py
[2022-04-18 21:05:35,872] {processor.py:642} INFO - Processing file /home/airflow/.local/lib/python3.7/site-packages/airflow/example_dags/example_subdag_operator.py for tasks to queue
[2022-04-18 21:05:35,873] {logging_mixin.py:109} INFO - [2022-04-18 21:05:35,873] {dagbag.py:500} INFO - Filling up the DagBag from /home/airflow/.local/lib/python3.7/site-packages/airflow/example_dags/example_subdag_operator.py
[2022-04-18 21:05:35,912] {processor.py:652} INFO - DAG(s) dict_keys(['example_subdag_operator.section-1', 'example_subdag_operator.section-2', 'example_subdag_operator']) retrieved from /home/airflow/.local/lib/python3.7/site-packages/airflow/example_dags/example_subdag_operator.py
[2022-04-18 21:05:35,925] {logging_mixin.py:109} INFO - [2022-04-18 21:05:35,924] {dag.py:2398} INFO - Sync 3 DAGs
[2022-04-18 21:05:35,942] {logging_mixin.py:109} INFO - [2022-04-18 21:05:35,942] {dag.py:2937} INFO - Setting next_dagrun for example_subdag_operator to 2022-04-16T00:00:00+00:00
[2022-04-18 21:05:35,943] {logging_mixin.py:109} INFO - [2022-04-18 21:05:35,943] {dag.py:2937} INFO - Setting next_dagrun for example_subdag_operator.section-1 to None
[2022-04-18 21:05:35,944] {logging_mixin.py:109} INFO - [2022-04-18 21:05:35,944] {dag.py:2937} INFO - Setting next_dagrun for example_subdag_operator.section-2 to None
[2022-04-18 21:05:35,950] {logging_mixin.py:109} INFO - [2022-04-18 21:05:35,950] {dag.py:2398} INFO - Sync 2 DAGs
[2022-04-18 21:05:35,962] {logging_mixin.py:109} INFO - [2022-04-18 21:05:35,962] {dag.py:2937} INFO - Setting next_dagrun for example_subdag_operator.section-1 to None
[2022-04-18 21:05:35,963] {logging_mixin.py:109} INFO - [2022-04-18 21:05:35,963] {dag.py:2937} INFO - Setting next_dagrun for example_subdag_operator.section-2 to None
[2022-04-18 21:05:35,971] {processor.py:171} INFO - Processing /home/airflow/.local/lib/python3.7/site-packages/airflow/example_dags/example_subdag_operator.py took 0.107 seconds
[2022-04-18 21:06:06,414] {processor.py:163} INFO - Started process (PID=959) to work on /home/airflow/.local/lib/python3.7/site-packages/airflow/example_dags/example_subdag_operator.py
[2022-04-18 21:06:06,417] {processor.py:642} INFO - Processing file /home/airflow/.local/lib/python3.7/site-packages/airflow/example_dags/example_subdag_operator.py for tasks to queue
[2022-04-18 21:06:06,419] {logging_mixin.py:109} INFO - [2022-04-18 21:06:06,419] {dagbag.py:500} INFO - Filling up the DagBag from /home/airflow/.local/lib/python3.7/site-packages/airflow/example_dags/example_subdag_operator.py
[2022-04-18 21:06:06,460] {processor.py:652} INFO - DAG(s) dict_keys(['example_subdag_operator.section-1', 'example_subdag_operator.section-2', 'example_subdag_operator']) retrieved from /home/airflow/.local/lib/python3.7/site-packages/airflow/example_dags/example_subdag_operator.py
[2022-04-18 21:06:06,475] {logging_mixin.py:109} INFO - [2022-04-18 21:06:06,475] {dag.py:2398} INFO - Sync 3 DAGs
[2022-04-18 21:06:06,495] {logging_mixin.py:109} INFO - [2022-04-18 21:06:06,495] {dag.py:2937} INFO - Setting next_dagrun for example_subdag_operator to 2022-04-16T00:00:00+00:00
[2022-04-18 21:06:06,496] {logging_mixin.py:109} INFO - [2022-04-18 21:06:06,496] {dag.py:2937} INFO - Setting next_dagrun for example_subdag_operator.section-1 to None
[2022-04-18 21:06:06,497] {logging_mixin.py:109} INFO - [2022-04-18 21:06:06,497] {dag.py:2937} INFO - Setting next_dagrun for example_subdag_operator.section-2 to None
[2022-04-18 21:06:06,506] {logging_mixin.py:109} INFO - [2022-04-18 21:06:06,506] {dag.py:2398} INFO - Sync 2 DAGs
[2022-04-18 21:06:06,517] {logging_mixin.py:109} INFO - [2022-04-18 21:06:06,517] {dag.py:2937} INFO - Setting next_dagrun for example_subdag_operator.section-1 to None
[2022-04-18 21:06:06,518] {logging_mixin.py:109} INFO - [2022-04-18 21:06:06,518] {dag.py:2937} INFO - Setting next_dagrun for example_subdag_operator.section-2 to None
[2022-04-18 21:06:06,528] {processor.py:171} INFO - Processing /home/airflow/.local/lib/python3.7/site-packages/airflow/example_dags/example_subdag_operator.py took 0.119 seconds
[2022-04-18 21:06:37,239] {processor.py:163} INFO - Started process (PID=1019) to work on /home/airflow/.local/lib/python3.7/site-packages/airflow/example_dags/example_subdag_operator.py
[2022-04-18 21:06:37,242] {processor.py:642} INFO - Processing file /home/airflow/.local/lib/python3.7/site-packages/airflow/example_dags/example_subdag_operator.py for tasks to queue
[2022-04-18 21:06:37,243] {logging_mixin.py:109} INFO - [2022-04-18 21:06:37,243] {dagbag.py:500} INFO - Filling up the DagBag from /home/airflow/.local/lib/python3.7/site-packages/airflow/example_dags/example_subdag_operator.py
[2022-04-18 21:06:37,286] {processor.py:652} INFO - DAG(s) dict_keys(['example_subdag_operator.section-1', 'example_subdag_operator.section-2', 'example_subdag_operator']) retrieved from /home/airflow/.local/lib/python3.7/site-packages/airflow/example_dags/example_subdag_operator.py
[2022-04-18 21:06:37,303] {logging_mixin.py:109} INFO - [2022-04-18 21:06:37,302] {dag.py:2398} INFO - Sync 3 DAGs
[2022-04-18 21:06:37,331] {logging_mixin.py:109} INFO - [2022-04-18 21:06:37,331] {dag.py:2937} INFO - Setting next_dagrun for example_subdag_operator to 2022-04-16T00:00:00+00:00
[2022-04-18 21:06:37,332] {logging_mixin.py:109} INFO - [2022-04-18 21:06:37,332] {dag.py:2937} INFO - Setting next_dagrun for example_subdag_operator.section-1 to None
[2022-04-18 21:06:37,334] {logging_mixin.py:109} INFO - [2022-04-18 21:06:37,334] {dag.py:2937} INFO - Setting next_dagrun for example_subdag_operator.section-2 to None
[2022-04-18 21:06:37,346] {logging_mixin.py:109} INFO - [2022-04-18 21:06:37,346] {dag.py:2398} INFO - Sync 2 DAGs
[2022-04-18 21:06:37,359] {logging_mixin.py:109} INFO - [2022-04-18 21:06:37,359] {dag.py:2937} INFO - Setting next_dagrun for example_subdag_operator.section-1 to None
[2022-04-18 21:06:37,361] {logging_mixin.py:109} INFO - [2022-04-18 21:06:37,360] {dag.py:2937} INFO - Setting next_dagrun for example_subdag_operator.section-2 to None
[2022-04-18 21:06:37,371] {processor.py:171} INFO - Processing /home/airflow/.local/lib/python3.7/site-packages/airflow/example_dags/example_subdag_operator.py took 0.137 seconds
[2022-04-18 21:07:07,475] {processor.py:163} INFO - Started process (PID=1072) to work on /home/airflow/.local/lib/python3.7/site-packages/airflow/example_dags/example_subdag_operator.py
[2022-04-18 21:07:07,478] {processor.py:642} INFO - Processing file /home/airflow/.local/lib/python3.7/site-packages/airflow/example_dags/example_subdag_operator.py for tasks to queue
[2022-04-18 21:07:07,479] {logging_mixin.py:109} INFO - [2022-04-18 21:07:07,479] {dagbag.py:500} INFO - Filling up the DagBag from /home/airflow/.local/lib/python3.7/site-packages/airflow/example_dags/example_subdag_operator.py
[2022-04-18 21:07:07,513] {processor.py:652} INFO - DAG(s) dict_keys(['example_subdag_operator.section-1', 'example_subdag_operator.section-2', 'example_subdag_operator']) retrieved from /home/airflow/.local/lib/python3.7/site-packages/airflow/example_dags/example_subdag_operator.py
[2022-04-18 21:07:07,525] {logging_mixin.py:109} INFO - [2022-04-18 21:07:07,524] {dag.py:2398} INFO - Sync 3 DAGs
[2022-04-18 21:07:07,541] {logging_mixin.py:109} INFO - [2022-04-18 21:07:07,541] {dag.py:2937} INFO - Setting next_dagrun for example_subdag_operator to 2022-04-16T00:00:00+00:00
[2022-04-18 21:07:07,542] {logging_mixin.py:109} INFO - [2022-04-18 21:07:07,542] {dag.py:2937} INFO - Setting next_dagrun for example_subdag_operator.section-1 to None
[2022-04-18 21:07:07,543] {logging_mixin.py:109} INFO - [2022-04-18 21:07:07,543] {dag.py:2937} INFO - Setting next_dagrun for example_subdag_operator.section-2 to None
[2022-04-18 21:07:07,549] {logging_mixin.py:109} INFO - [2022-04-18 21:07:07,548] {dag.py:2398} INFO - Sync 2 DAGs
[2022-04-18 21:07:07,558] {logging_mixin.py:109} INFO - [2022-04-18 21:07:07,558] {dag.py:2937} INFO - Setting next_dagrun for example_subdag_operator.section-1 to None
[2022-04-18 21:07:07,559] {logging_mixin.py:109} INFO - [2022-04-18 21:07:07,559] {dag.py:2937} INFO - Setting next_dagrun for example_subdag_operator.section-2 to None
[2022-04-18 21:07:07,568] {processor.py:171} INFO - Processing /home/airflow/.local/lib/python3.7/site-packages/airflow/example_dags/example_subdag_operator.py took 0.097 seconds
[2022-04-18 21:07:38,046] {processor.py:163} INFO - Started process (PID=1133) to work on /home/airflow/.local/lib/python3.7/site-packages/airflow/example_dags/example_subdag_operator.py
[2022-04-18 21:07:38,049] {processor.py:642} INFO - Processing file /home/airflow/.local/lib/python3.7/site-packages/airflow/example_dags/example_subdag_operator.py for tasks to queue
[2022-04-18 21:07:38,051] {logging_mixin.py:109} INFO - [2022-04-18 21:07:38,051] {dagbag.py:500} INFO - Filling up the DagBag from /home/airflow/.local/lib/python3.7/site-packages/airflow/example_dags/example_subdag_operator.py
[2022-04-18 21:07:38,115] {processor.py:652} INFO - DAG(s) dict_keys(['example_subdag_operator.section-1', 'example_subdag_operator.section-2', 'example_subdag_operator']) retrieved from /home/airflow/.local/lib/python3.7/site-packages/airflow/example_dags/example_subdag_operator.py
[2022-04-18 21:07:38,133] {logging_mixin.py:109} INFO - [2022-04-18 21:07:38,133] {dag.py:2398} INFO - Sync 3 DAGs
[2022-04-18 21:07:38,162] {logging_mixin.py:109} INFO - [2022-04-18 21:07:38,162] {dag.py:2937} INFO - Setting next_dagrun for example_subdag_operator to 2022-04-16T00:00:00+00:00
[2022-04-18 21:07:38,164] {logging_mixin.py:109} INFO - [2022-04-18 21:07:38,164] {dag.py:2937} INFO - Setting next_dagrun for example_subdag_operator.section-1 to None
[2022-04-18 21:07:38,165] {logging_mixin.py:109} INFO - [2022-04-18 21:07:38,165] {dag.py:2937} INFO - Setting next_dagrun for example_subdag_operator.section-2 to None
[2022-04-18 21:07:38,180] {logging_mixin.py:109} INFO - [2022-04-18 21:07:38,180] {dag.py:2398} INFO - Sync 2 DAGs
[2022-04-18 21:07:38,199] {logging_mixin.py:109} INFO - [2022-04-18 21:07:38,199] {dag.py:2937} INFO - Setting next_dagrun for example_subdag_operator.section-1 to None
[2022-04-18 21:07:38,201] {logging_mixin.py:109} INFO - [2022-04-18 21:07:38,201] {dag.py:2937} INFO - Setting next_dagrun for example_subdag_operator.section-2 to None
[2022-04-18 21:07:38,218] {processor.py:171} INFO - Processing /home/airflow/.local/lib/python3.7/site-packages/airflow/example_dags/example_subdag_operator.py took 0.182 seconds
[2022-04-18 21:08:08,901] {processor.py:163} INFO - Started process (PID=1185) to work on /home/airflow/.local/lib/python3.7/site-packages/airflow/example_dags/example_subdag_operator.py
[2022-04-18 21:08:08,903] {processor.py:642} INFO - Processing file /home/airflow/.local/lib/python3.7/site-packages/airflow/example_dags/example_subdag_operator.py for tasks to queue
[2022-04-18 21:08:08,906] {logging_mixin.py:109} INFO - [2022-04-18 21:08:08,906] {dagbag.py:500} INFO - Filling up the DagBag from /home/airflow/.local/lib/python3.7/site-packages/airflow/example_dags/example_subdag_operator.py
[2022-04-18 21:08:08,971] {processor.py:652} INFO - DAG(s) dict_keys(['example_subdag_operator.section-1', 'example_subdag_operator.section-2', 'example_subdag_operator']) retrieved from /home/airflow/.local/lib/python3.7/site-packages/airflow/example_dags/example_subdag_operator.py
[2022-04-18 21:08:08,993] {logging_mixin.py:109} INFO - [2022-04-18 21:08:08,993] {dag.py:2398} INFO - Sync 3 DAGs
[2022-04-18 21:08:09,022] {logging_mixin.py:109} INFO - [2022-04-18 21:08:09,022] {dag.py:2937} INFO - Setting next_dagrun for example_subdag_operator to 2022-04-16T00:00:00+00:00
[2022-04-18 21:08:09,023] {logging_mixin.py:109} INFO - [2022-04-18 21:08:09,023] {dag.py:2937} INFO - Setting next_dagrun for example_subdag_operator.section-1 to None
[2022-04-18 21:08:09,025] {logging_mixin.py:109} INFO - [2022-04-18 21:08:09,025] {dag.py:2937} INFO - Setting next_dagrun for example_subdag_operator.section-2 to None
[2022-04-18 21:08:09,039] {logging_mixin.py:109} INFO - [2022-04-18 21:08:09,039] {dag.py:2398} INFO - Sync 2 DAGs
[2022-04-18 21:08:09,059] {logging_mixin.py:109} INFO - [2022-04-18 21:08:09,058] {dag.py:2937} INFO - Setting next_dagrun for example_subdag_operator.section-1 to None
[2022-04-18 21:08:09,062] {logging_mixin.py:109} INFO - [2022-04-18 21:08:09,061] {dag.py:2937} INFO - Setting next_dagrun for example_subdag_operator.section-2 to None
[2022-04-18 21:08:09,077] {processor.py:171} INFO - Processing /home/airflow/.local/lib/python3.7/site-packages/airflow/example_dags/example_subdag_operator.py took 0.184 seconds
[2022-04-18 21:08:39,611] {processor.py:163} INFO - Started process (PID=1245) to work on /home/airflow/.local/lib/python3.7/site-packages/airflow/example_dags/example_subdag_operator.py
[2022-04-18 21:08:39,613] {processor.py:642} INFO - Processing file /home/airflow/.local/lib/python3.7/site-packages/airflow/example_dags/example_subdag_operator.py for tasks to queue
[2022-04-18 21:08:39,614] {logging_mixin.py:109} INFO - [2022-04-18 21:08:39,614] {dagbag.py:500} INFO - Filling up the DagBag from /home/airflow/.local/lib/python3.7/site-packages/airflow/example_dags/example_subdag_operator.py
[2022-04-18 21:08:39,651] {processor.py:652} INFO - DAG(s) dict_keys(['example_subdag_operator.section-1', 'example_subdag_operator.section-2', 'example_subdag_operator']) retrieved from /home/airflow/.local/lib/python3.7/site-packages/airflow/example_dags/example_subdag_operator.py
[2022-04-18 21:08:39,666] {logging_mixin.py:109} INFO - [2022-04-18 21:08:39,666] {dag.py:2398} INFO - Sync 3 DAGs
[2022-04-18 21:08:39,685] {logging_mixin.py:109} INFO - [2022-04-18 21:08:39,685] {dag.py:2937} INFO - Setting next_dagrun for example_subdag_operator to 2022-04-16T00:00:00+00:00
[2022-04-18 21:08:39,686] {logging_mixin.py:109} INFO - [2022-04-18 21:08:39,686] {dag.py:2937} INFO - Setting next_dagrun for example_subdag_operator.section-1 to None
[2022-04-18 21:08:39,687] {logging_mixin.py:109} INFO - [2022-04-18 21:08:39,687] {dag.py:2937} INFO - Setting next_dagrun for example_subdag_operator.section-2 to None
[2022-04-18 21:08:39,695] {logging_mixin.py:109} INFO - [2022-04-18 21:08:39,695] {dag.py:2398} INFO - Sync 2 DAGs
[2022-04-18 21:08:39,706] {logging_mixin.py:109} INFO - [2022-04-18 21:08:39,706] {dag.py:2937} INFO - Setting next_dagrun for example_subdag_operator.section-1 to None
[2022-04-18 21:08:39,707] {logging_mixin.py:109} INFO - [2022-04-18 21:08:39,707] {dag.py:2937} INFO - Setting next_dagrun for example_subdag_operator.section-2 to None
[2022-04-18 21:08:39,717] {processor.py:171} INFO - Processing /home/airflow/.local/lib/python3.7/site-packages/airflow/example_dags/example_subdag_operator.py took 0.110 seconds
[2022-04-18 21:09:10,019] {processor.py:163} INFO - Started process (PID=1295) to work on /home/airflow/.local/lib/python3.7/site-packages/airflow/example_dags/example_subdag_operator.py
[2022-04-18 21:09:10,021] {processor.py:642} INFO - Processing file /home/airflow/.local/lib/python3.7/site-packages/airflow/example_dags/example_subdag_operator.py for tasks to queue
[2022-04-18 21:09:10,023] {logging_mixin.py:109} INFO - [2022-04-18 21:09:10,023] {dagbag.py:500} INFO - Filling up the DagBag from /home/airflow/.local/lib/python3.7/site-packages/airflow/example_dags/example_subdag_operator.py
[2022-04-18 21:09:10,060] {processor.py:652} INFO - DAG(s) dict_keys(['example_subdag_operator.section-1', 'example_subdag_operator.section-2', 'example_subdag_operator']) retrieved from /home/airflow/.local/lib/python3.7/site-packages/airflow/example_dags/example_subdag_operator.py
[2022-04-18 21:09:10,072] {logging_mixin.py:109} INFO - [2022-04-18 21:09:10,072] {dag.py:2398} INFO - Sync 3 DAGs
[2022-04-18 21:09:10,089] {logging_mixin.py:109} INFO - [2022-04-18 21:09:10,089] {dag.py:2937} INFO - Setting next_dagrun for example_subdag_operator to 2022-04-16T00:00:00+00:00
[2022-04-18 21:09:10,090] {logging_mixin.py:109} INFO - [2022-04-18 21:09:10,090] {dag.py:2937} INFO - Setting next_dagrun for example_subdag_operator.section-1 to None
[2022-04-18 21:09:10,091] {logging_mixin.py:109} INFO - [2022-04-18 21:09:10,091] {dag.py:2937} INFO - Setting next_dagrun for example_subdag_operator.section-2 to None
[2022-04-18 21:09:10,097] {logging_mixin.py:109} INFO - [2022-04-18 21:09:10,097] {dag.py:2398} INFO - Sync 2 DAGs
[2022-04-18 21:09:10,105] {logging_mixin.py:109} INFO - [2022-04-18 21:09:10,105] {dag.py:2937} INFO - Setting next_dagrun for example_subdag_operator.section-1 to None
[2022-04-18 21:09:10,106] {logging_mixin.py:109} INFO - [2022-04-18 21:09:10,106] {dag.py:2937} INFO - Setting next_dagrun for example_subdag_operator.section-2 to None
[2022-04-18 21:09:10,113] {processor.py:171} INFO - Processing /home/airflow/.local/lib/python3.7/site-packages/airflow/example_dags/example_subdag_operator.py took 0.099 seconds
