[2022-04-18 20:59:30,453] {processor.py:163} INFO - Started process (PID=132) to work on /home/airflow/.local/lib/python3.7/site-packages/airflow/example_dags/example_branch_operator.py
[2022-04-18 20:59:30,456] {processor.py:642} INFO - Processing file /home/airflow/.local/lib/python3.7/site-packages/airflow/example_dags/example_branch_operator.py for tasks to queue
[2022-04-18 20:59:30,457] {logging_mixin.py:109} INFO - [2022-04-18 20:59:30,457] {dagbag.py:500} INFO - Filling up the DagBag from /home/airflow/.local/lib/python3.7/site-packages/airflow/example_dags/example_branch_operator.py
[2022-04-18 20:59:30,483] {processor.py:652} INFO - DAG(s) dict_keys(['example_branch_operator']) retrieved from /home/airflow/.local/lib/python3.7/site-packages/airflow/example_dags/example_branch_operator.py
[2022-04-18 20:59:32,005] {logging_mixin.py:109} INFO - [2022-04-18 20:59:32,005] {manager.py:496} INFO - Created Permission View: can read on DAG:example_branch_operator
[2022-04-18 20:59:32,013] {logging_mixin.py:109} INFO - [2022-04-18 20:59:32,013] {manager.py:496} INFO - Created Permission View: can edit on DAG:example_branch_operator
[2022-04-18 20:59:32,014] {logging_mixin.py:109} INFO - [2022-04-18 20:59:32,014] {dag.py:2398} INFO - Sync 1 DAGs
[2022-04-18 20:59:32,021] {logging_mixin.py:109} INFO - [2022-04-18 20:59:32,021] {dag.py:2417} INFO - Creating ORM DAG for example_branch_operator
[2022-04-18 20:59:32,030] {logging_mixin.py:109} INFO - [2022-04-18 20:59:32,030] {dag.py:2937} INFO - Setting next_dagrun for example_branch_operator to 2022-04-17 00:00:00+00:00
[2022-04-18 20:59:32,042] {processor.py:171} INFO - Processing /home/airflow/.local/lib/python3.7/site-packages/airflow/example_dags/example_branch_operator.py took 1.593 seconds
[2022-04-18 21:00:02,565] {processor.py:163} INFO - Started process (PID=301) to work on /home/airflow/.local/lib/python3.7/site-packages/airflow/example_dags/example_branch_operator.py
[2022-04-18 21:00:02,568] {processor.py:642} INFO - Processing file /home/airflow/.local/lib/python3.7/site-packages/airflow/example_dags/example_branch_operator.py for tasks to queue
[2022-04-18 21:00:02,570] {logging_mixin.py:109} INFO - [2022-04-18 21:00:02,569] {dagbag.py:500} INFO - Filling up the DagBag from /home/airflow/.local/lib/python3.7/site-packages/airflow/example_dags/example_branch_operator.py
[2022-04-18 21:00:02,595] {processor.py:652} INFO - DAG(s) dict_keys(['example_branch_operator']) retrieved from /home/airflow/.local/lib/python3.7/site-packages/airflow/example_dags/example_branch_operator.py
[2022-04-18 21:00:02,617] {logging_mixin.py:109} INFO - [2022-04-18 21:00:02,617] {dag.py:2398} INFO - Sync 1 DAGs
[2022-04-18 21:00:02,636] {logging_mixin.py:109} INFO - [2022-04-18 21:00:02,636] {dag.py:2937} INFO - Setting next_dagrun for example_branch_operator to 2022-04-17 00:00:00+00:00
[2022-04-18 21:00:02,648] {processor.py:171} INFO - Processing /home/airflow/.local/lib/python3.7/site-packages/airflow/example_dags/example_branch_operator.py took 0.087 seconds
[2022-04-18 21:00:33,514] {processor.py:163} INFO - Started process (PID=352) to work on /home/airflow/.local/lib/python3.7/site-packages/airflow/example_dags/example_branch_operator.py
[2022-04-18 21:00:33,519] {processor.py:642} INFO - Processing file /home/airflow/.local/lib/python3.7/site-packages/airflow/example_dags/example_branch_operator.py for tasks to queue
[2022-04-18 21:00:33,523] {logging_mixin.py:109} INFO - [2022-04-18 21:00:33,523] {dagbag.py:500} INFO - Filling up the DagBag from /home/airflow/.local/lib/python3.7/site-packages/airflow/example_dags/example_branch_operator.py
[2022-04-18 21:00:33,597] {processor.py:652} INFO - DAG(s) dict_keys(['example_branch_operator']) retrieved from /home/airflow/.local/lib/python3.7/site-packages/airflow/example_dags/example_branch_operator.py
[2022-04-18 21:00:33,668] {logging_mixin.py:109} INFO - [2022-04-18 21:00:33,668] {dag.py:2398} INFO - Sync 1 DAGs
[2022-04-18 21:00:33,719] {logging_mixin.py:109} INFO - [2022-04-18 21:00:33,718] {dag.py:2937} INFO - Setting next_dagrun for example_branch_operator to 2022-04-17 00:00:00+00:00
[2022-04-18 21:00:33,751] {processor.py:171} INFO - Processing /home/airflow/.local/lib/python3.7/site-packages/airflow/example_dags/example_branch_operator.py took 0.250 seconds
[2022-04-18 21:01:04,169] {processor.py:163} INFO - Started process (PID=414) to work on /home/airflow/.local/lib/python3.7/site-packages/airflow/example_dags/example_branch_operator.py
[2022-04-18 21:01:04,171] {processor.py:642} INFO - Processing file /home/airflow/.local/lib/python3.7/site-packages/airflow/example_dags/example_branch_operator.py for tasks to queue
[2022-04-18 21:01:04,172] {logging_mixin.py:109} INFO - [2022-04-18 21:01:04,172] {dagbag.py:500} INFO - Filling up the DagBag from /home/airflow/.local/lib/python3.7/site-packages/airflow/example_dags/example_branch_operator.py
[2022-04-18 21:01:04,193] {processor.py:652} INFO - DAG(s) dict_keys(['example_branch_operator']) retrieved from /home/airflow/.local/lib/python3.7/site-packages/airflow/example_dags/example_branch_operator.py
[2022-04-18 21:01:04,216] {logging_mixin.py:109} INFO - [2022-04-18 21:01:04,215] {dag.py:2398} INFO - Sync 1 DAGs
[2022-04-18 21:01:04,234] {logging_mixin.py:109} INFO - [2022-04-18 21:01:04,234] {dag.py:2937} INFO - Setting next_dagrun for example_branch_operator to 2022-04-17 00:00:00+00:00
[2022-04-18 21:01:04,246] {processor.py:171} INFO - Processing /home/airflow/.local/lib/python3.7/site-packages/airflow/example_dags/example_branch_operator.py took 0.081 seconds
[2022-04-18 21:01:34,621] {processor.py:163} INFO - Started process (PID=466) to work on /home/airflow/.local/lib/python3.7/site-packages/airflow/example_dags/example_branch_operator.py
[2022-04-18 21:01:34,625] {processor.py:642} INFO - Processing file /home/airflow/.local/lib/python3.7/site-packages/airflow/example_dags/example_branch_operator.py for tasks to queue
[2022-04-18 21:01:34,627] {logging_mixin.py:109} INFO - [2022-04-18 21:01:34,627] {dagbag.py:500} INFO - Filling up the DagBag from /home/airflow/.local/lib/python3.7/site-packages/airflow/example_dags/example_branch_operator.py
[2022-04-18 21:01:34,651] {processor.py:652} INFO - DAG(s) dict_keys(['example_branch_operator']) retrieved from /home/airflow/.local/lib/python3.7/site-packages/airflow/example_dags/example_branch_operator.py
[2022-04-18 21:01:34,682] {logging_mixin.py:109} INFO - [2022-04-18 21:01:34,682] {dag.py:2398} INFO - Sync 1 DAGs
[2022-04-18 21:01:34,712] {logging_mixin.py:109} INFO - [2022-04-18 21:01:34,712] {dag.py:2937} INFO - Setting next_dagrun for example_branch_operator to 2022-04-17 00:00:00+00:00
[2022-04-18 21:01:34,727] {processor.py:171} INFO - Processing /home/airflow/.local/lib/python3.7/site-packages/airflow/example_dags/example_branch_operator.py took 0.110 seconds
[2022-04-18 21:02:04,890] {processor.py:163} INFO - Started process (PID=528) to work on /home/airflow/.local/lib/python3.7/site-packages/airflow/example_dags/example_branch_operator.py
[2022-04-18 21:02:04,894] {processor.py:642} INFO - Processing file /home/airflow/.local/lib/python3.7/site-packages/airflow/example_dags/example_branch_operator.py for tasks to queue
[2022-04-18 21:02:04,897] {logging_mixin.py:109} INFO - [2022-04-18 21:02:04,897] {dagbag.py:500} INFO - Filling up the DagBag from /home/airflow/.local/lib/python3.7/site-packages/airflow/example_dags/example_branch_operator.py
[2022-04-18 21:02:04,925] {processor.py:652} INFO - DAG(s) dict_keys(['example_branch_operator']) retrieved from /home/airflow/.local/lib/python3.7/site-packages/airflow/example_dags/example_branch_operator.py
[2022-04-18 21:02:04,967] {logging_mixin.py:109} INFO - [2022-04-18 21:02:04,966] {dag.py:2398} INFO - Sync 1 DAGs
[2022-04-18 21:02:04,999] {logging_mixin.py:109} INFO - [2022-04-18 21:02:04,999] {dag.py:2937} INFO - Setting next_dagrun for example_branch_operator to 2022-04-17 00:00:00+00:00
[2022-04-18 21:02:05,020] {processor.py:171} INFO - Processing /home/airflow/.local/lib/python3.7/site-packages/airflow/example_dags/example_branch_operator.py took 0.136 seconds
[2022-04-18 21:02:35,536] {processor.py:163} INFO - Started process (PID=579) to work on /home/airflow/.local/lib/python3.7/site-packages/airflow/example_dags/example_branch_operator.py
[2022-04-18 21:02:35,538] {processor.py:642} INFO - Processing file /home/airflow/.local/lib/python3.7/site-packages/airflow/example_dags/example_branch_operator.py for tasks to queue
[2022-04-18 21:02:35,540] {logging_mixin.py:109} INFO - [2022-04-18 21:02:35,540] {dagbag.py:500} INFO - Filling up the DagBag from /home/airflow/.local/lib/python3.7/site-packages/airflow/example_dags/example_branch_operator.py
[2022-04-18 21:02:35,560] {processor.py:652} INFO - DAG(s) dict_keys(['example_branch_operator']) retrieved from /home/airflow/.local/lib/python3.7/site-packages/airflow/example_dags/example_branch_operator.py
[2022-04-18 21:02:35,586] {logging_mixin.py:109} INFO - [2022-04-18 21:02:35,585] {dag.py:2398} INFO - Sync 1 DAGs
[2022-04-18 21:02:35,606] {logging_mixin.py:109} INFO - [2022-04-18 21:02:35,605] {dag.py:2937} INFO - Setting next_dagrun for example_branch_operator to 2022-04-17 00:00:00+00:00
[2022-04-18 21:02:35,616] {processor.py:171} INFO - Processing /home/airflow/.local/lib/python3.7/site-packages/airflow/example_dags/example_branch_operator.py took 0.084 seconds
[2022-04-18 21:03:05,959] {processor.py:163} INFO - Started process (PID=638) to work on /home/airflow/.local/lib/python3.7/site-packages/airflow/example_dags/example_branch_operator.py
[2022-04-18 21:03:05,961] {processor.py:642} INFO - Processing file /home/airflow/.local/lib/python3.7/site-packages/airflow/example_dags/example_branch_operator.py for tasks to queue
[2022-04-18 21:03:05,963] {logging_mixin.py:109} INFO - [2022-04-18 21:03:05,963] {dagbag.py:500} INFO - Filling up the DagBag from /home/airflow/.local/lib/python3.7/site-packages/airflow/example_dags/example_branch_operator.py
[2022-04-18 21:03:05,983] {processor.py:652} INFO - DAG(s) dict_keys(['example_branch_operator']) retrieved from /home/airflow/.local/lib/python3.7/site-packages/airflow/example_dags/example_branch_operator.py
[2022-04-18 21:03:06,010] {logging_mixin.py:109} INFO - [2022-04-18 21:03:06,010] {dag.py:2398} INFO - Sync 1 DAGs
[2022-04-18 21:03:06,032] {logging_mixin.py:109} INFO - [2022-04-18 21:03:06,031] {dag.py:2937} INFO - Setting next_dagrun for example_branch_operator to 2022-04-17 00:00:00+00:00
[2022-04-18 21:03:06,043] {processor.py:171} INFO - Processing /home/airflow/.local/lib/python3.7/site-packages/airflow/example_dags/example_branch_operator.py took 0.088 seconds
[2022-04-18 21:03:36,496] {processor.py:163} INFO - Started process (PID=688) to work on /home/airflow/.local/lib/python3.7/site-packages/airflow/example_dags/example_branch_operator.py
[2022-04-18 21:03:36,499] {processor.py:642} INFO - Processing file /home/airflow/.local/lib/python3.7/site-packages/airflow/example_dags/example_branch_operator.py for tasks to queue
[2022-04-18 21:03:36,500] {logging_mixin.py:109} INFO - [2022-04-18 21:03:36,500] {dagbag.py:500} INFO - Filling up the DagBag from /home/airflow/.local/lib/python3.7/site-packages/airflow/example_dags/example_branch_operator.py
[2022-04-18 21:03:36,520] {processor.py:652} INFO - DAG(s) dict_keys(['example_branch_operator']) retrieved from /home/airflow/.local/lib/python3.7/site-packages/airflow/example_dags/example_branch_operator.py
[2022-04-18 21:03:36,543] {logging_mixin.py:109} INFO - [2022-04-18 21:03:36,543] {dag.py:2398} INFO - Sync 1 DAGs
[2022-04-18 21:03:36,562] {logging_mixin.py:109} INFO - [2022-04-18 21:03:36,561] {dag.py:2937} INFO - Setting next_dagrun for example_branch_operator to 2022-04-17 00:00:00+00:00
[2022-04-18 21:03:36,571] {processor.py:171} INFO - Processing /home/airflow/.local/lib/python3.7/site-packages/airflow/example_dags/example_branch_operator.py took 0.079 seconds
[2022-04-18 21:04:07,026] {processor.py:163} INFO - Started process (PID=748) to work on /home/airflow/.local/lib/python3.7/site-packages/airflow/example_dags/example_branch_operator.py
[2022-04-18 21:04:07,028] {processor.py:642} INFO - Processing file /home/airflow/.local/lib/python3.7/site-packages/airflow/example_dags/example_branch_operator.py for tasks to queue
[2022-04-18 21:04:07,030] {logging_mixin.py:109} INFO - [2022-04-18 21:04:07,030] {dagbag.py:500} INFO - Filling up the DagBag from /home/airflow/.local/lib/python3.7/site-packages/airflow/example_dags/example_branch_operator.py
[2022-04-18 21:04:07,049] {processor.py:652} INFO - DAG(s) dict_keys(['example_branch_operator']) retrieved from /home/airflow/.local/lib/python3.7/site-packages/airflow/example_dags/example_branch_operator.py
[2022-04-18 21:04:07,070] {logging_mixin.py:109} INFO - [2022-04-18 21:04:07,070] {dag.py:2398} INFO - Sync 1 DAGs
[2022-04-18 21:04:07,088] {logging_mixin.py:109} INFO - [2022-04-18 21:04:07,088] {dag.py:2937} INFO - Setting next_dagrun for example_branch_operator to 2022-04-17 00:00:00+00:00
[2022-04-18 21:04:07,098] {processor.py:171} INFO - Processing /home/airflow/.local/lib/python3.7/site-packages/airflow/example_dags/example_branch_operator.py took 0.076 seconds
[2022-04-18 21:04:37,241] {processor.py:163} INFO - Started process (PID=799) to work on /home/airflow/.local/lib/python3.7/site-packages/airflow/example_dags/example_branch_operator.py
[2022-04-18 21:04:37,243] {processor.py:642} INFO - Processing file /home/airflow/.local/lib/python3.7/site-packages/airflow/example_dags/example_branch_operator.py for tasks to queue
[2022-04-18 21:04:37,245] {logging_mixin.py:109} INFO - [2022-04-18 21:04:37,244] {dagbag.py:500} INFO - Filling up the DagBag from /home/airflow/.local/lib/python3.7/site-packages/airflow/example_dags/example_branch_operator.py
[2022-04-18 21:04:37,269] {processor.py:652} INFO - DAG(s) dict_keys(['example_branch_operator']) retrieved from /home/airflow/.local/lib/python3.7/site-packages/airflow/example_dags/example_branch_operator.py
[2022-04-18 21:04:37,301] {logging_mixin.py:109} INFO - [2022-04-18 21:04:37,301] {dag.py:2398} INFO - Sync 1 DAGs
[2022-04-18 21:04:37,328] {logging_mixin.py:109} INFO - [2022-04-18 21:04:37,327] {dag.py:2937} INFO - Setting next_dagrun for example_branch_operator to 2022-04-17 00:00:00+00:00
[2022-04-18 21:04:37,358] {processor.py:171} INFO - Processing /home/airflow/.local/lib/python3.7/site-packages/airflow/example_dags/example_branch_operator.py took 0.121 seconds
[2022-04-18 21:05:07,501] {processor.py:163} INFO - Started process (PID=858) to work on /home/airflow/.local/lib/python3.7/site-packages/airflow/example_dags/example_branch_operator.py
[2022-04-18 21:05:07,504] {processor.py:642} INFO - Processing file /home/airflow/.local/lib/python3.7/site-packages/airflow/example_dags/example_branch_operator.py for tasks to queue
[2022-04-18 21:05:07,507] {logging_mixin.py:109} INFO - [2022-04-18 21:05:07,506] {dagbag.py:500} INFO - Filling up the DagBag from /home/airflow/.local/lib/python3.7/site-packages/airflow/example_dags/example_branch_operator.py
[2022-04-18 21:05:07,537] {processor.py:652} INFO - DAG(s) dict_keys(['example_branch_operator']) retrieved from /home/airflow/.local/lib/python3.7/site-packages/airflow/example_dags/example_branch_operator.py
[2022-04-18 21:05:07,572] {logging_mixin.py:109} INFO - [2022-04-18 21:05:07,572] {dag.py:2398} INFO - Sync 1 DAGs
[2022-04-18 21:05:07,602] {logging_mixin.py:109} INFO - [2022-04-18 21:05:07,602] {dag.py:2937} INFO - Setting next_dagrun for example_branch_operator to 2022-04-17 00:00:00+00:00
[2022-04-18 21:05:07,621] {processor.py:171} INFO - Processing /home/airflow/.local/lib/python3.7/site-packages/airflow/example_dags/example_branch_operator.py took 0.127 seconds
[2022-04-18 21:05:37,994] {processor.py:163} INFO - Started process (PID=909) to work on /home/airflow/.local/lib/python3.7/site-packages/airflow/example_dags/example_branch_operator.py
[2022-04-18 21:05:37,997] {processor.py:642} INFO - Processing file /home/airflow/.local/lib/python3.7/site-packages/airflow/example_dags/example_branch_operator.py for tasks to queue
[2022-04-18 21:05:37,998] {logging_mixin.py:109} INFO - [2022-04-18 21:05:37,998] {dagbag.py:500} INFO - Filling up the DagBag from /home/airflow/.local/lib/python3.7/site-packages/airflow/example_dags/example_branch_operator.py
[2022-04-18 21:05:38,020] {processor.py:652} INFO - DAG(s) dict_keys(['example_branch_operator']) retrieved from /home/airflow/.local/lib/python3.7/site-packages/airflow/example_dags/example_branch_operator.py
[2022-04-18 21:05:38,044] {logging_mixin.py:109} INFO - [2022-04-18 21:05:38,044] {dag.py:2398} INFO - Sync 1 DAGs
[2022-04-18 21:05:38,064] {logging_mixin.py:109} INFO - [2022-04-18 21:05:38,064] {dag.py:2937} INFO - Setting next_dagrun for example_branch_operator to 2022-04-17 00:00:00+00:00
[2022-04-18 21:05:38,074] {processor.py:171} INFO - Processing /home/airflow/.local/lib/python3.7/site-packages/airflow/example_dags/example_branch_operator.py took 0.084 seconds
[2022-04-18 21:06:08,527] {processor.py:163} INFO - Started process (PID=970) to work on /home/airflow/.local/lib/python3.7/site-packages/airflow/example_dags/example_branch_operator.py
[2022-04-18 21:06:08,530] {processor.py:642} INFO - Processing file /home/airflow/.local/lib/python3.7/site-packages/airflow/example_dags/example_branch_operator.py for tasks to queue
[2022-04-18 21:06:08,531] {logging_mixin.py:109} INFO - [2022-04-18 21:06:08,531] {dagbag.py:500} INFO - Filling up the DagBag from /home/airflow/.local/lib/python3.7/site-packages/airflow/example_dags/example_branch_operator.py
[2022-04-18 21:06:08,549] {processor.py:652} INFO - DAG(s) dict_keys(['example_branch_operator']) retrieved from /home/airflow/.local/lib/python3.7/site-packages/airflow/example_dags/example_branch_operator.py
[2022-04-18 21:06:08,571] {logging_mixin.py:109} INFO - [2022-04-18 21:06:08,571] {dag.py:2398} INFO - Sync 1 DAGs
[2022-04-18 21:06:08,593] {logging_mixin.py:109} INFO - [2022-04-18 21:06:08,593] {dag.py:2937} INFO - Setting next_dagrun for example_branch_operator to 2022-04-17 00:00:00+00:00
[2022-04-18 21:06:08,605] {processor.py:171} INFO - Processing /home/airflow/.local/lib/python3.7/site-packages/airflow/example_dags/example_branch_operator.py took 0.081 seconds
[2022-04-18 21:06:39,383] {processor.py:163} INFO - Started process (PID=1021) to work on /home/airflow/.local/lib/python3.7/site-packages/airflow/example_dags/example_branch_operator.py
[2022-04-18 21:06:39,386] {processor.py:642} INFO - Processing file /home/airflow/.local/lib/python3.7/site-packages/airflow/example_dags/example_branch_operator.py for tasks to queue
[2022-04-18 21:06:39,387] {logging_mixin.py:109} INFO - [2022-04-18 21:06:39,387] {dagbag.py:500} INFO - Filling up the DagBag from /home/airflow/.local/lib/python3.7/site-packages/airflow/example_dags/example_branch_operator.py
[2022-04-18 21:06:39,410] {processor.py:652} INFO - DAG(s) dict_keys(['example_branch_operator']) retrieved from /home/airflow/.local/lib/python3.7/site-packages/airflow/example_dags/example_branch_operator.py
[2022-04-18 21:06:39,433] {logging_mixin.py:109} INFO - [2022-04-18 21:06:39,433] {dag.py:2398} INFO - Sync 1 DAGs
[2022-04-18 21:06:39,451] {logging_mixin.py:109} INFO - [2022-04-18 21:06:39,451] {dag.py:2937} INFO - Setting next_dagrun for example_branch_operator to 2022-04-17 00:00:00+00:00
[2022-04-18 21:06:39,461] {processor.py:171} INFO - Processing /home/airflow/.local/lib/python3.7/site-packages/airflow/example_dags/example_branch_operator.py took 0.082 seconds
[2022-04-18 21:07:09,603] {processor.py:163} INFO - Started process (PID=1074) to work on /home/airflow/.local/lib/python3.7/site-packages/airflow/example_dags/example_branch_operator.py
[2022-04-18 21:07:09,606] {processor.py:642} INFO - Processing file /home/airflow/.local/lib/python3.7/site-packages/airflow/example_dags/example_branch_operator.py for tasks to queue
[2022-04-18 21:07:09,608] {logging_mixin.py:109} INFO - [2022-04-18 21:07:09,608] {dagbag.py:500} INFO - Filling up the DagBag from /home/airflow/.local/lib/python3.7/site-packages/airflow/example_dags/example_branch_operator.py
[2022-04-18 21:07:09,631] {processor.py:652} INFO - DAG(s) dict_keys(['example_branch_operator']) retrieved from /home/airflow/.local/lib/python3.7/site-packages/airflow/example_dags/example_branch_operator.py
[2022-04-18 21:07:09,685] {logging_mixin.py:109} INFO - [2022-04-18 21:07:09,684] {dag.py:2398} INFO - Sync 1 DAGs
[2022-04-18 21:07:09,758] {logging_mixin.py:109} INFO - [2022-04-18 21:07:09,758] {dag.py:2937} INFO - Setting next_dagrun for example_branch_operator to 2022-04-17 00:00:00+00:00
[2022-04-18 21:07:09,794] {processor.py:171} INFO - Processing /home/airflow/.local/lib/python3.7/site-packages/airflow/example_dags/example_branch_operator.py took 0.198 seconds
[2022-04-18 21:07:40,249] {processor.py:163} INFO - Started process (PID=1135) to work on /home/airflow/.local/lib/python3.7/site-packages/airflow/example_dags/example_branch_operator.py
[2022-04-18 21:07:40,253] {processor.py:642} INFO - Processing file /home/airflow/.local/lib/python3.7/site-packages/airflow/example_dags/example_branch_operator.py for tasks to queue
[2022-04-18 21:07:40,255] {logging_mixin.py:109} INFO - [2022-04-18 21:07:40,255] {dagbag.py:500} INFO - Filling up the DagBag from /home/airflow/.local/lib/python3.7/site-packages/airflow/example_dags/example_branch_operator.py
[2022-04-18 21:07:40,289] {processor.py:652} INFO - DAG(s) dict_keys(['example_branch_operator']) retrieved from /home/airflow/.local/lib/python3.7/site-packages/airflow/example_dags/example_branch_operator.py
[2022-04-18 21:07:40,350] {logging_mixin.py:109} INFO - [2022-04-18 21:07:40,349] {dag.py:2398} INFO - Sync 1 DAGs
[2022-04-18 21:07:40,377] {logging_mixin.py:109} INFO - [2022-04-18 21:07:40,376] {dag.py:2937} INFO - Setting next_dagrun for example_branch_operator to 2022-04-17 00:00:00+00:00
[2022-04-18 21:07:40,392] {processor.py:171} INFO - Processing /home/airflow/.local/lib/python3.7/site-packages/airflow/example_dags/example_branch_operator.py took 0.151 seconds
[2022-04-18 21:08:10,923] {processor.py:163} INFO - Started process (PID=1195) to work on /home/airflow/.local/lib/python3.7/site-packages/airflow/example_dags/example_branch_operator.py
[2022-04-18 21:08:10,925] {processor.py:642} INFO - Processing file /home/airflow/.local/lib/python3.7/site-packages/airflow/example_dags/example_branch_operator.py for tasks to queue
[2022-04-18 21:08:10,926] {logging_mixin.py:109} INFO - [2022-04-18 21:08:10,926] {dagbag.py:500} INFO - Filling up the DagBag from /home/airflow/.local/lib/python3.7/site-packages/airflow/example_dags/example_branch_operator.py
[2022-04-18 21:08:10,952] {processor.py:652} INFO - DAG(s) dict_keys(['example_branch_operator']) retrieved from /home/airflow/.local/lib/python3.7/site-packages/airflow/example_dags/example_branch_operator.py
[2022-04-18 21:08:10,982] {logging_mixin.py:109} INFO - [2022-04-18 21:08:10,982] {dag.py:2398} INFO - Sync 1 DAGs
[2022-04-18 21:08:11,004] {logging_mixin.py:109} INFO - [2022-04-18 21:08:11,004] {dag.py:2937} INFO - Setting next_dagrun for example_branch_operator to 2022-04-17 00:00:00+00:00
[2022-04-18 21:08:11,019] {processor.py:171} INFO - Processing /home/airflow/.local/lib/python3.7/site-packages/airflow/example_dags/example_branch_operator.py took 0.102 seconds
[2022-04-18 21:08:41,856] {processor.py:163} INFO - Started process (PID=1247) to work on /home/airflow/.local/lib/python3.7/site-packages/airflow/example_dags/example_branch_operator.py
[2022-04-18 21:08:41,857] {processor.py:642} INFO - Processing file /home/airflow/.local/lib/python3.7/site-packages/airflow/example_dags/example_branch_operator.py for tasks to queue
[2022-04-18 21:08:41,858] {logging_mixin.py:109} INFO - [2022-04-18 21:08:41,858] {dagbag.py:500} INFO - Filling up the DagBag from /home/airflow/.local/lib/python3.7/site-packages/airflow/example_dags/example_branch_operator.py
[2022-04-18 21:08:41,874] {processor.py:652} INFO - DAG(s) dict_keys(['example_branch_operator']) retrieved from /home/airflow/.local/lib/python3.7/site-packages/airflow/example_dags/example_branch_operator.py
[2022-04-18 21:08:41,894] {logging_mixin.py:109} INFO - [2022-04-18 21:08:41,894] {dag.py:2398} INFO - Sync 1 DAGs
[2022-04-18 21:08:41,912] {logging_mixin.py:109} INFO - [2022-04-18 21:08:41,912] {dag.py:2937} INFO - Setting next_dagrun for example_branch_operator to 2022-04-17 00:00:00+00:00
[2022-04-18 21:08:41,923] {processor.py:171} INFO - Processing /home/airflow/.local/lib/python3.7/site-packages/airflow/example_dags/example_branch_operator.py took 0.070 seconds
[2022-04-18 21:09:12,253] {processor.py:163} INFO - Started process (PID=1306) to work on /home/airflow/.local/lib/python3.7/site-packages/airflow/example_dags/example_branch_operator.py
[2022-04-18 21:09:12,256] {processor.py:642} INFO - Processing file /home/airflow/.local/lib/python3.7/site-packages/airflow/example_dags/example_branch_operator.py for tasks to queue
[2022-04-18 21:09:12,257] {logging_mixin.py:109} INFO - [2022-04-18 21:09:12,257] {dagbag.py:500} INFO - Filling up the DagBag from /home/airflow/.local/lib/python3.7/site-packages/airflow/example_dags/example_branch_operator.py
[2022-04-18 21:09:12,273] {processor.py:652} INFO - DAG(s) dict_keys(['example_branch_operator']) retrieved from /home/airflow/.local/lib/python3.7/site-packages/airflow/example_dags/example_branch_operator.py
[2022-04-18 21:09:12,295] {logging_mixin.py:109} INFO - [2022-04-18 21:09:12,295] {dag.py:2398} INFO - Sync 1 DAGs
[2022-04-18 21:09:12,314] {logging_mixin.py:109} INFO - [2022-04-18 21:09:12,314] {dag.py:2937} INFO - Setting next_dagrun for example_branch_operator to 2022-04-17 00:00:00+00:00
[2022-04-18 21:09:12,326] {processor.py:171} INFO - Processing /home/airflow/.local/lib/python3.7/site-packages/airflow/example_dags/example_branch_operator.py took 0.076 seconds
