[2022-04-18 20:59:36,983] {processor.py:163} INFO - Started process (PID=185) to work on /home/airflow/.local/lib/python3.7/site-packages/airflow/example_dags/example_short_circuit_operator.py
[2022-04-18 20:59:36,985] {processor.py:642} INFO - Processing file /home/airflow/.local/lib/python3.7/site-packages/airflow/example_dags/example_short_circuit_operator.py for tasks to queue
[2022-04-18 20:59:36,987] {logging_mixin.py:109} INFO - [2022-04-18 20:59:36,986] {dagbag.py:500} INFO - Filling up the DagBag from /home/airflow/.local/lib/python3.7/site-packages/airflow/example_dags/example_short_circuit_operator.py
[2022-04-18 20:59:37,017] {processor.py:652} INFO - DAG(s) dict_keys(['example_short_circuit_operator']) retrieved from /home/airflow/.local/lib/python3.7/site-packages/airflow/example_dags/example_short_circuit_operator.py
[2022-04-18 20:59:39,128] {logging_mixin.py:109} INFO - [2022-04-18 20:59:39,128] {manager.py:496} INFO - Created Permission View: can read on DAG:example_short_circuit_operator
[2022-04-18 20:59:39,159] {logging_mixin.py:109} INFO - [2022-04-18 20:59:39,158] {manager.py:496} INFO - Created Permission View: can edit on DAG:example_short_circuit_operator
[2022-04-18 20:59:39,161] {logging_mixin.py:109} INFO - [2022-04-18 20:59:39,160] {dag.py:2398} INFO - Sync 1 DAGs
[2022-04-18 20:59:39,180] {logging_mixin.py:109} INFO - [2022-04-18 20:59:39,180] {dag.py:2417} INFO - Creating ORM DAG for example_short_circuit_operator
[2022-04-18 20:59:39,192] {logging_mixin.py:109} INFO - [2022-04-18 20:59:39,192] {dag.py:2937} INFO - Setting next_dagrun for example_short_circuit_operator to 2022-04-17T20:59:39.191708+00:00
[2022-04-18 20:59:39,214] {processor.py:171} INFO - Processing /home/airflow/.local/lib/python3.7/site-packages/airflow/example_dags/example_short_circuit_operator.py took 2.236 seconds
[2022-04-18 21:00:09,290] {processor.py:163} INFO - Started process (PID=308) to work on /home/airflow/.local/lib/python3.7/site-packages/airflow/example_dags/example_short_circuit_operator.py
[2022-04-18 21:00:09,293] {processor.py:642} INFO - Processing file /home/airflow/.local/lib/python3.7/site-packages/airflow/example_dags/example_short_circuit_operator.py for tasks to queue
[2022-04-18 21:00:09,294] {logging_mixin.py:109} INFO - [2022-04-18 21:00:09,294] {dagbag.py:500} INFO - Filling up the DagBag from /home/airflow/.local/lib/python3.7/site-packages/airflow/example_dags/example_short_circuit_operator.py
[2022-04-18 21:00:09,316] {processor.py:652} INFO - DAG(s) dict_keys(['example_short_circuit_operator']) retrieved from /home/airflow/.local/lib/python3.7/site-packages/airflow/example_dags/example_short_circuit_operator.py
[2022-04-18 21:00:09,340] {logging_mixin.py:109} INFO - [2022-04-18 21:00:09,340] {dag.py:2398} INFO - Sync 1 DAGs
[2022-04-18 21:00:09,361] {logging_mixin.py:109} INFO - [2022-04-18 21:00:09,361] {dag.py:2937} INFO - Setting next_dagrun for example_short_circuit_operator to 2022-04-17T21:00:09.360605+00:00
[2022-04-18 21:00:09,376] {processor.py:171} INFO - Processing /home/airflow/.local/lib/python3.7/site-packages/airflow/example_dags/example_short_circuit_operator.py took 0.089 seconds
[2022-04-18 21:00:39,634] {processor.py:163} INFO - Started process (PID=370) to work on /home/airflow/.local/lib/python3.7/site-packages/airflow/example_dags/example_short_circuit_operator.py
[2022-04-18 21:00:39,636] {processor.py:642} INFO - Processing file /home/airflow/.local/lib/python3.7/site-packages/airflow/example_dags/example_short_circuit_operator.py for tasks to queue
[2022-04-18 21:00:39,638] {logging_mixin.py:109} INFO - [2022-04-18 21:00:39,638] {dagbag.py:500} INFO - Filling up the DagBag from /home/airflow/.local/lib/python3.7/site-packages/airflow/example_dags/example_short_circuit_operator.py
[2022-04-18 21:00:39,668] {processor.py:652} INFO - DAG(s) dict_keys(['example_short_circuit_operator']) retrieved from /home/airflow/.local/lib/python3.7/site-packages/airflow/example_dags/example_short_circuit_operator.py
[2022-04-18 21:00:39,695] {logging_mixin.py:109} INFO - [2022-04-18 21:00:39,695] {dag.py:2398} INFO - Sync 1 DAGs
[2022-04-18 21:00:39,721] {logging_mixin.py:109} INFO - [2022-04-18 21:00:39,721] {dag.py:2937} INFO - Setting next_dagrun for example_short_circuit_operator to 2022-04-17T21:00:39.720733+00:00
[2022-04-18 21:00:39,732] {processor.py:171} INFO - Processing /home/airflow/.local/lib/python3.7/site-packages/airflow/example_dags/example_short_circuit_operator.py took 0.104 seconds
[2022-04-18 21:01:10,687] {processor.py:163} INFO - Started process (PID=421) to work on /home/airflow/.local/lib/python3.7/site-packages/airflow/example_dags/example_short_circuit_operator.py
[2022-04-18 21:01:10,689] {processor.py:642} INFO - Processing file /home/airflow/.local/lib/python3.7/site-packages/airflow/example_dags/example_short_circuit_operator.py for tasks to queue
[2022-04-18 21:01:10,691] {logging_mixin.py:109} INFO - [2022-04-18 21:01:10,690] {dagbag.py:500} INFO - Filling up the DagBag from /home/airflow/.local/lib/python3.7/site-packages/airflow/example_dags/example_short_circuit_operator.py
[2022-04-18 21:01:10,709] {processor.py:652} INFO - DAG(s) dict_keys(['example_short_circuit_operator']) retrieved from /home/airflow/.local/lib/python3.7/site-packages/airflow/example_dags/example_short_circuit_operator.py
[2022-04-18 21:01:10,733] {logging_mixin.py:109} INFO - [2022-04-18 21:01:10,733] {dag.py:2398} INFO - Sync 1 DAGs
[2022-04-18 21:01:10,754] {logging_mixin.py:109} INFO - [2022-04-18 21:01:10,754] {dag.py:2937} INFO - Setting next_dagrun for example_short_circuit_operator to 2022-04-17T21:01:10.754214+00:00
[2022-04-18 21:01:10,767] {processor.py:171} INFO - Processing /home/airflow/.local/lib/python3.7/site-packages/airflow/example_dags/example_short_circuit_operator.py took 0.084 seconds
[2022-04-18 21:01:40,947] {processor.py:163} INFO - Started process (PID=483) to work on /home/airflow/.local/lib/python3.7/site-packages/airflow/example_dags/example_short_circuit_operator.py
[2022-04-18 21:01:40,949] {processor.py:642} INFO - Processing file /home/airflow/.local/lib/python3.7/site-packages/airflow/example_dags/example_short_circuit_operator.py for tasks to queue
[2022-04-18 21:01:40,950] {logging_mixin.py:109} INFO - [2022-04-18 21:01:40,950] {dagbag.py:500} INFO - Filling up the DagBag from /home/airflow/.local/lib/python3.7/site-packages/airflow/example_dags/example_short_circuit_operator.py
[2022-04-18 21:01:40,976] {processor.py:652} INFO - DAG(s) dict_keys(['example_short_circuit_operator']) retrieved from /home/airflow/.local/lib/python3.7/site-packages/airflow/example_dags/example_short_circuit_operator.py
[2022-04-18 21:01:41,001] {logging_mixin.py:109} INFO - [2022-04-18 21:01:41,000] {dag.py:2398} INFO - Sync 1 DAGs
[2022-04-18 21:01:41,021] {logging_mixin.py:109} INFO - [2022-04-18 21:01:41,021] {dag.py:2937} INFO - Setting next_dagrun for example_short_circuit_operator to 2022-04-17T21:01:41.020911+00:00
[2022-04-18 21:01:41,033] {processor.py:171} INFO - Processing /home/airflow/.local/lib/python3.7/site-packages/airflow/example_dags/example_short_circuit_operator.py took 0.091 seconds
[2022-04-18 21:02:11,488] {processor.py:163} INFO - Started process (PID=535) to work on /home/airflow/.local/lib/python3.7/site-packages/airflow/example_dags/example_short_circuit_operator.py
[2022-04-18 21:02:11,492] {processor.py:642} INFO - Processing file /home/airflow/.local/lib/python3.7/site-packages/airflow/example_dags/example_short_circuit_operator.py for tasks to queue
[2022-04-18 21:02:11,494] {logging_mixin.py:109} INFO - [2022-04-18 21:02:11,494] {dagbag.py:500} INFO - Filling up the DagBag from /home/airflow/.local/lib/python3.7/site-packages/airflow/example_dags/example_short_circuit_operator.py
[2022-04-18 21:02:11,523] {processor.py:652} INFO - DAG(s) dict_keys(['example_short_circuit_operator']) retrieved from /home/airflow/.local/lib/python3.7/site-packages/airflow/example_dags/example_short_circuit_operator.py
[2022-04-18 21:02:11,564] {logging_mixin.py:109} INFO - [2022-04-18 21:02:11,564] {dag.py:2398} INFO - Sync 1 DAGs
[2022-04-18 21:02:11,603] {logging_mixin.py:109} INFO - [2022-04-18 21:02:11,603] {dag.py:2937} INFO - Setting next_dagrun for example_short_circuit_operator to 2022-04-17T21:02:11.602760+00:00
[2022-04-18 21:02:11,624] {processor.py:171} INFO - Processing /home/airflow/.local/lib/python3.7/site-packages/airflow/example_dags/example_short_circuit_operator.py took 0.142 seconds
[2022-04-18 21:02:42,359] {processor.py:163} INFO - Started process (PID=595) to work on /home/airflow/.local/lib/python3.7/site-packages/airflow/example_dags/example_short_circuit_operator.py
[2022-04-18 21:02:42,361] {processor.py:642} INFO - Processing file /home/airflow/.local/lib/python3.7/site-packages/airflow/example_dags/example_short_circuit_operator.py for tasks to queue
[2022-04-18 21:02:42,362] {logging_mixin.py:109} INFO - [2022-04-18 21:02:42,362] {dagbag.py:500} INFO - Filling up the DagBag from /home/airflow/.local/lib/python3.7/site-packages/airflow/example_dags/example_short_circuit_operator.py
[2022-04-18 21:02:42,381] {processor.py:652} INFO - DAG(s) dict_keys(['example_short_circuit_operator']) retrieved from /home/airflow/.local/lib/python3.7/site-packages/airflow/example_dags/example_short_circuit_operator.py
[2022-04-18 21:02:42,406] {logging_mixin.py:109} INFO - [2022-04-18 21:02:42,406] {dag.py:2398} INFO - Sync 1 DAGs
[2022-04-18 21:02:42,425] {logging_mixin.py:109} INFO - [2022-04-18 21:02:42,425] {dag.py:2937} INFO - Setting next_dagrun for example_short_circuit_operator to 2022-04-17T21:02:42.424994+00:00
[2022-04-18 21:02:42,437] {processor.py:171} INFO - Processing /home/airflow/.local/lib/python3.7/site-packages/airflow/example_dags/example_short_circuit_operator.py took 0.082 seconds
[2022-04-18 21:03:12,648] {processor.py:163} INFO - Started process (PID=645) to work on /home/airflow/.local/lib/python3.7/site-packages/airflow/example_dags/example_short_circuit_operator.py
[2022-04-18 21:03:12,651] {processor.py:642} INFO - Processing file /home/airflow/.local/lib/python3.7/site-packages/airflow/example_dags/example_short_circuit_operator.py for tasks to queue
[2022-04-18 21:03:12,652] {logging_mixin.py:109} INFO - [2022-04-18 21:03:12,652] {dagbag.py:500} INFO - Filling up the DagBag from /home/airflow/.local/lib/python3.7/site-packages/airflow/example_dags/example_short_circuit_operator.py
[2022-04-18 21:03:12,696] {processor.py:652} INFO - DAG(s) dict_keys(['example_short_circuit_operator']) retrieved from /home/airflow/.local/lib/python3.7/site-packages/airflow/example_dags/example_short_circuit_operator.py
[2022-04-18 21:03:12,741] {logging_mixin.py:109} INFO - [2022-04-18 21:03:12,741] {dag.py:2398} INFO - Sync 1 DAGs
[2022-04-18 21:03:12,788] {logging_mixin.py:109} INFO - [2022-04-18 21:03:12,788] {dag.py:2937} INFO - Setting next_dagrun for example_short_circuit_operator to 2022-04-17T21:03:12.787888+00:00
[2022-04-18 21:03:12,806] {processor.py:171} INFO - Processing /home/airflow/.local/lib/python3.7/site-packages/airflow/example_dags/example_short_circuit_operator.py took 0.165 seconds
[2022-04-18 21:03:43,310] {processor.py:163} INFO - Started process (PID=704) to work on /home/airflow/.local/lib/python3.7/site-packages/airflow/example_dags/example_short_circuit_operator.py
[2022-04-18 21:03:43,312] {processor.py:642} INFO - Processing file /home/airflow/.local/lib/python3.7/site-packages/airflow/example_dags/example_short_circuit_operator.py for tasks to queue
[2022-04-18 21:03:43,313] {logging_mixin.py:109} INFO - [2022-04-18 21:03:43,313] {dagbag.py:500} INFO - Filling up the DagBag from /home/airflow/.local/lib/python3.7/site-packages/airflow/example_dags/example_short_circuit_operator.py
[2022-04-18 21:03:43,336] {processor.py:652} INFO - DAG(s) dict_keys(['example_short_circuit_operator']) retrieved from /home/airflow/.local/lib/python3.7/site-packages/airflow/example_dags/example_short_circuit_operator.py
[2022-04-18 21:03:43,373] {logging_mixin.py:109} INFO - [2022-04-18 21:03:43,372] {dag.py:2398} INFO - Sync 1 DAGs
[2022-04-18 21:03:43,395] {logging_mixin.py:109} INFO - [2022-04-18 21:03:43,395] {dag.py:2937} INFO - Setting next_dagrun for example_short_circuit_operator to 2022-04-17T21:03:43.394806+00:00
[2022-04-18 21:03:43,409] {processor.py:171} INFO - Processing /home/airflow/.local/lib/python3.7/site-packages/airflow/example_dags/example_short_circuit_operator.py took 0.104 seconds
[2022-04-18 21:04:13,695] {processor.py:163} INFO - Started process (PID=755) to work on /home/airflow/.local/lib/python3.7/site-packages/airflow/example_dags/example_short_circuit_operator.py
[2022-04-18 21:04:13,698] {processor.py:642} INFO - Processing file /home/airflow/.local/lib/python3.7/site-packages/airflow/example_dags/example_short_circuit_operator.py for tasks to queue
[2022-04-18 21:04:13,699] {logging_mixin.py:109} INFO - [2022-04-18 21:04:13,699] {dagbag.py:500} INFO - Filling up the DagBag from /home/airflow/.local/lib/python3.7/site-packages/airflow/example_dags/example_short_circuit_operator.py
[2022-04-18 21:04:13,716] {processor.py:652} INFO - DAG(s) dict_keys(['example_short_circuit_operator']) retrieved from /home/airflow/.local/lib/python3.7/site-packages/airflow/example_dags/example_short_circuit_operator.py
[2022-04-18 21:04:13,744] {logging_mixin.py:109} INFO - [2022-04-18 21:04:13,744] {dag.py:2398} INFO - Sync 1 DAGs
[2022-04-18 21:04:13,761] {logging_mixin.py:109} INFO - [2022-04-18 21:04:13,761] {dag.py:2937} INFO - Setting next_dagrun for example_short_circuit_operator to 2022-04-17T21:04:13.761600+00:00
[2022-04-18 21:04:13,772] {processor.py:171} INFO - Processing /home/airflow/.local/lib/python3.7/site-packages/airflow/example_dags/example_short_circuit_operator.py took 0.081 seconds
[2022-04-18 21:04:44,021] {processor.py:163} INFO - Started process (PID=815) to work on /home/airflow/.local/lib/python3.7/site-packages/airflow/example_dags/example_short_circuit_operator.py
[2022-04-18 21:04:44,023] {processor.py:642} INFO - Processing file /home/airflow/.local/lib/python3.7/site-packages/airflow/example_dags/example_short_circuit_operator.py for tasks to queue
[2022-04-18 21:04:44,024] {logging_mixin.py:109} INFO - [2022-04-18 21:04:44,024] {dagbag.py:500} INFO - Filling up the DagBag from /home/airflow/.local/lib/python3.7/site-packages/airflow/example_dags/example_short_circuit_operator.py
[2022-04-18 21:04:44,040] {processor.py:652} INFO - DAG(s) dict_keys(['example_short_circuit_operator']) retrieved from /home/airflow/.local/lib/python3.7/site-packages/airflow/example_dags/example_short_circuit_operator.py
[2022-04-18 21:04:44,061] {logging_mixin.py:109} INFO - [2022-04-18 21:04:44,061] {dag.py:2398} INFO - Sync 1 DAGs
[2022-04-18 21:04:44,078] {logging_mixin.py:109} INFO - [2022-04-18 21:04:44,078] {dag.py:2937} INFO - Setting next_dagrun for example_short_circuit_operator to 2022-04-17T21:04:44.077714+00:00
[2022-04-18 21:04:44,088] {processor.py:171} INFO - Processing /home/airflow/.local/lib/python3.7/site-packages/airflow/example_dags/example_short_circuit_operator.py took 0.070 seconds
[2022-04-18 21:05:14,578] {processor.py:163} INFO - Started process (PID=866) to work on /home/airflow/.local/lib/python3.7/site-packages/airflow/example_dags/example_short_circuit_operator.py
[2022-04-18 21:05:14,580] {processor.py:642} INFO - Processing file /home/airflow/.local/lib/python3.7/site-packages/airflow/example_dags/example_short_circuit_operator.py for tasks to queue
[2022-04-18 21:05:14,581] {logging_mixin.py:109} INFO - [2022-04-18 21:05:14,581] {dagbag.py:500} INFO - Filling up the DagBag from /home/airflow/.local/lib/python3.7/site-packages/airflow/example_dags/example_short_circuit_operator.py
[2022-04-18 21:05:14,601] {processor.py:652} INFO - DAG(s) dict_keys(['example_short_circuit_operator']) retrieved from /home/airflow/.local/lib/python3.7/site-packages/airflow/example_dags/example_short_circuit_operator.py
[2022-04-18 21:05:14,624] {logging_mixin.py:109} INFO - [2022-04-18 21:05:14,624] {dag.py:2398} INFO - Sync 1 DAGs
[2022-04-18 21:05:14,642] {logging_mixin.py:109} INFO - [2022-04-18 21:05:14,642] {dag.py:2937} INFO - Setting next_dagrun for example_short_circuit_operator to 2022-04-17T21:05:14.641817+00:00
[2022-04-18 21:05:14,653] {processor.py:171} INFO - Processing /home/airflow/.local/lib/python3.7/site-packages/airflow/example_dags/example_short_circuit_operator.py took 0.079 seconds
[2022-04-18 21:05:44,704] {processor.py:163} INFO - Started process (PID=926) to work on /home/airflow/.local/lib/python3.7/site-packages/airflow/example_dags/example_short_circuit_operator.py
[2022-04-18 21:05:44,706] {processor.py:642} INFO - Processing file /home/airflow/.local/lib/python3.7/site-packages/airflow/example_dags/example_short_circuit_operator.py for tasks to queue
[2022-04-18 21:05:44,707] {logging_mixin.py:109} INFO - [2022-04-18 21:05:44,707] {dagbag.py:500} INFO - Filling up the DagBag from /home/airflow/.local/lib/python3.7/site-packages/airflow/example_dags/example_short_circuit_operator.py
[2022-04-18 21:05:44,724] {processor.py:652} INFO - DAG(s) dict_keys(['example_short_circuit_operator']) retrieved from /home/airflow/.local/lib/python3.7/site-packages/airflow/example_dags/example_short_circuit_operator.py
[2022-04-18 21:05:44,747] {logging_mixin.py:109} INFO - [2022-04-18 21:05:44,746] {dag.py:2398} INFO - Sync 1 DAGs
[2022-04-18 21:05:44,765] {logging_mixin.py:109} INFO - [2022-04-18 21:05:44,765] {dag.py:2937} INFO - Setting next_dagrun for example_short_circuit_operator to 2022-04-17T21:05:44.764838+00:00
[2022-04-18 21:05:44,775] {processor.py:171} INFO - Processing /home/airflow/.local/lib/python3.7/site-packages/airflow/example_dags/example_short_circuit_operator.py took 0.075 seconds
[2022-04-18 21:06:15,536] {processor.py:163} INFO - Started process (PID=978) to work on /home/airflow/.local/lib/python3.7/site-packages/airflow/example_dags/example_short_circuit_operator.py
[2022-04-18 21:06:15,540] {processor.py:642} INFO - Processing file /home/airflow/.local/lib/python3.7/site-packages/airflow/example_dags/example_short_circuit_operator.py for tasks to queue
[2022-04-18 21:06:15,544] {logging_mixin.py:109} INFO - [2022-04-18 21:06:15,544] {dagbag.py:500} INFO - Filling up the DagBag from /home/airflow/.local/lib/python3.7/site-packages/airflow/example_dags/example_short_circuit_operator.py
[2022-04-18 21:06:15,580] {processor.py:652} INFO - DAG(s) dict_keys(['example_short_circuit_operator']) retrieved from /home/airflow/.local/lib/python3.7/site-packages/airflow/example_dags/example_short_circuit_operator.py
[2022-04-18 21:06:15,627] {logging_mixin.py:109} INFO - [2022-04-18 21:06:15,626] {dag.py:2398} INFO - Sync 1 DAGs
[2022-04-18 21:06:15,662] {logging_mixin.py:109} INFO - [2022-04-18 21:06:15,662] {dag.py:2937} INFO - Setting next_dagrun for example_short_circuit_operator to 2022-04-17T21:06:15.661332+00:00
[2022-04-18 21:06:15,708] {processor.py:171} INFO - Processing /home/airflow/.local/lib/python3.7/site-packages/airflow/example_dags/example_short_circuit_operator.py took 0.177 seconds
[2022-04-18 21:06:46,282] {processor.py:163} INFO - Started process (PID=1039) to work on /home/airflow/.local/lib/python3.7/site-packages/airflow/example_dags/example_short_circuit_operator.py
[2022-04-18 21:06:46,284] {processor.py:642} INFO - Processing file /home/airflow/.local/lib/python3.7/site-packages/airflow/example_dags/example_short_circuit_operator.py for tasks to queue
[2022-04-18 21:06:46,285] {logging_mixin.py:109} INFO - [2022-04-18 21:06:46,285] {dagbag.py:500} INFO - Filling up the DagBag from /home/airflow/.local/lib/python3.7/site-packages/airflow/example_dags/example_short_circuit_operator.py
[2022-04-18 21:06:46,303] {processor.py:652} INFO - DAG(s) dict_keys(['example_short_circuit_operator']) retrieved from /home/airflow/.local/lib/python3.7/site-packages/airflow/example_dags/example_short_circuit_operator.py
[2022-04-18 21:06:46,328] {logging_mixin.py:109} INFO - [2022-04-18 21:06:46,328] {dag.py:2398} INFO - Sync 1 DAGs
[2022-04-18 21:06:46,347] {logging_mixin.py:109} INFO - [2022-04-18 21:06:46,346] {dag.py:2937} INFO - Setting next_dagrun for example_short_circuit_operator to 2022-04-17T21:06:46.346642+00:00
[2022-04-18 21:06:46,357] {processor.py:171} INFO - Processing /home/airflow/.local/lib/python3.7/site-packages/airflow/example_dags/example_short_circuit_operator.py took 0.079 seconds
[2022-04-18 21:07:16,891] {processor.py:163} INFO - Started process (PID=1091) to work on /home/airflow/.local/lib/python3.7/site-packages/airflow/example_dags/example_short_circuit_operator.py
[2022-04-18 21:07:16,893] {processor.py:642} INFO - Processing file /home/airflow/.local/lib/python3.7/site-packages/airflow/example_dags/example_short_circuit_operator.py for tasks to queue
[2022-04-18 21:07:16,894] {logging_mixin.py:109} INFO - [2022-04-18 21:07:16,894] {dagbag.py:500} INFO - Filling up the DagBag from /home/airflow/.local/lib/python3.7/site-packages/airflow/example_dags/example_short_circuit_operator.py
[2022-04-18 21:07:16,912] {processor.py:652} INFO - DAG(s) dict_keys(['example_short_circuit_operator']) retrieved from /home/airflow/.local/lib/python3.7/site-packages/airflow/example_dags/example_short_circuit_operator.py
[2022-04-18 21:07:16,933] {logging_mixin.py:109} INFO - [2022-04-18 21:07:16,933] {dag.py:2398} INFO - Sync 1 DAGs
[2022-04-18 21:07:16,950] {logging_mixin.py:109} INFO - [2022-04-18 21:07:16,950] {dag.py:2937} INFO - Setting next_dagrun for example_short_circuit_operator to 2022-04-17T21:07:16.950040+00:00
[2022-04-18 21:07:16,959] {processor.py:171} INFO - Processing /home/airflow/.local/lib/python3.7/site-packages/airflow/example_dags/example_short_circuit_operator.py took 0.073 seconds
[2022-04-18 21:07:47,960] {processor.py:163} INFO - Started process (PID=1153) to work on /home/airflow/.local/lib/python3.7/site-packages/airflow/example_dags/example_short_circuit_operator.py
[2022-04-18 21:07:47,961] {processor.py:642} INFO - Processing file /home/airflow/.local/lib/python3.7/site-packages/airflow/example_dags/example_short_circuit_operator.py for tasks to queue
[2022-04-18 21:07:47,963] {logging_mixin.py:109} INFO - [2022-04-18 21:07:47,962] {dagbag.py:500} INFO - Filling up the DagBag from /home/airflow/.local/lib/python3.7/site-packages/airflow/example_dags/example_short_circuit_operator.py
[2022-04-18 21:07:47,981] {processor.py:652} INFO - DAG(s) dict_keys(['example_short_circuit_operator']) retrieved from /home/airflow/.local/lib/python3.7/site-packages/airflow/example_dags/example_short_circuit_operator.py
[2022-04-18 21:07:48,007] {logging_mixin.py:109} INFO - [2022-04-18 21:07:48,007] {dag.py:2398} INFO - Sync 1 DAGs
[2022-04-18 21:07:48,030] {logging_mixin.py:109} INFO - [2022-04-18 21:07:48,030] {dag.py:2937} INFO - Setting next_dagrun for example_short_circuit_operator to 2022-04-17T21:07:48.029635+00:00
[2022-04-18 21:07:48,043] {processor.py:171} INFO - Processing /home/airflow/.local/lib/python3.7/site-packages/airflow/example_dags/example_short_circuit_operator.py took 0.087 seconds
[2022-04-18 21:08:18,563] {processor.py:163} INFO - Started process (PID=1205) to work on /home/airflow/.local/lib/python3.7/site-packages/airflow/example_dags/example_short_circuit_operator.py
[2022-04-18 21:08:18,565] {processor.py:642} INFO - Processing file /home/airflow/.local/lib/python3.7/site-packages/airflow/example_dags/example_short_circuit_operator.py for tasks to queue
[2022-04-18 21:08:18,567] {logging_mixin.py:109} INFO - [2022-04-18 21:08:18,567] {dagbag.py:500} INFO - Filling up the DagBag from /home/airflow/.local/lib/python3.7/site-packages/airflow/example_dags/example_short_circuit_operator.py
[2022-04-18 21:08:18,587] {processor.py:652} INFO - DAG(s) dict_keys(['example_short_circuit_operator']) retrieved from /home/airflow/.local/lib/python3.7/site-packages/airflow/example_dags/example_short_circuit_operator.py
[2022-04-18 21:08:18,611] {logging_mixin.py:109} INFO - [2022-04-18 21:08:18,611] {dag.py:2398} INFO - Sync 1 DAGs
[2022-04-18 21:08:18,631] {logging_mixin.py:109} INFO - [2022-04-18 21:08:18,630] {dag.py:2937} INFO - Setting next_dagrun for example_short_circuit_operator to 2022-04-17T21:08:18.630694+00:00
[2022-04-18 21:08:18,643] {processor.py:171} INFO - Processing /home/airflow/.local/lib/python3.7/site-packages/airflow/example_dags/example_short_circuit_operator.py took 0.084 seconds
[2022-04-18 21:08:48,794] {processor.py:163} INFO - Started process (PID=1264) to work on /home/airflow/.local/lib/python3.7/site-packages/airflow/example_dags/example_short_circuit_operator.py
[2022-04-18 21:08:48,796] {processor.py:642} INFO - Processing file /home/airflow/.local/lib/python3.7/site-packages/airflow/example_dags/example_short_circuit_operator.py for tasks to queue
[2022-04-18 21:08:48,797] {logging_mixin.py:109} INFO - [2022-04-18 21:08:48,797] {dagbag.py:500} INFO - Filling up the DagBag from /home/airflow/.local/lib/python3.7/site-packages/airflow/example_dags/example_short_circuit_operator.py
[2022-04-18 21:08:48,818] {processor.py:652} INFO - DAG(s) dict_keys(['example_short_circuit_operator']) retrieved from /home/airflow/.local/lib/python3.7/site-packages/airflow/example_dags/example_short_circuit_operator.py
[2022-04-18 21:08:48,844] {logging_mixin.py:109} INFO - [2022-04-18 21:08:48,844] {dag.py:2398} INFO - Sync 1 DAGs
[2022-04-18 21:08:48,866] {logging_mixin.py:109} INFO - [2022-04-18 21:08:48,866] {dag.py:2937} INFO - Setting next_dagrun for example_short_circuit_operator to 2022-04-17T21:08:48.866295+00:00
[2022-04-18 21:08:48,879] {processor.py:171} INFO - Processing /home/airflow/.local/lib/python3.7/site-packages/airflow/example_dags/example_short_circuit_operator.py took 0.090 seconds
[2022-04-18 21:09:19,313] {processor.py:163} INFO - Started process (PID=1314) to work on /home/airflow/.local/lib/python3.7/site-packages/airflow/example_dags/example_short_circuit_operator.py
[2022-04-18 21:09:19,315] {processor.py:642} INFO - Processing file /home/airflow/.local/lib/python3.7/site-packages/airflow/example_dags/example_short_circuit_operator.py for tasks to queue
[2022-04-18 21:09:19,316] {logging_mixin.py:109} INFO - [2022-04-18 21:09:19,316] {dagbag.py:500} INFO - Filling up the DagBag from /home/airflow/.local/lib/python3.7/site-packages/airflow/example_dags/example_short_circuit_operator.py
[2022-04-18 21:09:19,333] {processor.py:652} INFO - DAG(s) dict_keys(['example_short_circuit_operator']) retrieved from /home/airflow/.local/lib/python3.7/site-packages/airflow/example_dags/example_short_circuit_operator.py
[2022-04-18 21:09:19,357] {logging_mixin.py:109} INFO - [2022-04-18 21:09:19,357] {dag.py:2398} INFO - Sync 1 DAGs
[2022-04-18 21:09:19,376] {logging_mixin.py:109} INFO - [2022-04-18 21:09:19,376] {dag.py:2937} INFO - Setting next_dagrun for example_short_circuit_operator to 2022-04-17T21:09:19.375935+00:00
[2022-04-18 21:09:19,386] {processor.py:171} INFO - Processing /home/airflow/.local/lib/python3.7/site-packages/airflow/example_dags/example_short_circuit_operator.py took 0.077 seconds
