[2022-04-18 20:59:26,879] {processor.py:163} INFO - Started process (PID=104) to work on /home/airflow/.local/lib/python3.7/site-packages/airflow/example_dags/example_xcomargs.py
[2022-04-18 20:59:26,881] {processor.py:642} INFO - Processing file /home/airflow/.local/lib/python3.7/site-packages/airflow/example_dags/example_xcomargs.py for tasks to queue
[2022-04-18 20:59:26,884] {logging_mixin.py:109} INFO - [2022-04-18 20:59:26,883] {dagbag.py:500} INFO - Filling up the DagBag from /home/airflow/.local/lib/python3.7/site-packages/airflow/example_dags/example_xcomargs.py
[2022-04-18 20:59:26,944] {processor.py:652} INFO - DAG(s) dict_keys(['example_xcom_args', 'example_xcom_args_with_operators']) retrieved from /home/airflow/.local/lib/python3.7/site-packages/airflow/example_dags/example_xcomargs.py
[2022-04-18 20:59:28,681] {logging_mixin.py:109} INFO - [2022-04-18 20:59:28,680] {manager.py:496} INFO - Created Permission View: can read on DAG:example_xcom_args
[2022-04-18 20:59:28,687] {logging_mixin.py:109} INFO - [2022-04-18 20:59:28,687] {manager.py:496} INFO - Created Permission View: can edit on DAG:example_xcom_args
[2022-04-18 20:59:28,702] {logging_mixin.py:109} INFO - [2022-04-18 20:59:28,702] {manager.py:496} INFO - Created Permission View: can read on DAG:example_xcom_args_with_operators
[2022-04-18 20:59:28,710] {logging_mixin.py:109} INFO - [2022-04-18 20:59:28,710] {manager.py:496} INFO - Created Permission View: can edit on DAG:example_xcom_args_with_operators
[2022-04-18 20:59:28,711] {logging_mixin.py:109} INFO - [2022-04-18 20:59:28,710] {dag.py:2398} INFO - Sync 2 DAGs
[2022-04-18 20:59:28,719] {logging_mixin.py:109} INFO - [2022-04-18 20:59:28,719] {dag.py:2417} INFO - Creating ORM DAG for example_xcom_args
[2022-04-18 20:59:28,720] {logging_mixin.py:109} INFO - [2022-04-18 20:59:28,720] {dag.py:2417} INFO - Creating ORM DAG for example_xcom_args_with_operators
[2022-04-18 20:59:28,728] {logging_mixin.py:109} INFO - [2022-04-18 20:59:28,728] {dag.py:2937} INFO - Setting next_dagrun for example_xcom_args to None
[2022-04-18 20:59:28,729] {logging_mixin.py:109} INFO - [2022-04-18 20:59:28,729] {dag.py:2937} INFO - Setting next_dagrun for example_xcom_args_with_operators to None
[2022-04-18 20:59:28,743] {processor.py:171} INFO - Processing /home/airflow/.local/lib/python3.7/site-packages/airflow/example_dags/example_xcomargs.py took 1.870 seconds
[2022-04-18 20:59:59,351] {processor.py:163} INFO - Started process (PID=287) to work on /home/airflow/.local/lib/python3.7/site-packages/airflow/example_dags/example_xcomargs.py
[2022-04-18 20:59:59,354] {processor.py:642} INFO - Processing file /home/airflow/.local/lib/python3.7/site-packages/airflow/example_dags/example_xcomargs.py for tasks to queue
[2022-04-18 20:59:59,355] {logging_mixin.py:109} INFO - [2022-04-18 20:59:59,355] {dagbag.py:500} INFO - Filling up the DagBag from /home/airflow/.local/lib/python3.7/site-packages/airflow/example_dags/example_xcomargs.py
[2022-04-18 20:59:59,383] {processor.py:652} INFO - DAG(s) dict_keys(['example_xcom_args', 'example_xcom_args_with_operators']) retrieved from /home/airflow/.local/lib/python3.7/site-packages/airflow/example_dags/example_xcomargs.py
[2022-04-18 20:59:59,688] {logging_mixin.py:109} INFO - [2022-04-18 20:59:59,688] {dag.py:2398} INFO - Sync 2 DAGs
[2022-04-18 20:59:59,704] {logging_mixin.py:109} INFO - [2022-04-18 20:59:59,704] {dag.py:2937} INFO - Setting next_dagrun for example_xcom_args to None
[2022-04-18 20:59:59,705] {logging_mixin.py:109} INFO - [2022-04-18 20:59:59,705] {dag.py:2937} INFO - Setting next_dagrun for example_xcom_args_with_operators to None
[2022-04-18 20:59:59,717] {processor.py:171} INFO - Processing /home/airflow/.local/lib/python3.7/site-packages/airflow/example_dags/example_xcomargs.py took 0.372 seconds
[2022-04-18 21:00:30,546] {processor.py:163} INFO - Started process (PID=349) to work on /home/airflow/.local/lib/python3.7/site-packages/airflow/example_dags/example_xcomargs.py
[2022-04-18 21:00:30,548] {processor.py:642} INFO - Processing file /home/airflow/.local/lib/python3.7/site-packages/airflow/example_dags/example_xcomargs.py for tasks to queue
[2022-04-18 21:00:30,550] {logging_mixin.py:109} INFO - [2022-04-18 21:00:30,550] {dagbag.py:500} INFO - Filling up the DagBag from /home/airflow/.local/lib/python3.7/site-packages/airflow/example_dags/example_xcomargs.py
[2022-04-18 21:00:30,575] {processor.py:652} INFO - DAG(s) dict_keys(['example_xcom_args', 'example_xcom_args_with_operators']) retrieved from /home/airflow/.local/lib/python3.7/site-packages/airflow/example_dags/example_xcomargs.py
[2022-04-18 21:00:31,536] {logging_mixin.py:109} INFO - [2022-04-18 21:00:31,536] {dag.py:2398} INFO - Sync 2 DAGs
[2022-04-18 21:00:31,558] {logging_mixin.py:109} INFO - [2022-04-18 21:00:31,558] {dag.py:2937} INFO - Setting next_dagrun for example_xcom_args to None
[2022-04-18 21:00:31,560] {logging_mixin.py:109} INFO - [2022-04-18 21:00:31,560] {dag.py:2937} INFO - Setting next_dagrun for example_xcom_args_with_operators to None
[2022-04-18 21:00:31,577] {processor.py:171} INFO - Processing /home/airflow/.local/lib/python3.7/site-packages/airflow/example_dags/example_xcomargs.py took 1.034 seconds
[2022-04-18 21:01:01,909] {processor.py:163} INFO - Started process (PID=411) to work on /home/airflow/.local/lib/python3.7/site-packages/airflow/example_dags/example_xcomargs.py
[2022-04-18 21:01:01,916] {processor.py:642} INFO - Processing file /home/airflow/.local/lib/python3.7/site-packages/airflow/example_dags/example_xcomargs.py for tasks to queue
[2022-04-18 21:01:01,918] {logging_mixin.py:109} INFO - [2022-04-18 21:01:01,917] {dagbag.py:500} INFO - Filling up the DagBag from /home/airflow/.local/lib/python3.7/site-packages/airflow/example_dags/example_xcomargs.py
[2022-04-18 21:01:01,946] {processor.py:652} INFO - DAG(s) dict_keys(['example_xcom_args', 'example_xcom_args_with_operators']) retrieved from /home/airflow/.local/lib/python3.7/site-packages/airflow/example_dags/example_xcomargs.py
[2022-04-18 21:01:02,246] {logging_mixin.py:109} INFO - [2022-04-18 21:01:02,246] {dag.py:2398} INFO - Sync 2 DAGs
[2022-04-18 21:01:02,261] {logging_mixin.py:109} INFO - [2022-04-18 21:01:02,261] {dag.py:2937} INFO - Setting next_dagrun for example_xcom_args to None
[2022-04-18 21:01:02,262] {logging_mixin.py:109} INFO - [2022-04-18 21:01:02,262] {dag.py:2937} INFO - Setting next_dagrun for example_xcom_args_with_operators to None
[2022-04-18 21:01:02,273] {processor.py:171} INFO - Processing /home/airflow/.local/lib/python3.7/site-packages/airflow/example_dags/example_xcomargs.py took 0.368 seconds
[2022-04-18 21:01:32,596] {processor.py:163} INFO - Started process (PID=465) to work on /home/airflow/.local/lib/python3.7/site-packages/airflow/example_dags/example_xcomargs.py
[2022-04-18 21:01:32,598] {processor.py:642} INFO - Processing file /home/airflow/.local/lib/python3.7/site-packages/airflow/example_dags/example_xcomargs.py for tasks to queue
[2022-04-18 21:01:32,599] {logging_mixin.py:109} INFO - [2022-04-18 21:01:32,599] {dagbag.py:500} INFO - Filling up the DagBag from /home/airflow/.local/lib/python3.7/site-packages/airflow/example_dags/example_xcomargs.py
[2022-04-18 21:01:32,621] {processor.py:652} INFO - DAG(s) dict_keys(['example_xcom_args', 'example_xcom_args_with_operators']) retrieved from /home/airflow/.local/lib/python3.7/site-packages/airflow/example_dags/example_xcomargs.py
[2022-04-18 21:01:32,903] {logging_mixin.py:109} INFO - [2022-04-18 21:01:32,903] {dag.py:2398} INFO - Sync 2 DAGs
[2022-04-18 21:01:32,916] {logging_mixin.py:109} INFO - [2022-04-18 21:01:32,915] {dag.py:2937} INFO - Setting next_dagrun for example_xcom_args to None
[2022-04-18 21:01:32,917] {logging_mixin.py:109} INFO - [2022-04-18 21:01:32,917] {dag.py:2937} INFO - Setting next_dagrun for example_xcom_args_with_operators to None
[2022-04-18 21:01:32,928] {processor.py:171} INFO - Processing /home/airflow/.local/lib/python3.7/site-packages/airflow/example_dags/example_xcomargs.py took 0.336 seconds
[2022-04-18 21:02:03,831] {processor.py:163} INFO - Started process (PID=527) to work on /home/airflow/.local/lib/python3.7/site-packages/airflow/example_dags/example_xcomargs.py
[2022-04-18 21:02:03,835] {processor.py:642} INFO - Processing file /home/airflow/.local/lib/python3.7/site-packages/airflow/example_dags/example_xcomargs.py for tasks to queue
[2022-04-18 21:02:03,836] {logging_mixin.py:109} INFO - [2022-04-18 21:02:03,836] {dagbag.py:500} INFO - Filling up the DagBag from /home/airflow/.local/lib/python3.7/site-packages/airflow/example_dags/example_xcomargs.py
[2022-04-18 21:02:03,872] {processor.py:652} INFO - DAG(s) dict_keys(['example_xcom_args', 'example_xcom_args_with_operators']) retrieved from /home/airflow/.local/lib/python3.7/site-packages/airflow/example_dags/example_xcomargs.py
[2022-04-18 21:02:04,296] {logging_mixin.py:109} INFO - [2022-04-18 21:02:04,296] {dag.py:2398} INFO - Sync 2 DAGs
[2022-04-18 21:02:04,316] {logging_mixin.py:109} INFO - [2022-04-18 21:02:04,316] {dag.py:2937} INFO - Setting next_dagrun for example_xcom_args to None
[2022-04-18 21:02:04,317] {logging_mixin.py:109} INFO - [2022-04-18 21:02:04,317] {dag.py:2937} INFO - Setting next_dagrun for example_xcom_args_with_operators to None
[2022-04-18 21:02:04,333] {processor.py:171} INFO - Processing /home/airflow/.local/lib/python3.7/site-packages/airflow/example_dags/example_xcomargs.py took 0.512 seconds
[2022-04-18 21:02:34,519] {processor.py:163} INFO - Started process (PID=578) to work on /home/airflow/.local/lib/python3.7/site-packages/airflow/example_dags/example_xcomargs.py
[2022-04-18 21:02:34,521] {processor.py:642} INFO - Processing file /home/airflow/.local/lib/python3.7/site-packages/airflow/example_dags/example_xcomargs.py for tasks to queue
[2022-04-18 21:02:34,522] {logging_mixin.py:109} INFO - [2022-04-18 21:02:34,522] {dagbag.py:500} INFO - Filling up the DagBag from /home/airflow/.local/lib/python3.7/site-packages/airflow/example_dags/example_xcomargs.py
[2022-04-18 21:02:34,546] {processor.py:652} INFO - DAG(s) dict_keys(['example_xcom_args', 'example_xcom_args_with_operators']) retrieved from /home/airflow/.local/lib/python3.7/site-packages/airflow/example_dags/example_xcomargs.py
[2022-04-18 21:02:34,848] {logging_mixin.py:109} INFO - [2022-04-18 21:02:34,848] {dag.py:2398} INFO - Sync 2 DAGs
[2022-04-18 21:02:34,862] {logging_mixin.py:109} INFO - [2022-04-18 21:02:34,862] {dag.py:2937} INFO - Setting next_dagrun for example_xcom_args to None
[2022-04-18 21:02:34,863] {logging_mixin.py:109} INFO - [2022-04-18 21:02:34,863] {dag.py:2937} INFO - Setting next_dagrun for example_xcom_args_with_operators to None
[2022-04-18 21:02:34,873] {processor.py:171} INFO - Processing /home/airflow/.local/lib/python3.7/site-packages/airflow/example_dags/example_xcomargs.py took 0.358 seconds
[2022-04-18 21:03:04,938] {processor.py:163} INFO - Started process (PID=637) to work on /home/airflow/.local/lib/python3.7/site-packages/airflow/example_dags/example_xcomargs.py
[2022-04-18 21:03:04,942] {processor.py:642} INFO - Processing file /home/airflow/.local/lib/python3.7/site-packages/airflow/example_dags/example_xcomargs.py for tasks to queue
[2022-04-18 21:03:04,945] {logging_mixin.py:109} INFO - [2022-04-18 21:03:04,945] {dagbag.py:500} INFO - Filling up the DagBag from /home/airflow/.local/lib/python3.7/site-packages/airflow/example_dags/example_xcomargs.py
[2022-04-18 21:03:04,975] {processor.py:652} INFO - DAG(s) dict_keys(['example_xcom_args', 'example_xcom_args_with_operators']) retrieved from /home/airflow/.local/lib/python3.7/site-packages/airflow/example_dags/example_xcomargs.py
[2022-04-18 21:03:05,292] {logging_mixin.py:109} INFO - [2022-04-18 21:03:05,292] {dag.py:2398} INFO - Sync 2 DAGs
[2022-04-18 21:03:05,304] {logging_mixin.py:109} INFO - [2022-04-18 21:03:05,304] {dag.py:2937} INFO - Setting next_dagrun for example_xcom_args to None
[2022-04-18 21:03:05,305] {logging_mixin.py:109} INFO - [2022-04-18 21:03:05,305] {dag.py:2937} INFO - Setting next_dagrun for example_xcom_args_with_operators to None
[2022-04-18 21:03:05,314] {processor.py:171} INFO - Processing /home/airflow/.local/lib/python3.7/site-packages/airflow/example_dags/example_xcomargs.py took 0.380 seconds
[2022-04-18 21:03:35,484] {processor.py:163} INFO - Started process (PID=687) to work on /home/airflow/.local/lib/python3.7/site-packages/airflow/example_dags/example_xcomargs.py
[2022-04-18 21:03:35,487] {processor.py:642} INFO - Processing file /home/airflow/.local/lib/python3.7/site-packages/airflow/example_dags/example_xcomargs.py for tasks to queue
[2022-04-18 21:03:35,488] {logging_mixin.py:109} INFO - [2022-04-18 21:03:35,488] {dagbag.py:500} INFO - Filling up the DagBag from /home/airflow/.local/lib/python3.7/site-packages/airflow/example_dags/example_xcomargs.py
[2022-04-18 21:03:35,513] {processor.py:652} INFO - DAG(s) dict_keys(['example_xcom_args', 'example_xcom_args_with_operators']) retrieved from /home/airflow/.local/lib/python3.7/site-packages/airflow/example_dags/example_xcomargs.py
[2022-04-18 21:03:35,823] {logging_mixin.py:109} INFO - [2022-04-18 21:03:35,823] {dag.py:2398} INFO - Sync 2 DAGs
[2022-04-18 21:03:35,840] {logging_mixin.py:109} INFO - [2022-04-18 21:03:35,840] {dag.py:2937} INFO - Setting next_dagrun for example_xcom_args to None
[2022-04-18 21:03:35,841] {logging_mixin.py:109} INFO - [2022-04-18 21:03:35,841] {dag.py:2937} INFO - Setting next_dagrun for example_xcom_args_with_operators to None
[2022-04-18 21:03:35,857] {processor.py:171} INFO - Processing /home/airflow/.local/lib/python3.7/site-packages/airflow/example_dags/example_xcomargs.py took 0.377 seconds
[2022-04-18 21:04:05,918] {processor.py:163} INFO - Started process (PID=747) to work on /home/airflow/.local/lib/python3.7/site-packages/airflow/example_dags/example_xcomargs.py
[2022-04-18 21:04:05,929] {processor.py:642} INFO - Processing file /home/airflow/.local/lib/python3.7/site-packages/airflow/example_dags/example_xcomargs.py for tasks to queue
[2022-04-18 21:04:05,931] {logging_mixin.py:109} INFO - [2022-04-18 21:04:05,931] {dagbag.py:500} INFO - Filling up the DagBag from /home/airflow/.local/lib/python3.7/site-packages/airflow/example_dags/example_xcomargs.py
[2022-04-18 21:04:05,974] {processor.py:652} INFO - DAG(s) dict_keys(['example_xcom_args', 'example_xcom_args_with_operators']) retrieved from /home/airflow/.local/lib/python3.7/site-packages/airflow/example_dags/example_xcomargs.py
[2022-04-18 21:04:06,252] {logging_mixin.py:109} INFO - [2022-04-18 21:04:06,252] {dag.py:2398} INFO - Sync 2 DAGs
[2022-04-18 21:04:06,282] {logging_mixin.py:109} INFO - [2022-04-18 21:04:06,282] {dag.py:2937} INFO - Setting next_dagrun for example_xcom_args to None
[2022-04-18 21:04:06,292] {logging_mixin.py:109} INFO - [2022-04-18 21:04:06,292] {dag.py:2937} INFO - Setting next_dagrun for example_xcom_args_with_operators to None
[2022-04-18 21:04:06,353] {processor.py:171} INFO - Processing /home/airflow/.local/lib/python3.7/site-packages/airflow/example_dags/example_xcomargs.py took 0.439 seconds
[2022-04-18 21:04:37,238] {processor.py:163} INFO - Started process (PID=798) to work on /home/airflow/.local/lib/python3.7/site-packages/airflow/example_dags/example_xcomargs.py
[2022-04-18 21:04:37,240] {processor.py:642} INFO - Processing file /home/airflow/.local/lib/python3.7/site-packages/airflow/example_dags/example_xcomargs.py for tasks to queue
[2022-04-18 21:04:37,241] {logging_mixin.py:109} INFO - [2022-04-18 21:04:37,241] {dagbag.py:500} INFO - Filling up the DagBag from /home/airflow/.local/lib/python3.7/site-packages/airflow/example_dags/example_xcomargs.py
[2022-04-18 21:04:37,271] {processor.py:652} INFO - DAG(s) dict_keys(['example_xcom_args', 'example_xcom_args_with_operators']) retrieved from /home/airflow/.local/lib/python3.7/site-packages/airflow/example_dags/example_xcomargs.py
[2022-04-18 21:04:37,623] {logging_mixin.py:109} INFO - [2022-04-18 21:04:37,623] {dag.py:2398} INFO - Sync 2 DAGs
[2022-04-18 21:04:37,641] {logging_mixin.py:109} INFO - [2022-04-18 21:04:37,641] {dag.py:2937} INFO - Setting next_dagrun for example_xcom_args to None
[2022-04-18 21:04:37,642] {logging_mixin.py:109} INFO - [2022-04-18 21:04:37,642] {dag.py:2937} INFO - Setting next_dagrun for example_xcom_args_with_operators to None
[2022-04-18 21:04:37,656] {processor.py:171} INFO - Processing /home/airflow/.local/lib/python3.7/site-packages/airflow/example_dags/example_xcomargs.py took 0.422 seconds
[2022-04-18 21:05:08,530] {processor.py:163} INFO - Started process (PID=859) to work on /home/airflow/.local/lib/python3.7/site-packages/airflow/example_dags/example_xcomargs.py
[2022-04-18 21:05:08,532] {processor.py:642} INFO - Processing file /home/airflow/.local/lib/python3.7/site-packages/airflow/example_dags/example_xcomargs.py for tasks to queue
[2022-04-18 21:05:08,534] {logging_mixin.py:109} INFO - [2022-04-18 21:05:08,534] {dagbag.py:500} INFO - Filling up the DagBag from /home/airflow/.local/lib/python3.7/site-packages/airflow/example_dags/example_xcomargs.py
[2022-04-18 21:05:08,566] {processor.py:652} INFO - DAG(s) dict_keys(['example_xcom_args', 'example_xcom_args_with_operators']) retrieved from /home/airflow/.local/lib/python3.7/site-packages/airflow/example_dags/example_xcomargs.py
[2022-04-18 21:05:09,037] {logging_mixin.py:109} INFO - [2022-04-18 21:05:09,037] {dag.py:2398} INFO - Sync 2 DAGs
[2022-04-18 21:05:09,054] {logging_mixin.py:109} INFO - [2022-04-18 21:05:09,054] {dag.py:2937} INFO - Setting next_dagrun for example_xcom_args to None
[2022-04-18 21:05:09,055] {logging_mixin.py:109} INFO - [2022-04-18 21:05:09,055] {dag.py:2937} INFO - Setting next_dagrun for example_xcom_args_with_operators to None
[2022-04-18 21:05:09,068] {processor.py:171} INFO - Processing /home/airflow/.local/lib/python3.7/site-packages/airflow/example_dags/example_xcomargs.py took 0.545 seconds
[2022-04-18 21:05:39,099] {processor.py:163} INFO - Started process (PID=911) to work on /home/airflow/.local/lib/python3.7/site-packages/airflow/example_dags/example_xcomargs.py
[2022-04-18 21:05:39,101] {processor.py:642} INFO - Processing file /home/airflow/.local/lib/python3.7/site-packages/airflow/example_dags/example_xcomargs.py for tasks to queue
[2022-04-18 21:05:39,103] {logging_mixin.py:109} INFO - [2022-04-18 21:05:39,102] {dagbag.py:500} INFO - Filling up the DagBag from /home/airflow/.local/lib/python3.7/site-packages/airflow/example_dags/example_xcomargs.py
[2022-04-18 21:05:39,125] {processor.py:652} INFO - DAG(s) dict_keys(['example_xcom_args', 'example_xcom_args_with_operators']) retrieved from /home/airflow/.local/lib/python3.7/site-packages/airflow/example_dags/example_xcomargs.py
[2022-04-18 21:05:39,449] {logging_mixin.py:109} INFO - [2022-04-18 21:05:39,449] {dag.py:2398} INFO - Sync 2 DAGs
[2022-04-18 21:05:39,468] {logging_mixin.py:109} INFO - [2022-04-18 21:05:39,468] {dag.py:2937} INFO - Setting next_dagrun for example_xcom_args to None
[2022-04-18 21:05:39,469] {logging_mixin.py:109} INFO - [2022-04-18 21:05:39,469] {dag.py:2937} INFO - Setting next_dagrun for example_xcom_args_with_operators to None
[2022-04-18 21:05:39,483] {processor.py:171} INFO - Processing /home/airflow/.local/lib/python3.7/site-packages/airflow/example_dags/example_xcomargs.py took 0.388 seconds
[2022-04-18 21:06:09,563] {processor.py:163} INFO - Started process (PID=971) to work on /home/airflow/.local/lib/python3.7/site-packages/airflow/example_dags/example_xcomargs.py
[2022-04-18 21:06:09,565] {processor.py:642} INFO - Processing file /home/airflow/.local/lib/python3.7/site-packages/airflow/example_dags/example_xcomargs.py for tasks to queue
[2022-04-18 21:06:09,567] {logging_mixin.py:109} INFO - [2022-04-18 21:06:09,567] {dagbag.py:500} INFO - Filling up the DagBag from /home/airflow/.local/lib/python3.7/site-packages/airflow/example_dags/example_xcomargs.py
[2022-04-18 21:06:09,593] {processor.py:652} INFO - DAG(s) dict_keys(['example_xcom_args', 'example_xcom_args_with_operators']) retrieved from /home/airflow/.local/lib/python3.7/site-packages/airflow/example_dags/example_xcomargs.py
[2022-04-18 21:06:10,328] {logging_mixin.py:109} INFO - [2022-04-18 21:06:10,328] {dag.py:2398} INFO - Sync 2 DAGs
[2022-04-18 21:06:10,350] {logging_mixin.py:109} INFO - [2022-04-18 21:06:10,350] {dag.py:2937} INFO - Setting next_dagrun for example_xcom_args to None
[2022-04-18 21:06:10,353] {logging_mixin.py:109} INFO - [2022-04-18 21:06:10,353] {dag.py:2937} INFO - Setting next_dagrun for example_xcom_args_with_operators to None
[2022-04-18 21:06:10,369] {processor.py:171} INFO - Processing /home/airflow/.local/lib/python3.7/site-packages/airflow/example_dags/example_xcomargs.py took 0.811 seconds
[2022-04-18 21:06:40,489] {processor.py:163} INFO - Started process (PID=1023) to work on /home/airflow/.local/lib/python3.7/site-packages/airflow/example_dags/example_xcomargs.py
[2022-04-18 21:06:40,492] {processor.py:642} INFO - Processing file /home/airflow/.local/lib/python3.7/site-packages/airflow/example_dags/example_xcomargs.py for tasks to queue
[2022-04-18 21:06:40,495] {logging_mixin.py:109} INFO - [2022-04-18 21:06:40,495] {dagbag.py:500} INFO - Filling up the DagBag from /home/airflow/.local/lib/python3.7/site-packages/airflow/example_dags/example_xcomargs.py
[2022-04-18 21:06:40,524] {processor.py:652} INFO - DAG(s) dict_keys(['example_xcom_args', 'example_xcom_args_with_operators']) retrieved from /home/airflow/.local/lib/python3.7/site-packages/airflow/example_dags/example_xcomargs.py
[2022-04-18 21:06:40,901] {logging_mixin.py:109} INFO - [2022-04-18 21:06:40,901] {dag.py:2398} INFO - Sync 2 DAGs
[2022-04-18 21:06:40,932] {logging_mixin.py:109} INFO - [2022-04-18 21:06:40,932] {dag.py:2937} INFO - Setting next_dagrun for example_xcom_args to None
[2022-04-18 21:06:40,935] {logging_mixin.py:109} INFO - [2022-04-18 21:06:40,935] {dag.py:2937} INFO - Setting next_dagrun for example_xcom_args_with_operators to None
[2022-04-18 21:06:40,950] {processor.py:171} INFO - Processing /home/airflow/.local/lib/python3.7/site-packages/airflow/example_dags/example_xcomargs.py took 0.465 seconds
[2022-04-18 21:07:11,623] {processor.py:163} INFO - Started process (PID=1085) to work on /home/airflow/.local/lib/python3.7/site-packages/airflow/example_dags/example_xcomargs.py
[2022-04-18 21:07:11,626] {processor.py:642} INFO - Processing file /home/airflow/.local/lib/python3.7/site-packages/airflow/example_dags/example_xcomargs.py for tasks to queue
[2022-04-18 21:07:11,628] {logging_mixin.py:109} INFO - [2022-04-18 21:07:11,627] {dagbag.py:500} INFO - Filling up the DagBag from /home/airflow/.local/lib/python3.7/site-packages/airflow/example_dags/example_xcomargs.py
[2022-04-18 21:07:11,651] {processor.py:652} INFO - DAG(s) dict_keys(['example_xcom_args', 'example_xcom_args_with_operators']) retrieved from /home/airflow/.local/lib/python3.7/site-packages/airflow/example_dags/example_xcomargs.py
[2022-04-18 21:07:11,936] {logging_mixin.py:109} INFO - [2022-04-18 21:07:11,936] {dag.py:2398} INFO - Sync 2 DAGs
[2022-04-18 21:07:11,956] {logging_mixin.py:109} INFO - [2022-04-18 21:07:11,956] {dag.py:2937} INFO - Setting next_dagrun for example_xcom_args to None
[2022-04-18 21:07:11,961] {logging_mixin.py:109} INFO - [2022-04-18 21:07:11,961] {dag.py:2937} INFO - Setting next_dagrun for example_xcom_args_with_operators to None
[2022-04-18 21:07:11,975] {processor.py:171} INFO - Processing /home/airflow/.local/lib/python3.7/site-packages/airflow/example_dags/example_xcomargs.py took 0.356 seconds
[2022-04-18 21:07:42,273] {processor.py:163} INFO - Started process (PID=1137) to work on /home/airflow/.local/lib/python3.7/site-packages/airflow/example_dags/example_xcomargs.py
[2022-04-18 21:07:42,276] {processor.py:642} INFO - Processing file /home/airflow/.local/lib/python3.7/site-packages/airflow/example_dags/example_xcomargs.py for tasks to queue
[2022-04-18 21:07:42,278] {logging_mixin.py:109} INFO - [2022-04-18 21:07:42,278] {dagbag.py:500} INFO - Filling up the DagBag from /home/airflow/.local/lib/python3.7/site-packages/airflow/example_dags/example_xcomargs.py
[2022-04-18 21:07:42,306] {processor.py:652} INFO - DAG(s) dict_keys(['example_xcom_args', 'example_xcom_args_with_operators']) retrieved from /home/airflow/.local/lib/python3.7/site-packages/airflow/example_dags/example_xcomargs.py
[2022-04-18 21:07:42,681] {logging_mixin.py:109} INFO - [2022-04-18 21:07:42,680] {dag.py:2398} INFO - Sync 2 DAGs
[2022-04-18 21:07:42,703] {logging_mixin.py:109} INFO - [2022-04-18 21:07:42,703] {dag.py:2937} INFO - Setting next_dagrun for example_xcom_args to None
[2022-04-18 21:07:42,705] {logging_mixin.py:109} INFO - [2022-04-18 21:07:42,705] {dag.py:2937} INFO - Setting next_dagrun for example_xcom_args_with_operators to None
[2022-04-18 21:07:42,726] {processor.py:171} INFO - Processing /home/airflow/.local/lib/python3.7/site-packages/airflow/example_dags/example_xcomargs.py took 0.457 seconds
[2022-04-18 21:08:13,062] {processor.py:163} INFO - Started process (PID=1199) to work on /home/airflow/.local/lib/python3.7/site-packages/airflow/example_dags/example_xcomargs.py
[2022-04-18 21:08:13,065] {processor.py:642} INFO - Processing file /home/airflow/.local/lib/python3.7/site-packages/airflow/example_dags/example_xcomargs.py for tasks to queue
[2022-04-18 21:08:13,067] {logging_mixin.py:109} INFO - [2022-04-18 21:08:13,067] {dagbag.py:500} INFO - Filling up the DagBag from /home/airflow/.local/lib/python3.7/site-packages/airflow/example_dags/example_xcomargs.py
[2022-04-18 21:08:13,101] {processor.py:652} INFO - DAG(s) dict_keys(['example_xcom_args', 'example_xcom_args_with_operators']) retrieved from /home/airflow/.local/lib/python3.7/site-packages/airflow/example_dags/example_xcomargs.py
[2022-04-18 21:08:13,406] {logging_mixin.py:109} INFO - [2022-04-18 21:08:13,406] {dag.py:2398} INFO - Sync 2 DAGs
[2022-04-18 21:08:13,421] {logging_mixin.py:109} INFO - [2022-04-18 21:08:13,421] {dag.py:2937} INFO - Setting next_dagrun for example_xcom_args to None
[2022-04-18 21:08:13,422] {logging_mixin.py:109} INFO - [2022-04-18 21:08:13,422] {dag.py:2937} INFO - Setting next_dagrun for example_xcom_args_with_operators to None
[2022-04-18 21:08:13,433] {processor.py:171} INFO - Processing /home/airflow/.local/lib/python3.7/site-packages/airflow/example_dags/example_xcomargs.py took 0.375 seconds
[2022-04-18 21:08:43,955] {processor.py:163} INFO - Started process (PID=1249) to work on /home/airflow/.local/lib/python3.7/site-packages/airflow/example_dags/example_xcomargs.py
[2022-04-18 21:08:43,957] {processor.py:642} INFO - Processing file /home/airflow/.local/lib/python3.7/site-packages/airflow/example_dags/example_xcomargs.py for tasks to queue
[2022-04-18 21:08:43,958] {logging_mixin.py:109} INFO - [2022-04-18 21:08:43,958] {dagbag.py:500} INFO - Filling up the DagBag from /home/airflow/.local/lib/python3.7/site-packages/airflow/example_dags/example_xcomargs.py
[2022-04-18 21:08:43,995] {processor.py:652} INFO - DAG(s) dict_keys(['example_xcom_args', 'example_xcom_args_with_operators']) retrieved from /home/airflow/.local/lib/python3.7/site-packages/airflow/example_dags/example_xcomargs.py
[2022-04-18 21:08:44,292] {logging_mixin.py:109} INFO - [2022-04-18 21:08:44,292] {dag.py:2398} INFO - Sync 2 DAGs
[2022-04-18 21:08:44,304] {logging_mixin.py:109} INFO - [2022-04-18 21:08:44,304] {dag.py:2937} INFO - Setting next_dagrun for example_xcom_args to None
[2022-04-18 21:08:44,305] {logging_mixin.py:109} INFO - [2022-04-18 21:08:44,305] {dag.py:2937} INFO - Setting next_dagrun for example_xcom_args_with_operators to None
[2022-04-18 21:08:44,315] {processor.py:171} INFO - Processing /home/airflow/.local/lib/python3.7/site-packages/airflow/example_dags/example_xcomargs.py took 0.365 seconds
[2022-04-18 21:09:14,360] {processor.py:163} INFO - Started process (PID=1308) to work on /home/airflow/.local/lib/python3.7/site-packages/airflow/example_dags/example_xcomargs.py
[2022-04-18 21:09:14,362] {processor.py:642} INFO - Processing file /home/airflow/.local/lib/python3.7/site-packages/airflow/example_dags/example_xcomargs.py for tasks to queue
[2022-04-18 21:09:14,364] {logging_mixin.py:109} INFO - [2022-04-18 21:09:14,364] {dagbag.py:500} INFO - Filling up the DagBag from /home/airflow/.local/lib/python3.7/site-packages/airflow/example_dags/example_xcomargs.py
[2022-04-18 21:09:14,389] {processor.py:652} INFO - DAG(s) dict_keys(['example_xcom_args', 'example_xcom_args_with_operators']) retrieved from /home/airflow/.local/lib/python3.7/site-packages/airflow/example_dags/example_xcomargs.py
[2022-04-18 21:09:14,657] {logging_mixin.py:109} INFO - [2022-04-18 21:09:14,657] {dag.py:2398} INFO - Sync 2 DAGs
[2022-04-18 21:09:14,669] {logging_mixin.py:109} INFO - [2022-04-18 21:09:14,669] {dag.py:2937} INFO - Setting next_dagrun for example_xcom_args to None
[2022-04-18 21:09:14,670] {logging_mixin.py:109} INFO - [2022-04-18 21:09:14,670] {dag.py:2937} INFO - Setting next_dagrun for example_xcom_args_with_operators to None
[2022-04-18 21:09:14,680] {processor.py:171} INFO - Processing /home/airflow/.local/lib/python3.7/site-packages/airflow/example_dags/example_xcomargs.py took 0.323 seconds
