[2022-04-18 20:59:27,104] {processor.py:163} INFO - Started process (PID=105) to work on /home/airflow/.local/lib/python3.7/site-packages/airflow/example_dags/example_sla_dag.py
[2022-04-18 20:59:27,107] {processor.py:642} INFO - Processing file /home/airflow/.local/lib/python3.7/site-packages/airflow/example_dags/example_sla_dag.py for tasks to queue
[2022-04-18 20:59:27,112] {logging_mixin.py:109} INFO - [2022-04-18 20:59:27,112] {dagbag.py:500} INFO - Filling up the DagBag from /home/airflow/.local/lib/python3.7/site-packages/airflow/example_dags/example_sla_dag.py
[2022-04-18 20:59:27,152] {processor.py:652} INFO - DAG(s) dict_keys(['example_sla_dag']) retrieved from /home/airflow/.local/lib/python3.7/site-packages/airflow/example_dags/example_sla_dag.py
[2022-04-18 20:59:28,721] {logging_mixin.py:109} INFO - [2022-04-18 20:59:28,721] {manager.py:496} INFO - Created Permission View: can read on DAG:example_sla_dag
[2022-04-18 20:59:28,729] {logging_mixin.py:109} INFO - [2022-04-18 20:59:28,729] {manager.py:496} INFO - Created Permission View: can edit on DAG:example_sla_dag
[2022-04-18 20:59:28,730] {logging_mixin.py:109} INFO - [2022-04-18 20:59:28,730] {dag.py:2398} INFO - Sync 1 DAGs
[2022-04-18 20:59:28,739] {logging_mixin.py:109} INFO - [2022-04-18 20:59:28,738] {dag.py:2417} INFO - Creating ORM DAG for example_sla_dag
[2022-04-18 20:59:28,752] {logging_mixin.py:109} INFO - [2022-04-18 20:59:28,752] {dag.py:2937} INFO - Setting next_dagrun for example_sla_dag to 2022-04-18T20:56:00+00:00
[2022-04-18 20:59:28,766] {processor.py:171} INFO - Processing /home/airflow/.local/lib/python3.7/site-packages/airflow/example_dags/example_sla_dag.py took 1.670 seconds
[2022-04-18 20:59:59,353] {processor.py:163} INFO - Started process (PID=288) to work on /home/airflow/.local/lib/python3.7/site-packages/airflow/example_dags/example_sla_dag.py
[2022-04-18 20:59:59,355] {processor.py:642} INFO - Processing file /home/airflow/.local/lib/python3.7/site-packages/airflow/example_dags/example_sla_dag.py for tasks to queue
[2022-04-18 20:59:59,356] {logging_mixin.py:109} INFO - [2022-04-18 20:59:59,356] {dagbag.py:500} INFO - Filling up the DagBag from /home/airflow/.local/lib/python3.7/site-packages/airflow/example_dags/example_sla_dag.py
[2022-04-18 20:59:59,380] {processor.py:652} INFO - DAG(s) dict_keys(['example_sla_dag']) retrieved from /home/airflow/.local/lib/python3.7/site-packages/airflow/example_dags/example_sla_dag.py
[2022-04-18 20:59:59,401] {logging_mixin.py:109} INFO - [2022-04-18 20:59:59,401] {dag.py:2398} INFO - Sync 1 DAGs
[2022-04-18 20:59:59,422] {logging_mixin.py:109} INFO - [2022-04-18 20:59:59,422] {dag.py:2937} INFO - Setting next_dagrun for example_sla_dag to 2022-04-18T20:56:00+00:00
[2022-04-18 20:59:59,432] {processor.py:171} INFO - Processing /home/airflow/.local/lib/python3.7/site-packages/airflow/example_dags/example_sla_dag.py took 0.083 seconds
[2022-04-18 21:00:29,528] {processor.py:163} INFO - Started process (PID=348) to work on /home/airflow/.local/lib/python3.7/site-packages/airflow/example_dags/example_sla_dag.py
[2022-04-18 21:00:29,531] {processor.py:642} INFO - Processing file /home/airflow/.local/lib/python3.7/site-packages/airflow/example_dags/example_sla_dag.py for tasks to queue
[2022-04-18 21:00:29,532] {logging_mixin.py:109} INFO - [2022-04-18 21:00:29,532] {dagbag.py:500} INFO - Filling up the DagBag from /home/airflow/.local/lib/python3.7/site-packages/airflow/example_dags/example_sla_dag.py
[2022-04-18 21:00:29,555] {processor.py:652} INFO - DAG(s) dict_keys(['example_sla_dag']) retrieved from /home/airflow/.local/lib/python3.7/site-packages/airflow/example_dags/example_sla_dag.py
[2022-04-18 21:00:29,578] {logging_mixin.py:109} INFO - [2022-04-18 21:00:29,578] {dag.py:2398} INFO - Sync 1 DAGs
[2022-04-18 21:00:29,602] {logging_mixin.py:109} INFO - [2022-04-18 21:00:29,602] {dag.py:2937} INFO - Setting next_dagrun for example_sla_dag to 2022-04-18T20:58:00+00:00
[2022-04-18 21:00:29,615] {processor.py:171} INFO - Processing /home/airflow/.local/lib/python3.7/site-packages/airflow/example_dags/example_sla_dag.py took 0.092 seconds
[2022-04-18 21:00:59,880] {processor.py:163} INFO - Started process (PID=400) to work on /home/airflow/.local/lib/python3.7/site-packages/airflow/example_dags/example_sla_dag.py
[2022-04-18 21:00:59,882] {processor.py:642} INFO - Processing file /home/airflow/.local/lib/python3.7/site-packages/airflow/example_dags/example_sla_dag.py for tasks to queue
[2022-04-18 21:00:59,884] {logging_mixin.py:109} INFO - [2022-04-18 21:00:59,884] {dagbag.py:500} INFO - Filling up the DagBag from /home/airflow/.local/lib/python3.7/site-packages/airflow/example_dags/example_sla_dag.py
[2022-04-18 21:00:59,913] {processor.py:652} INFO - DAG(s) dict_keys(['example_sla_dag']) retrieved from /home/airflow/.local/lib/python3.7/site-packages/airflow/example_dags/example_sla_dag.py
[2022-04-18 21:00:59,938] {logging_mixin.py:109} INFO - [2022-04-18 21:00:59,938] {dag.py:2398} INFO - Sync 1 DAGs
[2022-04-18 21:00:59,959] {logging_mixin.py:109} INFO - [2022-04-18 21:00:59,959] {dag.py:2937} INFO - Setting next_dagrun for example_sla_dag to 2022-04-18T20:58:00+00:00
[2022-04-18 21:00:59,968] {processor.py:171} INFO - Processing /home/airflow/.local/lib/python3.7/site-packages/airflow/example_dags/example_sla_dag.py took 0.092 seconds
[2022-04-18 21:01:30,075] {processor.py:163} INFO - Started process (PID=462) to work on /home/airflow/.local/lib/python3.7/site-packages/airflow/example_dags/example_sla_dag.py
[2022-04-18 21:01:30,079] {processor.py:642} INFO - Processing file /home/airflow/.local/lib/python3.7/site-packages/airflow/example_dags/example_sla_dag.py for tasks to queue
[2022-04-18 21:01:30,082] {logging_mixin.py:109} INFO - [2022-04-18 21:01:30,082] {dagbag.py:500} INFO - Filling up the DagBag from /home/airflow/.local/lib/python3.7/site-packages/airflow/example_dags/example_sla_dag.py
[2022-04-18 21:01:30,116] {processor.py:652} INFO - DAG(s) dict_keys(['example_sla_dag']) retrieved from /home/airflow/.local/lib/python3.7/site-packages/airflow/example_dags/example_sla_dag.py
[2022-04-18 21:01:30,172] {logging_mixin.py:109} INFO - [2022-04-18 21:01:30,172] {dag.py:2398} INFO - Sync 1 DAGs
[2022-04-18 21:01:30,232] {logging_mixin.py:109} INFO - [2022-04-18 21:01:30,231] {dag.py:2937} INFO - Setting next_dagrun for example_sla_dag to 2022-04-18T20:58:00+00:00
[2022-04-18 21:01:30,260] {processor.py:171} INFO - Processing /home/airflow/.local/lib/python3.7/site-packages/airflow/example_dags/example_sla_dag.py took 0.190 seconds
[2022-04-18 21:02:00,599] {processor.py:163} INFO - Started process (PID=513) to work on /home/airflow/.local/lib/python3.7/site-packages/airflow/example_dags/example_sla_dag.py
[2022-04-18 21:02:00,604] {processor.py:642} INFO - Processing file /home/airflow/.local/lib/python3.7/site-packages/airflow/example_dags/example_sla_dag.py for tasks to queue
[2022-04-18 21:02:00,606] {logging_mixin.py:109} INFO - [2022-04-18 21:02:00,606] {dagbag.py:500} INFO - Filling up the DagBag from /home/airflow/.local/lib/python3.7/site-packages/airflow/example_dags/example_sla_dag.py
[2022-04-18 21:02:00,657] {processor.py:652} INFO - DAG(s) dict_keys(['example_sla_dag']) retrieved from /home/airflow/.local/lib/python3.7/site-packages/airflow/example_dags/example_sla_dag.py
[2022-04-18 21:02:00,697] {logging_mixin.py:109} INFO - [2022-04-18 21:02:00,697] {dag.py:2398} INFO - Sync 1 DAGs
[2022-04-18 21:02:00,732] {logging_mixin.py:109} INFO - [2022-04-18 21:02:00,731] {dag.py:2937} INFO - Setting next_dagrun for example_sla_dag to 2022-04-18T21:00:00+00:00
[2022-04-18 21:02:00,753] {processor.py:171} INFO - Processing /home/airflow/.local/lib/python3.7/site-packages/airflow/example_dags/example_sla_dag.py took 0.160 seconds
[2022-04-18 21:02:31,396] {processor.py:163} INFO - Started process (PID=575) to work on /home/airflow/.local/lib/python3.7/site-packages/airflow/example_dags/example_sla_dag.py
[2022-04-18 21:02:31,399] {processor.py:642} INFO - Processing file /home/airflow/.local/lib/python3.7/site-packages/airflow/example_dags/example_sla_dag.py for tasks to queue
[2022-04-18 21:02:31,400] {logging_mixin.py:109} INFO - [2022-04-18 21:02:31,400] {dagbag.py:500} INFO - Filling up the DagBag from /home/airflow/.local/lib/python3.7/site-packages/airflow/example_dags/example_sla_dag.py
[2022-04-18 21:02:31,430] {processor.py:652} INFO - DAG(s) dict_keys(['example_sla_dag']) retrieved from /home/airflow/.local/lib/python3.7/site-packages/airflow/example_dags/example_sla_dag.py
[2022-04-18 21:02:31,452] {logging_mixin.py:109} INFO - [2022-04-18 21:02:31,451] {dag.py:2398} INFO - Sync 1 DAGs
[2022-04-18 21:02:31,473] {logging_mixin.py:109} INFO - [2022-04-18 21:02:31,473] {dag.py:2937} INFO - Setting next_dagrun for example_sla_dag to 2022-04-18T21:00:00+00:00
[2022-04-18 21:02:31,482] {processor.py:171} INFO - Processing /home/airflow/.local/lib/python3.7/site-packages/airflow/example_dags/example_sla_dag.py took 0.090 seconds
[2022-04-18 21:03:01,795] {processor.py:163} INFO - Started process (PID=625) to work on /home/airflow/.local/lib/python3.7/site-packages/airflow/example_dags/example_sla_dag.py
[2022-04-18 21:03:01,797] {processor.py:642} INFO - Processing file /home/airflow/.local/lib/python3.7/site-packages/airflow/example_dags/example_sla_dag.py for tasks to queue
[2022-04-18 21:03:01,799] {logging_mixin.py:109} INFO - [2022-04-18 21:03:01,799] {dagbag.py:500} INFO - Filling up the DagBag from /home/airflow/.local/lib/python3.7/site-packages/airflow/example_dags/example_sla_dag.py
[2022-04-18 21:03:01,822] {processor.py:652} INFO - DAG(s) dict_keys(['example_sla_dag']) retrieved from /home/airflow/.local/lib/python3.7/site-packages/airflow/example_dags/example_sla_dag.py
[2022-04-18 21:03:01,846] {logging_mixin.py:109} INFO - [2022-04-18 21:03:01,846] {dag.py:2398} INFO - Sync 1 DAGs
[2022-04-18 21:03:01,875] {logging_mixin.py:109} INFO - [2022-04-18 21:03:01,874] {dag.py:2937} INFO - Setting next_dagrun for example_sla_dag to 2022-04-18T21:00:00+00:00
[2022-04-18 21:03:01,892] {processor.py:171} INFO - Processing /home/airflow/.local/lib/python3.7/site-packages/airflow/example_dags/example_sla_dag.py took 0.101 seconds
[2022-04-18 21:03:32,339] {processor.py:163} INFO - Started process (PID=684) to work on /home/airflow/.local/lib/python3.7/site-packages/airflow/example_dags/example_sla_dag.py
[2022-04-18 21:03:32,343] {processor.py:642} INFO - Processing file /home/airflow/.local/lib/python3.7/site-packages/airflow/example_dags/example_sla_dag.py for tasks to queue
[2022-04-18 21:03:32,345] {logging_mixin.py:109} INFO - [2022-04-18 21:03:32,345] {dagbag.py:500} INFO - Filling up the DagBag from /home/airflow/.local/lib/python3.7/site-packages/airflow/example_dags/example_sla_dag.py
[2022-04-18 21:03:32,380] {processor.py:652} INFO - DAG(s) dict_keys(['example_sla_dag']) retrieved from /home/airflow/.local/lib/python3.7/site-packages/airflow/example_dags/example_sla_dag.py
[2022-04-18 21:03:32,415] {logging_mixin.py:109} INFO - [2022-04-18 21:03:32,415] {dag.py:2398} INFO - Sync 1 DAGs
[2022-04-18 21:03:32,457] {logging_mixin.py:109} INFO - [2022-04-18 21:03:32,457] {dag.py:2937} INFO - Setting next_dagrun for example_sla_dag to 2022-04-18T21:00:00+00:00
[2022-04-18 21:03:32,472] {processor.py:171} INFO - Processing /home/airflow/.local/lib/python3.7/site-packages/airflow/example_dags/example_sla_dag.py took 0.138 seconds
[2022-04-18 21:04:02,657] {processor.py:163} INFO - Started process (PID=734) to work on /home/airflow/.local/lib/python3.7/site-packages/airflow/example_dags/example_sla_dag.py
[2022-04-18 21:04:02,660] {processor.py:642} INFO - Processing file /home/airflow/.local/lib/python3.7/site-packages/airflow/example_dags/example_sla_dag.py for tasks to queue
[2022-04-18 21:04:02,661] {logging_mixin.py:109} INFO - [2022-04-18 21:04:02,661] {dagbag.py:500} INFO - Filling up the DagBag from /home/airflow/.local/lib/python3.7/site-packages/airflow/example_dags/example_sla_dag.py
[2022-04-18 21:04:02,684] {processor.py:652} INFO - DAG(s) dict_keys(['example_sla_dag']) retrieved from /home/airflow/.local/lib/python3.7/site-packages/airflow/example_dags/example_sla_dag.py
[2022-04-18 21:04:02,707] {logging_mixin.py:109} INFO - [2022-04-18 21:04:02,707] {dag.py:2398} INFO - Sync 1 DAGs
[2022-04-18 21:04:02,730] {logging_mixin.py:109} INFO - [2022-04-18 21:04:02,730] {dag.py:2937} INFO - Setting next_dagrun for example_sla_dag to 2022-04-18T21:02:00+00:00
[2022-04-18 21:04:02,740] {processor.py:171} INFO - Processing /home/airflow/.local/lib/python3.7/site-packages/airflow/example_dags/example_sla_dag.py took 0.087 seconds
[2022-04-18 21:04:33,064] {processor.py:163} INFO - Started process (PID=795) to work on /home/airflow/.local/lib/python3.7/site-packages/airflow/example_dags/example_sla_dag.py
[2022-04-18 21:04:33,067] {processor.py:642} INFO - Processing file /home/airflow/.local/lib/python3.7/site-packages/airflow/example_dags/example_sla_dag.py for tasks to queue
[2022-04-18 21:04:33,068] {logging_mixin.py:109} INFO - [2022-04-18 21:04:33,068] {dagbag.py:500} INFO - Filling up the DagBag from /home/airflow/.local/lib/python3.7/site-packages/airflow/example_dags/example_sla_dag.py
[2022-04-18 21:04:33,095] {processor.py:652} INFO - DAG(s) dict_keys(['example_sla_dag']) retrieved from /home/airflow/.local/lib/python3.7/site-packages/airflow/example_dags/example_sla_dag.py
[2022-04-18 21:04:33,121] {logging_mixin.py:109} INFO - [2022-04-18 21:04:33,121] {dag.py:2398} INFO - Sync 1 DAGs
[2022-04-18 21:04:33,145] {logging_mixin.py:109} INFO - [2022-04-18 21:04:33,145] {dag.py:2937} INFO - Setting next_dagrun for example_sla_dag to 2022-04-18T21:02:00+00:00
[2022-04-18 21:04:33,156] {processor.py:171} INFO - Processing /home/airflow/.local/lib/python3.7/site-packages/airflow/example_dags/example_sla_dag.py took 0.096 seconds
[2022-04-18 21:05:03,371] {processor.py:163} INFO - Started process (PID=846) to work on /home/airflow/.local/lib/python3.7/site-packages/airflow/example_dags/example_sla_dag.py
[2022-04-18 21:05:03,374] {processor.py:642} INFO - Processing file /home/airflow/.local/lib/python3.7/site-packages/airflow/example_dags/example_sla_dag.py for tasks to queue
[2022-04-18 21:05:03,375] {logging_mixin.py:109} INFO - [2022-04-18 21:05:03,375] {dagbag.py:500} INFO - Filling up the DagBag from /home/airflow/.local/lib/python3.7/site-packages/airflow/example_dags/example_sla_dag.py
[2022-04-18 21:05:03,396] {processor.py:652} INFO - DAG(s) dict_keys(['example_sla_dag']) retrieved from /home/airflow/.local/lib/python3.7/site-packages/airflow/example_dags/example_sla_dag.py
[2022-04-18 21:05:03,419] {logging_mixin.py:109} INFO - [2022-04-18 21:05:03,419] {dag.py:2398} INFO - Sync 1 DAGs
[2022-04-18 21:05:03,444] {logging_mixin.py:109} INFO - [2022-04-18 21:05:03,444] {dag.py:2937} INFO - Setting next_dagrun for example_sla_dag to 2022-04-18T21:02:00+00:00
[2022-04-18 21:05:03,457] {processor.py:171} INFO - Processing /home/airflow/.local/lib/python3.7/site-packages/airflow/example_dags/example_sla_dag.py took 0.089 seconds
[2022-04-18 21:05:33,852] {processor.py:163} INFO - Started process (PID=906) to work on /home/airflow/.local/lib/python3.7/site-packages/airflow/example_dags/example_sla_dag.py
[2022-04-18 21:05:33,855] {processor.py:642} INFO - Processing file /home/airflow/.local/lib/python3.7/site-packages/airflow/example_dags/example_sla_dag.py for tasks to queue
[2022-04-18 21:05:33,857] {logging_mixin.py:109} INFO - [2022-04-18 21:05:33,857] {dagbag.py:500} INFO - Filling up the DagBag from /home/airflow/.local/lib/python3.7/site-packages/airflow/example_dags/example_sla_dag.py
[2022-04-18 21:05:33,888] {processor.py:652} INFO - DAG(s) dict_keys(['example_sla_dag']) retrieved from /home/airflow/.local/lib/python3.7/site-packages/airflow/example_dags/example_sla_dag.py
[2022-04-18 21:05:33,914] {logging_mixin.py:109} INFO - [2022-04-18 21:05:33,913] {dag.py:2398} INFO - Sync 1 DAGs
[2022-04-18 21:05:33,940] {logging_mixin.py:109} INFO - [2022-04-18 21:05:33,939] {dag.py:2937} INFO - Setting next_dagrun for example_sla_dag to 2022-04-18T21:02:00+00:00
[2022-04-18 21:05:33,953] {processor.py:171} INFO - Processing /home/airflow/.local/lib/python3.7/site-packages/airflow/example_dags/example_sla_dag.py took 0.106 seconds
[2022-04-18 21:06:04,304] {processor.py:163} INFO - Started process (PID=958) to work on /home/airflow/.local/lib/python3.7/site-packages/airflow/example_dags/example_sla_dag.py
[2022-04-18 21:06:04,306] {processor.py:642} INFO - Processing file /home/airflow/.local/lib/python3.7/site-packages/airflow/example_dags/example_sla_dag.py for tasks to queue
[2022-04-18 21:06:04,307] {logging_mixin.py:109} INFO - [2022-04-18 21:06:04,307] {dagbag.py:500} INFO - Filling up the DagBag from /home/airflow/.local/lib/python3.7/site-packages/airflow/example_dags/example_sla_dag.py
[2022-04-18 21:06:04,329] {processor.py:652} INFO - DAG(s) dict_keys(['example_sla_dag']) retrieved from /home/airflow/.local/lib/python3.7/site-packages/airflow/example_dags/example_sla_dag.py
[2022-04-18 21:06:04,352] {logging_mixin.py:109} INFO - [2022-04-18 21:06:04,352] {dag.py:2398} INFO - Sync 1 DAGs
[2022-04-18 21:06:04,375] {logging_mixin.py:109} INFO - [2022-04-18 21:06:04,375] {dag.py:2937} INFO - Setting next_dagrun for example_sla_dag to 2022-04-18T21:04:00+00:00
[2022-04-18 21:06:04,385] {processor.py:171} INFO - Processing /home/airflow/.local/lib/python3.7/site-packages/airflow/example_dags/example_sla_dag.py took 0.086 seconds
[2022-04-18 21:06:35,123] {processor.py:163} INFO - Started process (PID=1018) to work on /home/airflow/.local/lib/python3.7/site-packages/airflow/example_dags/example_sla_dag.py
[2022-04-18 21:06:35,125] {processor.py:642} INFO - Processing file /home/airflow/.local/lib/python3.7/site-packages/airflow/example_dags/example_sla_dag.py for tasks to queue
[2022-04-18 21:06:35,127] {logging_mixin.py:109} INFO - [2022-04-18 21:06:35,127] {dagbag.py:500} INFO - Filling up the DagBag from /home/airflow/.local/lib/python3.7/site-packages/airflow/example_dags/example_sla_dag.py
[2022-04-18 21:06:35,150] {processor.py:652} INFO - DAG(s) dict_keys(['example_sla_dag']) retrieved from /home/airflow/.local/lib/python3.7/site-packages/airflow/example_dags/example_sla_dag.py
[2022-04-18 21:06:35,172] {logging_mixin.py:109} INFO - [2022-04-18 21:06:35,172] {dag.py:2398} INFO - Sync 1 DAGs
[2022-04-18 21:06:35,194] {logging_mixin.py:109} INFO - [2022-04-18 21:06:35,194] {dag.py:2937} INFO - Setting next_dagrun for example_sla_dag to 2022-04-18T21:04:00+00:00
[2022-04-18 21:06:35,203] {processor.py:171} INFO - Processing /home/airflow/.local/lib/python3.7/site-packages/airflow/example_dags/example_sla_dag.py took 0.085 seconds
[2022-04-18 21:07:05,344] {processor.py:163} INFO - Started process (PID=1070) to work on /home/airflow/.local/lib/python3.7/site-packages/airflow/example_dags/example_sla_dag.py
[2022-04-18 21:07:05,347] {processor.py:642} INFO - Processing file /home/airflow/.local/lib/python3.7/site-packages/airflow/example_dags/example_sla_dag.py for tasks to queue
[2022-04-18 21:07:05,349] {logging_mixin.py:109} INFO - [2022-04-18 21:07:05,348] {dagbag.py:500} INFO - Filling up the DagBag from /home/airflow/.local/lib/python3.7/site-packages/airflow/example_dags/example_sla_dag.py
[2022-04-18 21:07:05,374] {processor.py:652} INFO - DAG(s) dict_keys(['example_sla_dag']) retrieved from /home/airflow/.local/lib/python3.7/site-packages/airflow/example_dags/example_sla_dag.py
[2022-04-18 21:07:05,405] {logging_mixin.py:109} INFO - [2022-04-18 21:07:05,405] {dag.py:2398} INFO - Sync 1 DAGs
[2022-04-18 21:07:05,433] {logging_mixin.py:109} INFO - [2022-04-18 21:07:05,433] {dag.py:2937} INFO - Setting next_dagrun for example_sla_dag to 2022-04-18T21:04:00+00:00
[2022-04-18 21:07:05,444] {processor.py:171} INFO - Processing /home/airflow/.local/lib/python3.7/site-packages/airflow/example_dags/example_sla_dag.py took 0.106 seconds
[2022-04-18 21:07:35,888] {processor.py:163} INFO - Started process (PID=1131) to work on /home/airflow/.local/lib/python3.7/site-packages/airflow/example_dags/example_sla_dag.py
[2022-04-18 21:07:35,891] {processor.py:642} INFO - Processing file /home/airflow/.local/lib/python3.7/site-packages/airflow/example_dags/example_sla_dag.py for tasks to queue
[2022-04-18 21:07:35,892] {logging_mixin.py:109} INFO - [2022-04-18 21:07:35,892] {dagbag.py:500} INFO - Filling up the DagBag from /home/airflow/.local/lib/python3.7/site-packages/airflow/example_dags/example_sla_dag.py
[2022-04-18 21:07:35,918] {processor.py:652} INFO - DAG(s) dict_keys(['example_sla_dag']) retrieved from /home/airflow/.local/lib/python3.7/site-packages/airflow/example_dags/example_sla_dag.py
[2022-04-18 21:07:35,946] {logging_mixin.py:109} INFO - [2022-04-18 21:07:35,946] {dag.py:2398} INFO - Sync 1 DAGs
[2022-04-18 21:07:35,975] {logging_mixin.py:109} INFO - [2022-04-18 21:07:35,975] {dag.py:2937} INFO - Setting next_dagrun for example_sla_dag to 2022-04-18T21:04:00+00:00
[2022-04-18 21:07:35,987] {processor.py:171} INFO - Processing /home/airflow/.local/lib/python3.7/site-packages/airflow/example_dags/example_sla_dag.py took 0.103 seconds
[2022-04-18 21:08:06,045] {processor.py:163} INFO - Started process (PID=1183) to work on /home/airflow/.local/lib/python3.7/site-packages/airflow/example_dags/example_sla_dag.py
[2022-04-18 21:08:06,048] {processor.py:642} INFO - Processing file /home/airflow/.local/lib/python3.7/site-packages/airflow/example_dags/example_sla_dag.py for tasks to queue
[2022-04-18 21:08:06,050] {logging_mixin.py:109} INFO - [2022-04-18 21:08:06,050] {dagbag.py:500} INFO - Filling up the DagBag from /home/airflow/.local/lib/python3.7/site-packages/airflow/example_dags/example_sla_dag.py
[2022-04-18 21:08:06,070] {processor.py:652} INFO - DAG(s) dict_keys(['example_sla_dag']) retrieved from /home/airflow/.local/lib/python3.7/site-packages/airflow/example_dags/example_sla_dag.py
[2022-04-18 21:08:06,093] {logging_mixin.py:109} INFO - [2022-04-18 21:08:06,093] {dag.py:2398} INFO - Sync 1 DAGs
[2022-04-18 21:08:06,118] {logging_mixin.py:109} INFO - [2022-04-18 21:08:06,118] {dag.py:2937} INFO - Setting next_dagrun for example_sla_dag to 2022-04-18T21:06:00+00:00
[2022-04-18 21:08:06,131] {processor.py:171} INFO - Processing /home/airflow/.local/lib/python3.7/site-packages/airflow/example_dags/example_sla_dag.py took 0.089 seconds
[2022-04-18 21:08:36,581] {processor.py:163} INFO - Started process (PID=1243) to work on /home/airflow/.local/lib/python3.7/site-packages/airflow/example_dags/example_sla_dag.py
[2022-04-18 21:08:36,583] {processor.py:642} INFO - Processing file /home/airflow/.local/lib/python3.7/site-packages/airflow/example_dags/example_sla_dag.py for tasks to queue
[2022-04-18 21:08:36,584] {logging_mixin.py:109} INFO - [2022-04-18 21:08:36,584] {dagbag.py:500} INFO - Filling up the DagBag from /home/airflow/.local/lib/python3.7/site-packages/airflow/example_dags/example_sla_dag.py
[2022-04-18 21:08:36,603] {processor.py:652} INFO - DAG(s) dict_keys(['example_sla_dag']) retrieved from /home/airflow/.local/lib/python3.7/site-packages/airflow/example_dags/example_sla_dag.py
[2022-04-18 21:08:36,623] {logging_mixin.py:109} INFO - [2022-04-18 21:08:36,623] {dag.py:2398} INFO - Sync 1 DAGs
[2022-04-18 21:08:36,646] {logging_mixin.py:109} INFO - [2022-04-18 21:08:36,646] {dag.py:2937} INFO - Setting next_dagrun for example_sla_dag to 2022-04-18T21:06:00+00:00
[2022-04-18 21:08:36,657] {processor.py:171} INFO - Processing /home/airflow/.local/lib/python3.7/site-packages/airflow/example_dags/example_sla_dag.py took 0.080 seconds
[2022-04-18 21:09:06,943] {processor.py:163} INFO - Started process (PID=1293) to work on /home/airflow/.local/lib/python3.7/site-packages/airflow/example_dags/example_sla_dag.py
[2022-04-18 21:09:06,944] {processor.py:642} INFO - Processing file /home/airflow/.local/lib/python3.7/site-packages/airflow/example_dags/example_sla_dag.py for tasks to queue
[2022-04-18 21:09:06,945] {logging_mixin.py:109} INFO - [2022-04-18 21:09:06,945] {dagbag.py:500} INFO - Filling up the DagBag from /home/airflow/.local/lib/python3.7/site-packages/airflow/example_dags/example_sla_dag.py
[2022-04-18 21:09:06,961] {processor.py:652} INFO - DAG(s) dict_keys(['example_sla_dag']) retrieved from /home/airflow/.local/lib/python3.7/site-packages/airflow/example_dags/example_sla_dag.py
[2022-04-18 21:09:06,980] {logging_mixin.py:109} INFO - [2022-04-18 21:09:06,980] {dag.py:2398} INFO - Sync 1 DAGs
[2022-04-18 21:09:07,000] {logging_mixin.py:109} INFO - [2022-04-18 21:09:07,000] {dag.py:2937} INFO - Setting next_dagrun for example_sla_dag to 2022-04-18T21:06:00+00:00
[2022-04-18 21:09:07,008] {processor.py:171} INFO - Processing /home/airflow/.local/lib/python3.7/site-packages/airflow/example_dags/example_sla_dag.py took 0.069 seconds
