[2022-04-18 20:59:47,652] {processor.py:163} INFO - Started process (PID=264) to work on /home/airflow/.local/lib/python3.7/site-packages/airflow/example_dags/example_branch_labels.py
[2022-04-18 20:59:47,654] {processor.py:642} INFO - Processing file /home/airflow/.local/lib/python3.7/site-packages/airflow/example_dags/example_branch_labels.py for tasks to queue
[2022-04-18 20:59:47,656] {logging_mixin.py:109} INFO - [2022-04-18 20:59:47,656] {dagbag.py:500} INFO - Filling up the DagBag from /home/airflow/.local/lib/python3.7/site-packages/airflow/example_dags/example_branch_labels.py
[2022-04-18 20:59:47,677] {processor.py:652} INFO - DAG(s) dict_keys(['example_branch_labels']) retrieved from /home/airflow/.local/lib/python3.7/site-packages/airflow/example_dags/example_branch_labels.py
[2022-04-18 20:59:49,652] {logging_mixin.py:109} INFO - [2022-04-18 20:59:49,651] {manager.py:496} INFO - Created Permission View: can read on DAG:example_branch_labels
[2022-04-18 20:59:49,663] {logging_mixin.py:109} INFO - [2022-04-18 20:59:49,663] {manager.py:496} INFO - Created Permission View: can edit on DAG:example_branch_labels
[2022-04-18 20:59:49,665] {logging_mixin.py:109} INFO - [2022-04-18 20:59:49,665] {dag.py:2398} INFO - Sync 1 DAGs
[2022-04-18 20:59:49,678] {logging_mixin.py:109} INFO - [2022-04-18 20:59:49,678] {dag.py:2417} INFO - Creating ORM DAG for example_branch_labels
[2022-04-18 20:59:49,694] {logging_mixin.py:109} INFO - [2022-04-18 20:59:49,694] {dag.py:2937} INFO - Setting next_dagrun for example_branch_labels to 2022-04-17 00:00:00+00:00
[2022-04-18 20:59:49,706] {processor.py:171} INFO - Processing /home/airflow/.local/lib/python3.7/site-packages/airflow/example_dags/example_branch_labels.py took 2.058 seconds
[2022-04-18 21:00:20,115] {processor.py:163} INFO - Started process (PID=328) to work on /home/airflow/.local/lib/python3.7/site-packages/airflow/example_dags/example_branch_labels.py
[2022-04-18 21:00:20,117] {processor.py:642} INFO - Processing file /home/airflow/.local/lib/python3.7/site-packages/airflow/example_dags/example_branch_labels.py for tasks to queue
[2022-04-18 21:00:20,119] {logging_mixin.py:109} INFO - [2022-04-18 21:00:20,119] {dagbag.py:500} INFO - Filling up the DagBag from /home/airflow/.local/lib/python3.7/site-packages/airflow/example_dags/example_branch_labels.py
[2022-04-18 21:00:20,143] {processor.py:652} INFO - DAG(s) dict_keys(['example_branch_labels']) retrieved from /home/airflow/.local/lib/python3.7/site-packages/airflow/example_dags/example_branch_labels.py
[2022-04-18 21:00:20,167] {logging_mixin.py:109} INFO - [2022-04-18 21:00:20,167] {dag.py:2398} INFO - Sync 1 DAGs
[2022-04-18 21:00:20,192] {logging_mixin.py:109} INFO - [2022-04-18 21:00:20,192] {dag.py:2937} INFO - Setting next_dagrun for example_branch_labels to 2022-04-17 00:00:00+00:00
[2022-04-18 21:00:20,203] {processor.py:171} INFO - Processing /home/airflow/.local/lib/python3.7/site-packages/airflow/example_dags/example_branch_labels.py took 0.094 seconds
[2022-04-18 21:00:50,337] {processor.py:163} INFO - Started process (PID=392) to work on /home/airflow/.local/lib/python3.7/site-packages/airflow/example_dags/example_branch_labels.py
[2022-04-18 21:00:50,339] {processor.py:642} INFO - Processing file /home/airflow/.local/lib/python3.7/site-packages/airflow/example_dags/example_branch_labels.py for tasks to queue
[2022-04-18 21:00:50,340] {logging_mixin.py:109} INFO - [2022-04-18 21:00:50,340] {dagbag.py:500} INFO - Filling up the DagBag from /home/airflow/.local/lib/python3.7/site-packages/airflow/example_dags/example_branch_labels.py
[2022-04-18 21:00:50,356] {processor.py:652} INFO - DAG(s) dict_keys(['example_branch_labels']) retrieved from /home/airflow/.local/lib/python3.7/site-packages/airflow/example_dags/example_branch_labels.py
[2022-04-18 21:00:50,383] {logging_mixin.py:109} INFO - [2022-04-18 21:00:50,383] {dag.py:2398} INFO - Sync 1 DAGs
[2022-04-18 21:00:50,402] {logging_mixin.py:109} INFO - [2022-04-18 21:00:50,402] {dag.py:2937} INFO - Setting next_dagrun for example_branch_labels to 2022-04-17 00:00:00+00:00
[2022-04-18 21:00:50,415] {processor.py:171} INFO - Processing /home/airflow/.local/lib/python3.7/site-packages/airflow/example_dags/example_branch_labels.py took 0.081 seconds
[2022-04-18 21:01:21,099] {processor.py:163} INFO - Started process (PID=443) to work on /home/airflow/.local/lib/python3.7/site-packages/airflow/example_dags/example_branch_labels.py
[2022-04-18 21:01:21,105] {processor.py:642} INFO - Processing file /home/airflow/.local/lib/python3.7/site-packages/airflow/example_dags/example_branch_labels.py for tasks to queue
[2022-04-18 21:01:21,110] {logging_mixin.py:109} INFO - [2022-04-18 21:01:21,110] {dagbag.py:500} INFO - Filling up the DagBag from /home/airflow/.local/lib/python3.7/site-packages/airflow/example_dags/example_branch_labels.py
[2022-04-18 21:01:21,157] {processor.py:652} INFO - DAG(s) dict_keys(['example_branch_labels']) retrieved from /home/airflow/.local/lib/python3.7/site-packages/airflow/example_dags/example_branch_labels.py
[2022-04-18 21:01:21,213] {logging_mixin.py:109} INFO - [2022-04-18 21:01:21,213] {dag.py:2398} INFO - Sync 1 DAGs
[2022-04-18 21:01:21,244] {logging_mixin.py:109} INFO - [2022-04-18 21:01:21,244] {dag.py:2937} INFO - Setting next_dagrun for example_branch_labels to 2022-04-17 00:00:00+00:00
[2022-04-18 21:01:21,258] {processor.py:171} INFO - Processing /home/airflow/.local/lib/python3.7/site-packages/airflow/example_dags/example_branch_labels.py took 0.168 seconds
[2022-04-18 21:01:51,683] {processor.py:163} INFO - Started process (PID=505) to work on /home/airflow/.local/lib/python3.7/site-packages/airflow/example_dags/example_branch_labels.py
[2022-04-18 21:01:51,686] {processor.py:642} INFO - Processing file /home/airflow/.local/lib/python3.7/site-packages/airflow/example_dags/example_branch_labels.py for tasks to queue
[2022-04-18 21:01:51,688] {logging_mixin.py:109} INFO - [2022-04-18 21:01:51,688] {dagbag.py:500} INFO - Filling up the DagBag from /home/airflow/.local/lib/python3.7/site-packages/airflow/example_dags/example_branch_labels.py
[2022-04-18 21:01:51,710] {processor.py:652} INFO - DAG(s) dict_keys(['example_branch_labels']) retrieved from /home/airflow/.local/lib/python3.7/site-packages/airflow/example_dags/example_branch_labels.py
[2022-04-18 21:01:51,738] {logging_mixin.py:109} INFO - [2022-04-18 21:01:51,738] {dag.py:2398} INFO - Sync 1 DAGs
[2022-04-18 21:01:51,763] {logging_mixin.py:109} INFO - [2022-04-18 21:01:51,763] {dag.py:2937} INFO - Setting next_dagrun for example_branch_labels to 2022-04-17 00:00:00+00:00
[2022-04-18 21:01:51,773] {processor.py:171} INFO - Processing /home/airflow/.local/lib/python3.7/site-packages/airflow/example_dags/example_branch_labels.py took 0.094 seconds
[2022-04-18 21:02:22,008] {processor.py:163} INFO - Started process (PID=559) to work on /home/airflow/.local/lib/python3.7/site-packages/airflow/example_dags/example_branch_labels.py
[2022-04-18 21:02:22,010] {processor.py:642} INFO - Processing file /home/airflow/.local/lib/python3.7/site-packages/airflow/example_dags/example_branch_labels.py for tasks to queue
[2022-04-18 21:02:22,011] {logging_mixin.py:109} INFO - [2022-04-18 21:02:22,011] {dagbag.py:500} INFO - Filling up the DagBag from /home/airflow/.local/lib/python3.7/site-packages/airflow/example_dags/example_branch_labels.py
[2022-04-18 21:02:22,027] {processor.py:652} INFO - DAG(s) dict_keys(['example_branch_labels']) retrieved from /home/airflow/.local/lib/python3.7/site-packages/airflow/example_dags/example_branch_labels.py
[2022-04-18 21:02:22,050] {logging_mixin.py:109} INFO - [2022-04-18 21:02:22,050] {dag.py:2398} INFO - Sync 1 DAGs
[2022-04-18 21:02:22,069] {logging_mixin.py:109} INFO - [2022-04-18 21:02:22,069] {dag.py:2937} INFO - Setting next_dagrun for example_branch_labels to 2022-04-17 00:00:00+00:00
[2022-04-18 21:02:22,079] {processor.py:171} INFO - Processing /home/airflow/.local/lib/python3.7/site-packages/airflow/example_dags/example_branch_labels.py took 0.074 seconds
[2022-04-18 21:02:52,417] {processor.py:163} INFO - Started process (PID=618) to work on /home/airflow/.local/lib/python3.7/site-packages/airflow/example_dags/example_branch_labels.py
[2022-04-18 21:02:52,420] {processor.py:642} INFO - Processing file /home/airflow/.local/lib/python3.7/site-packages/airflow/example_dags/example_branch_labels.py for tasks to queue
[2022-04-18 21:02:52,421] {logging_mixin.py:109} INFO - [2022-04-18 21:02:52,421] {dagbag.py:500} INFO - Filling up the DagBag from /home/airflow/.local/lib/python3.7/site-packages/airflow/example_dags/example_branch_labels.py
[2022-04-18 21:02:52,437] {processor.py:652} INFO - DAG(s) dict_keys(['example_branch_labels']) retrieved from /home/airflow/.local/lib/python3.7/site-packages/airflow/example_dags/example_branch_labels.py
[2022-04-18 21:02:52,460] {logging_mixin.py:109} INFO - [2022-04-18 21:02:52,460] {dag.py:2398} INFO - Sync 1 DAGs
[2022-04-18 21:02:52,482] {logging_mixin.py:109} INFO - [2022-04-18 21:02:52,482] {dag.py:2937} INFO - Setting next_dagrun for example_branch_labels to 2022-04-17 00:00:00+00:00
[2022-04-18 21:02:52,494] {processor.py:171} INFO - Processing /home/airflow/.local/lib/python3.7/site-packages/airflow/example_dags/example_branch_labels.py took 0.080 seconds
[2022-04-18 21:03:22,973] {processor.py:163} INFO - Started process (PID=668) to work on /home/airflow/.local/lib/python3.7/site-packages/airflow/example_dags/example_branch_labels.py
[2022-04-18 21:03:22,976] {processor.py:642} INFO - Processing file /home/airflow/.local/lib/python3.7/site-packages/airflow/example_dags/example_branch_labels.py for tasks to queue
[2022-04-18 21:03:22,978] {logging_mixin.py:109} INFO - [2022-04-18 21:03:22,978] {dagbag.py:500} INFO - Filling up the DagBag from /home/airflow/.local/lib/python3.7/site-packages/airflow/example_dags/example_branch_labels.py
[2022-04-18 21:03:22,998] {processor.py:652} INFO - DAG(s) dict_keys(['example_branch_labels']) retrieved from /home/airflow/.local/lib/python3.7/site-packages/airflow/example_dags/example_branch_labels.py
[2022-04-18 21:03:23,023] {logging_mixin.py:109} INFO - [2022-04-18 21:03:23,023] {dag.py:2398} INFO - Sync 1 DAGs
[2022-04-18 21:03:23,048] {logging_mixin.py:109} INFO - [2022-04-18 21:03:23,048] {dag.py:2937} INFO - Setting next_dagrun for example_branch_labels to 2022-04-17 00:00:00+00:00
[2022-04-18 21:03:23,062] {processor.py:171} INFO - Processing /home/airflow/.local/lib/python3.7/site-packages/airflow/example_dags/example_branch_labels.py took 0.095 seconds
[2022-04-18 21:03:53,315] {processor.py:163} INFO - Started process (PID=727) to work on /home/airflow/.local/lib/python3.7/site-packages/airflow/example_dags/example_branch_labels.py
[2022-04-18 21:03:53,318] {processor.py:642} INFO - Processing file /home/airflow/.local/lib/python3.7/site-packages/airflow/example_dags/example_branch_labels.py for tasks to queue
[2022-04-18 21:03:53,319] {logging_mixin.py:109} INFO - [2022-04-18 21:03:53,319] {dagbag.py:500} INFO - Filling up the DagBag from /home/airflow/.local/lib/python3.7/site-packages/airflow/example_dags/example_branch_labels.py
[2022-04-18 21:03:53,335] {processor.py:652} INFO - DAG(s) dict_keys(['example_branch_labels']) retrieved from /home/airflow/.local/lib/python3.7/site-packages/airflow/example_dags/example_branch_labels.py
[2022-04-18 21:03:53,357] {logging_mixin.py:109} INFO - [2022-04-18 21:03:53,356] {dag.py:2398} INFO - Sync 1 DAGs
[2022-04-18 21:03:53,375] {logging_mixin.py:109} INFO - [2022-04-18 21:03:53,375] {dag.py:2937} INFO - Setting next_dagrun for example_branch_labels to 2022-04-17 00:00:00+00:00
[2022-04-18 21:03:53,385] {processor.py:171} INFO - Processing /home/airflow/.local/lib/python3.7/site-packages/airflow/example_dags/example_branch_labels.py took 0.073 seconds
[2022-04-18 21:04:23,824] {processor.py:163} INFO - Started process (PID=778) to work on /home/airflow/.local/lib/python3.7/site-packages/airflow/example_dags/example_branch_labels.py
[2022-04-18 21:04:23,826] {processor.py:642} INFO - Processing file /home/airflow/.local/lib/python3.7/site-packages/airflow/example_dags/example_branch_labels.py for tasks to queue
[2022-04-18 21:04:23,827] {logging_mixin.py:109} INFO - [2022-04-18 21:04:23,827] {dagbag.py:500} INFO - Filling up the DagBag from /home/airflow/.local/lib/python3.7/site-packages/airflow/example_dags/example_branch_labels.py
[2022-04-18 21:04:23,847] {processor.py:652} INFO - DAG(s) dict_keys(['example_branch_labels']) retrieved from /home/airflow/.local/lib/python3.7/site-packages/airflow/example_dags/example_branch_labels.py
[2022-04-18 21:04:23,875] {logging_mixin.py:109} INFO - [2022-04-18 21:04:23,875] {dag.py:2398} INFO - Sync 1 DAGs
[2022-04-18 21:04:23,902] {logging_mixin.py:109} INFO - [2022-04-18 21:04:23,901] {dag.py:2937} INFO - Setting next_dagrun for example_branch_labels to 2022-04-17 00:00:00+00:00
[2022-04-18 21:04:23,918] {processor.py:171} INFO - Processing /home/airflow/.local/lib/python3.7/site-packages/airflow/example_dags/example_branch_labels.py took 0.098 seconds
[2022-04-18 21:04:54,825] {processor.py:163} INFO - Started process (PID=839) to work on /home/airflow/.local/lib/python3.7/site-packages/airflow/example_dags/example_branch_labels.py
[2022-04-18 21:04:54,827] {processor.py:642} INFO - Processing file /home/airflow/.local/lib/python3.7/site-packages/airflow/example_dags/example_branch_labels.py for tasks to queue
[2022-04-18 21:04:54,828] {logging_mixin.py:109} INFO - [2022-04-18 21:04:54,828] {dagbag.py:500} INFO - Filling up the DagBag from /home/airflow/.local/lib/python3.7/site-packages/airflow/example_dags/example_branch_labels.py
[2022-04-18 21:04:54,845] {processor.py:652} INFO - DAG(s) dict_keys(['example_branch_labels']) retrieved from /home/airflow/.local/lib/python3.7/site-packages/airflow/example_dags/example_branch_labels.py
[2022-04-18 21:04:54,871] {logging_mixin.py:109} INFO - [2022-04-18 21:04:54,871] {dag.py:2398} INFO - Sync 1 DAGs
[2022-04-18 21:04:54,896] {logging_mixin.py:109} INFO - [2022-04-18 21:04:54,896] {dag.py:2937} INFO - Setting next_dagrun for example_branch_labels to 2022-04-17 00:00:00+00:00
[2022-04-18 21:04:54,910] {processor.py:171} INFO - Processing /home/airflow/.local/lib/python3.7/site-packages/airflow/example_dags/example_branch_labels.py took 0.089 seconds
[2022-04-18 21:05:25,419] {processor.py:163} INFO - Started process (PID=889) to work on /home/airflow/.local/lib/python3.7/site-packages/airflow/example_dags/example_branch_labels.py
[2022-04-18 21:05:25,421] {processor.py:642} INFO - Processing file /home/airflow/.local/lib/python3.7/site-packages/airflow/example_dags/example_branch_labels.py for tasks to queue
[2022-04-18 21:05:25,422] {logging_mixin.py:109} INFO - [2022-04-18 21:05:25,422] {dagbag.py:500} INFO - Filling up the DagBag from /home/airflow/.local/lib/python3.7/site-packages/airflow/example_dags/example_branch_labels.py
[2022-04-18 21:05:25,437] {processor.py:652} INFO - DAG(s) dict_keys(['example_branch_labels']) retrieved from /home/airflow/.local/lib/python3.7/site-packages/airflow/example_dags/example_branch_labels.py
[2022-04-18 21:05:25,458] {logging_mixin.py:109} INFO - [2022-04-18 21:05:25,458] {dag.py:2398} INFO - Sync 1 DAGs
[2022-04-18 21:05:25,478] {logging_mixin.py:109} INFO - [2022-04-18 21:05:25,478] {dag.py:2937} INFO - Setting next_dagrun for example_branch_labels to 2022-04-17 00:00:00+00:00
[2022-04-18 21:05:25,492] {processor.py:171} INFO - Processing /home/airflow/.local/lib/python3.7/site-packages/airflow/example_dags/example_branch_labels.py took 0.077 seconds
[2022-04-18 21:05:55,546] {processor.py:163} INFO - Started process (PID=939) to work on /home/airflow/.local/lib/python3.7/site-packages/airflow/example_dags/example_branch_labels.py
[2022-04-18 21:05:55,549] {processor.py:642} INFO - Processing file /home/airflow/.local/lib/python3.7/site-packages/airflow/example_dags/example_branch_labels.py for tasks to queue
[2022-04-18 21:05:55,550] {logging_mixin.py:109} INFO - [2022-04-18 21:05:55,550] {dagbag.py:500} INFO - Filling up the DagBag from /home/airflow/.local/lib/python3.7/site-packages/airflow/example_dags/example_branch_labels.py
[2022-04-18 21:05:55,570] {processor.py:652} INFO - DAG(s) dict_keys(['example_branch_labels']) retrieved from /home/airflow/.local/lib/python3.7/site-packages/airflow/example_dags/example_branch_labels.py
[2022-04-18 21:05:55,596] {logging_mixin.py:109} INFO - [2022-04-18 21:05:55,596] {dag.py:2398} INFO - Sync 1 DAGs
[2022-04-18 21:05:55,617] {logging_mixin.py:109} INFO - [2022-04-18 21:05:55,617] {dag.py:2937} INFO - Setting next_dagrun for example_branch_labels to 2022-04-17 00:00:00+00:00
[2022-04-18 21:05:55,632] {processor.py:171} INFO - Processing /home/airflow/.local/lib/python3.7/site-packages/airflow/example_dags/example_branch_labels.py took 0.090 seconds
[2022-04-18 21:06:25,748] {processor.py:163} INFO - Started process (PID=1001) to work on /home/airflow/.local/lib/python3.7/site-packages/airflow/example_dags/example_branch_labels.py
[2022-04-18 21:06:25,750] {processor.py:642} INFO - Processing file /home/airflow/.local/lib/python3.7/site-packages/airflow/example_dags/example_branch_labels.py for tasks to queue
[2022-04-18 21:06:25,751] {logging_mixin.py:109} INFO - [2022-04-18 21:06:25,751] {dagbag.py:500} INFO - Filling up the DagBag from /home/airflow/.local/lib/python3.7/site-packages/airflow/example_dags/example_branch_labels.py
[2022-04-18 21:06:25,768] {processor.py:652} INFO - DAG(s) dict_keys(['example_branch_labels']) retrieved from /home/airflow/.local/lib/python3.7/site-packages/airflow/example_dags/example_branch_labels.py
[2022-04-18 21:06:25,789] {logging_mixin.py:109} INFO - [2022-04-18 21:06:25,789] {dag.py:2398} INFO - Sync 1 DAGs
[2022-04-18 21:06:25,808] {logging_mixin.py:109} INFO - [2022-04-18 21:06:25,808] {dag.py:2937} INFO - Setting next_dagrun for example_branch_labels to 2022-04-17 00:00:00+00:00
[2022-04-18 21:06:25,818] {processor.py:171} INFO - Processing /home/airflow/.local/lib/python3.7/site-packages/airflow/example_dags/example_branch_labels.py took 0.074 seconds
[2022-04-18 21:06:56,078] {processor.py:163} INFO - Started process (PID=1052) to work on /home/airflow/.local/lib/python3.7/site-packages/airflow/example_dags/example_branch_labels.py
[2022-04-18 21:06:56,084] {processor.py:642} INFO - Processing file /home/airflow/.local/lib/python3.7/site-packages/airflow/example_dags/example_branch_labels.py for tasks to queue
[2022-04-18 21:06:56,086] {logging_mixin.py:109} INFO - [2022-04-18 21:06:56,086] {dagbag.py:500} INFO - Filling up the DagBag from /home/airflow/.local/lib/python3.7/site-packages/airflow/example_dags/example_branch_labels.py
[2022-04-18 21:06:56,129] {processor.py:652} INFO - DAG(s) dict_keys(['example_branch_labels']) retrieved from /home/airflow/.local/lib/python3.7/site-packages/airflow/example_dags/example_branch_labels.py
[2022-04-18 21:06:56,169] {logging_mixin.py:109} INFO - [2022-04-18 21:06:56,169] {dag.py:2398} INFO - Sync 1 DAGs
[2022-04-18 21:06:56,191] {logging_mixin.py:109} INFO - [2022-04-18 21:06:56,191] {dag.py:2937} INFO - Setting next_dagrun for example_branch_labels to 2022-04-17 00:00:00+00:00
[2022-04-18 21:06:56,206] {processor.py:171} INFO - Processing /home/airflow/.local/lib/python3.7/site-packages/airflow/example_dags/example_branch_labels.py took 0.131 seconds
[2022-04-18 21:07:26,498] {processor.py:163} INFO - Started process (PID=1115) to work on /home/airflow/.local/lib/python3.7/site-packages/airflow/example_dags/example_branch_labels.py
[2022-04-18 21:07:26,500] {processor.py:642} INFO - Processing file /home/airflow/.local/lib/python3.7/site-packages/airflow/example_dags/example_branch_labels.py for tasks to queue
[2022-04-18 21:07:26,501] {logging_mixin.py:109} INFO - [2022-04-18 21:07:26,501] {dagbag.py:500} INFO - Filling up the DagBag from /home/airflow/.local/lib/python3.7/site-packages/airflow/example_dags/example_branch_labels.py
[2022-04-18 21:07:26,519] {processor.py:652} INFO - DAG(s) dict_keys(['example_branch_labels']) retrieved from /home/airflow/.local/lib/python3.7/site-packages/airflow/example_dags/example_branch_labels.py
[2022-04-18 21:07:26,545] {logging_mixin.py:109} INFO - [2022-04-18 21:07:26,545] {dag.py:2398} INFO - Sync 1 DAGs
[2022-04-18 21:07:26,568] {logging_mixin.py:109} INFO - [2022-04-18 21:07:26,568] {dag.py:2937} INFO - Setting next_dagrun for example_branch_labels to 2022-04-17 00:00:00+00:00
[2022-04-18 21:07:26,587] {processor.py:171} INFO - Processing /home/airflow/.local/lib/python3.7/site-packages/airflow/example_dags/example_branch_labels.py took 0.094 seconds
[2022-04-18 21:07:56,761] {processor.py:163} INFO - Started process (PID=1166) to work on /home/airflow/.local/lib/python3.7/site-packages/airflow/example_dags/example_branch_labels.py
[2022-04-18 21:07:56,763] {processor.py:642} INFO - Processing file /home/airflow/.local/lib/python3.7/site-packages/airflow/example_dags/example_branch_labels.py for tasks to queue
[2022-04-18 21:07:56,764] {logging_mixin.py:109} INFO - [2022-04-18 21:07:56,764] {dagbag.py:500} INFO - Filling up the DagBag from /home/airflow/.local/lib/python3.7/site-packages/airflow/example_dags/example_branch_labels.py
[2022-04-18 21:07:56,780] {processor.py:652} INFO - DAG(s) dict_keys(['example_branch_labels']) retrieved from /home/airflow/.local/lib/python3.7/site-packages/airflow/example_dags/example_branch_labels.py
[2022-04-18 21:07:56,802] {logging_mixin.py:109} INFO - [2022-04-18 21:07:56,802] {dag.py:2398} INFO - Sync 1 DAGs
[2022-04-18 21:07:56,821] {logging_mixin.py:109} INFO - [2022-04-18 21:07:56,821] {dag.py:2937} INFO - Setting next_dagrun for example_branch_labels to 2022-04-17 00:00:00+00:00
[2022-04-18 21:07:56,832] {processor.py:171} INFO - Processing /home/airflow/.local/lib/python3.7/site-packages/airflow/example_dags/example_branch_labels.py took 0.074 seconds
[2022-04-18 21:08:27,372] {processor.py:163} INFO - Started process (PID=1227) to work on /home/airflow/.local/lib/python3.7/site-packages/airflow/example_dags/example_branch_labels.py
[2022-04-18 21:08:27,375] {processor.py:642} INFO - Processing file /home/airflow/.local/lib/python3.7/site-packages/airflow/example_dags/example_branch_labels.py for tasks to queue
[2022-04-18 21:08:27,376] {logging_mixin.py:109} INFO - [2022-04-18 21:08:27,376] {dagbag.py:500} INFO - Filling up the DagBag from /home/airflow/.local/lib/python3.7/site-packages/airflow/example_dags/example_branch_labels.py
[2022-04-18 21:08:27,392] {processor.py:652} INFO - DAG(s) dict_keys(['example_branch_labels']) retrieved from /home/airflow/.local/lib/python3.7/site-packages/airflow/example_dags/example_branch_labels.py
[2022-04-18 21:08:27,415] {logging_mixin.py:109} INFO - [2022-04-18 21:08:27,415] {dag.py:2398} INFO - Sync 1 DAGs
[2022-04-18 21:08:27,434] {logging_mixin.py:109} INFO - [2022-04-18 21:08:27,434] {dag.py:2937} INFO - Setting next_dagrun for example_branch_labels to 2022-04-17 00:00:00+00:00
[2022-04-18 21:08:27,444] {processor.py:171} INFO - Processing /home/airflow/.local/lib/python3.7/site-packages/airflow/example_dags/example_branch_labels.py took 0.075 seconds
[2022-04-18 21:08:57,651] {processor.py:163} INFO - Started process (PID=1277) to work on /home/airflow/.local/lib/python3.7/site-packages/airflow/example_dags/example_branch_labels.py
[2022-04-18 21:08:57,653] {processor.py:642} INFO - Processing file /home/airflow/.local/lib/python3.7/site-packages/airflow/example_dags/example_branch_labels.py for tasks to queue
[2022-04-18 21:08:57,654] {logging_mixin.py:109} INFO - [2022-04-18 21:08:57,654] {dagbag.py:500} INFO - Filling up the DagBag from /home/airflow/.local/lib/python3.7/site-packages/airflow/example_dags/example_branch_labels.py
[2022-04-18 21:08:57,674] {processor.py:652} INFO - DAG(s) dict_keys(['example_branch_labels']) retrieved from /home/airflow/.local/lib/python3.7/site-packages/airflow/example_dags/example_branch_labels.py
[2022-04-18 21:08:57,699] {logging_mixin.py:109} INFO - [2022-04-18 21:08:57,699] {dag.py:2398} INFO - Sync 1 DAGs
[2022-04-18 21:08:57,721] {logging_mixin.py:109} INFO - [2022-04-18 21:08:57,721] {dag.py:2937} INFO - Setting next_dagrun for example_branch_labels to 2022-04-17 00:00:00+00:00
[2022-04-18 21:08:57,732] {processor.py:171} INFO - Processing /home/airflow/.local/lib/python3.7/site-packages/airflow/example_dags/example_branch_labels.py took 0.086 seconds
