[2022-04-18 20:59:47,567] {processor.py:163} INFO - Started process (PID=263) to work on /home/airflow/.local/lib/python3.7/site-packages/airflow/example_dags/example_branch_day_of_week_operator.py
[2022-04-18 20:59:47,569] {processor.py:642} INFO - Processing file /home/airflow/.local/lib/python3.7/site-packages/airflow/example_dags/example_branch_day_of_week_operator.py for tasks to queue
[2022-04-18 20:59:47,571] {logging_mixin.py:109} INFO - [2022-04-18 20:59:47,570] {dagbag.py:500} INFO - Filling up the DagBag from /home/airflow/.local/lib/python3.7/site-packages/airflow/example_dags/example_branch_day_of_week_operator.py
[2022-04-18 20:59:47,595] {processor.py:652} INFO - DAG(s) dict_keys(['example_weekday_branch_operator']) retrieved from /home/airflow/.local/lib/python3.7/site-packages/airflow/example_dags/example_branch_day_of_week_operator.py
[2022-04-18 20:59:49,605] {logging_mixin.py:109} INFO - [2022-04-18 20:59:49,605] {manager.py:496} INFO - Created Permission View: can read on DAG:example_weekday_branch_operator
[2022-04-18 20:59:49,615] {logging_mixin.py:109} INFO - [2022-04-18 20:59:49,614] {manager.py:496} INFO - Created Permission View: can edit on DAG:example_weekday_branch_operator
[2022-04-18 20:59:49,616] {logging_mixin.py:109} INFO - [2022-04-18 20:59:49,615] {dag.py:2398} INFO - Sync 1 DAGs
[2022-04-18 20:59:49,623] {logging_mixin.py:109} INFO - [2022-04-18 20:59:49,623] {dag.py:2417} INFO - Creating ORM DAG for example_weekday_branch_operator
[2022-04-18 20:59:49,633] {logging_mixin.py:109} INFO - [2022-04-18 20:59:49,632] {dag.py:2937} INFO - Setting next_dagrun for example_weekday_branch_operator to 2022-04-17 00:00:00+00:00
[2022-04-18 20:59:49,648] {processor.py:171} INFO - Processing /home/airflow/.local/lib/python3.7/site-packages/airflow/example_dags/example_branch_day_of_week_operator.py took 2.085 seconds
[2022-04-18 21:00:20,005] {processor.py:163} INFO - Started process (PID=327) to work on /home/airflow/.local/lib/python3.7/site-packages/airflow/example_dags/example_branch_day_of_week_operator.py
[2022-04-18 21:00:20,007] {processor.py:642} INFO - Processing file /home/airflow/.local/lib/python3.7/site-packages/airflow/example_dags/example_branch_day_of_week_operator.py for tasks to queue
[2022-04-18 21:00:20,009] {logging_mixin.py:109} INFO - [2022-04-18 21:00:20,009] {dagbag.py:500} INFO - Filling up the DagBag from /home/airflow/.local/lib/python3.7/site-packages/airflow/example_dags/example_branch_day_of_week_operator.py
[2022-04-18 21:00:20,032] {processor.py:652} INFO - DAG(s) dict_keys(['example_weekday_branch_operator']) retrieved from /home/airflow/.local/lib/python3.7/site-packages/airflow/example_dags/example_branch_day_of_week_operator.py
[2022-04-18 21:00:20,058] {logging_mixin.py:109} INFO - [2022-04-18 21:00:20,058] {dag.py:2398} INFO - Sync 1 DAGs
[2022-04-18 21:00:20,079] {logging_mixin.py:109} INFO - [2022-04-18 21:00:20,079] {dag.py:2937} INFO - Setting next_dagrun for example_weekday_branch_operator to 2022-04-17 00:00:00+00:00
[2022-04-18 21:00:20,093] {processor.py:171} INFO - Processing /home/airflow/.local/lib/python3.7/site-packages/airflow/example_dags/example_branch_day_of_week_operator.py took 0.092 seconds
[2022-04-18 21:00:50,196] {processor.py:163} INFO - Started process (PID=389) to work on /home/airflow/.local/lib/python3.7/site-packages/airflow/example_dags/example_branch_day_of_week_operator.py
[2022-04-18 21:00:50,199] {processor.py:642} INFO - Processing file /home/airflow/.local/lib/python3.7/site-packages/airflow/example_dags/example_branch_day_of_week_operator.py for tasks to queue
[2022-04-18 21:00:50,200] {logging_mixin.py:109} INFO - [2022-04-18 21:00:50,200] {dagbag.py:500} INFO - Filling up the DagBag from /home/airflow/.local/lib/python3.7/site-packages/airflow/example_dags/example_branch_day_of_week_operator.py
[2022-04-18 21:00:50,219] {processor.py:652} INFO - DAG(s) dict_keys(['example_weekday_branch_operator']) retrieved from /home/airflow/.local/lib/python3.7/site-packages/airflow/example_dags/example_branch_day_of_week_operator.py
[2022-04-18 21:00:50,241] {logging_mixin.py:109} INFO - [2022-04-18 21:00:50,241] {dag.py:2398} INFO - Sync 1 DAGs
[2022-04-18 21:00:50,262] {logging_mixin.py:109} INFO - [2022-04-18 21:00:50,262] {dag.py:2937} INFO - Setting next_dagrun for example_weekday_branch_operator to 2022-04-17 00:00:00+00:00
[2022-04-18 21:00:50,273] {processor.py:171} INFO - Processing /home/airflow/.local/lib/python3.7/site-packages/airflow/example_dags/example_branch_day_of_week_operator.py took 0.081 seconds
[2022-04-18 21:01:21,092] {processor.py:163} INFO - Started process (PID=442) to work on /home/airflow/.local/lib/python3.7/site-packages/airflow/example_dags/example_branch_day_of_week_operator.py
[2022-04-18 21:01:21,102] {processor.py:642} INFO - Processing file /home/airflow/.local/lib/python3.7/site-packages/airflow/example_dags/example_branch_day_of_week_operator.py for tasks to queue
[2022-04-18 21:01:21,108] {logging_mixin.py:109} INFO - [2022-04-18 21:01:21,108] {dagbag.py:500} INFO - Filling up the DagBag from /home/airflow/.local/lib/python3.7/site-packages/airflow/example_dags/example_branch_day_of_week_operator.py
[2022-04-18 21:01:21,162] {processor.py:652} INFO - DAG(s) dict_keys(['example_weekday_branch_operator']) retrieved from /home/airflow/.local/lib/python3.7/site-packages/airflow/example_dags/example_branch_day_of_week_operator.py
[2022-04-18 21:01:21,217] {logging_mixin.py:109} INFO - [2022-04-18 21:01:21,217] {dag.py:2398} INFO - Sync 1 DAGs
[2022-04-18 21:01:21,243] {logging_mixin.py:109} INFO - [2022-04-18 21:01:21,243] {dag.py:2937} INFO - Setting next_dagrun for example_weekday_branch_operator to 2022-04-17 00:00:00+00:00
[2022-04-18 21:01:21,255] {processor.py:171} INFO - Processing /home/airflow/.local/lib/python3.7/site-packages/airflow/example_dags/example_branch_day_of_week_operator.py took 0.173 seconds
[2022-04-18 21:01:51,564] {processor.py:163} INFO - Started process (PID=504) to work on /home/airflow/.local/lib/python3.7/site-packages/airflow/example_dags/example_branch_day_of_week_operator.py
[2022-04-18 21:01:51,566] {processor.py:642} INFO - Processing file /home/airflow/.local/lib/python3.7/site-packages/airflow/example_dags/example_branch_day_of_week_operator.py for tasks to queue
[2022-04-18 21:01:51,568] {logging_mixin.py:109} INFO - [2022-04-18 21:01:51,568] {dagbag.py:500} INFO - Filling up the DagBag from /home/airflow/.local/lib/python3.7/site-packages/airflow/example_dags/example_branch_day_of_week_operator.py
[2022-04-18 21:01:51,590] {processor.py:652} INFO - DAG(s) dict_keys(['example_weekday_branch_operator']) retrieved from /home/airflow/.local/lib/python3.7/site-packages/airflow/example_dags/example_branch_day_of_week_operator.py
[2022-04-18 21:01:51,618] {logging_mixin.py:109} INFO - [2022-04-18 21:01:51,618] {dag.py:2398} INFO - Sync 1 DAGs
[2022-04-18 21:01:51,642] {logging_mixin.py:109} INFO - [2022-04-18 21:01:51,642] {dag.py:2937} INFO - Setting next_dagrun for example_weekday_branch_operator to 2022-04-17 00:00:00+00:00
[2022-04-18 21:01:51,655] {processor.py:171} INFO - Processing /home/airflow/.local/lib/python3.7/site-packages/airflow/example_dags/example_branch_day_of_week_operator.py took 0.097 seconds
[2022-04-18 21:02:22,001] {processor.py:163} INFO - Started process (PID=558) to work on /home/airflow/.local/lib/python3.7/site-packages/airflow/example_dags/example_branch_day_of_week_operator.py
[2022-04-18 21:02:22,003] {processor.py:642} INFO - Processing file /home/airflow/.local/lib/python3.7/site-packages/airflow/example_dags/example_branch_day_of_week_operator.py for tasks to queue
[2022-04-18 21:02:22,005] {logging_mixin.py:109} INFO - [2022-04-18 21:02:22,005] {dagbag.py:500} INFO - Filling up the DagBag from /home/airflow/.local/lib/python3.7/site-packages/airflow/example_dags/example_branch_day_of_week_operator.py
[2022-04-18 21:02:22,021] {processor.py:652} INFO - DAG(s) dict_keys(['example_weekday_branch_operator']) retrieved from /home/airflow/.local/lib/python3.7/site-packages/airflow/example_dags/example_branch_day_of_week_operator.py
[2022-04-18 21:02:22,043] {logging_mixin.py:109} INFO - [2022-04-18 21:02:22,042] {dag.py:2398} INFO - Sync 1 DAGs
[2022-04-18 21:02:22,063] {logging_mixin.py:109} INFO - [2022-04-18 21:02:22,063] {dag.py:2937} INFO - Setting next_dagrun for example_weekday_branch_operator to 2022-04-17 00:00:00+00:00
[2022-04-18 21:02:22,073] {processor.py:171} INFO - Processing /home/airflow/.local/lib/python3.7/site-packages/airflow/example_dags/example_branch_day_of_week_operator.py took 0.075 seconds
[2022-04-18 21:02:52,400] {processor.py:163} INFO - Started process (PID=617) to work on /home/airflow/.local/lib/python3.7/site-packages/airflow/example_dags/example_branch_day_of_week_operator.py
[2022-04-18 21:02:52,403] {processor.py:642} INFO - Processing file /home/airflow/.local/lib/python3.7/site-packages/airflow/example_dags/example_branch_day_of_week_operator.py for tasks to queue
[2022-04-18 21:02:52,404] {logging_mixin.py:109} INFO - [2022-04-18 21:02:52,404] {dagbag.py:500} INFO - Filling up the DagBag from /home/airflow/.local/lib/python3.7/site-packages/airflow/example_dags/example_branch_day_of_week_operator.py
[2022-04-18 21:02:52,421] {processor.py:652} INFO - DAG(s) dict_keys(['example_weekday_branch_operator']) retrieved from /home/airflow/.local/lib/python3.7/site-packages/airflow/example_dags/example_branch_day_of_week_operator.py
[2022-04-18 21:02:52,442] {logging_mixin.py:109} INFO - [2022-04-18 21:02:52,442] {dag.py:2398} INFO - Sync 1 DAGs
[2022-04-18 21:02:52,461] {logging_mixin.py:109} INFO - [2022-04-18 21:02:52,461] {dag.py:2937} INFO - Setting next_dagrun for example_weekday_branch_operator to 2022-04-17 00:00:00+00:00
[2022-04-18 21:02:52,470] {processor.py:171} INFO - Processing /home/airflow/.local/lib/python3.7/site-packages/airflow/example_dags/example_branch_day_of_week_operator.py took 0.073 seconds
[2022-04-18 21:03:22,955] {processor.py:163} INFO - Started process (PID=667) to work on /home/airflow/.local/lib/python3.7/site-packages/airflow/example_dags/example_branch_day_of_week_operator.py
[2022-04-18 21:03:22,958] {processor.py:642} INFO - Processing file /home/airflow/.local/lib/python3.7/site-packages/airflow/example_dags/example_branch_day_of_week_operator.py for tasks to queue
[2022-04-18 21:03:22,960] {logging_mixin.py:109} INFO - [2022-04-18 21:03:22,959] {dagbag.py:500} INFO - Filling up the DagBag from /home/airflow/.local/lib/python3.7/site-packages/airflow/example_dags/example_branch_day_of_week_operator.py
[2022-04-18 21:03:22,984] {processor.py:652} INFO - DAG(s) dict_keys(['example_weekday_branch_operator']) retrieved from /home/airflow/.local/lib/python3.7/site-packages/airflow/example_dags/example_branch_day_of_week_operator.py
[2022-04-18 21:03:23,009] {logging_mixin.py:109} INFO - [2022-04-18 21:03:23,009] {dag.py:2398} INFO - Sync 1 DAGs
[2022-04-18 21:03:23,032] {logging_mixin.py:109} INFO - [2022-04-18 21:03:23,032] {dag.py:2937} INFO - Setting next_dagrun for example_weekday_branch_operator to 2022-04-17 00:00:00+00:00
[2022-04-18 21:03:23,044] {processor.py:171} INFO - Processing /home/airflow/.local/lib/python3.7/site-packages/airflow/example_dags/example_branch_day_of_week_operator.py took 0.099 seconds
[2022-04-18 21:03:53,309] {processor.py:163} INFO - Started process (PID=726) to work on /home/airflow/.local/lib/python3.7/site-packages/airflow/example_dags/example_branch_day_of_week_operator.py
[2022-04-18 21:03:53,311] {processor.py:642} INFO - Processing file /home/airflow/.local/lib/python3.7/site-packages/airflow/example_dags/example_branch_day_of_week_operator.py for tasks to queue
[2022-04-18 21:03:53,313] {logging_mixin.py:109} INFO - [2022-04-18 21:03:53,312] {dagbag.py:500} INFO - Filling up the DagBag from /home/airflow/.local/lib/python3.7/site-packages/airflow/example_dags/example_branch_day_of_week_operator.py
[2022-04-18 21:03:53,330] {processor.py:652} INFO - DAG(s) dict_keys(['example_weekday_branch_operator']) retrieved from /home/airflow/.local/lib/python3.7/site-packages/airflow/example_dags/example_branch_day_of_week_operator.py
[2022-04-18 21:03:53,351] {logging_mixin.py:109} INFO - [2022-04-18 21:03:53,351] {dag.py:2398} INFO - Sync 1 DAGs
[2022-04-18 21:03:53,371] {logging_mixin.py:109} INFO - [2022-04-18 21:03:53,371] {dag.py:2937} INFO - Setting next_dagrun for example_weekday_branch_operator to 2022-04-17 00:00:00+00:00
[2022-04-18 21:03:53,381] {processor.py:171} INFO - Processing /home/airflow/.local/lib/python3.7/site-packages/airflow/example_dags/example_branch_day_of_week_operator.py took 0.076 seconds
[2022-04-18 21:04:23,731] {processor.py:163} INFO - Started process (PID=777) to work on /home/airflow/.local/lib/python3.7/site-packages/airflow/example_dags/example_branch_day_of_week_operator.py
[2022-04-18 21:04:23,733] {processor.py:642} INFO - Processing file /home/airflow/.local/lib/python3.7/site-packages/airflow/example_dags/example_branch_day_of_week_operator.py for tasks to queue
[2022-04-18 21:04:23,735] {logging_mixin.py:109} INFO - [2022-04-18 21:04:23,735] {dagbag.py:500} INFO - Filling up the DagBag from /home/airflow/.local/lib/python3.7/site-packages/airflow/example_dags/example_branch_day_of_week_operator.py
[2022-04-18 21:04:23,752] {processor.py:652} INFO - DAG(s) dict_keys(['example_weekday_branch_operator']) retrieved from /home/airflow/.local/lib/python3.7/site-packages/airflow/example_dags/example_branch_day_of_week_operator.py
[2022-04-18 21:04:23,773] {logging_mixin.py:109} INFO - [2022-04-18 21:04:23,773] {dag.py:2398} INFO - Sync 1 DAGs
[2022-04-18 21:04:23,793] {logging_mixin.py:109} INFO - [2022-04-18 21:04:23,793] {dag.py:2937} INFO - Setting next_dagrun for example_weekday_branch_operator to 2022-04-17 00:00:00+00:00
[2022-04-18 21:04:23,803] {processor.py:171} INFO - Processing /home/airflow/.local/lib/python3.7/site-packages/airflow/example_dags/example_branch_day_of_week_operator.py took 0.076 seconds
[2022-04-18 21:04:54,705] {processor.py:163} INFO - Started process (PID=838) to work on /home/airflow/.local/lib/python3.7/site-packages/airflow/example_dags/example_branch_day_of_week_operator.py
[2022-04-18 21:04:54,725] {processor.py:642} INFO - Processing file /home/airflow/.local/lib/python3.7/site-packages/airflow/example_dags/example_branch_day_of_week_operator.py for tasks to queue
[2022-04-18 21:04:54,726] {logging_mixin.py:109} INFO - [2022-04-18 21:04:54,726] {dagbag.py:500} INFO - Filling up the DagBag from /home/airflow/.local/lib/python3.7/site-packages/airflow/example_dags/example_branch_day_of_week_operator.py
[2022-04-18 21:04:54,746] {processor.py:652} INFO - DAG(s) dict_keys(['example_weekday_branch_operator']) retrieved from /home/airflow/.local/lib/python3.7/site-packages/airflow/example_dags/example_branch_day_of_week_operator.py
[2022-04-18 21:04:54,771] {logging_mixin.py:109} INFO - [2022-04-18 21:04:54,771] {dag.py:2398} INFO - Sync 1 DAGs
[2022-04-18 21:04:54,793] {logging_mixin.py:109} INFO - [2022-04-18 21:04:54,793] {dag.py:2937} INFO - Setting next_dagrun for example_weekday_branch_operator to 2022-04-17 00:00:00+00:00
[2022-04-18 21:04:54,803] {processor.py:171} INFO - Processing /home/airflow/.local/lib/python3.7/site-packages/airflow/example_dags/example_branch_day_of_week_operator.py took 0.102 seconds
[2022-04-18 21:05:25,327] {processor.py:163} INFO - Started process (PID=888) to work on /home/airflow/.local/lib/python3.7/site-packages/airflow/example_dags/example_branch_day_of_week_operator.py
[2022-04-18 21:05:25,329] {processor.py:642} INFO - Processing file /home/airflow/.local/lib/python3.7/site-packages/airflow/example_dags/example_branch_day_of_week_operator.py for tasks to queue
[2022-04-18 21:05:25,331] {logging_mixin.py:109} INFO - [2022-04-18 21:05:25,331] {dagbag.py:500} INFO - Filling up the DagBag from /home/airflow/.local/lib/python3.7/site-packages/airflow/example_dags/example_branch_day_of_week_operator.py
[2022-04-18 21:05:25,348] {processor.py:652} INFO - DAG(s) dict_keys(['example_weekday_branch_operator']) retrieved from /home/airflow/.local/lib/python3.7/site-packages/airflow/example_dags/example_branch_day_of_week_operator.py
[2022-04-18 21:05:25,369] {logging_mixin.py:109} INFO - [2022-04-18 21:05:25,369] {dag.py:2398} INFO - Sync 1 DAGs
[2022-04-18 21:05:25,389] {logging_mixin.py:109} INFO - [2022-04-18 21:05:25,389] {dag.py:2937} INFO - Setting next_dagrun for example_weekday_branch_operator to 2022-04-17 00:00:00+00:00
[2022-04-18 21:05:25,398] {processor.py:171} INFO - Processing /home/airflow/.local/lib/python3.7/site-packages/airflow/example_dags/example_branch_day_of_week_operator.py took 0.075 seconds
[2022-04-18 21:05:55,522] {processor.py:163} INFO - Started process (PID=938) to work on /home/airflow/.local/lib/python3.7/site-packages/airflow/example_dags/example_branch_day_of_week_operator.py
[2022-04-18 21:05:55,524] {processor.py:642} INFO - Processing file /home/airflow/.local/lib/python3.7/site-packages/airflow/example_dags/example_branch_day_of_week_operator.py for tasks to queue
[2022-04-18 21:05:55,526] {logging_mixin.py:109} INFO - [2022-04-18 21:05:55,525] {dagbag.py:500} INFO - Filling up the DagBag from /home/airflow/.local/lib/python3.7/site-packages/airflow/example_dags/example_branch_day_of_week_operator.py
[2022-04-18 21:05:55,549] {processor.py:652} INFO - DAG(s) dict_keys(['example_weekday_branch_operator']) retrieved from /home/airflow/.local/lib/python3.7/site-packages/airflow/example_dags/example_branch_day_of_week_operator.py
[2022-04-18 21:05:55,576] {logging_mixin.py:109} INFO - [2022-04-18 21:05:55,576] {dag.py:2398} INFO - Sync 1 DAGs
[2022-04-18 21:05:55,599] {logging_mixin.py:109} INFO - [2022-04-18 21:05:55,599] {dag.py:2937} INFO - Setting next_dagrun for example_weekday_branch_operator to 2022-04-17 00:00:00+00:00
[2022-04-18 21:05:55,610] {processor.py:171} INFO - Processing /home/airflow/.local/lib/python3.7/site-packages/airflow/example_dags/example_branch_day_of_week_operator.py took 0.092 seconds
[2022-04-18 21:06:25,741] {processor.py:163} INFO - Started process (PID=1000) to work on /home/airflow/.local/lib/python3.7/site-packages/airflow/example_dags/example_branch_day_of_week_operator.py
[2022-04-18 21:06:25,743] {processor.py:642} INFO - Processing file /home/airflow/.local/lib/python3.7/site-packages/airflow/example_dags/example_branch_day_of_week_operator.py for tasks to queue
[2022-04-18 21:06:25,744] {logging_mixin.py:109} INFO - [2022-04-18 21:06:25,744] {dagbag.py:500} INFO - Filling up the DagBag from /home/airflow/.local/lib/python3.7/site-packages/airflow/example_dags/example_branch_day_of_week_operator.py
[2022-04-18 21:06:25,761] {processor.py:652} INFO - DAG(s) dict_keys(['example_weekday_branch_operator']) retrieved from /home/airflow/.local/lib/python3.7/site-packages/airflow/example_dags/example_branch_day_of_week_operator.py
[2022-04-18 21:06:25,784] {logging_mixin.py:109} INFO - [2022-04-18 21:06:25,783] {dag.py:2398} INFO - Sync 1 DAGs
[2022-04-18 21:06:25,802] {logging_mixin.py:109} INFO - [2022-04-18 21:06:25,802] {dag.py:2937} INFO - Setting next_dagrun for example_weekday_branch_operator to 2022-04-17 00:00:00+00:00
[2022-04-18 21:06:25,814] {processor.py:171} INFO - Processing /home/airflow/.local/lib/python3.7/site-packages/airflow/example_dags/example_branch_day_of_week_operator.py took 0.077 seconds
[2022-04-18 21:06:56,058] {processor.py:163} INFO - Started process (PID=1051) to work on /home/airflow/.local/lib/python3.7/site-packages/airflow/example_dags/example_branch_day_of_week_operator.py
[2022-04-18 21:06:56,061] {processor.py:642} INFO - Processing file /home/airflow/.local/lib/python3.7/site-packages/airflow/example_dags/example_branch_day_of_week_operator.py for tasks to queue
[2022-04-18 21:06:56,065] {logging_mixin.py:109} INFO - [2022-04-18 21:06:56,065] {dagbag.py:500} INFO - Filling up the DagBag from /home/airflow/.local/lib/python3.7/site-packages/airflow/example_dags/example_branch_day_of_week_operator.py
[2022-04-18 21:06:56,095] {processor.py:652} INFO - DAG(s) dict_keys(['example_weekday_branch_operator']) retrieved from /home/airflow/.local/lib/python3.7/site-packages/airflow/example_dags/example_branch_day_of_week_operator.py
[2022-04-18 21:06:56,156] {logging_mixin.py:109} INFO - [2022-04-18 21:06:56,156] {dag.py:2398} INFO - Sync 1 DAGs
[2022-04-18 21:06:56,183] {logging_mixin.py:109} INFO - [2022-04-18 21:06:56,183] {dag.py:2937} INFO - Setting next_dagrun for example_weekday_branch_operator to 2022-04-17 00:00:00+00:00
[2022-04-18 21:06:56,197] {processor.py:171} INFO - Processing /home/airflow/.local/lib/python3.7/site-packages/airflow/example_dags/example_branch_day_of_week_operator.py took 0.143 seconds
[2022-04-18 21:07:26,483] {processor.py:163} INFO - Started process (PID=1114) to work on /home/airflow/.local/lib/python3.7/site-packages/airflow/example_dags/example_branch_day_of_week_operator.py
[2022-04-18 21:07:26,485] {processor.py:642} INFO - Processing file /home/airflow/.local/lib/python3.7/site-packages/airflow/example_dags/example_branch_day_of_week_operator.py for tasks to queue
[2022-04-18 21:07:26,487] {logging_mixin.py:109} INFO - [2022-04-18 21:07:26,487] {dagbag.py:500} INFO - Filling up the DagBag from /home/airflow/.local/lib/python3.7/site-packages/airflow/example_dags/example_branch_day_of_week_operator.py
[2022-04-18 21:07:26,506] {processor.py:652} INFO - DAG(s) dict_keys(['example_weekday_branch_operator']) retrieved from /home/airflow/.local/lib/python3.7/site-packages/airflow/example_dags/example_branch_day_of_week_operator.py
[2022-04-18 21:07:26,530] {logging_mixin.py:109} INFO - [2022-04-18 21:07:26,530] {dag.py:2398} INFO - Sync 1 DAGs
[2022-04-18 21:07:26,551] {logging_mixin.py:109} INFO - [2022-04-18 21:07:26,550] {dag.py:2937} INFO - Setting next_dagrun for example_weekday_branch_operator to 2022-04-17 00:00:00+00:00
[2022-04-18 21:07:26,562] {processor.py:171} INFO - Processing /home/airflow/.local/lib/python3.7/site-packages/airflow/example_dags/example_branch_day_of_week_operator.py took 0.084 seconds
[2022-04-18 21:07:56,750] {processor.py:163} INFO - Started process (PID=1165) to work on /home/airflow/.local/lib/python3.7/site-packages/airflow/example_dags/example_branch_day_of_week_operator.py
[2022-04-18 21:07:56,752] {processor.py:642} INFO - Processing file /home/airflow/.local/lib/python3.7/site-packages/airflow/example_dags/example_branch_day_of_week_operator.py for tasks to queue
[2022-04-18 21:07:56,753] {logging_mixin.py:109} INFO - [2022-04-18 21:07:56,753] {dagbag.py:500} INFO - Filling up the DagBag from /home/airflow/.local/lib/python3.7/site-packages/airflow/example_dags/example_branch_day_of_week_operator.py
[2022-04-18 21:07:56,772] {processor.py:652} INFO - DAG(s) dict_keys(['example_weekday_branch_operator']) retrieved from /home/airflow/.local/lib/python3.7/site-packages/airflow/example_dags/example_branch_day_of_week_operator.py
[2022-04-18 21:07:56,793] {logging_mixin.py:109} INFO - [2022-04-18 21:07:56,793] {dag.py:2398} INFO - Sync 1 DAGs
[2022-04-18 21:07:56,816] {logging_mixin.py:109} INFO - [2022-04-18 21:07:56,816] {dag.py:2937} INFO - Setting next_dagrun for example_weekday_branch_operator to 2022-04-17 00:00:00+00:00
[2022-04-18 21:07:56,830] {processor.py:171} INFO - Processing /home/airflow/.local/lib/python3.7/site-packages/airflow/example_dags/example_branch_day_of_week_operator.py took 0.083 seconds
[2022-04-18 21:08:27,280] {processor.py:163} INFO - Started process (PID=1226) to work on /home/airflow/.local/lib/python3.7/site-packages/airflow/example_dags/example_branch_day_of_week_operator.py
[2022-04-18 21:08:27,283] {processor.py:642} INFO - Processing file /home/airflow/.local/lib/python3.7/site-packages/airflow/example_dags/example_branch_day_of_week_operator.py for tasks to queue
[2022-04-18 21:08:27,284] {logging_mixin.py:109} INFO - [2022-04-18 21:08:27,284] {dagbag.py:500} INFO - Filling up the DagBag from /home/airflow/.local/lib/python3.7/site-packages/airflow/example_dags/example_branch_day_of_week_operator.py
[2022-04-18 21:08:27,301] {processor.py:652} INFO - DAG(s) dict_keys(['example_weekday_branch_operator']) retrieved from /home/airflow/.local/lib/python3.7/site-packages/airflow/example_dags/example_branch_day_of_week_operator.py
[2022-04-18 21:08:27,322] {logging_mixin.py:109} INFO - [2022-04-18 21:08:27,322] {dag.py:2398} INFO - Sync 1 DAGs
[2022-04-18 21:08:27,342] {logging_mixin.py:109} INFO - [2022-04-18 21:08:27,342] {dag.py:2937} INFO - Setting next_dagrun for example_weekday_branch_operator to 2022-04-17 00:00:00+00:00
[2022-04-18 21:08:27,351] {processor.py:171} INFO - Processing /home/airflow/.local/lib/python3.7/site-packages/airflow/example_dags/example_branch_day_of_week_operator.py took 0.075 seconds
[2022-04-18 21:08:57,627] {processor.py:163} INFO - Started process (PID=1276) to work on /home/airflow/.local/lib/python3.7/site-packages/airflow/example_dags/example_branch_day_of_week_operator.py
[2022-04-18 21:08:57,630] {processor.py:642} INFO - Processing file /home/airflow/.local/lib/python3.7/site-packages/airflow/example_dags/example_branch_day_of_week_operator.py for tasks to queue
[2022-04-18 21:08:57,633] {logging_mixin.py:109} INFO - [2022-04-18 21:08:57,632] {dagbag.py:500} INFO - Filling up the DagBag from /home/airflow/.local/lib/python3.7/site-packages/airflow/example_dags/example_branch_day_of_week_operator.py
[2022-04-18 21:08:57,655] {processor.py:652} INFO - DAG(s) dict_keys(['example_weekday_branch_operator']) retrieved from /home/airflow/.local/lib/python3.7/site-packages/airflow/example_dags/example_branch_day_of_week_operator.py
[2022-04-18 21:08:57,688] {logging_mixin.py:109} INFO - [2022-04-18 21:08:57,688] {dag.py:2398} INFO - Sync 1 DAGs
[2022-04-18 21:08:57,713] {logging_mixin.py:109} INFO - [2022-04-18 21:08:57,713] {dag.py:2937} INFO - Setting next_dagrun for example_weekday_branch_operator to 2022-04-17 00:00:00+00:00
[2022-04-18 21:08:57,726] {processor.py:171} INFO - Processing /home/airflow/.local/lib/python3.7/site-packages/airflow/example_dags/example_branch_day_of_week_operator.py took 0.103 seconds
