[2022-04-18 20:59:18,789] {processor.py:163} INFO - Started process (PID=69) to work on /home/airflow/.local/lib/python3.7/site-packages/airflow/example_dags/example_complex.py
[2022-04-18 20:59:18,795] {processor.py:642} INFO - Processing file /home/airflow/.local/lib/python3.7/site-packages/airflow/example_dags/example_complex.py for tasks to queue
[2022-04-18 20:59:18,796] {logging_mixin.py:109} INFO - [2022-04-18 20:59:18,796] {dagbag.py:500} INFO - Filling up the DagBag from /home/airflow/.local/lib/python3.7/site-packages/airflow/example_dags/example_complex.py
[2022-04-18 20:59:18,866] {processor.py:652} INFO - DAG(s) dict_keys(['example_complex']) retrieved from /home/airflow/.local/lib/python3.7/site-packages/airflow/example_dags/example_complex.py
[2022-04-18 20:59:22,748] {logging_mixin.py:109} INFO - [2022-04-18 20:59:22,748] {manager.py:496} INFO - Created Permission View: can read on DAG:example_complex
[2022-04-18 20:59:22,771] {logging_mixin.py:109} INFO - [2022-04-18 20:59:22,770] {manager.py:496} INFO - Created Permission View: can edit on DAG:example_complex
[2022-04-18 20:59:22,772] {logging_mixin.py:109} INFO - [2022-04-18 20:59:22,772] {dag.py:2398} INFO - Sync 1 DAGs
[2022-04-18 20:59:22,789] {logging_mixin.py:109} INFO - [2022-04-18 20:59:22,788] {dag.py:2417} INFO - Creating ORM DAG for example_complex
[2022-04-18 20:59:22,815] {logging_mixin.py:109} INFO - [2022-04-18 20:59:22,814] {dag.py:2937} INFO - Setting next_dagrun for example_complex to None
[2022-04-18 20:59:22,835] {processor.py:171} INFO - Processing /home/airflow/.local/lib/python3.7/site-packages/airflow/example_dags/example_complex.py took 4.052 seconds
[2022-04-18 20:59:53,096] {processor.py:163} INFO - Started process (PID=284) to work on /home/airflow/.local/lib/python3.7/site-packages/airflow/example_dags/example_complex.py
[2022-04-18 20:59:53,098] {processor.py:642} INFO - Processing file /home/airflow/.local/lib/python3.7/site-packages/airflow/example_dags/example_complex.py for tasks to queue
[2022-04-18 20:59:53,100] {logging_mixin.py:109} INFO - [2022-04-18 20:59:53,100] {dagbag.py:500} INFO - Filling up the DagBag from /home/airflow/.local/lib/python3.7/site-packages/airflow/example_dags/example_complex.py
[2022-04-18 20:59:53,135] {processor.py:652} INFO - DAG(s) dict_keys(['example_complex']) retrieved from /home/airflow/.local/lib/python3.7/site-packages/airflow/example_dags/example_complex.py
[2022-04-18 20:59:53,173] {logging_mixin.py:109} INFO - [2022-04-18 20:59:53,173] {dag.py:2398} INFO - Sync 1 DAGs
[2022-04-18 20:59:53,194] {logging_mixin.py:109} INFO - [2022-04-18 20:59:53,194] {dag.py:2937} INFO - Setting next_dagrun for example_complex to None
[2022-04-18 20:59:53,211] {processor.py:171} INFO - Processing /home/airflow/.local/lib/python3.7/site-packages/airflow/example_dags/example_complex.py took 0.119 seconds
[2022-04-18 21:00:23,378] {processor.py:163} INFO - Started process (PID=334) to work on /home/airflow/.local/lib/python3.7/site-packages/airflow/example_dags/example_complex.py
[2022-04-18 21:00:23,380] {processor.py:642} INFO - Processing file /home/airflow/.local/lib/python3.7/site-packages/airflow/example_dags/example_complex.py for tasks to queue
[2022-04-18 21:00:23,381] {logging_mixin.py:109} INFO - [2022-04-18 21:00:23,381] {dagbag.py:500} INFO - Filling up the DagBag from /home/airflow/.local/lib/python3.7/site-packages/airflow/example_dags/example_complex.py
[2022-04-18 21:00:23,409] {processor.py:652} INFO - DAG(s) dict_keys(['example_complex']) retrieved from /home/airflow/.local/lib/python3.7/site-packages/airflow/example_dags/example_complex.py
[2022-04-18 21:00:23,440] {logging_mixin.py:109} INFO - [2022-04-18 21:00:23,440] {dag.py:2398} INFO - Sync 1 DAGs
[2022-04-18 21:00:23,458] {logging_mixin.py:109} INFO - [2022-04-18 21:00:23,458] {dag.py:2937} INFO - Setting next_dagrun for example_complex to None
[2022-04-18 21:00:23,469] {processor.py:171} INFO - Processing /home/airflow/.local/lib/python3.7/site-packages/airflow/example_dags/example_complex.py took 0.095 seconds
[2022-04-18 21:00:53,537] {processor.py:163} INFO - Started process (PID=396) to work on /home/airflow/.local/lib/python3.7/site-packages/airflow/example_dags/example_complex.py
[2022-04-18 21:00:53,542] {processor.py:642} INFO - Processing file /home/airflow/.local/lib/python3.7/site-packages/airflow/example_dags/example_complex.py for tasks to queue
[2022-04-18 21:00:53,544] {logging_mixin.py:109} INFO - [2022-04-18 21:00:53,544] {dagbag.py:500} INFO - Filling up the DagBag from /home/airflow/.local/lib/python3.7/site-packages/airflow/example_dags/example_complex.py
[2022-04-18 21:00:53,612] {processor.py:652} INFO - DAG(s) dict_keys(['example_complex']) retrieved from /home/airflow/.local/lib/python3.7/site-packages/airflow/example_dags/example_complex.py
[2022-04-18 21:00:53,665] {logging_mixin.py:109} INFO - [2022-04-18 21:00:53,665] {dag.py:2398} INFO - Sync 1 DAGs
[2022-04-18 21:00:53,698] {logging_mixin.py:109} INFO - [2022-04-18 21:00:53,698] {dag.py:2937} INFO - Setting next_dagrun for example_complex to None
[2022-04-18 21:00:53,720] {processor.py:171} INFO - Processing /home/airflow/.local/lib/python3.7/site-packages/airflow/example_dags/example_complex.py took 0.190 seconds
[2022-04-18 21:01:24,509] {processor.py:163} INFO - Started process (PID=458) to work on /home/airflow/.local/lib/python3.7/site-packages/airflow/example_dags/example_complex.py
[2022-04-18 21:01:24,511] {processor.py:642} INFO - Processing file /home/airflow/.local/lib/python3.7/site-packages/airflow/example_dags/example_complex.py for tasks to queue
[2022-04-18 21:01:24,513] {logging_mixin.py:109} INFO - [2022-04-18 21:01:24,512] {dagbag.py:500} INFO - Filling up the DagBag from /home/airflow/.local/lib/python3.7/site-packages/airflow/example_dags/example_complex.py
[2022-04-18 21:01:24,535] {processor.py:652} INFO - DAG(s) dict_keys(['example_complex']) retrieved from /home/airflow/.local/lib/python3.7/site-packages/airflow/example_dags/example_complex.py
[2022-04-18 21:01:24,561] {logging_mixin.py:109} INFO - [2022-04-18 21:01:24,561] {dag.py:2398} INFO - Sync 1 DAGs
[2022-04-18 21:01:24,580] {logging_mixin.py:109} INFO - [2022-04-18 21:01:24,580] {dag.py:2937} INFO - Setting next_dagrun for example_complex to None
[2022-04-18 21:01:24,593] {processor.py:171} INFO - Processing /home/airflow/.local/lib/python3.7/site-packages/airflow/example_dags/example_complex.py took 0.087 seconds
[2022-04-18 21:01:54,818] {processor.py:163} INFO - Started process (PID=509) to work on /home/airflow/.local/lib/python3.7/site-packages/airflow/example_dags/example_complex.py
[2022-04-18 21:01:54,820] {processor.py:642} INFO - Processing file /home/airflow/.local/lib/python3.7/site-packages/airflow/example_dags/example_complex.py for tasks to queue
[2022-04-18 21:01:54,822] {logging_mixin.py:109} INFO - [2022-04-18 21:01:54,822] {dagbag.py:500} INFO - Filling up the DagBag from /home/airflow/.local/lib/python3.7/site-packages/airflow/example_dags/example_complex.py
[2022-04-18 21:01:54,849] {processor.py:652} INFO - DAG(s) dict_keys(['example_complex']) retrieved from /home/airflow/.local/lib/python3.7/site-packages/airflow/example_dags/example_complex.py
[2022-04-18 21:01:54,879] {logging_mixin.py:109} INFO - [2022-04-18 21:01:54,879] {dag.py:2398} INFO - Sync 1 DAGs
[2022-04-18 21:01:54,899] {logging_mixin.py:109} INFO - [2022-04-18 21:01:54,899] {dag.py:2937} INFO - Setting next_dagrun for example_complex to None
[2022-04-18 21:01:54,909] {processor.py:171} INFO - Processing /home/airflow/.local/lib/python3.7/site-packages/airflow/example_dags/example_complex.py took 0.096 seconds
[2022-04-18 21:02:25,140] {processor.py:163} INFO - Started process (PID=562) to work on /home/airflow/.local/lib/python3.7/site-packages/airflow/example_dags/example_complex.py
[2022-04-18 21:02:25,142] {processor.py:642} INFO - Processing file /home/airflow/.local/lib/python3.7/site-packages/airflow/example_dags/example_complex.py for tasks to queue
[2022-04-18 21:02:25,143] {logging_mixin.py:109} INFO - [2022-04-18 21:02:25,143] {dagbag.py:500} INFO - Filling up the DagBag from /home/airflow/.local/lib/python3.7/site-packages/airflow/example_dags/example_complex.py
[2022-04-18 21:02:25,169] {processor.py:652} INFO - DAG(s) dict_keys(['example_complex']) retrieved from /home/airflow/.local/lib/python3.7/site-packages/airflow/example_dags/example_complex.py
[2022-04-18 21:02:25,195] {logging_mixin.py:109} INFO - [2022-04-18 21:02:25,195] {dag.py:2398} INFO - Sync 1 DAGs
[2022-04-18 21:02:25,211] {logging_mixin.py:109} INFO - [2022-04-18 21:02:25,211] {dag.py:2937} INFO - Setting next_dagrun for example_complex to None
[2022-04-18 21:02:25,221] {processor.py:171} INFO - Processing /home/airflow/.local/lib/python3.7/site-packages/airflow/example_dags/example_complex.py took 0.085 seconds
[2022-04-18 21:02:55,527] {processor.py:163} INFO - Started process (PID=621) to work on /home/airflow/.local/lib/python3.7/site-packages/airflow/example_dags/example_complex.py
[2022-04-18 21:02:55,531] {processor.py:642} INFO - Processing file /home/airflow/.local/lib/python3.7/site-packages/airflow/example_dags/example_complex.py for tasks to queue
[2022-04-18 21:02:55,533] {logging_mixin.py:109} INFO - [2022-04-18 21:02:55,532] {dagbag.py:500} INFO - Filling up the DagBag from /home/airflow/.local/lib/python3.7/site-packages/airflow/example_dags/example_complex.py
[2022-04-18 21:02:55,562] {processor.py:652} INFO - DAG(s) dict_keys(['example_complex']) retrieved from /home/airflow/.local/lib/python3.7/site-packages/airflow/example_dags/example_complex.py
[2022-04-18 21:02:55,597] {logging_mixin.py:109} INFO - [2022-04-18 21:02:55,597] {dag.py:2398} INFO - Sync 1 DAGs
[2022-04-18 21:02:55,620] {logging_mixin.py:109} INFO - [2022-04-18 21:02:55,620] {dag.py:2937} INFO - Setting next_dagrun for example_complex to None
[2022-04-18 21:02:55,635] {processor.py:171} INFO - Processing /home/airflow/.local/lib/python3.7/site-packages/airflow/example_dags/example_complex.py took 0.112 seconds
[2022-04-18 21:03:26,123] {processor.py:163} INFO - Started process (PID=671) to work on /home/airflow/.local/lib/python3.7/site-packages/airflow/example_dags/example_complex.py
[2022-04-18 21:03:26,125] {processor.py:642} INFO - Processing file /home/airflow/.local/lib/python3.7/site-packages/airflow/example_dags/example_complex.py for tasks to queue
[2022-04-18 21:03:26,127] {logging_mixin.py:109} INFO - [2022-04-18 21:03:26,126] {dagbag.py:500} INFO - Filling up the DagBag from /home/airflow/.local/lib/python3.7/site-packages/airflow/example_dags/example_complex.py
[2022-04-18 21:03:26,152] {processor.py:652} INFO - DAG(s) dict_keys(['example_complex']) retrieved from /home/airflow/.local/lib/python3.7/site-packages/airflow/example_dags/example_complex.py
[2022-04-18 21:03:26,180] {logging_mixin.py:109} INFO - [2022-04-18 21:03:26,179] {dag.py:2398} INFO - Sync 1 DAGs
[2022-04-18 21:03:26,199] {logging_mixin.py:109} INFO - [2022-04-18 21:03:26,199] {dag.py:2937} INFO - Setting next_dagrun for example_complex to None
[2022-04-18 21:03:26,211] {processor.py:171} INFO - Processing /home/airflow/.local/lib/python3.7/site-packages/airflow/example_dags/example_complex.py took 0.093 seconds
[2022-04-18 21:03:56,443] {processor.py:163} INFO - Started process (PID=730) to work on /home/airflow/.local/lib/python3.7/site-packages/airflow/example_dags/example_complex.py
[2022-04-18 21:03:56,446] {processor.py:642} INFO - Processing file /home/airflow/.local/lib/python3.7/site-packages/airflow/example_dags/example_complex.py for tasks to queue
[2022-04-18 21:03:56,448] {logging_mixin.py:109} INFO - [2022-04-18 21:03:56,448] {dagbag.py:500} INFO - Filling up the DagBag from /home/airflow/.local/lib/python3.7/site-packages/airflow/example_dags/example_complex.py
[2022-04-18 21:03:56,478] {processor.py:652} INFO - DAG(s) dict_keys(['example_complex']) retrieved from /home/airflow/.local/lib/python3.7/site-packages/airflow/example_dags/example_complex.py
[2022-04-18 21:03:56,514] {logging_mixin.py:109} INFO - [2022-04-18 21:03:56,514] {dag.py:2398} INFO - Sync 1 DAGs
[2022-04-18 21:03:56,540] {logging_mixin.py:109} INFO - [2022-04-18 21:03:56,539] {dag.py:2937} INFO - Setting next_dagrun for example_complex to None
[2022-04-18 21:03:56,556] {processor.py:171} INFO - Processing /home/airflow/.local/lib/python3.7/site-packages/airflow/example_dags/example_complex.py took 0.117 seconds
[2022-04-18 21:04:26,874] {processor.py:163} INFO - Started process (PID=781) to work on /home/airflow/.local/lib/python3.7/site-packages/airflow/example_dags/example_complex.py
[2022-04-18 21:04:26,877] {processor.py:642} INFO - Processing file /home/airflow/.local/lib/python3.7/site-packages/airflow/example_dags/example_complex.py for tasks to queue
[2022-04-18 21:04:26,878] {logging_mixin.py:109} INFO - [2022-04-18 21:04:26,878] {dagbag.py:500} INFO - Filling up the DagBag from /home/airflow/.local/lib/python3.7/site-packages/airflow/example_dags/example_complex.py
[2022-04-18 21:04:26,918] {processor.py:652} INFO - DAG(s) dict_keys(['example_complex']) retrieved from /home/airflow/.local/lib/python3.7/site-packages/airflow/example_dags/example_complex.py
[2022-04-18 21:04:26,953] {logging_mixin.py:109} INFO - [2022-04-18 21:04:26,952] {dag.py:2398} INFO - Sync 1 DAGs
[2022-04-18 21:04:26,982] {logging_mixin.py:109} INFO - [2022-04-18 21:04:26,982] {dag.py:2937} INFO - Setting next_dagrun for example_complex to None
[2022-04-18 21:04:26,995] {processor.py:171} INFO - Processing /home/airflow/.local/lib/python3.7/site-packages/airflow/example_dags/example_complex.py took 0.126 seconds
[2022-04-18 21:04:57,106] {processor.py:163} INFO - Started process (PID=842) to work on /home/airflow/.local/lib/python3.7/site-packages/airflow/example_dags/example_complex.py
[2022-04-18 21:04:57,109] {processor.py:642} INFO - Processing file /home/airflow/.local/lib/python3.7/site-packages/airflow/example_dags/example_complex.py for tasks to queue
[2022-04-18 21:04:57,110] {logging_mixin.py:109} INFO - [2022-04-18 21:04:57,110] {dagbag.py:500} INFO - Filling up the DagBag from /home/airflow/.local/lib/python3.7/site-packages/airflow/example_dags/example_complex.py
[2022-04-18 21:04:57,135] {processor.py:652} INFO - DAG(s) dict_keys(['example_complex']) retrieved from /home/airflow/.local/lib/python3.7/site-packages/airflow/example_dags/example_complex.py
[2022-04-18 21:04:57,162] {logging_mixin.py:109} INFO - [2022-04-18 21:04:57,162] {dag.py:2398} INFO - Sync 1 DAGs
[2022-04-18 21:04:57,179] {logging_mixin.py:109} INFO - [2022-04-18 21:04:57,179] {dag.py:2937} INFO - Setting next_dagrun for example_complex to None
[2022-04-18 21:04:57,188] {processor.py:171} INFO - Processing /home/airflow/.local/lib/python3.7/site-packages/airflow/example_dags/example_complex.py took 0.086 seconds
[2022-04-18 21:05:27,635] {processor.py:163} INFO - Started process (PID=892) to work on /home/airflow/.local/lib/python3.7/site-packages/airflow/example_dags/example_complex.py
[2022-04-18 21:05:27,640] {processor.py:642} INFO - Processing file /home/airflow/.local/lib/python3.7/site-packages/airflow/example_dags/example_complex.py for tasks to queue
[2022-04-18 21:05:27,642] {logging_mixin.py:109} INFO - [2022-04-18 21:05:27,642] {dagbag.py:500} INFO - Filling up the DagBag from /home/airflow/.local/lib/python3.7/site-packages/airflow/example_dags/example_complex.py
[2022-04-18 21:05:27,673] {processor.py:652} INFO - DAG(s) dict_keys(['example_complex']) retrieved from /home/airflow/.local/lib/python3.7/site-packages/airflow/example_dags/example_complex.py
[2022-04-18 21:05:27,713] {logging_mixin.py:109} INFO - [2022-04-18 21:05:27,713] {dag.py:2398} INFO - Sync 1 DAGs
[2022-04-18 21:05:27,739] {logging_mixin.py:109} INFO - [2022-04-18 21:05:27,739] {dag.py:2937} INFO - Setting next_dagrun for example_complex to None
[2022-04-18 21:05:27,750] {processor.py:171} INFO - Processing /home/airflow/.local/lib/python3.7/site-packages/airflow/example_dags/example_complex.py took 0.120 seconds
[2022-04-18 21:05:58,162] {processor.py:163} INFO - Started process (PID=954) to work on /home/airflow/.local/lib/python3.7/site-packages/airflow/example_dags/example_complex.py
[2022-04-18 21:05:58,167] {processor.py:642} INFO - Processing file /home/airflow/.local/lib/python3.7/site-packages/airflow/example_dags/example_complex.py for tasks to queue
[2022-04-18 21:05:58,171] {logging_mixin.py:109} INFO - [2022-04-18 21:05:58,171] {dagbag.py:500} INFO - Filling up the DagBag from /home/airflow/.local/lib/python3.7/site-packages/airflow/example_dags/example_complex.py
[2022-04-18 21:05:58,216] {processor.py:652} INFO - DAG(s) dict_keys(['example_complex']) retrieved from /home/airflow/.local/lib/python3.7/site-packages/airflow/example_dags/example_complex.py
[2022-04-18 21:05:58,260] {logging_mixin.py:109} INFO - [2022-04-18 21:05:58,260] {dag.py:2398} INFO - Sync 1 DAGs
[2022-04-18 21:05:58,290] {logging_mixin.py:109} INFO - [2022-04-18 21:05:58,290] {dag.py:2937} INFO - Setting next_dagrun for example_complex to None
[2022-04-18 21:05:58,307] {processor.py:171} INFO - Processing /home/airflow/.local/lib/python3.7/site-packages/airflow/example_dags/example_complex.py took 0.152 seconds
[2022-04-18 21:06:28,979] {processor.py:163} INFO - Started process (PID=1005) to work on /home/airflow/.local/lib/python3.7/site-packages/airflow/example_dags/example_complex.py
[2022-04-18 21:06:28,981] {processor.py:642} INFO - Processing file /home/airflow/.local/lib/python3.7/site-packages/airflow/example_dags/example_complex.py for tasks to queue
[2022-04-18 21:06:28,982] {logging_mixin.py:109} INFO - [2022-04-18 21:06:28,982] {dagbag.py:500} INFO - Filling up the DagBag from /home/airflow/.local/lib/python3.7/site-packages/airflow/example_dags/example_complex.py
[2022-04-18 21:06:29,009] {processor.py:652} INFO - DAG(s) dict_keys(['example_complex']) retrieved from /home/airflow/.local/lib/python3.7/site-packages/airflow/example_dags/example_complex.py
[2022-04-18 21:06:29,038] {logging_mixin.py:109} INFO - [2022-04-18 21:06:29,038] {dag.py:2398} INFO - Sync 1 DAGs
[2022-04-18 21:06:29,056] {logging_mixin.py:109} INFO - [2022-04-18 21:06:29,056] {dag.py:2937} INFO - Setting next_dagrun for example_complex to None
[2022-04-18 21:06:29,066] {processor.py:171} INFO - Processing /home/airflow/.local/lib/python3.7/site-packages/airflow/example_dags/example_complex.py took 0.092 seconds
[2022-04-18 21:06:59,309] {processor.py:163} INFO - Started process (PID=1067) to work on /home/airflow/.local/lib/python3.7/site-packages/airflow/example_dags/example_complex.py
[2022-04-18 21:06:59,313] {processor.py:642} INFO - Processing file /home/airflow/.local/lib/python3.7/site-packages/airflow/example_dags/example_complex.py for tasks to queue
[2022-04-18 21:06:59,317] {logging_mixin.py:109} INFO - [2022-04-18 21:06:59,316] {dagbag.py:500} INFO - Filling up the DagBag from /home/airflow/.local/lib/python3.7/site-packages/airflow/example_dags/example_complex.py
[2022-04-18 21:06:59,357] {processor.py:652} INFO - DAG(s) dict_keys(['example_complex']) retrieved from /home/airflow/.local/lib/python3.7/site-packages/airflow/example_dags/example_complex.py
[2022-04-18 21:06:59,423] {logging_mixin.py:109} INFO - [2022-04-18 21:06:59,423] {dag.py:2398} INFO - Sync 1 DAGs
[2022-04-18 21:06:59,450] {logging_mixin.py:109} INFO - [2022-04-18 21:06:59,450] {dag.py:2937} INFO - Setting next_dagrun for example_complex to None
[2022-04-18 21:06:59,469] {processor.py:171} INFO - Processing /home/airflow/.local/lib/python3.7/site-packages/airflow/example_dags/example_complex.py took 0.168 seconds
[2022-04-18 21:07:29,697] {processor.py:163} INFO - Started process (PID=1119) to work on /home/airflow/.local/lib/python3.7/site-packages/airflow/example_dags/example_complex.py
[2022-04-18 21:07:29,700] {processor.py:642} INFO - Processing file /home/airflow/.local/lib/python3.7/site-packages/airflow/example_dags/example_complex.py for tasks to queue
[2022-04-18 21:07:29,702] {logging_mixin.py:109} INFO - [2022-04-18 21:07:29,702] {dagbag.py:500} INFO - Filling up the DagBag from /home/airflow/.local/lib/python3.7/site-packages/airflow/example_dags/example_complex.py
[2022-04-18 21:07:29,728] {processor.py:652} INFO - DAG(s) dict_keys(['example_complex']) retrieved from /home/airflow/.local/lib/python3.7/site-packages/airflow/example_dags/example_complex.py
[2022-04-18 21:07:29,758] {logging_mixin.py:109} INFO - [2022-04-18 21:07:29,758] {dag.py:2398} INFO - Sync 1 DAGs
[2022-04-18 21:07:29,776] {logging_mixin.py:109} INFO - [2022-04-18 21:07:29,776] {dag.py:2937} INFO - Setting next_dagrun for example_complex to None
[2022-04-18 21:07:29,787] {processor.py:171} INFO - Processing /home/airflow/.local/lib/python3.7/site-packages/airflow/example_dags/example_complex.py took 0.094 seconds
[2022-04-18 21:07:59,927] {processor.py:163} INFO - Started process (PID=1180) to work on /home/airflow/.local/lib/python3.7/site-packages/airflow/example_dags/example_complex.py
[2022-04-18 21:07:59,930] {processor.py:642} INFO - Processing file /home/airflow/.local/lib/python3.7/site-packages/airflow/example_dags/example_complex.py for tasks to queue
[2022-04-18 21:07:59,931] {logging_mixin.py:109} INFO - [2022-04-18 21:07:59,931] {dagbag.py:500} INFO - Filling up the DagBag from /home/airflow/.local/lib/python3.7/site-packages/airflow/example_dags/example_complex.py
[2022-04-18 21:07:59,951] {processor.py:652} INFO - DAG(s) dict_keys(['example_complex']) retrieved from /home/airflow/.local/lib/python3.7/site-packages/airflow/example_dags/example_complex.py
[2022-04-18 21:07:59,977] {logging_mixin.py:109} INFO - [2022-04-18 21:07:59,977] {dag.py:2398} INFO - Sync 1 DAGs
[2022-04-18 21:07:59,995] {logging_mixin.py:109} INFO - [2022-04-18 21:07:59,994] {dag.py:2937} INFO - Setting next_dagrun for example_complex to None
[2022-04-18 21:08:00,006] {processor.py:171} INFO - Processing /home/airflow/.local/lib/python3.7/site-packages/airflow/example_dags/example_complex.py took 0.082 seconds
[2022-04-18 21:08:30,471] {processor.py:163} INFO - Started process (PID=1231) to work on /home/airflow/.local/lib/python3.7/site-packages/airflow/example_dags/example_complex.py
[2022-04-18 21:08:30,473] {processor.py:642} INFO - Processing file /home/airflow/.local/lib/python3.7/site-packages/airflow/example_dags/example_complex.py for tasks to queue
[2022-04-18 21:08:30,474] {logging_mixin.py:109} INFO - [2022-04-18 21:08:30,474] {dagbag.py:500} INFO - Filling up the DagBag from /home/airflow/.local/lib/python3.7/site-packages/airflow/example_dags/example_complex.py
[2022-04-18 21:08:30,497] {processor.py:652} INFO - DAG(s) dict_keys(['example_complex']) retrieved from /home/airflow/.local/lib/python3.7/site-packages/airflow/example_dags/example_complex.py
[2022-04-18 21:08:30,524] {logging_mixin.py:109} INFO - [2022-04-18 21:08:30,524] {dag.py:2398} INFO - Sync 1 DAGs
[2022-04-18 21:08:30,540] {logging_mixin.py:109} INFO - [2022-04-18 21:08:30,540] {dag.py:2937} INFO - Setting next_dagrun for example_complex to None
[2022-04-18 21:08:30,549] {processor.py:171} INFO - Processing /home/airflow/.local/lib/python3.7/site-packages/airflow/example_dags/example_complex.py took 0.081 seconds
[2022-04-18 21:09:00,821] {processor.py:163} INFO - Started process (PID=1290) to work on /home/airflow/.local/lib/python3.7/site-packages/airflow/example_dags/example_complex.py
[2022-04-18 21:09:00,823] {processor.py:642} INFO - Processing file /home/airflow/.local/lib/python3.7/site-packages/airflow/example_dags/example_complex.py for tasks to queue
[2022-04-18 21:09:00,825] {logging_mixin.py:109} INFO - [2022-04-18 21:09:00,825] {dagbag.py:500} INFO - Filling up the DagBag from /home/airflow/.local/lib/python3.7/site-packages/airflow/example_dags/example_complex.py
[2022-04-18 21:09:00,853] {processor.py:652} INFO - DAG(s) dict_keys(['example_complex']) retrieved from /home/airflow/.local/lib/python3.7/site-packages/airflow/example_dags/example_complex.py
[2022-04-18 21:09:00,886] {logging_mixin.py:109} INFO - [2022-04-18 21:09:00,886] {dag.py:2398} INFO - Sync 1 DAGs
[2022-04-18 21:09:00,914] {logging_mixin.py:109} INFO - [2022-04-18 21:09:00,914] {dag.py:2937} INFO - Setting next_dagrun for example_complex to None
[2022-04-18 21:09:00,924] {processor.py:171} INFO - Processing /home/airflow/.local/lib/python3.7/site-packages/airflow/example_dags/example_complex.py took 0.108 seconds
