[2022-04-18 20:59:41,289] {processor.py:163} INFO - Started process (PID=213) to work on /home/airflow/.local/lib/python3.7/site-packages/airflow/example_dags/example_trigger_target_dag.py
[2022-04-18 20:59:41,298] {processor.py:642} INFO - Processing file /home/airflow/.local/lib/python3.7/site-packages/airflow/example_dags/example_trigger_target_dag.py for tasks to queue
[2022-04-18 20:59:41,301] {logging_mixin.py:109} INFO - [2022-04-18 20:59:41,301] {dagbag.py:500} INFO - Filling up the DagBag from /home/airflow/.local/lib/python3.7/site-packages/airflow/example_dags/example_trigger_target_dag.py
[2022-04-18 20:59:41,337] {processor.py:652} INFO - DAG(s) dict_keys(['example_trigger_target_dag']) retrieved from /home/airflow/.local/lib/python3.7/site-packages/airflow/example_dags/example_trigger_target_dag.py
[2022-04-18 20:59:43,567] {logging_mixin.py:109} INFO - [2022-04-18 20:59:43,567] {manager.py:496} INFO - Created Permission View: can read on DAG:example_trigger_target_dag
[2022-04-18 20:59:43,577] {logging_mixin.py:109} INFO - [2022-04-18 20:59:43,577] {manager.py:496} INFO - Created Permission View: can edit on DAG:example_trigger_target_dag
[2022-04-18 20:59:43,583] {logging_mixin.py:109} INFO - [2022-04-18 20:59:43,582] {dag.py:2398} INFO - Sync 1 DAGs
[2022-04-18 20:59:43,599] {logging_mixin.py:109} INFO - [2022-04-18 20:59:43,599] {dag.py:2417} INFO - Creating ORM DAG for example_trigger_target_dag
[2022-04-18 20:59:43,613] {logging_mixin.py:109} INFO - [2022-04-18 20:59:43,613] {dag.py:2937} INFO - Setting next_dagrun for example_trigger_target_dag to None
[2022-04-18 20:59:43,628] {processor.py:171} INFO - Processing /home/airflow/.local/lib/python3.7/site-packages/airflow/example_dags/example_trigger_target_dag.py took 2.358 seconds
[2022-04-18 21:00:13,750] {processor.py:163} INFO - Started process (PID=321) to work on /home/airflow/.local/lib/python3.7/site-packages/airflow/example_dags/example_trigger_target_dag.py
[2022-04-18 21:00:13,752] {processor.py:642} INFO - Processing file /home/airflow/.local/lib/python3.7/site-packages/airflow/example_dags/example_trigger_target_dag.py for tasks to queue
[2022-04-18 21:00:13,754] {logging_mixin.py:109} INFO - [2022-04-18 21:00:13,754] {dagbag.py:500} INFO - Filling up the DagBag from /home/airflow/.local/lib/python3.7/site-packages/airflow/example_dags/example_trigger_target_dag.py
[2022-04-18 21:00:13,781] {processor.py:652} INFO - DAG(s) dict_keys(['example_trigger_target_dag']) retrieved from /home/airflow/.local/lib/python3.7/site-packages/airflow/example_dags/example_trigger_target_dag.py
[2022-04-18 21:00:13,805] {logging_mixin.py:109} INFO - [2022-04-18 21:00:13,805] {dag.py:2398} INFO - Sync 1 DAGs
[2022-04-18 21:00:13,824] {logging_mixin.py:109} INFO - [2022-04-18 21:00:13,824] {dag.py:2937} INFO - Setting next_dagrun for example_trigger_target_dag to None
[2022-04-18 21:00:13,836] {processor.py:171} INFO - Processing /home/airflow/.local/lib/python3.7/site-packages/airflow/example_dags/example_trigger_target_dag.py took 0.090 seconds
[2022-04-18 21:00:43,899] {processor.py:163} INFO - Started process (PID=374) to work on /home/airflow/.local/lib/python3.7/site-packages/airflow/example_dags/example_trigger_target_dag.py
[2022-04-18 21:00:43,901] {processor.py:642} INFO - Processing file /home/airflow/.local/lib/python3.7/site-packages/airflow/example_dags/example_trigger_target_dag.py for tasks to queue
[2022-04-18 21:00:43,902] {logging_mixin.py:109} INFO - [2022-04-18 21:00:43,902] {dagbag.py:500} INFO - Filling up the DagBag from /home/airflow/.local/lib/python3.7/site-packages/airflow/example_dags/example_trigger_target_dag.py
[2022-04-18 21:00:43,927] {processor.py:652} INFO - DAG(s) dict_keys(['example_trigger_target_dag']) retrieved from /home/airflow/.local/lib/python3.7/site-packages/airflow/example_dags/example_trigger_target_dag.py
[2022-04-18 21:00:43,960] {logging_mixin.py:109} INFO - [2022-04-18 21:00:43,960] {dag.py:2398} INFO - Sync 1 DAGs
[2022-04-18 21:00:43,988] {logging_mixin.py:109} INFO - [2022-04-18 21:00:43,988] {dag.py:2937} INFO - Setting next_dagrun for example_trigger_target_dag to None
[2022-04-18 21:00:44,007] {processor.py:171} INFO - Processing /home/airflow/.local/lib/python3.7/site-packages/airflow/example_dags/example_trigger_target_dag.py took 0.113 seconds
[2022-04-18 21:01:14,289] {processor.py:163} INFO - Started process (PID=435) to work on /home/airflow/.local/lib/python3.7/site-packages/airflow/example_dags/example_trigger_target_dag.py
[2022-04-18 21:01:14,291] {processor.py:642} INFO - Processing file /home/airflow/.local/lib/python3.7/site-packages/airflow/example_dags/example_trigger_target_dag.py for tasks to queue
[2022-04-18 21:01:14,293] {logging_mixin.py:109} INFO - [2022-04-18 21:01:14,293] {dagbag.py:500} INFO - Filling up the DagBag from /home/airflow/.local/lib/python3.7/site-packages/airflow/example_dags/example_trigger_target_dag.py
[2022-04-18 21:01:14,313] {processor.py:652} INFO - DAG(s) dict_keys(['example_trigger_target_dag']) retrieved from /home/airflow/.local/lib/python3.7/site-packages/airflow/example_dags/example_trigger_target_dag.py
[2022-04-18 21:01:14,336] {logging_mixin.py:109} INFO - [2022-04-18 21:01:14,336] {dag.py:2398} INFO - Sync 1 DAGs
[2022-04-18 21:01:14,358] {logging_mixin.py:109} INFO - [2022-04-18 21:01:14,358] {dag.py:2937} INFO - Setting next_dagrun for example_trigger_target_dag to None
[2022-04-18 21:01:14,371] {processor.py:171} INFO - Processing /home/airflow/.local/lib/python3.7/site-packages/airflow/example_dags/example_trigger_target_dag.py took 0.086 seconds
[2022-04-18 21:01:44,743] {processor.py:163} INFO - Started process (PID=487) to work on /home/airflow/.local/lib/python3.7/site-packages/airflow/example_dags/example_trigger_target_dag.py
[2022-04-18 21:01:44,746] {processor.py:642} INFO - Processing file /home/airflow/.local/lib/python3.7/site-packages/airflow/example_dags/example_trigger_target_dag.py for tasks to queue
[2022-04-18 21:01:44,748] {logging_mixin.py:109} INFO - [2022-04-18 21:01:44,748] {dagbag.py:500} INFO - Filling up the DagBag from /home/airflow/.local/lib/python3.7/site-packages/airflow/example_dags/example_trigger_target_dag.py
[2022-04-18 21:01:44,778] {processor.py:652} INFO - DAG(s) dict_keys(['example_trigger_target_dag']) retrieved from /home/airflow/.local/lib/python3.7/site-packages/airflow/example_dags/example_trigger_target_dag.py
[2022-04-18 21:01:44,815] {logging_mixin.py:109} INFO - [2022-04-18 21:01:44,814] {dag.py:2398} INFO - Sync 1 DAGs
[2022-04-18 21:01:44,844] {logging_mixin.py:109} INFO - [2022-04-18 21:01:44,844] {dag.py:2937} INFO - Setting next_dagrun for example_trigger_target_dag to None
[2022-04-18 21:01:44,864] {processor.py:171} INFO - Processing /home/airflow/.local/lib/python3.7/site-packages/airflow/example_dags/example_trigger_target_dag.py took 0.127 seconds
[2022-04-18 21:02:15,282] {processor.py:163} INFO - Started process (PID=549) to work on /home/airflow/.local/lib/python3.7/site-packages/airflow/example_dags/example_trigger_target_dag.py
[2022-04-18 21:02:15,284] {processor.py:642} INFO - Processing file /home/airflow/.local/lib/python3.7/site-packages/airflow/example_dags/example_trigger_target_dag.py for tasks to queue
[2022-04-18 21:02:15,285] {logging_mixin.py:109} INFO - [2022-04-18 21:02:15,285] {dagbag.py:500} INFO - Filling up the DagBag from /home/airflow/.local/lib/python3.7/site-packages/airflow/example_dags/example_trigger_target_dag.py
[2022-04-18 21:02:15,304] {processor.py:652} INFO - DAG(s) dict_keys(['example_trigger_target_dag']) retrieved from /home/airflow/.local/lib/python3.7/site-packages/airflow/example_dags/example_trigger_target_dag.py
[2022-04-18 21:02:15,326] {logging_mixin.py:109} INFO - [2022-04-18 21:02:15,326] {dag.py:2398} INFO - Sync 1 DAGs
[2022-04-18 21:02:15,344] {logging_mixin.py:109} INFO - [2022-04-18 21:02:15,344] {dag.py:2937} INFO - Setting next_dagrun for example_trigger_target_dag to None
[2022-04-18 21:02:15,361] {processor.py:171} INFO - Processing /home/airflow/.local/lib/python3.7/site-packages/airflow/example_dags/example_trigger_target_dag.py took 0.083 seconds
[2022-04-18 21:02:45,579] {processor.py:163} INFO - Started process (PID=599) to work on /home/airflow/.local/lib/python3.7/site-packages/airflow/example_dags/example_trigger_target_dag.py
[2022-04-18 21:02:45,581] {processor.py:642} INFO - Processing file /home/airflow/.local/lib/python3.7/site-packages/airflow/example_dags/example_trigger_target_dag.py for tasks to queue
[2022-04-18 21:02:45,583] {logging_mixin.py:109} INFO - [2022-04-18 21:02:45,582] {dagbag.py:500} INFO - Filling up the DagBag from /home/airflow/.local/lib/python3.7/site-packages/airflow/example_dags/example_trigger_target_dag.py
[2022-04-18 21:02:45,602] {processor.py:652} INFO - DAG(s) dict_keys(['example_trigger_target_dag']) retrieved from /home/airflow/.local/lib/python3.7/site-packages/airflow/example_dags/example_trigger_target_dag.py
[2022-04-18 21:02:45,624] {logging_mixin.py:109} INFO - [2022-04-18 21:02:45,623] {dag.py:2398} INFO - Sync 1 DAGs
[2022-04-18 21:02:45,641] {logging_mixin.py:109} INFO - [2022-04-18 21:02:45,641] {dag.py:2937} INFO - Setting next_dagrun for example_trigger_target_dag to None
[2022-04-18 21:02:45,651] {processor.py:171} INFO - Processing /home/airflow/.local/lib/python3.7/site-packages/airflow/example_dags/example_trigger_target_dag.py took 0.076 seconds
[2022-04-18 21:03:15,871] {processor.py:163} INFO - Started process (PID=657) to work on /home/airflow/.local/lib/python3.7/site-packages/airflow/example_dags/example_trigger_target_dag.py
[2022-04-18 21:03:15,875] {processor.py:642} INFO - Processing file /home/airflow/.local/lib/python3.7/site-packages/airflow/example_dags/example_trigger_target_dag.py for tasks to queue
[2022-04-18 21:03:15,878] {logging_mixin.py:109} INFO - [2022-04-18 21:03:15,878] {dagbag.py:500} INFO - Filling up the DagBag from /home/airflow/.local/lib/python3.7/site-packages/airflow/example_dags/example_trigger_target_dag.py
[2022-04-18 21:03:15,931] {processor.py:652} INFO - DAG(s) dict_keys(['example_trigger_target_dag']) retrieved from /home/airflow/.local/lib/python3.7/site-packages/airflow/example_dags/example_trigger_target_dag.py
[2022-04-18 21:03:15,979] {logging_mixin.py:109} INFO - [2022-04-18 21:03:15,979] {dag.py:2398} INFO - Sync 1 DAGs
[2022-04-18 21:03:16,010] {logging_mixin.py:109} INFO - [2022-04-18 21:03:16,010] {dag.py:2937} INFO - Setting next_dagrun for example_trigger_target_dag to None
[2022-04-18 21:03:16,034] {processor.py:171} INFO - Processing /home/airflow/.local/lib/python3.7/site-packages/airflow/example_dags/example_trigger_target_dag.py took 0.170 seconds
[2022-04-18 21:03:46,447] {processor.py:163} INFO - Started process (PID=707) to work on /home/airflow/.local/lib/python3.7/site-packages/airflow/example_dags/example_trigger_target_dag.py
[2022-04-18 21:03:46,450] {processor.py:642} INFO - Processing file /home/airflow/.local/lib/python3.7/site-packages/airflow/example_dags/example_trigger_target_dag.py for tasks to queue
[2022-04-18 21:03:46,451] {logging_mixin.py:109} INFO - [2022-04-18 21:03:46,451] {dagbag.py:500} INFO - Filling up the DagBag from /home/airflow/.local/lib/python3.7/site-packages/airflow/example_dags/example_trigger_target_dag.py
[2022-04-18 21:03:46,472] {processor.py:652} INFO - DAG(s) dict_keys(['example_trigger_target_dag']) retrieved from /home/airflow/.local/lib/python3.7/site-packages/airflow/example_dags/example_trigger_target_dag.py
[2022-04-18 21:03:46,498] {logging_mixin.py:109} INFO - [2022-04-18 21:03:46,498] {dag.py:2398} INFO - Sync 1 DAGs
[2022-04-18 21:03:46,516] {logging_mixin.py:109} INFO - [2022-04-18 21:03:46,516] {dag.py:2937} INFO - Setting next_dagrun for example_trigger_target_dag to None
[2022-04-18 21:03:46,535] {processor.py:171} INFO - Processing /home/airflow/.local/lib/python3.7/site-packages/airflow/example_dags/example_trigger_target_dag.py took 0.092 seconds
[2022-04-18 21:04:16,816] {processor.py:163} INFO - Started process (PID=765) to work on /home/airflow/.local/lib/python3.7/site-packages/airflow/example_dags/example_trigger_target_dag.py
[2022-04-18 21:04:16,818] {processor.py:642} INFO - Processing file /home/airflow/.local/lib/python3.7/site-packages/airflow/example_dags/example_trigger_target_dag.py for tasks to queue
[2022-04-18 21:04:16,820] {logging_mixin.py:109} INFO - [2022-04-18 21:04:16,820] {dagbag.py:500} INFO - Filling up the DagBag from /home/airflow/.local/lib/python3.7/site-packages/airflow/example_dags/example_trigger_target_dag.py
[2022-04-18 21:04:16,847] {processor.py:652} INFO - DAG(s) dict_keys(['example_trigger_target_dag']) retrieved from /home/airflow/.local/lib/python3.7/site-packages/airflow/example_dags/example_trigger_target_dag.py
[2022-04-18 21:04:16,875] {logging_mixin.py:109} INFO - [2022-04-18 21:04:16,874] {dag.py:2398} INFO - Sync 1 DAGs
[2022-04-18 21:04:16,903] {logging_mixin.py:109} INFO - [2022-04-18 21:04:16,903] {dag.py:2937} INFO - Setting next_dagrun for example_trigger_target_dag to None
[2022-04-18 21:04:16,916] {processor.py:171} INFO - Processing /home/airflow/.local/lib/python3.7/site-packages/airflow/example_dags/example_trigger_target_dag.py took 0.106 seconds
[2022-04-18 21:04:47,127] {processor.py:163} INFO - Started process (PID=818) to work on /home/airflow/.local/lib/python3.7/site-packages/airflow/example_dags/example_trigger_target_dag.py
[2022-04-18 21:04:47,129] {processor.py:642} INFO - Processing file /home/airflow/.local/lib/python3.7/site-packages/airflow/example_dags/example_trigger_target_dag.py for tasks to queue
[2022-04-18 21:04:47,130] {logging_mixin.py:109} INFO - [2022-04-18 21:04:47,130] {dagbag.py:500} INFO - Filling up the DagBag from /home/airflow/.local/lib/python3.7/site-packages/airflow/example_dags/example_trigger_target_dag.py
[2022-04-18 21:04:47,153] {processor.py:652} INFO - DAG(s) dict_keys(['example_trigger_target_dag']) retrieved from /home/airflow/.local/lib/python3.7/site-packages/airflow/example_dags/example_trigger_target_dag.py
[2022-04-18 21:04:47,179] {logging_mixin.py:109} INFO - [2022-04-18 21:04:47,179] {dag.py:2398} INFO - Sync 1 DAGs
[2022-04-18 21:04:47,199] {logging_mixin.py:109} INFO - [2022-04-18 21:04:47,199] {dag.py:2937} INFO - Setting next_dagrun for example_trigger_target_dag to None
[2022-04-18 21:04:47,212] {processor.py:171} INFO - Processing /home/airflow/.local/lib/python3.7/site-packages/airflow/example_dags/example_trigger_target_dag.py took 0.090 seconds
[2022-04-18 21:05:17,722] {processor.py:163} INFO - Started process (PID=869) to work on /home/airflow/.local/lib/python3.7/site-packages/airflow/example_dags/example_trigger_target_dag.py
[2022-04-18 21:05:17,739] {processor.py:642} INFO - Processing file /home/airflow/.local/lib/python3.7/site-packages/airflow/example_dags/example_trigger_target_dag.py for tasks to queue
[2022-04-18 21:05:17,743] {logging_mixin.py:109} INFO - [2022-04-18 21:05:17,743] {dagbag.py:500} INFO - Filling up the DagBag from /home/airflow/.local/lib/python3.7/site-packages/airflow/example_dags/example_trigger_target_dag.py
[2022-04-18 21:05:17,793] {processor.py:652} INFO - DAG(s) dict_keys(['example_trigger_target_dag']) retrieved from /home/airflow/.local/lib/python3.7/site-packages/airflow/example_dags/example_trigger_target_dag.py
[2022-04-18 21:05:17,836] {logging_mixin.py:109} INFO - [2022-04-18 21:05:17,835] {dag.py:2398} INFO - Sync 1 DAGs
[2022-04-18 21:05:17,866] {logging_mixin.py:109} INFO - [2022-04-18 21:05:17,866] {dag.py:2937} INFO - Setting next_dagrun for example_trigger_target_dag to None
[2022-04-18 21:05:17,892] {processor.py:171} INFO - Processing /home/airflow/.local/lib/python3.7/site-packages/airflow/example_dags/example_trigger_target_dag.py took 0.181 seconds
[2022-04-18 21:05:47,930] {processor.py:163} INFO - Started process (PID=929) to work on /home/airflow/.local/lib/python3.7/site-packages/airflow/example_dags/example_trigger_target_dag.py
[2022-04-18 21:05:47,933] {processor.py:642} INFO - Processing file /home/airflow/.local/lib/python3.7/site-packages/airflow/example_dags/example_trigger_target_dag.py for tasks to queue
[2022-04-18 21:05:47,934] {logging_mixin.py:109} INFO - [2022-04-18 21:05:47,934] {dagbag.py:500} INFO - Filling up the DagBag from /home/airflow/.local/lib/python3.7/site-packages/airflow/example_dags/example_trigger_target_dag.py
[2022-04-18 21:05:47,957] {processor.py:652} INFO - DAG(s) dict_keys(['example_trigger_target_dag']) retrieved from /home/airflow/.local/lib/python3.7/site-packages/airflow/example_dags/example_trigger_target_dag.py
[2022-04-18 21:05:47,980] {logging_mixin.py:109} INFO - [2022-04-18 21:05:47,980] {dag.py:2398} INFO - Sync 1 DAGs
[2022-04-18 21:05:47,998] {logging_mixin.py:109} INFO - [2022-04-18 21:05:47,998] {dag.py:2937} INFO - Setting next_dagrun for example_trigger_target_dag to None
[2022-04-18 21:05:48,010] {processor.py:171} INFO - Processing /home/airflow/.local/lib/python3.7/site-packages/airflow/example_dags/example_trigger_target_dag.py took 0.084 seconds
[2022-04-18 21:06:18,852] {processor.py:163} INFO - Started process (PID=981) to work on /home/airflow/.local/lib/python3.7/site-packages/airflow/example_dags/example_trigger_target_dag.py
[2022-04-18 21:06:18,855] {processor.py:642} INFO - Processing file /home/airflow/.local/lib/python3.7/site-packages/airflow/example_dags/example_trigger_target_dag.py for tasks to queue
[2022-04-18 21:06:18,856] {logging_mixin.py:109} INFO - [2022-04-18 21:06:18,856] {dagbag.py:500} INFO - Filling up the DagBag from /home/airflow/.local/lib/python3.7/site-packages/airflow/example_dags/example_trigger_target_dag.py
[2022-04-18 21:06:18,880] {processor.py:652} INFO - DAG(s) dict_keys(['example_trigger_target_dag']) retrieved from /home/airflow/.local/lib/python3.7/site-packages/airflow/example_dags/example_trigger_target_dag.py
[2022-04-18 21:06:18,906] {logging_mixin.py:109} INFO - [2022-04-18 21:06:18,906] {dag.py:2398} INFO - Sync 1 DAGs
[2022-04-18 21:06:18,927] {logging_mixin.py:109} INFO - [2022-04-18 21:06:18,927] {dag.py:2937} INFO - Setting next_dagrun for example_trigger_target_dag to None
[2022-04-18 21:06:18,938] {processor.py:171} INFO - Processing /home/airflow/.local/lib/python3.7/site-packages/airflow/example_dags/example_trigger_target_dag.py took 0.090 seconds
[2022-04-18 21:06:49,501] {processor.py:163} INFO - Started process (PID=1042) to work on /home/airflow/.local/lib/python3.7/site-packages/airflow/example_dags/example_trigger_target_dag.py
[2022-04-18 21:06:49,504] {processor.py:642} INFO - Processing file /home/airflow/.local/lib/python3.7/site-packages/airflow/example_dags/example_trigger_target_dag.py for tasks to queue
[2022-04-18 21:06:49,505] {logging_mixin.py:109} INFO - [2022-04-18 21:06:49,505] {dagbag.py:500} INFO - Filling up the DagBag from /home/airflow/.local/lib/python3.7/site-packages/airflow/example_dags/example_trigger_target_dag.py
[2022-04-18 21:06:49,526] {processor.py:652} INFO - DAG(s) dict_keys(['example_trigger_target_dag']) retrieved from /home/airflow/.local/lib/python3.7/site-packages/airflow/example_dags/example_trigger_target_dag.py
[2022-04-18 21:06:49,548] {logging_mixin.py:109} INFO - [2022-04-18 21:06:49,548] {dag.py:2398} INFO - Sync 1 DAGs
[2022-04-18 21:06:49,565] {logging_mixin.py:109} INFO - [2022-04-18 21:06:49,565] {dag.py:2937} INFO - Setting next_dagrun for example_trigger_target_dag to None
[2022-04-18 21:06:49,581] {processor.py:171} INFO - Processing /home/airflow/.local/lib/python3.7/site-packages/airflow/example_dags/example_trigger_target_dag.py took 0.085 seconds
[2022-04-18 21:07:20,030] {processor.py:163} INFO - Started process (PID=1094) to work on /home/airflow/.local/lib/python3.7/site-packages/airflow/example_dags/example_trigger_target_dag.py
[2022-04-18 21:07:20,036] {processor.py:642} INFO - Processing file /home/airflow/.local/lib/python3.7/site-packages/airflow/example_dags/example_trigger_target_dag.py for tasks to queue
[2022-04-18 21:07:20,038] {logging_mixin.py:109} INFO - [2022-04-18 21:07:20,038] {dagbag.py:500} INFO - Filling up the DagBag from /home/airflow/.local/lib/python3.7/site-packages/airflow/example_dags/example_trigger_target_dag.py
[2022-04-18 21:07:20,061] {processor.py:652} INFO - DAG(s) dict_keys(['example_trigger_target_dag']) retrieved from /home/airflow/.local/lib/python3.7/site-packages/airflow/example_dags/example_trigger_target_dag.py
[2022-04-18 21:07:20,084] {logging_mixin.py:109} INFO - [2022-04-18 21:07:20,084] {dag.py:2398} INFO - Sync 1 DAGs
[2022-04-18 21:07:20,106] {logging_mixin.py:109} INFO - [2022-04-18 21:07:20,106] {dag.py:2937} INFO - Setting next_dagrun for example_trigger_target_dag to None
[2022-04-18 21:07:20,115] {processor.py:171} INFO - Processing /home/airflow/.local/lib/python3.7/site-packages/airflow/example_dags/example_trigger_target_dag.py took 0.090 seconds
[2022-04-18 21:07:50,201] {processor.py:163} INFO - Started process (PID=1156) to work on /home/airflow/.local/lib/python3.7/site-packages/airflow/example_dags/example_trigger_target_dag.py
[2022-04-18 21:07:50,203] {processor.py:642} INFO - Processing file /home/airflow/.local/lib/python3.7/site-packages/airflow/example_dags/example_trigger_target_dag.py for tasks to queue
[2022-04-18 21:07:50,205] {logging_mixin.py:109} INFO - [2022-04-18 21:07:50,205] {dagbag.py:500} INFO - Filling up the DagBag from /home/airflow/.local/lib/python3.7/site-packages/airflow/example_dags/example_trigger_target_dag.py
[2022-04-18 21:07:50,230] {processor.py:652} INFO - DAG(s) dict_keys(['example_trigger_target_dag']) retrieved from /home/airflow/.local/lib/python3.7/site-packages/airflow/example_dags/example_trigger_target_dag.py
[2022-04-18 21:07:50,258] {logging_mixin.py:109} INFO - [2022-04-18 21:07:50,258] {dag.py:2398} INFO - Sync 1 DAGs
[2022-04-18 21:07:50,278] {logging_mixin.py:109} INFO - [2022-04-18 21:07:50,278] {dag.py:2937} INFO - Setting next_dagrun for example_trigger_target_dag to None
[2022-04-18 21:07:50,294] {processor.py:171} INFO - Processing /home/airflow/.local/lib/python3.7/site-packages/airflow/example_dags/example_trigger_target_dag.py took 0.097 seconds
[2022-04-18 21:08:20,824] {processor.py:163} INFO - Started process (PID=1208) to work on /home/airflow/.local/lib/python3.7/site-packages/airflow/example_dags/example_trigger_target_dag.py
[2022-04-18 21:08:20,826] {processor.py:642} INFO - Processing file /home/airflow/.local/lib/python3.7/site-packages/airflow/example_dags/example_trigger_target_dag.py for tasks to queue
[2022-04-18 21:08:20,828] {logging_mixin.py:109} INFO - [2022-04-18 21:08:20,828] {dagbag.py:500} INFO - Filling up the DagBag from /home/airflow/.local/lib/python3.7/site-packages/airflow/example_dags/example_trigger_target_dag.py
[2022-04-18 21:08:20,851] {processor.py:652} INFO - DAG(s) dict_keys(['example_trigger_target_dag']) retrieved from /home/airflow/.local/lib/python3.7/site-packages/airflow/example_dags/example_trigger_target_dag.py
[2022-04-18 21:08:20,874] {logging_mixin.py:109} INFO - [2022-04-18 21:08:20,874] {dag.py:2398} INFO - Sync 1 DAGs
[2022-04-18 21:08:20,893] {logging_mixin.py:109} INFO - [2022-04-18 21:08:20,892] {dag.py:2937} INFO - Setting next_dagrun for example_trigger_target_dag to None
[2022-04-18 21:08:20,905] {processor.py:171} INFO - Processing /home/airflow/.local/lib/python3.7/site-packages/airflow/example_dags/example_trigger_target_dag.py took 0.087 seconds
[2022-04-18 21:08:51,012] {processor.py:163} INFO - Started process (PID=1267) to work on /home/airflow/.local/lib/python3.7/site-packages/airflow/example_dags/example_trigger_target_dag.py
[2022-04-18 21:08:51,014] {processor.py:642} INFO - Processing file /home/airflow/.local/lib/python3.7/site-packages/airflow/example_dags/example_trigger_target_dag.py for tasks to queue
[2022-04-18 21:08:51,015] {logging_mixin.py:109} INFO - [2022-04-18 21:08:51,015] {dagbag.py:500} INFO - Filling up the DagBag from /home/airflow/.local/lib/python3.7/site-packages/airflow/example_dags/example_trigger_target_dag.py
[2022-04-18 21:08:51,034] {processor.py:652} INFO - DAG(s) dict_keys(['example_trigger_target_dag']) retrieved from /home/airflow/.local/lib/python3.7/site-packages/airflow/example_dags/example_trigger_target_dag.py
[2022-04-18 21:08:51,055] {logging_mixin.py:109} INFO - [2022-04-18 21:08:51,055] {dag.py:2398} INFO - Sync 1 DAGs
[2022-04-18 21:08:51,073] {logging_mixin.py:109} INFO - [2022-04-18 21:08:51,073] {dag.py:2937} INFO - Setting next_dagrun for example_trigger_target_dag to None
[2022-04-18 21:08:51,087] {processor.py:171} INFO - Processing /home/airflow/.local/lib/python3.7/site-packages/airflow/example_dags/example_trigger_target_dag.py took 0.079 seconds
[2022-04-18 21:09:21,473] {processor.py:163} INFO - Started process (PID=1317) to work on /home/airflow/.local/lib/python3.7/site-packages/airflow/example_dags/example_trigger_target_dag.py
[2022-04-18 21:09:21,476] {processor.py:642} INFO - Processing file /home/airflow/.local/lib/python3.7/site-packages/airflow/example_dags/example_trigger_target_dag.py for tasks to queue
[2022-04-18 21:09:21,477] {logging_mixin.py:109} INFO - [2022-04-18 21:09:21,477] {dagbag.py:500} INFO - Filling up the DagBag from /home/airflow/.local/lib/python3.7/site-packages/airflow/example_dags/example_trigger_target_dag.py
[2022-04-18 21:09:21,512] {processor.py:652} INFO - DAG(s) dict_keys(['example_trigger_target_dag']) retrieved from /home/airflow/.local/lib/python3.7/site-packages/airflow/example_dags/example_trigger_target_dag.py
[2022-04-18 21:09:21,541] {logging_mixin.py:109} INFO - [2022-04-18 21:09:21,541] {dag.py:2398} INFO - Sync 1 DAGs
[2022-04-18 21:09:21,566] {logging_mixin.py:109} INFO - [2022-04-18 21:09:21,566] {dag.py:2937} INFO - Setting next_dagrun for example_trigger_target_dag to None
[2022-04-18 21:09:21,586] {processor.py:171} INFO - Processing /home/airflow/.local/lib/python3.7/site-packages/airflow/example_dags/example_trigger_target_dag.py took 0.118 seconds
