[2022-04-18 20:59:18,321] {processor.py:163} INFO - Started process (PID=68) to work on /home/airflow/.local/lib/python3.7/site-packages/airflow/example_dags/example_dag_decorator.py
[2022-04-18 20:59:18,323] {processor.py:642} INFO - Processing file /home/airflow/.local/lib/python3.7/site-packages/airflow/example_dags/example_dag_decorator.py for tasks to queue
[2022-04-18 20:59:18,325] {logging_mixin.py:109} INFO - [2022-04-18 20:59:18,325] {dagbag.py:500} INFO - Filling up the DagBag from /home/airflow/.local/lib/python3.7/site-packages/airflow/example_dags/example_dag_decorator.py
[2022-04-18 20:59:18,380] {processor.py:652} INFO - DAG(s) dict_keys(['example_dag_decorator']) retrieved from /home/airflow/.local/lib/python3.7/site-packages/airflow/example_dags/example_dag_decorator.py
[2022-04-18 20:59:22,605] {logging_mixin.py:109} INFO - [2022-04-18 20:59:22,605] {manager.py:496} INFO - Created Permission View: can read on DAG:example_dag_decorator
[2022-04-18 20:59:22,643] {logging_mixin.py:109} INFO - [2022-04-18 20:59:22,643] {manager.py:496} INFO - Created Permission View: can edit on DAG:example_dag_decorator
[2022-04-18 20:59:22,645] {logging_mixin.py:109} INFO - [2022-04-18 20:59:22,645] {dag.py:2398} INFO - Sync 1 DAGs
[2022-04-18 20:59:22,670] {logging_mixin.py:109} INFO - [2022-04-18 20:59:22,670] {dag.py:2417} INFO - Creating ORM DAG for example_dag_decorator
[2022-04-18 20:59:22,700] {logging_mixin.py:109} INFO - [2022-04-18 20:59:22,700] {dag.py:2937} INFO - Setting next_dagrun for example_dag_decorator to None
[2022-04-18 20:59:22,743] {processor.py:171} INFO - Processing /home/airflow/.local/lib/python3.7/site-packages/airflow/example_dags/example_dag_decorator.py took 4.428 seconds
[2022-04-18 20:59:53,096] {processor.py:163} INFO - Started process (PID=283) to work on /home/airflow/.local/lib/python3.7/site-packages/airflow/example_dags/example_dag_decorator.py
[2022-04-18 20:59:53,098] {processor.py:642} INFO - Processing file /home/airflow/.local/lib/python3.7/site-packages/airflow/example_dags/example_dag_decorator.py for tasks to queue
[2022-04-18 20:59:53,100] {logging_mixin.py:109} INFO - [2022-04-18 20:59:53,100] {dagbag.py:500} INFO - Filling up the DagBag from /home/airflow/.local/lib/python3.7/site-packages/airflow/example_dags/example_dag_decorator.py
[2022-04-18 20:59:53,144] {processor.py:652} INFO - DAG(s) dict_keys(['example_dag_decorator']) retrieved from /home/airflow/.local/lib/python3.7/site-packages/airflow/example_dags/example_dag_decorator.py
[2022-04-18 20:59:53,469] {logging_mixin.py:109} INFO - [2022-04-18 20:59:53,469] {dag.py:2398} INFO - Sync 1 DAGs
[2022-04-18 20:59:53,482] {logging_mixin.py:109} INFO - [2022-04-18 20:59:53,482] {dag.py:2937} INFO - Setting next_dagrun for example_dag_decorator to None
[2022-04-18 20:59:53,492] {processor.py:171} INFO - Processing /home/airflow/.local/lib/python3.7/site-packages/airflow/example_dags/example_dag_decorator.py took 0.402 seconds
[2022-04-18 21:00:24,438] {processor.py:163} INFO - Started process (PID=345) to work on /home/airflow/.local/lib/python3.7/site-packages/airflow/example_dags/example_dag_decorator.py
[2022-04-18 21:00:24,440] {processor.py:642} INFO - Processing file /home/airflow/.local/lib/python3.7/site-packages/airflow/example_dags/example_dag_decorator.py for tasks to queue
[2022-04-18 21:00:24,441] {logging_mixin.py:109} INFO - [2022-04-18 21:00:24,441] {dagbag.py:500} INFO - Filling up the DagBag from /home/airflow/.local/lib/python3.7/site-packages/airflow/example_dags/example_dag_decorator.py
[2022-04-18 21:00:24,470] {processor.py:652} INFO - DAG(s) dict_keys(['example_dag_decorator']) retrieved from /home/airflow/.local/lib/python3.7/site-packages/airflow/example_dags/example_dag_decorator.py
[2022-04-18 21:00:24,791] {logging_mixin.py:109} INFO - [2022-04-18 21:00:24,791] {dag.py:2398} INFO - Sync 1 DAGs
[2022-04-18 21:00:24,805] {logging_mixin.py:109} INFO - [2022-04-18 21:00:24,805] {dag.py:2937} INFO - Setting next_dagrun for example_dag_decorator to None
[2022-04-18 21:00:24,819] {processor.py:171} INFO - Processing /home/airflow/.local/lib/python3.7/site-packages/airflow/example_dags/example_dag_decorator.py took 0.385 seconds
[2022-04-18 21:00:55,614] {processor.py:163} INFO - Started process (PID=397) to work on /home/airflow/.local/lib/python3.7/site-packages/airflow/example_dags/example_dag_decorator.py
[2022-04-18 21:00:55,617] {processor.py:642} INFO - Processing file /home/airflow/.local/lib/python3.7/site-packages/airflow/example_dags/example_dag_decorator.py for tasks to queue
[2022-04-18 21:00:55,618] {logging_mixin.py:109} INFO - [2022-04-18 21:00:55,618] {dagbag.py:500} INFO - Filling up the DagBag from /home/airflow/.local/lib/python3.7/site-packages/airflow/example_dags/example_dag_decorator.py
[2022-04-18 21:00:55,651] {processor.py:652} INFO - DAG(s) dict_keys(['example_dag_decorator']) retrieved from /home/airflow/.local/lib/python3.7/site-packages/airflow/example_dags/example_dag_decorator.py
[2022-04-18 21:00:55,981] {logging_mixin.py:109} INFO - [2022-04-18 21:00:55,981] {dag.py:2398} INFO - Sync 1 DAGs
[2022-04-18 21:00:55,999] {logging_mixin.py:109} INFO - [2022-04-18 21:00:55,999] {dag.py:2937} INFO - Setting next_dagrun for example_dag_decorator to None
[2022-04-18 21:00:56,020] {processor.py:171} INFO - Processing /home/airflow/.local/lib/python3.7/site-packages/airflow/example_dags/example_dag_decorator.py took 0.410 seconds
[2022-04-18 21:01:26,526] {processor.py:163} INFO - Started process (PID=459) to work on /home/airflow/.local/lib/python3.7/site-packages/airflow/example_dags/example_dag_decorator.py
[2022-04-18 21:01:26,529] {processor.py:642} INFO - Processing file /home/airflow/.local/lib/python3.7/site-packages/airflow/example_dags/example_dag_decorator.py for tasks to queue
[2022-04-18 21:01:26,531] {logging_mixin.py:109} INFO - [2022-04-18 21:01:26,531] {dagbag.py:500} INFO - Filling up the DagBag from /home/airflow/.local/lib/python3.7/site-packages/airflow/example_dags/example_dag_decorator.py
[2022-04-18 21:01:26,576] {processor.py:652} INFO - DAG(s) dict_keys(['example_dag_decorator']) retrieved from /home/airflow/.local/lib/python3.7/site-packages/airflow/example_dags/example_dag_decorator.py
[2022-04-18 21:01:26,985] {logging_mixin.py:109} INFO - [2022-04-18 21:01:26,985] {dag.py:2398} INFO - Sync 1 DAGs
[2022-04-18 21:01:27,002] {logging_mixin.py:109} INFO - [2022-04-18 21:01:27,002] {dag.py:2937} INFO - Setting next_dagrun for example_dag_decorator to None
[2022-04-18 21:01:27,017] {processor.py:171} INFO - Processing /home/airflow/.local/lib/python3.7/site-packages/airflow/example_dags/example_dag_decorator.py took 0.496 seconds
[2022-04-18 21:01:57,896] {processor.py:163} INFO - Started process (PID=510) to work on /home/airflow/.local/lib/python3.7/site-packages/airflow/example_dags/example_dag_decorator.py
[2022-04-18 21:01:57,899] {processor.py:642} INFO - Processing file /home/airflow/.local/lib/python3.7/site-packages/airflow/example_dags/example_dag_decorator.py for tasks to queue
[2022-04-18 21:01:57,901] {logging_mixin.py:109} INFO - [2022-04-18 21:01:57,900] {dagbag.py:500} INFO - Filling up the DagBag from /home/airflow/.local/lib/python3.7/site-packages/airflow/example_dags/example_dag_decorator.py
[2022-04-18 21:01:57,932] {processor.py:652} INFO - DAG(s) dict_keys(['example_dag_decorator']) retrieved from /home/airflow/.local/lib/python3.7/site-packages/airflow/example_dags/example_dag_decorator.py
[2022-04-18 21:01:58,304] {logging_mixin.py:109} INFO - [2022-04-18 21:01:58,304] {dag.py:2398} INFO - Sync 1 DAGs
[2022-04-18 21:01:58,324] {logging_mixin.py:109} INFO - [2022-04-18 21:01:58,324] {dag.py:2937} INFO - Setting next_dagrun for example_dag_decorator to None
[2022-04-18 21:01:58,342] {processor.py:171} INFO - Processing /home/airflow/.local/lib/python3.7/site-packages/airflow/example_dags/example_dag_decorator.py took 0.451 seconds
[2022-04-18 21:02:29,170] {processor.py:163} INFO - Started process (PID=572) to work on /home/airflow/.local/lib/python3.7/site-packages/airflow/example_dags/example_dag_decorator.py
[2022-04-18 21:02:29,172] {processor.py:642} INFO - Processing file /home/airflow/.local/lib/python3.7/site-packages/airflow/example_dags/example_dag_decorator.py for tasks to queue
[2022-04-18 21:02:29,174] {logging_mixin.py:109} INFO - [2022-04-18 21:02:29,174] {dagbag.py:500} INFO - Filling up the DagBag from /home/airflow/.local/lib/python3.7/site-packages/airflow/example_dags/example_dag_decorator.py
[2022-04-18 21:02:29,205] {processor.py:652} INFO - DAG(s) dict_keys(['example_dag_decorator']) retrieved from /home/airflow/.local/lib/python3.7/site-packages/airflow/example_dags/example_dag_decorator.py
[2022-04-18 21:02:29,504] {logging_mixin.py:109} INFO - [2022-04-18 21:02:29,504] {dag.py:2398} INFO - Sync 1 DAGs
[2022-04-18 21:02:29,516] {logging_mixin.py:109} INFO - [2022-04-18 21:02:29,516] {dag.py:2937} INFO - Setting next_dagrun for example_dag_decorator to None
[2022-04-18 21:02:29,526] {processor.py:171} INFO - Processing /home/airflow/.local/lib/python3.7/site-packages/airflow/example_dags/example_dag_decorator.py took 0.362 seconds
[2022-04-18 21:02:59,587] {processor.py:163} INFO - Started process (PID=622) to work on /home/airflow/.local/lib/python3.7/site-packages/airflow/example_dags/example_dag_decorator.py
[2022-04-18 21:02:59,590] {processor.py:642} INFO - Processing file /home/airflow/.local/lib/python3.7/site-packages/airflow/example_dags/example_dag_decorator.py for tasks to queue
[2022-04-18 21:02:59,591] {logging_mixin.py:109} INFO - [2022-04-18 21:02:59,591] {dagbag.py:500} INFO - Filling up the DagBag from /home/airflow/.local/lib/python3.7/site-packages/airflow/example_dags/example_dag_decorator.py
[2022-04-18 21:02:59,620] {processor.py:652} INFO - DAG(s) dict_keys(['example_dag_decorator']) retrieved from /home/airflow/.local/lib/python3.7/site-packages/airflow/example_dags/example_dag_decorator.py
[2022-04-18 21:02:59,902] {logging_mixin.py:109} INFO - [2022-04-18 21:02:59,902] {dag.py:2398} INFO - Sync 1 DAGs
[2022-04-18 21:02:59,913] {logging_mixin.py:109} INFO - [2022-04-18 21:02:59,913] {dag.py:2937} INFO - Setting next_dagrun for example_dag_decorator to None
[2022-04-18 21:02:59,922] {processor.py:171} INFO - Processing /home/airflow/.local/lib/python3.7/site-packages/airflow/example_dags/example_dag_decorator.py took 0.341 seconds
[2022-04-18 21:03:30,140] {processor.py:163} INFO - Started process (PID=681) to work on /home/airflow/.local/lib/python3.7/site-packages/airflow/example_dags/example_dag_decorator.py
[2022-04-18 21:03:30,142] {processor.py:642} INFO - Processing file /home/airflow/.local/lib/python3.7/site-packages/airflow/example_dags/example_dag_decorator.py for tasks to queue
[2022-04-18 21:03:30,143] {logging_mixin.py:109} INFO - [2022-04-18 21:03:30,143] {dagbag.py:500} INFO - Filling up the DagBag from /home/airflow/.local/lib/python3.7/site-packages/airflow/example_dags/example_dag_decorator.py
[2022-04-18 21:03:30,170] {processor.py:652} INFO - DAG(s) dict_keys(['example_dag_decorator']) retrieved from /home/airflow/.local/lib/python3.7/site-packages/airflow/example_dags/example_dag_decorator.py
[2022-04-18 21:03:30,479] {logging_mixin.py:109} INFO - [2022-04-18 21:03:30,479] {dag.py:2398} INFO - Sync 1 DAGs
[2022-04-18 21:03:30,493] {logging_mixin.py:109} INFO - [2022-04-18 21:03:30,493] {dag.py:2937} INFO - Setting next_dagrun for example_dag_decorator to None
[2022-04-18 21:03:30,504] {processor.py:171} INFO - Processing /home/airflow/.local/lib/python3.7/site-packages/airflow/example_dags/example_dag_decorator.py took 0.369 seconds
[2022-04-18 21:04:00,620] {processor.py:163} INFO - Started process (PID=733) to work on /home/airflow/.local/lib/python3.7/site-packages/airflow/example_dags/example_dag_decorator.py
[2022-04-18 21:04:00,622] {processor.py:642} INFO - Processing file /home/airflow/.local/lib/python3.7/site-packages/airflow/example_dags/example_dag_decorator.py for tasks to queue
[2022-04-18 21:04:00,624] {logging_mixin.py:109} INFO - [2022-04-18 21:04:00,624] {dagbag.py:500} INFO - Filling up the DagBag from /home/airflow/.local/lib/python3.7/site-packages/airflow/example_dags/example_dag_decorator.py
[2022-04-18 21:04:00,654] {processor.py:652} INFO - DAG(s) dict_keys(['example_dag_decorator']) retrieved from /home/airflow/.local/lib/python3.7/site-packages/airflow/example_dags/example_dag_decorator.py
[2022-04-18 21:04:00,978] {logging_mixin.py:109} INFO - [2022-04-18 21:04:00,978] {dag.py:2398} INFO - Sync 1 DAGs
[2022-04-18 21:04:00,996] {logging_mixin.py:109} INFO - [2022-04-18 21:04:00,996] {dag.py:2937} INFO - Setting next_dagrun for example_dag_decorator to None
[2022-04-18 21:04:01,011] {processor.py:171} INFO - Processing /home/airflow/.local/lib/python3.7/site-packages/airflow/example_dags/example_dag_decorator.py took 0.396 seconds
[2022-04-18 21:04:31,181] {processor.py:163} INFO - Started process (PID=794) to work on /home/airflow/.local/lib/python3.7/site-packages/airflow/example_dags/example_dag_decorator.py
[2022-04-18 21:04:31,183] {processor.py:642} INFO - Processing file /home/airflow/.local/lib/python3.7/site-packages/airflow/example_dags/example_dag_decorator.py for tasks to queue
[2022-04-18 21:04:31,185] {logging_mixin.py:109} INFO - [2022-04-18 21:04:31,185] {dagbag.py:500} INFO - Filling up the DagBag from /home/airflow/.local/lib/python3.7/site-packages/airflow/example_dags/example_dag_decorator.py
[2022-04-18 21:04:31,237] {processor.py:652} INFO - DAG(s) dict_keys(['example_dag_decorator']) retrieved from /home/airflow/.local/lib/python3.7/site-packages/airflow/example_dags/example_dag_decorator.py
[2022-04-18 21:04:31,914] {logging_mixin.py:109} INFO - [2022-04-18 21:04:31,914] {dag.py:2398} INFO - Sync 1 DAGs
[2022-04-18 21:04:31,949] {logging_mixin.py:109} INFO - [2022-04-18 21:04:31,949] {dag.py:2937} INFO - Setting next_dagrun for example_dag_decorator to None
[2022-04-18 21:04:31,996] {processor.py:171} INFO - Processing /home/airflow/.local/lib/python3.7/site-packages/airflow/example_dags/example_dag_decorator.py took 0.820 seconds
[2022-04-18 21:05:02,364] {processor.py:163} INFO - Started process (PID=845) to work on /home/airflow/.local/lib/python3.7/site-packages/airflow/example_dags/example_dag_decorator.py
[2022-04-18 21:05:02,366] {processor.py:642} INFO - Processing file /home/airflow/.local/lib/python3.7/site-packages/airflow/example_dags/example_dag_decorator.py for tasks to queue
[2022-04-18 21:05:02,367] {logging_mixin.py:109} INFO - [2022-04-18 21:05:02,367] {dagbag.py:500} INFO - Filling up the DagBag from /home/airflow/.local/lib/python3.7/site-packages/airflow/example_dags/example_dag_decorator.py
[2022-04-18 21:05:02,394] {processor.py:652} INFO - DAG(s) dict_keys(['example_dag_decorator']) retrieved from /home/airflow/.local/lib/python3.7/site-packages/airflow/example_dags/example_dag_decorator.py
[2022-04-18 21:05:02,693] {logging_mixin.py:109} INFO - [2022-04-18 21:05:02,692] {dag.py:2398} INFO - Sync 1 DAGs
[2022-04-18 21:05:02,707] {logging_mixin.py:109} INFO - [2022-04-18 21:05:02,706] {dag.py:2937} INFO - Setting next_dagrun for example_dag_decorator to None
[2022-04-18 21:05:02,717] {processor.py:171} INFO - Processing /home/airflow/.local/lib/python3.7/site-packages/airflow/example_dags/example_dag_decorator.py took 0.357 seconds
[2022-04-18 21:05:32,836] {processor.py:163} INFO - Started process (PID=905) to work on /home/airflow/.local/lib/python3.7/site-packages/airflow/example_dags/example_dag_decorator.py
[2022-04-18 21:05:32,838] {processor.py:642} INFO - Processing file /home/airflow/.local/lib/python3.7/site-packages/airflow/example_dags/example_dag_decorator.py for tasks to queue
[2022-04-18 21:05:32,839] {logging_mixin.py:109} INFO - [2022-04-18 21:05:32,839] {dagbag.py:500} INFO - Filling up the DagBag from /home/airflow/.local/lib/python3.7/site-packages/airflow/example_dags/example_dag_decorator.py
[2022-04-18 21:05:32,865] {processor.py:652} INFO - DAG(s) dict_keys(['example_dag_decorator']) retrieved from /home/airflow/.local/lib/python3.7/site-packages/airflow/example_dags/example_dag_decorator.py
[2022-04-18 21:05:33,305] {logging_mixin.py:109} INFO - [2022-04-18 21:05:33,305] {dag.py:2398} INFO - Sync 1 DAGs
[2022-04-18 21:05:33,338] {logging_mixin.py:109} INFO - [2022-04-18 21:05:33,337] {dag.py:2937} INFO - Setting next_dagrun for example_dag_decorator to None
[2022-04-18 21:05:33,372] {processor.py:171} INFO - Processing /home/airflow/.local/lib/python3.7/site-packages/airflow/example_dags/example_dag_decorator.py took 0.540 seconds
[2022-04-18 21:06:04,301] {processor.py:163} INFO - Started process (PID=957) to work on /home/airflow/.local/lib/python3.7/site-packages/airflow/example_dags/example_dag_decorator.py
[2022-04-18 21:06:04,303] {processor.py:642} INFO - Processing file /home/airflow/.local/lib/python3.7/site-packages/airflow/example_dags/example_dag_decorator.py for tasks to queue
[2022-04-18 21:06:04,304] {logging_mixin.py:109} INFO - [2022-04-18 21:06:04,304] {dagbag.py:500} INFO - Filling up the DagBag from /home/airflow/.local/lib/python3.7/site-packages/airflow/example_dags/example_dag_decorator.py
[2022-04-18 21:06:04,332] {processor.py:652} INFO - DAG(s) dict_keys(['example_dag_decorator']) retrieved from /home/airflow/.local/lib/python3.7/site-packages/airflow/example_dags/example_dag_decorator.py
[2022-04-18 21:06:04,637] {logging_mixin.py:109} INFO - [2022-04-18 21:06:04,637] {dag.py:2398} INFO - Sync 1 DAGs
[2022-04-18 21:06:04,651] {logging_mixin.py:109} INFO - [2022-04-18 21:06:04,651] {dag.py:2937} INFO - Setting next_dagrun for example_dag_decorator to None
[2022-04-18 21:06:04,661] {processor.py:171} INFO - Processing /home/airflow/.local/lib/python3.7/site-packages/airflow/example_dags/example_dag_decorator.py took 0.365 seconds
[2022-04-18 21:06:35,118] {processor.py:163} INFO - Started process (PID=1017) to work on /home/airflow/.local/lib/python3.7/site-packages/airflow/example_dags/example_dag_decorator.py
[2022-04-18 21:06:35,121] {processor.py:642} INFO - Processing file /home/airflow/.local/lib/python3.7/site-packages/airflow/example_dags/example_dag_decorator.py for tasks to queue
[2022-04-18 21:06:35,122] {logging_mixin.py:109} INFO - [2022-04-18 21:06:35,122] {dagbag.py:500} INFO - Filling up the DagBag from /home/airflow/.local/lib/python3.7/site-packages/airflow/example_dags/example_dag_decorator.py
[2022-04-18 21:06:35,152] {processor.py:652} INFO - DAG(s) dict_keys(['example_dag_decorator']) retrieved from /home/airflow/.local/lib/python3.7/site-packages/airflow/example_dags/example_dag_decorator.py
[2022-04-18 21:06:35,435] {logging_mixin.py:109} INFO - [2022-04-18 21:06:35,435] {dag.py:2398} INFO - Sync 1 DAGs
[2022-04-18 21:06:35,449] {logging_mixin.py:109} INFO - [2022-04-18 21:06:35,448] {dag.py:2937} INFO - Setting next_dagrun for example_dag_decorator to None
[2022-04-18 21:06:35,459] {processor.py:171} INFO - Processing /home/airflow/.local/lib/python3.7/site-packages/airflow/example_dags/example_dag_decorator.py took 0.346 seconds
[2022-04-18 21:07:06,357] {processor.py:163} INFO - Started process (PID=1071) to work on /home/airflow/.local/lib/python3.7/site-packages/airflow/example_dags/example_dag_decorator.py
[2022-04-18 21:07:06,360] {processor.py:642} INFO - Processing file /home/airflow/.local/lib/python3.7/site-packages/airflow/example_dags/example_dag_decorator.py for tasks to queue
[2022-04-18 21:07:06,361] {logging_mixin.py:109} INFO - [2022-04-18 21:07:06,361] {dagbag.py:500} INFO - Filling up the DagBag from /home/airflow/.local/lib/python3.7/site-packages/airflow/example_dags/example_dag_decorator.py
[2022-04-18 21:07:06,385] {processor.py:652} INFO - DAG(s) dict_keys(['example_dag_decorator']) retrieved from /home/airflow/.local/lib/python3.7/site-packages/airflow/example_dags/example_dag_decorator.py
[2022-04-18 21:07:06,650] {logging_mixin.py:109} INFO - [2022-04-18 21:07:06,650] {dag.py:2398} INFO - Sync 1 DAGs
[2022-04-18 21:07:06,661] {logging_mixin.py:109} INFO - [2022-04-18 21:07:06,661] {dag.py:2937} INFO - Setting next_dagrun for example_dag_decorator to None
[2022-04-18 21:07:06,671] {processor.py:171} INFO - Processing /home/airflow/.local/lib/python3.7/site-packages/airflow/example_dags/example_dag_decorator.py took 0.317 seconds
[2022-04-18 21:07:36,911] {processor.py:163} INFO - Started process (PID=1132) to work on /home/airflow/.local/lib/python3.7/site-packages/airflow/example_dags/example_dag_decorator.py
[2022-04-18 21:07:36,915] {processor.py:642} INFO - Processing file /home/airflow/.local/lib/python3.7/site-packages/airflow/example_dags/example_dag_decorator.py for tasks to queue
[2022-04-18 21:07:36,918] {logging_mixin.py:109} INFO - [2022-04-18 21:07:36,918] {dagbag.py:500} INFO - Filling up the DagBag from /home/airflow/.local/lib/python3.7/site-packages/airflow/example_dags/example_dag_decorator.py
[2022-04-18 21:07:36,955] {processor.py:652} INFO - DAG(s) dict_keys(['example_dag_decorator']) retrieved from /home/airflow/.local/lib/python3.7/site-packages/airflow/example_dags/example_dag_decorator.py
[2022-04-18 21:07:37,261] {logging_mixin.py:109} INFO - [2022-04-18 21:07:37,261] {dag.py:2398} INFO - Sync 1 DAGs
[2022-04-18 21:07:37,278] {logging_mixin.py:109} INFO - [2022-04-18 21:07:37,278] {dag.py:2937} INFO - Setting next_dagrun for example_dag_decorator to None
[2022-04-18 21:07:37,294] {processor.py:171} INFO - Processing /home/airflow/.local/lib/python3.7/site-packages/airflow/example_dags/example_dag_decorator.py took 0.388 seconds
[2022-04-18 21:08:08,110] {processor.py:163} INFO - Started process (PID=1184) to work on /home/airflow/.local/lib/python3.7/site-packages/airflow/example_dags/example_dag_decorator.py
[2022-04-18 21:08:08,116] {processor.py:642} INFO - Processing file /home/airflow/.local/lib/python3.7/site-packages/airflow/example_dags/example_dag_decorator.py for tasks to queue
[2022-04-18 21:08:08,118] {logging_mixin.py:109} INFO - [2022-04-18 21:08:08,118] {dagbag.py:500} INFO - Filling up the DagBag from /home/airflow/.local/lib/python3.7/site-packages/airflow/example_dags/example_dag_decorator.py
[2022-04-18 21:08:08,175] {processor.py:652} INFO - DAG(s) dict_keys(['example_dag_decorator']) retrieved from /home/airflow/.local/lib/python3.7/site-packages/airflow/example_dags/example_dag_decorator.py
[2022-04-18 21:08:08,787] {logging_mixin.py:109} INFO - [2022-04-18 21:08:08,787] {dag.py:2398} INFO - Sync 1 DAGs
[2022-04-18 21:08:08,815] {logging_mixin.py:109} INFO - [2022-04-18 21:08:08,815] {dag.py:2937} INFO - Setting next_dagrun for example_dag_decorator to None
[2022-04-18 21:08:08,842] {processor.py:171} INFO - Processing /home/airflow/.local/lib/python3.7/site-packages/airflow/example_dags/example_dag_decorator.py took 0.741 seconds
[2022-04-18 21:08:39,607] {processor.py:163} INFO - Started process (PID=1244) to work on /home/airflow/.local/lib/python3.7/site-packages/airflow/example_dags/example_dag_decorator.py
[2022-04-18 21:08:39,609] {processor.py:642} INFO - Processing file /home/airflow/.local/lib/python3.7/site-packages/airflow/example_dags/example_dag_decorator.py for tasks to queue
[2022-04-18 21:08:39,610] {logging_mixin.py:109} INFO - [2022-04-18 21:08:39,610] {dagbag.py:500} INFO - Filling up the DagBag from /home/airflow/.local/lib/python3.7/site-packages/airflow/example_dags/example_dag_decorator.py
[2022-04-18 21:08:39,636] {processor.py:652} INFO - DAG(s) dict_keys(['example_dag_decorator']) retrieved from /home/airflow/.local/lib/python3.7/site-packages/airflow/example_dags/example_dag_decorator.py
[2022-04-18 21:08:39,916] {logging_mixin.py:109} INFO - [2022-04-18 21:08:39,916] {dag.py:2398} INFO - Sync 1 DAGs
[2022-04-18 21:08:39,931] {logging_mixin.py:109} INFO - [2022-04-18 21:08:39,931] {dag.py:2937} INFO - Setting next_dagrun for example_dag_decorator to None
[2022-04-18 21:08:39,942] {processor.py:171} INFO - Processing /home/airflow/.local/lib/python3.7/site-packages/airflow/example_dags/example_dag_decorator.py took 0.340 seconds
[2022-04-18 21:09:10,015] {processor.py:163} INFO - Started process (PID=1294) to work on /home/airflow/.local/lib/python3.7/site-packages/airflow/example_dags/example_dag_decorator.py
[2022-04-18 21:09:10,017] {processor.py:642} INFO - Processing file /home/airflow/.local/lib/python3.7/site-packages/airflow/example_dags/example_dag_decorator.py for tasks to queue
[2022-04-18 21:09:10,018] {logging_mixin.py:109} INFO - [2022-04-18 21:09:10,018] {dagbag.py:500} INFO - Filling up the DagBag from /home/airflow/.local/lib/python3.7/site-packages/airflow/example_dags/example_dag_decorator.py
[2022-04-18 21:09:10,047] {processor.py:652} INFO - DAG(s) dict_keys(['example_dag_decorator']) retrieved from /home/airflow/.local/lib/python3.7/site-packages/airflow/example_dags/example_dag_decorator.py
[2022-04-18 21:09:10,322] {logging_mixin.py:109} INFO - [2022-04-18 21:09:10,322] {dag.py:2398} INFO - Sync 1 DAGs
[2022-04-18 21:09:10,333] {logging_mixin.py:109} INFO - [2022-04-18 21:09:10,333] {dag.py:2937} INFO - Setting next_dagrun for example_dag_decorator to None
[2022-04-18 21:09:10,343] {processor.py:171} INFO - Processing /home/airflow/.local/lib/python3.7/site-packages/airflow/example_dags/example_dag_decorator.py took 0.333 seconds
