[2022-04-18 20:59:30,479] {processor.py:163} INFO - Started process (PID=133) to work on /home/airflow/.local/lib/python3.7/site-packages/airflow/example_dags/example_xcom.py
[2022-04-18 20:59:30,481] {processor.py:642} INFO - Processing file /home/airflow/.local/lib/python3.7/site-packages/airflow/example_dags/example_xcom.py for tasks to queue
[2022-04-18 20:59:30,482] {logging_mixin.py:109} INFO - [2022-04-18 20:59:30,482] {dagbag.py:500} INFO - Filling up the DagBag from /home/airflow/.local/lib/python3.7/site-packages/airflow/example_dags/example_xcom.py
[2022-04-18 20:59:30,508] {processor.py:652} INFO - DAG(s) dict_keys(['example_xcom']) retrieved from /home/airflow/.local/lib/python3.7/site-packages/airflow/example_dags/example_xcom.py
[2022-04-18 20:59:32,021] {logging_mixin.py:109} INFO - [2022-04-18 20:59:32,021] {manager.py:496} INFO - Created Permission View: can read on DAG:example_xcom
[2022-04-18 20:59:32,029] {logging_mixin.py:109} INFO - [2022-04-18 20:59:32,029] {manager.py:496} INFO - Created Permission View: can edit on DAG:example_xcom
[2022-04-18 20:59:32,030] {logging_mixin.py:109} INFO - [2022-04-18 20:59:32,030] {dag.py:2398} INFO - Sync 1 DAGs
[2022-04-18 20:59:32,037] {logging_mixin.py:109} INFO - [2022-04-18 20:59:32,037] {dag.py:2417} INFO - Creating ORM DAG for example_xcom
[2022-04-18 20:59:32,045] {logging_mixin.py:109} INFO - [2022-04-18 20:59:32,045] {dag.py:2937} INFO - Setting next_dagrun for example_xcom to 2021-01-01T00:00:00+00:00
[2022-04-18 20:59:32,061] {processor.py:171} INFO - Processing /home/airflow/.local/lib/python3.7/site-packages/airflow/example_dags/example_xcom.py took 1.585 seconds
[2022-04-18 21:00:02,569] {processor.py:163} INFO - Started process (PID=302) to work on /home/airflow/.local/lib/python3.7/site-packages/airflow/example_dags/example_xcom.py
[2022-04-18 21:00:02,571] {processor.py:642} INFO - Processing file /home/airflow/.local/lib/python3.7/site-packages/airflow/example_dags/example_xcom.py for tasks to queue
[2022-04-18 21:00:02,572] {logging_mixin.py:109} INFO - [2022-04-18 21:00:02,572] {dagbag.py:500} INFO - Filling up the DagBag from /home/airflow/.local/lib/python3.7/site-packages/airflow/example_dags/example_xcom.py
[2022-04-18 21:00:02,601] {processor.py:652} INFO - DAG(s) dict_keys(['example_xcom']) retrieved from /home/airflow/.local/lib/python3.7/site-packages/airflow/example_dags/example_xcom.py
[2022-04-18 21:00:02,910] {logging_mixin.py:109} INFO - [2022-04-18 21:00:02,910] {dag.py:2398} INFO - Sync 1 DAGs
[2022-04-18 21:00:02,925] {logging_mixin.py:109} INFO - [2022-04-18 21:00:02,925] {dag.py:2937} INFO - Setting next_dagrun for example_xcom to 2021-01-01T00:00:00+00:00
[2022-04-18 21:00:02,935] {processor.py:171} INFO - Processing /home/airflow/.local/lib/python3.7/site-packages/airflow/example_dags/example_xcom.py took 0.371 seconds
[2022-04-18 21:00:33,535] {processor.py:163} INFO - Started process (PID=353) to work on /home/airflow/.local/lib/python3.7/site-packages/airflow/example_dags/example_xcom.py
[2022-04-18 21:00:33,540] {processor.py:642} INFO - Processing file /home/airflow/.local/lib/python3.7/site-packages/airflow/example_dags/example_xcom.py for tasks to queue
[2022-04-18 21:00:33,543] {logging_mixin.py:109} INFO - [2022-04-18 21:00:33,542] {dagbag.py:500} INFO - Filling up the DagBag from /home/airflow/.local/lib/python3.7/site-packages/airflow/example_dags/example_xcom.py
[2022-04-18 21:00:33,629] {processor.py:652} INFO - DAG(s) dict_keys(['example_xcom']) retrieved from /home/airflow/.local/lib/python3.7/site-packages/airflow/example_dags/example_xcom.py
[2022-04-18 21:00:34,237] {logging_mixin.py:109} INFO - [2022-04-18 21:00:34,237] {dag.py:2398} INFO - Sync 1 DAGs
[2022-04-18 21:00:34,252] {logging_mixin.py:109} INFO - [2022-04-18 21:00:34,252] {dag.py:2937} INFO - Setting next_dagrun for example_xcom to 2021-01-01T00:00:00+00:00
[2022-04-18 21:00:34,264] {processor.py:171} INFO - Processing /home/airflow/.local/lib/python3.7/site-packages/airflow/example_dags/example_xcom.py took 0.741 seconds
[2022-04-18 21:01:05,179] {processor.py:163} INFO - Started process (PID=415) to work on /home/airflow/.local/lib/python3.7/site-packages/airflow/example_dags/example_xcom.py
[2022-04-18 21:01:05,183] {processor.py:642} INFO - Processing file /home/airflow/.local/lib/python3.7/site-packages/airflow/example_dags/example_xcom.py for tasks to queue
[2022-04-18 21:01:05,184] {logging_mixin.py:109} INFO - [2022-04-18 21:01:05,184] {dagbag.py:500} INFO - Filling up the DagBag from /home/airflow/.local/lib/python3.7/site-packages/airflow/example_dags/example_xcom.py
[2022-04-18 21:01:05,210] {processor.py:652} INFO - DAG(s) dict_keys(['example_xcom']) retrieved from /home/airflow/.local/lib/python3.7/site-packages/airflow/example_dags/example_xcom.py
[2022-04-18 21:01:05,502] {logging_mixin.py:109} INFO - [2022-04-18 21:01:05,502] {dag.py:2398} INFO - Sync 1 DAGs
[2022-04-18 21:01:05,515] {logging_mixin.py:109} INFO - [2022-04-18 21:01:05,515] {dag.py:2937} INFO - Setting next_dagrun for example_xcom to 2021-01-01T00:00:00+00:00
[2022-04-18 21:01:05,525] {processor.py:171} INFO - Processing /home/airflow/.local/lib/python3.7/site-packages/airflow/example_dags/example_xcom.py took 0.349 seconds
[2022-04-18 21:01:35,641] {processor.py:163} INFO - Started process (PID=467) to work on /home/airflow/.local/lib/python3.7/site-packages/airflow/example_dags/example_xcom.py
[2022-04-18 21:01:35,645] {processor.py:642} INFO - Processing file /home/airflow/.local/lib/python3.7/site-packages/airflow/example_dags/example_xcom.py for tasks to queue
[2022-04-18 21:01:35,646] {logging_mixin.py:109} INFO - [2022-04-18 21:01:35,646] {dagbag.py:500} INFO - Filling up the DagBag from /home/airflow/.local/lib/python3.7/site-packages/airflow/example_dags/example_xcom.py
[2022-04-18 21:01:35,687] {processor.py:652} INFO - DAG(s) dict_keys(['example_xcom']) retrieved from /home/airflow/.local/lib/python3.7/site-packages/airflow/example_dags/example_xcom.py
[2022-04-18 21:01:36,082] {logging_mixin.py:109} INFO - [2022-04-18 21:01:36,082] {dag.py:2398} INFO - Sync 1 DAGs
[2022-04-18 21:01:36,102] {logging_mixin.py:109} INFO - [2022-04-18 21:01:36,102] {dag.py:2937} INFO - Setting next_dagrun for example_xcom to 2021-01-01T00:00:00+00:00
[2022-04-18 21:01:36,117] {processor.py:171} INFO - Processing /home/airflow/.local/lib/python3.7/site-packages/airflow/example_dags/example_xcom.py took 0.482 seconds
[2022-04-18 21:02:06,904] {processor.py:163} INFO - Started process (PID=530) to work on /home/airflow/.local/lib/python3.7/site-packages/airflow/example_dags/example_xcom.py
[2022-04-18 21:02:06,906] {processor.py:642} INFO - Processing file /home/airflow/.local/lib/python3.7/site-packages/airflow/example_dags/example_xcom.py for tasks to queue
[2022-04-18 21:02:06,908] {logging_mixin.py:109} INFO - [2022-04-18 21:02:06,908] {dagbag.py:500} INFO - Filling up the DagBag from /home/airflow/.local/lib/python3.7/site-packages/airflow/example_dags/example_xcom.py
[2022-04-18 21:02:06,934] {processor.py:652} INFO - DAG(s) dict_keys(['example_xcom']) retrieved from /home/airflow/.local/lib/python3.7/site-packages/airflow/example_dags/example_xcom.py
[2022-04-18 21:02:07,268] {logging_mixin.py:109} INFO - [2022-04-18 21:02:07,267] {dag.py:2398} INFO - Sync 1 DAGs
[2022-04-18 21:02:07,286] {logging_mixin.py:109} INFO - [2022-04-18 21:02:07,286] {dag.py:2937} INFO - Setting next_dagrun for example_xcom to 2021-01-01T00:00:00+00:00
[2022-04-18 21:02:07,299] {processor.py:171} INFO - Processing /home/airflow/.local/lib/python3.7/site-packages/airflow/example_dags/example_xcom.py took 0.399 seconds
[2022-04-18 21:02:37,649] {processor.py:163} INFO - Started process (PID=581) to work on /home/airflow/.local/lib/python3.7/site-packages/airflow/example_dags/example_xcom.py
[2022-04-18 21:02:37,651] {processor.py:642} INFO - Processing file /home/airflow/.local/lib/python3.7/site-packages/airflow/example_dags/example_xcom.py for tasks to queue
[2022-04-18 21:02:37,653] {logging_mixin.py:109} INFO - [2022-04-18 21:02:37,653] {dagbag.py:500} INFO - Filling up the DagBag from /home/airflow/.local/lib/python3.7/site-packages/airflow/example_dags/example_xcom.py
[2022-04-18 21:02:37,680] {processor.py:652} INFO - DAG(s) dict_keys(['example_xcom']) retrieved from /home/airflow/.local/lib/python3.7/site-packages/airflow/example_dags/example_xcom.py
[2022-04-18 21:02:37,994] {logging_mixin.py:109} INFO - [2022-04-18 21:02:37,994] {dag.py:2398} INFO - Sync 1 DAGs
[2022-04-18 21:02:38,009] {logging_mixin.py:109} INFO - [2022-04-18 21:02:38,009] {dag.py:2937} INFO - Setting next_dagrun for example_xcom to 2021-01-01T00:00:00+00:00
[2022-04-18 21:02:38,021] {processor.py:171} INFO - Processing /home/airflow/.local/lib/python3.7/site-packages/airflow/example_dags/example_xcom.py took 0.376 seconds
[2022-04-18 21:03:08,086] {processor.py:163} INFO - Started process (PID=640) to work on /home/airflow/.local/lib/python3.7/site-packages/airflow/example_dags/example_xcom.py
[2022-04-18 21:03:08,088] {processor.py:642} INFO - Processing file /home/airflow/.local/lib/python3.7/site-packages/airflow/example_dags/example_xcom.py for tasks to queue
[2022-04-18 21:03:08,089] {logging_mixin.py:109} INFO - [2022-04-18 21:03:08,089] {dagbag.py:500} INFO - Filling up the DagBag from /home/airflow/.local/lib/python3.7/site-packages/airflow/example_dags/example_xcom.py
[2022-04-18 21:03:08,112] {processor.py:652} INFO - DAG(s) dict_keys(['example_xcom']) retrieved from /home/airflow/.local/lib/python3.7/site-packages/airflow/example_dags/example_xcom.py
[2022-04-18 21:03:08,471] {logging_mixin.py:109} INFO - [2022-04-18 21:03:08,470] {dag.py:2398} INFO - Sync 1 DAGs
[2022-04-18 21:03:08,488] {logging_mixin.py:109} INFO - [2022-04-18 21:03:08,488] {dag.py:2937} INFO - Setting next_dagrun for example_xcom to 2021-01-01T00:00:00+00:00
[2022-04-18 21:03:08,500] {processor.py:171} INFO - Processing /home/airflow/.local/lib/python3.7/site-packages/airflow/example_dags/example_xcom.py took 0.418 seconds
[2022-04-18 21:03:38,627] {processor.py:163} INFO - Started process (PID=690) to work on /home/airflow/.local/lib/python3.7/site-packages/airflow/example_dags/example_xcom.py
[2022-04-18 21:03:38,630] {processor.py:642} INFO - Processing file /home/airflow/.local/lib/python3.7/site-packages/airflow/example_dags/example_xcom.py for tasks to queue
[2022-04-18 21:03:38,632] {logging_mixin.py:109} INFO - [2022-04-18 21:03:38,631] {dagbag.py:500} INFO - Filling up the DagBag from /home/airflow/.local/lib/python3.7/site-packages/airflow/example_dags/example_xcom.py
[2022-04-18 21:03:38,659] {processor.py:652} INFO - DAG(s) dict_keys(['example_xcom']) retrieved from /home/airflow/.local/lib/python3.7/site-packages/airflow/example_dags/example_xcom.py
[2022-04-18 21:03:39,007] {logging_mixin.py:109} INFO - [2022-04-18 21:03:39,007] {dag.py:2398} INFO - Sync 1 DAGs
[2022-04-18 21:03:39,022] {logging_mixin.py:109} INFO - [2022-04-18 21:03:39,022] {dag.py:2937} INFO - Setting next_dagrun for example_xcom to 2021-01-01T00:00:00+00:00
[2022-04-18 21:03:39,034] {processor.py:171} INFO - Processing /home/airflow/.local/lib/python3.7/site-packages/airflow/example_dags/example_xcom.py took 0.411 seconds
[2022-04-18 21:04:09,175] {processor.py:163} INFO - Started process (PID=750) to work on /home/airflow/.local/lib/python3.7/site-packages/airflow/example_dags/example_xcom.py
[2022-04-18 21:04:09,178] {processor.py:642} INFO - Processing file /home/airflow/.local/lib/python3.7/site-packages/airflow/example_dags/example_xcom.py for tasks to queue
[2022-04-18 21:04:09,180] {logging_mixin.py:109} INFO - [2022-04-18 21:04:09,180] {dagbag.py:500} INFO - Filling up the DagBag from /home/airflow/.local/lib/python3.7/site-packages/airflow/example_dags/example_xcom.py
[2022-04-18 21:04:09,209] {processor.py:652} INFO - DAG(s) dict_keys(['example_xcom']) retrieved from /home/airflow/.local/lib/python3.7/site-packages/airflow/example_dags/example_xcom.py
[2022-04-18 21:04:09,558] {logging_mixin.py:109} INFO - [2022-04-18 21:04:09,557] {dag.py:2398} INFO - Sync 1 DAGs
[2022-04-18 21:04:09,578] {logging_mixin.py:109} INFO - [2022-04-18 21:04:09,577] {dag.py:2937} INFO - Setting next_dagrun for example_xcom to 2021-01-01T00:00:00+00:00
[2022-04-18 21:04:09,594] {processor.py:171} INFO - Processing /home/airflow/.local/lib/python3.7/site-packages/airflow/example_dags/example_xcom.py took 0.424 seconds
[2022-04-18 21:04:40,398] {processor.py:163} INFO - Started process (PID=801) to work on /home/airflow/.local/lib/python3.7/site-packages/airflow/example_dags/example_xcom.py
[2022-04-18 21:04:40,401] {processor.py:642} INFO - Processing file /home/airflow/.local/lib/python3.7/site-packages/airflow/example_dags/example_xcom.py for tasks to queue
[2022-04-18 21:04:40,403] {logging_mixin.py:109} INFO - [2022-04-18 21:04:40,403] {dagbag.py:500} INFO - Filling up the DagBag from /home/airflow/.local/lib/python3.7/site-packages/airflow/example_dags/example_xcom.py
[2022-04-18 21:04:40,433] {processor.py:652} INFO - DAG(s) dict_keys(['example_xcom']) retrieved from /home/airflow/.local/lib/python3.7/site-packages/airflow/example_dags/example_xcom.py
[2022-04-18 21:04:40,818] {logging_mixin.py:109} INFO - [2022-04-18 21:04:40,818] {dag.py:2398} INFO - Sync 1 DAGs
[2022-04-18 21:04:40,840] {logging_mixin.py:109} INFO - [2022-04-18 21:04:40,840] {dag.py:2937} INFO - Setting next_dagrun for example_xcom to 2021-01-01T00:00:00+00:00
[2022-04-18 21:04:40,859] {processor.py:171} INFO - Processing /home/airflow/.local/lib/python3.7/site-packages/airflow/example_dags/example_xcom.py took 0.467 seconds
[2022-04-18 21:05:11,107] {processor.py:163} INFO - Started process (PID=861) to work on /home/airflow/.local/lib/python3.7/site-packages/airflow/example_dags/example_xcom.py
[2022-04-18 21:05:11,109] {processor.py:642} INFO - Processing file /home/airflow/.local/lib/python3.7/site-packages/airflow/example_dags/example_xcom.py for tasks to queue
[2022-04-18 21:05:11,110] {logging_mixin.py:109} INFO - [2022-04-18 21:05:11,110] {dagbag.py:500} INFO - Filling up the DagBag from /home/airflow/.local/lib/python3.7/site-packages/airflow/example_dags/example_xcom.py
[2022-04-18 21:05:11,134] {processor.py:652} INFO - DAG(s) dict_keys(['example_xcom']) retrieved from /home/airflow/.local/lib/python3.7/site-packages/airflow/example_dags/example_xcom.py
[2022-04-18 21:05:11,438] {logging_mixin.py:109} INFO - [2022-04-18 21:05:11,438] {dag.py:2398} INFO - Sync 1 DAGs
[2022-04-18 21:05:11,458] {logging_mixin.py:109} INFO - [2022-04-18 21:05:11,458] {dag.py:2937} INFO - Setting next_dagrun for example_xcom to 2021-01-01T00:00:00+00:00
[2022-04-18 21:05:11,474] {processor.py:171} INFO - Processing /home/airflow/.local/lib/python3.7/site-packages/airflow/example_dags/example_xcom.py took 0.371 seconds
[2022-04-18 21:05:41,521] {processor.py:163} INFO - Started process (PID=912) to work on /home/airflow/.local/lib/python3.7/site-packages/airflow/example_dags/example_xcom.py
[2022-04-18 21:05:41,524] {processor.py:642} INFO - Processing file /home/airflow/.local/lib/python3.7/site-packages/airflow/example_dags/example_xcom.py for tasks to queue
[2022-04-18 21:05:41,525] {logging_mixin.py:109} INFO - [2022-04-18 21:05:41,525] {dagbag.py:500} INFO - Filling up the DagBag from /home/airflow/.local/lib/python3.7/site-packages/airflow/example_dags/example_xcom.py
[2022-04-18 21:05:41,549] {processor.py:652} INFO - DAG(s) dict_keys(['example_xcom']) retrieved from /home/airflow/.local/lib/python3.7/site-packages/airflow/example_dags/example_xcom.py
[2022-04-18 21:05:41,875] {logging_mixin.py:109} INFO - [2022-04-18 21:05:41,875] {dag.py:2398} INFO - Sync 1 DAGs
[2022-04-18 21:05:41,897] {logging_mixin.py:109} INFO - [2022-04-18 21:05:41,897] {dag.py:2937} INFO - Setting next_dagrun for example_xcom to 2021-01-01T00:00:00+00:00
[2022-04-18 21:05:41,914] {processor.py:171} INFO - Processing /home/airflow/.local/lib/python3.7/site-packages/airflow/example_dags/example_xcom.py took 0.397 seconds
[2022-04-18 21:06:12,633] {processor.py:163} INFO - Started process (PID=973) to work on /home/airflow/.local/lib/python3.7/site-packages/airflow/example_dags/example_xcom.py
[2022-04-18 21:06:12,678] {processor.py:642} INFO - Processing file /home/airflow/.local/lib/python3.7/site-packages/airflow/example_dags/example_xcom.py for tasks to queue
[2022-04-18 21:06:12,714] {logging_mixin.py:109} INFO - [2022-04-18 21:06:12,713] {dagbag.py:500} INFO - Filling up the DagBag from /home/airflow/.local/lib/python3.7/site-packages/airflow/example_dags/example_xcom.py
[2022-04-18 21:06:12,783] {processor.py:652} INFO - DAG(s) dict_keys(['example_xcom']) retrieved from /home/airflow/.local/lib/python3.7/site-packages/airflow/example_dags/example_xcom.py
[2022-04-18 21:06:13,636] {logging_mixin.py:109} INFO - [2022-04-18 21:06:13,636] {dag.py:2398} INFO - Sync 1 DAGs
[2022-04-18 21:06:13,655] {logging_mixin.py:109} INFO - [2022-04-18 21:06:13,654] {dag.py:2937} INFO - Setting next_dagrun for example_xcom to 2021-01-01T00:00:00+00:00
[2022-04-18 21:06:13,753] {processor.py:171} INFO - Processing /home/airflow/.local/lib/python3.7/site-packages/airflow/example_dags/example_xcom.py took 1.139 seconds
[2022-04-18 21:06:44,598] {processor.py:163} INFO - Started process (PID=1028) to work on /home/airflow/.local/lib/python3.7/site-packages/airflow/example_dags/example_xcom.py
[2022-04-18 21:06:44,605] {processor.py:642} INFO - Processing file /home/airflow/.local/lib/python3.7/site-packages/airflow/example_dags/example_xcom.py for tasks to queue
[2022-04-18 21:06:44,610] {logging_mixin.py:109} INFO - [2022-04-18 21:06:44,610] {dagbag.py:500} INFO - Filling up the DagBag from /home/airflow/.local/lib/python3.7/site-packages/airflow/example_dags/example_xcom.py
[2022-04-18 21:06:44,705] {processor.py:652} INFO - DAG(s) dict_keys(['example_xcom']) retrieved from /home/airflow/.local/lib/python3.7/site-packages/airflow/example_dags/example_xcom.py
[2022-04-18 21:06:45,197] {logging_mixin.py:109} INFO - [2022-04-18 21:06:45,196] {dag.py:2398} INFO - Sync 1 DAGs
[2022-04-18 21:06:45,212] {logging_mixin.py:109} INFO - [2022-04-18 21:06:45,212] {dag.py:2937} INFO - Setting next_dagrun for example_xcom to 2021-01-01T00:00:00+00:00
[2022-04-18 21:06:45,226] {processor.py:171} INFO - Processing /home/airflow/.local/lib/python3.7/site-packages/airflow/example_dags/example_xcom.py took 0.651 seconds
[2022-04-18 21:07:15,859] {processor.py:163} INFO - Started process (PID=1088) to work on /home/airflow/.local/lib/python3.7/site-packages/airflow/example_dags/example_xcom.py
[2022-04-18 21:07:15,861] {processor.py:642} INFO - Processing file /home/airflow/.local/lib/python3.7/site-packages/airflow/example_dags/example_xcom.py for tasks to queue
[2022-04-18 21:07:15,863] {logging_mixin.py:109} INFO - [2022-04-18 21:07:15,863] {dagbag.py:500} INFO - Filling up the DagBag from /home/airflow/.local/lib/python3.7/site-packages/airflow/example_dags/example_xcom.py
[2022-04-18 21:07:15,889] {processor.py:652} INFO - DAG(s) dict_keys(['example_xcom']) retrieved from /home/airflow/.local/lib/python3.7/site-packages/airflow/example_dags/example_xcom.py
[2022-04-18 21:07:16,206] {logging_mixin.py:109} INFO - [2022-04-18 21:07:16,206] {dag.py:2398} INFO - Sync 1 DAGs
[2022-04-18 21:07:16,220] {logging_mixin.py:109} INFO - [2022-04-18 21:07:16,219] {dag.py:2937} INFO - Setting next_dagrun for example_xcom to 2021-01-01T00:00:00+00:00
[2022-04-18 21:07:16,230] {processor.py:171} INFO - Processing /home/airflow/.local/lib/python3.7/site-packages/airflow/example_dags/example_xcom.py took 0.375 seconds
[2022-04-18 21:07:46,529] {processor.py:163} INFO - Started process (PID=1140) to work on /home/airflow/.local/lib/python3.7/site-packages/airflow/example_dags/example_xcom.py
[2022-04-18 21:07:46,532] {processor.py:642} INFO - Processing file /home/airflow/.local/lib/python3.7/site-packages/airflow/example_dags/example_xcom.py for tasks to queue
[2022-04-18 21:07:46,533] {logging_mixin.py:109} INFO - [2022-04-18 21:07:46,533] {dagbag.py:500} INFO - Filling up the DagBag from /home/airflow/.local/lib/python3.7/site-packages/airflow/example_dags/example_xcom.py
[2022-04-18 21:07:46,563] {processor.py:652} INFO - DAG(s) dict_keys(['example_xcom']) retrieved from /home/airflow/.local/lib/python3.7/site-packages/airflow/example_dags/example_xcom.py
[2022-04-18 21:07:46,890] {logging_mixin.py:109} INFO - [2022-04-18 21:07:46,890] {dag.py:2398} INFO - Sync 1 DAGs
[2022-04-18 21:07:46,910] {logging_mixin.py:109} INFO - [2022-04-18 21:07:46,910] {dag.py:2937} INFO - Setting next_dagrun for example_xcom to 2021-01-01T00:00:00+00:00
[2022-04-18 21:07:46,920] {processor.py:171} INFO - Processing /home/airflow/.local/lib/python3.7/site-packages/airflow/example_dags/example_xcom.py took 0.397 seconds
[2022-04-18 21:08:17,103] {processor.py:163} INFO - Started process (PID=1202) to work on /home/airflow/.local/lib/python3.7/site-packages/airflow/example_dags/example_xcom.py
[2022-04-18 21:08:17,111] {processor.py:642} INFO - Processing file /home/airflow/.local/lib/python3.7/site-packages/airflow/example_dags/example_xcom.py for tasks to queue
[2022-04-18 21:08:17,112] {logging_mixin.py:109} INFO - [2022-04-18 21:08:17,112] {dagbag.py:500} INFO - Filling up the DagBag from /home/airflow/.local/lib/python3.7/site-packages/airflow/example_dags/example_xcom.py
[2022-04-18 21:08:17,143] {processor.py:652} INFO - DAG(s) dict_keys(['example_xcom']) retrieved from /home/airflow/.local/lib/python3.7/site-packages/airflow/example_dags/example_xcom.py
[2022-04-18 21:08:17,494] {logging_mixin.py:109} INFO - [2022-04-18 21:08:17,494] {dag.py:2398} INFO - Sync 1 DAGs
[2022-04-18 21:08:17,509] {logging_mixin.py:109} INFO - [2022-04-18 21:08:17,509] {dag.py:2937} INFO - Setting next_dagrun for example_xcom to 2021-01-01T00:00:00+00:00
[2022-04-18 21:08:17,523] {processor.py:171} INFO - Processing /home/airflow/.local/lib/python3.7/site-packages/airflow/example_dags/example_xcom.py took 0.423 seconds
[2022-04-18 21:08:48,373] {processor.py:163} INFO - Started process (PID=1261) to work on /home/airflow/.local/lib/python3.7/site-packages/airflow/example_dags/example_xcom.py
[2022-04-18 21:08:48,375] {processor.py:642} INFO - Processing file /home/airflow/.local/lib/python3.7/site-packages/airflow/example_dags/example_xcom.py for tasks to queue
[2022-04-18 21:08:48,376] {logging_mixin.py:109} INFO - [2022-04-18 21:08:48,376] {dagbag.py:500} INFO - Filling up the DagBag from /home/airflow/.local/lib/python3.7/site-packages/airflow/example_dags/example_xcom.py
[2022-04-18 21:08:48,399] {processor.py:652} INFO - DAG(s) dict_keys(['example_xcom']) retrieved from /home/airflow/.local/lib/python3.7/site-packages/airflow/example_dags/example_xcom.py
[2022-04-18 21:08:48,726] {logging_mixin.py:109} INFO - [2022-04-18 21:08:48,725] {dag.py:2398} INFO - Sync 1 DAGs
[2022-04-18 21:08:48,743] {logging_mixin.py:109} INFO - [2022-04-18 21:08:48,743] {dag.py:2937} INFO - Setting next_dagrun for example_xcom to 2021-01-01T00:00:00+00:00
[2022-04-18 21:08:48,760] {processor.py:171} INFO - Processing /home/airflow/.local/lib/python3.7/site-packages/airflow/example_dags/example_xcom.py took 0.391 seconds
[2022-04-18 21:09:18,845] {processor.py:163} INFO - Started process (PID=1311) to work on /home/airflow/.local/lib/python3.7/site-packages/airflow/example_dags/example_xcom.py
[2022-04-18 21:09:18,848] {processor.py:642} INFO - Processing file /home/airflow/.local/lib/python3.7/site-packages/airflow/example_dags/example_xcom.py for tasks to queue
[2022-04-18 21:09:18,849] {logging_mixin.py:109} INFO - [2022-04-18 21:09:18,849] {dagbag.py:500} INFO - Filling up the DagBag from /home/airflow/.local/lib/python3.7/site-packages/airflow/example_dags/example_xcom.py
[2022-04-18 21:09:18,876] {processor.py:652} INFO - DAG(s) dict_keys(['example_xcom']) retrieved from /home/airflow/.local/lib/python3.7/site-packages/airflow/example_dags/example_xcom.py
[2022-04-18 21:09:19,167] {logging_mixin.py:109} INFO - [2022-04-18 21:09:19,167] {dag.py:2398} INFO - Sync 1 DAGs
[2022-04-18 21:09:19,180] {logging_mixin.py:109} INFO - [2022-04-18 21:09:19,180] {dag.py:2937} INFO - Setting next_dagrun for example_xcom to 2021-01-01T00:00:00+00:00
[2022-04-18 21:09:19,195] {processor.py:171} INFO - Processing /home/airflow/.local/lib/python3.7/site-packages/airflow/example_dags/example_xcom.py took 0.355 seconds
