[2022-04-18 20:59:15,322] {processor.py:163} INFO - Started process (PID=55) to work on /home/airflow/.local/lib/python3.7/site-packages/airflow/example_dags/example_branch_datetime_operator.py
[2022-04-18 20:59:15,325] {processor.py:642} INFO - Processing file /home/airflow/.local/lib/python3.7/site-packages/airflow/example_dags/example_branch_datetime_operator.py for tasks to queue
[2022-04-18 20:59:15,327] {logging_mixin.py:109} INFO - [2022-04-18 20:59:15,326] {dagbag.py:500} INFO - Filling up the DagBag from /home/airflow/.local/lib/python3.7/site-packages/airflow/example_dags/example_branch_datetime_operator.py
[2022-04-18 20:59:15,374] {processor.py:652} INFO - DAG(s) dict_keys(['example_branch_datetime_operator_2']) retrieved from /home/airflow/.local/lib/python3.7/site-packages/airflow/example_dags/example_branch_datetime_operator.py
[2022-04-18 20:59:18,641] {logging_mixin.py:109} INFO - [2022-04-18 20:59:18,641] {manager.py:496} INFO - Created Permission View: can read on DAG:example_branch_datetime_operator_2
[2022-04-18 20:59:18,655] {logging_mixin.py:109} INFO - [2022-04-18 20:59:18,655] {manager.py:496} INFO - Created Permission View: can edit on DAG:example_branch_datetime_operator_2
[2022-04-18 20:59:18,657] {logging_mixin.py:109} INFO - [2022-04-18 20:59:18,656] {dag.py:2398} INFO - Sync 1 DAGs
[2022-04-18 20:59:18,667] {logging_mixin.py:109} INFO - [2022-04-18 20:59:18,667] {dag.py:2417} INFO - Creating ORM DAG for example_branch_datetime_operator_2
[2022-04-18 20:59:18,692] {logging_mixin.py:109} INFO - [2022-04-18 20:59:18,691] {dag.py:2937} INFO - Setting next_dagrun for example_branch_datetime_operator_2 to 2022-04-17 00:00:00+00:00
[2022-04-18 20:59:18,708] {processor.py:171} INFO - Processing /home/airflow/.local/lib/python3.7/site-packages/airflow/example_dags/example_branch_datetime_operator.py took 3.392 seconds
[2022-04-18 20:59:50,008] {processor.py:163} INFO - Started process (PID=282) to work on /home/airflow/.local/lib/python3.7/site-packages/airflow/example_dags/example_branch_datetime_operator.py
[2022-04-18 20:59:50,010] {processor.py:642} INFO - Processing file /home/airflow/.local/lib/python3.7/site-packages/airflow/example_dags/example_branch_datetime_operator.py for tasks to queue
[2022-04-18 20:59:50,012] {logging_mixin.py:109} INFO - [2022-04-18 20:59:50,012] {dagbag.py:500} INFO - Filling up the DagBag from /home/airflow/.local/lib/python3.7/site-packages/airflow/example_dags/example_branch_datetime_operator.py
[2022-04-18 20:59:50,033] {processor.py:652} INFO - DAG(s) dict_keys(['example_branch_datetime_operator_2']) retrieved from /home/airflow/.local/lib/python3.7/site-packages/airflow/example_dags/example_branch_datetime_operator.py
[2022-04-18 20:59:50,054] {logging_mixin.py:109} INFO - [2022-04-18 20:59:50,054] {dag.py:2398} INFO - Sync 1 DAGs
[2022-04-18 20:59:50,074] {logging_mixin.py:109} INFO - [2022-04-18 20:59:50,074] {dag.py:2937} INFO - Setting next_dagrun for example_branch_datetime_operator_2 to 2022-04-17 00:00:00+00:00
[2022-04-18 20:59:50,083] {processor.py:171} INFO - Processing /home/airflow/.local/lib/python3.7/site-packages/airflow/example_dags/example_branch_datetime_operator.py took 0.078 seconds
[2022-04-18 21:00:20,356] {processor.py:163} INFO - Started process (PID=333) to work on /home/airflow/.local/lib/python3.7/site-packages/airflow/example_dags/example_branch_datetime_operator.py
[2022-04-18 21:00:20,358] {processor.py:642} INFO - Processing file /home/airflow/.local/lib/python3.7/site-packages/airflow/example_dags/example_branch_datetime_operator.py for tasks to queue
[2022-04-18 21:00:20,360] {logging_mixin.py:109} INFO - [2022-04-18 21:00:20,359] {dagbag.py:500} INFO - Filling up the DagBag from /home/airflow/.local/lib/python3.7/site-packages/airflow/example_dags/example_branch_datetime_operator.py
[2022-04-18 21:00:20,379] {processor.py:652} INFO - DAG(s) dict_keys(['example_branch_datetime_operator_2']) retrieved from /home/airflow/.local/lib/python3.7/site-packages/airflow/example_dags/example_branch_datetime_operator.py
[2022-04-18 21:00:20,399] {logging_mixin.py:109} INFO - [2022-04-18 21:00:20,399] {dag.py:2398} INFO - Sync 1 DAGs
[2022-04-18 21:00:20,419] {logging_mixin.py:109} INFO - [2022-04-18 21:00:20,419] {dag.py:2937} INFO - Setting next_dagrun for example_branch_datetime_operator_2 to 2022-04-17 00:00:00+00:00
[2022-04-18 21:00:20,429] {processor.py:171} INFO - Processing /home/airflow/.local/lib/python3.7/site-packages/airflow/example_dags/example_branch_datetime_operator.py took 0.076 seconds
[2022-04-18 21:00:50,482] {processor.py:163} INFO - Started process (PID=395) to work on /home/airflow/.local/lib/python3.7/site-packages/airflow/example_dags/example_branch_datetime_operator.py
[2022-04-18 21:00:50,484] {processor.py:642} INFO - Processing file /home/airflow/.local/lib/python3.7/site-packages/airflow/example_dags/example_branch_datetime_operator.py for tasks to queue
[2022-04-18 21:00:50,485] {logging_mixin.py:109} INFO - [2022-04-18 21:00:50,485] {dagbag.py:500} INFO - Filling up the DagBag from /home/airflow/.local/lib/python3.7/site-packages/airflow/example_dags/example_branch_datetime_operator.py
[2022-04-18 21:00:50,506] {processor.py:652} INFO - DAG(s) dict_keys(['example_branch_datetime_operator_2']) retrieved from /home/airflow/.local/lib/python3.7/site-packages/airflow/example_dags/example_branch_datetime_operator.py
[2022-04-18 21:00:50,540] {logging_mixin.py:109} INFO - [2022-04-18 21:00:50,539] {dag.py:2398} INFO - Sync 1 DAGs
[2022-04-18 21:00:50,576] {logging_mixin.py:109} INFO - [2022-04-18 21:00:50,576] {dag.py:2937} INFO - Setting next_dagrun for example_branch_datetime_operator_2 to 2022-04-17 00:00:00+00:00
[2022-04-18 21:00:50,589] {processor.py:171} INFO - Processing /home/airflow/.local/lib/python3.7/site-packages/airflow/example_dags/example_branch_datetime_operator.py took 0.110 seconds
[2022-04-18 21:01:21,512] {processor.py:163} INFO - Started process (PID=447) to work on /home/airflow/.local/lib/python3.7/site-packages/airflow/example_dags/example_branch_datetime_operator.py
[2022-04-18 21:01:21,515] {processor.py:642} INFO - Processing file /home/airflow/.local/lib/python3.7/site-packages/airflow/example_dags/example_branch_datetime_operator.py for tasks to queue
[2022-04-18 21:01:21,516] {logging_mixin.py:109} INFO - [2022-04-18 21:01:21,516] {dagbag.py:500} INFO - Filling up the DagBag from /home/airflow/.local/lib/python3.7/site-packages/airflow/example_dags/example_branch_datetime_operator.py
[2022-04-18 21:01:21,538] {processor.py:652} INFO - DAG(s) dict_keys(['example_branch_datetime_operator_2']) retrieved from /home/airflow/.local/lib/python3.7/site-packages/airflow/example_dags/example_branch_datetime_operator.py
[2022-04-18 21:01:21,580] {logging_mixin.py:109} INFO - [2022-04-18 21:01:21,580] {dag.py:2398} INFO - Sync 1 DAGs
[2022-04-18 21:01:21,606] {logging_mixin.py:109} INFO - [2022-04-18 21:01:21,606] {dag.py:2937} INFO - Setting next_dagrun for example_branch_datetime_operator_2 to 2022-04-18T00:00:00+00:00
[2022-04-18 21:01:21,620] {processor.py:171} INFO - Processing /home/airflow/.local/lib/python3.7/site-packages/airflow/example_dags/example_branch_datetime_operator.py took 0.115 seconds
[2022-04-18 21:01:51,800] {processor.py:163} INFO - Started process (PID=508) to work on /home/airflow/.local/lib/python3.7/site-packages/airflow/example_dags/example_branch_datetime_operator.py
[2022-04-18 21:01:51,802] {processor.py:642} INFO - Processing file /home/airflow/.local/lib/python3.7/site-packages/airflow/example_dags/example_branch_datetime_operator.py for tasks to queue
[2022-04-18 21:01:51,803] {logging_mixin.py:109} INFO - [2022-04-18 21:01:51,803] {dagbag.py:500} INFO - Filling up the DagBag from /home/airflow/.local/lib/python3.7/site-packages/airflow/example_dags/example_branch_datetime_operator.py
[2022-04-18 21:01:51,820] {processor.py:652} INFO - DAG(s) dict_keys(['example_branch_datetime_operator_2']) retrieved from /home/airflow/.local/lib/python3.7/site-packages/airflow/example_dags/example_branch_datetime_operator.py
[2022-04-18 21:01:51,840] {logging_mixin.py:109} INFO - [2022-04-18 21:01:51,839] {dag.py:2398} INFO - Sync 1 DAGs
[2022-04-18 21:01:51,859] {logging_mixin.py:109} INFO - [2022-04-18 21:01:51,859] {dag.py:2937} INFO - Setting next_dagrun for example_branch_datetime_operator_2 to 2022-04-18T00:00:00+00:00
[2022-04-18 21:01:51,868] {processor.py:171} INFO - Processing /home/airflow/.local/lib/python3.7/site-packages/airflow/example_dags/example_branch_datetime_operator.py took 0.072 seconds
[2022-04-18 21:02:21,909] {processor.py:163} INFO - Started process (PID=557) to work on /home/airflow/.local/lib/python3.7/site-packages/airflow/example_dags/example_branch_datetime_operator.py
[2022-04-18 21:02:21,911] {processor.py:642} INFO - Processing file /home/airflow/.local/lib/python3.7/site-packages/airflow/example_dags/example_branch_datetime_operator.py for tasks to queue
[2022-04-18 21:02:21,912] {logging_mixin.py:109} INFO - [2022-04-18 21:02:21,912] {dagbag.py:500} INFO - Filling up the DagBag from /home/airflow/.local/lib/python3.7/site-packages/airflow/example_dags/example_branch_datetime_operator.py
[2022-04-18 21:02:21,929] {processor.py:652} INFO - DAG(s) dict_keys(['example_branch_datetime_operator_2']) retrieved from /home/airflow/.local/lib/python3.7/site-packages/airflow/example_dags/example_branch_datetime_operator.py
[2022-04-18 21:02:21,949] {logging_mixin.py:109} INFO - [2022-04-18 21:02:21,949] {dag.py:2398} INFO - Sync 1 DAGs
[2022-04-18 21:02:21,968] {logging_mixin.py:109} INFO - [2022-04-18 21:02:21,968] {dag.py:2937} INFO - Setting next_dagrun for example_branch_datetime_operator_2 to 2022-04-18T00:00:00+00:00
[2022-04-18 21:02:21,977] {processor.py:171} INFO - Processing /home/airflow/.local/lib/python3.7/site-packages/airflow/example_dags/example_branch_datetime_operator.py took 0.073 seconds
[2022-04-18 21:02:52,307] {processor.py:163} INFO - Started process (PID=616) to work on /home/airflow/.local/lib/python3.7/site-packages/airflow/example_dags/example_branch_datetime_operator.py
[2022-04-18 21:02:52,309] {processor.py:642} INFO - Processing file /home/airflow/.local/lib/python3.7/site-packages/airflow/example_dags/example_branch_datetime_operator.py for tasks to queue
[2022-04-18 21:02:52,310] {logging_mixin.py:109} INFO - [2022-04-18 21:02:52,310] {dagbag.py:500} INFO - Filling up the DagBag from /home/airflow/.local/lib/python3.7/site-packages/airflow/example_dags/example_branch_datetime_operator.py
[2022-04-18 21:02:52,328] {processor.py:652} INFO - DAG(s) dict_keys(['example_branch_datetime_operator_2']) retrieved from /home/airflow/.local/lib/python3.7/site-packages/airflow/example_dags/example_branch_datetime_operator.py
[2022-04-18 21:02:52,349] {logging_mixin.py:109} INFO - [2022-04-18 21:02:52,349] {dag.py:2398} INFO - Sync 1 DAGs
[2022-04-18 21:02:52,369] {logging_mixin.py:109} INFO - [2022-04-18 21:02:52,368] {dag.py:2937} INFO - Setting next_dagrun for example_branch_datetime_operator_2 to 2022-04-18T00:00:00+00:00
[2022-04-18 21:02:52,379] {processor.py:171} INFO - Processing /home/airflow/.local/lib/python3.7/site-packages/airflow/example_dags/example_branch_datetime_operator.py took 0.077 seconds
[2022-04-18 21:03:22,791] {processor.py:163} INFO - Started process (PID=666) to work on /home/airflow/.local/lib/python3.7/site-packages/airflow/example_dags/example_branch_datetime_operator.py
[2022-04-18 21:03:22,795] {processor.py:642} INFO - Processing file /home/airflow/.local/lib/python3.7/site-packages/airflow/example_dags/example_branch_datetime_operator.py for tasks to queue
[2022-04-18 21:03:22,797] {logging_mixin.py:109} INFO - [2022-04-18 21:03:22,797] {dagbag.py:500} INFO - Filling up the DagBag from /home/airflow/.local/lib/python3.7/site-packages/airflow/example_dags/example_branch_datetime_operator.py
[2022-04-18 21:03:22,829] {processor.py:652} INFO - DAG(s) dict_keys(['example_branch_datetime_operator_2']) retrieved from /home/airflow/.local/lib/python3.7/site-packages/airflow/example_dags/example_branch_datetime_operator.py
[2022-04-18 21:03:22,881] {logging_mixin.py:109} INFO - [2022-04-18 21:03:22,881] {dag.py:2398} INFO - Sync 1 DAGs
[2022-04-18 21:03:22,912] {logging_mixin.py:109} INFO - [2022-04-18 21:03:22,912] {dag.py:2937} INFO - Setting next_dagrun for example_branch_datetime_operator_2 to 2022-04-18T00:00:00+00:00
[2022-04-18 21:03:22,923] {processor.py:171} INFO - Processing /home/airflow/.local/lib/python3.7/site-packages/airflow/example_dags/example_branch_datetime_operator.py took 0.142 seconds
[2022-04-18 21:03:53,216] {processor.py:163} INFO - Started process (PID=725) to work on /home/airflow/.local/lib/python3.7/site-packages/airflow/example_dags/example_branch_datetime_operator.py
[2022-04-18 21:03:53,218] {processor.py:642} INFO - Processing file /home/airflow/.local/lib/python3.7/site-packages/airflow/example_dags/example_branch_datetime_operator.py for tasks to queue
[2022-04-18 21:03:53,219] {logging_mixin.py:109} INFO - [2022-04-18 21:03:53,219] {dagbag.py:500} INFO - Filling up the DagBag from /home/airflow/.local/lib/python3.7/site-packages/airflow/example_dags/example_branch_datetime_operator.py
[2022-04-18 21:03:53,236] {processor.py:652} INFO - DAG(s) dict_keys(['example_branch_datetime_operator_2']) retrieved from /home/airflow/.local/lib/python3.7/site-packages/airflow/example_dags/example_branch_datetime_operator.py
[2022-04-18 21:03:53,257] {logging_mixin.py:109} INFO - [2022-04-18 21:03:53,257] {dag.py:2398} INFO - Sync 1 DAGs
[2022-04-18 21:03:53,275] {logging_mixin.py:109} INFO - [2022-04-18 21:03:53,275] {dag.py:2937} INFO - Setting next_dagrun for example_branch_datetime_operator_2 to 2022-04-18T00:00:00+00:00
[2022-04-18 21:03:53,286] {processor.py:171} INFO - Processing /home/airflow/.local/lib/python3.7/site-packages/airflow/example_dags/example_branch_datetime_operator.py took 0.074 seconds
[2022-04-18 21:04:23,627] {processor.py:163} INFO - Started process (PID=776) to work on /home/airflow/.local/lib/python3.7/site-packages/airflow/example_dags/example_branch_datetime_operator.py
[2022-04-18 21:04:23,629] {processor.py:642} INFO - Processing file /home/airflow/.local/lib/python3.7/site-packages/airflow/example_dags/example_branch_datetime_operator.py for tasks to queue
[2022-04-18 21:04:23,631] {logging_mixin.py:109} INFO - [2022-04-18 21:04:23,631] {dagbag.py:500} INFO - Filling up the DagBag from /home/airflow/.local/lib/python3.7/site-packages/airflow/example_dags/example_branch_datetime_operator.py
[2022-04-18 21:04:23,649] {processor.py:652} INFO - DAG(s) dict_keys(['example_branch_datetime_operator_2']) retrieved from /home/airflow/.local/lib/python3.7/site-packages/airflow/example_dags/example_branch_datetime_operator.py
[2022-04-18 21:04:23,673] {logging_mixin.py:109} INFO - [2022-04-18 21:04:23,673] {dag.py:2398} INFO - Sync 1 DAGs
[2022-04-18 21:04:23,694] {logging_mixin.py:109} INFO - [2022-04-18 21:04:23,694] {dag.py:2937} INFO - Setting next_dagrun for example_branch_datetime_operator_2 to 2022-04-18T00:00:00+00:00
[2022-04-18 21:04:23,706] {processor.py:171} INFO - Processing /home/airflow/.local/lib/python3.7/site-packages/airflow/example_dags/example_branch_datetime_operator.py took 0.083 seconds
[2022-04-18 21:04:54,554] {processor.py:163} INFO - Started process (PID=834) to work on /home/airflow/.local/lib/python3.7/site-packages/airflow/example_dags/example_branch_datetime_operator.py
[2022-04-18 21:04:54,556] {processor.py:642} INFO - Processing file /home/airflow/.local/lib/python3.7/site-packages/airflow/example_dags/example_branch_datetime_operator.py for tasks to queue
[2022-04-18 21:04:54,558] {logging_mixin.py:109} INFO - [2022-04-18 21:04:54,558] {dagbag.py:500} INFO - Filling up the DagBag from /home/airflow/.local/lib/python3.7/site-packages/airflow/example_dags/example_branch_datetime_operator.py
[2022-04-18 21:04:54,577] {processor.py:652} INFO - DAG(s) dict_keys(['example_branch_datetime_operator_2']) retrieved from /home/airflow/.local/lib/python3.7/site-packages/airflow/example_dags/example_branch_datetime_operator.py
[2022-04-18 21:04:54,603] {logging_mixin.py:109} INFO - [2022-04-18 21:04:54,603] {dag.py:2398} INFO - Sync 1 DAGs
[2022-04-18 21:04:54,629] {logging_mixin.py:109} INFO - [2022-04-18 21:04:54,629] {dag.py:2937} INFO - Setting next_dagrun for example_branch_datetime_operator_2 to 2022-04-18T00:00:00+00:00
[2022-04-18 21:04:54,669] {processor.py:171} INFO - Processing /home/airflow/.local/lib/python3.7/site-packages/airflow/example_dags/example_branch_datetime_operator.py took 0.119 seconds
[2022-04-18 21:05:25,224] {processor.py:163} INFO - Started process (PID=886) to work on /home/airflow/.local/lib/python3.7/site-packages/airflow/example_dags/example_branch_datetime_operator.py
[2022-04-18 21:05:25,226] {processor.py:642} INFO - Processing file /home/airflow/.local/lib/python3.7/site-packages/airflow/example_dags/example_branch_datetime_operator.py for tasks to queue
[2022-04-18 21:05:25,227] {logging_mixin.py:109} INFO - [2022-04-18 21:05:25,227] {dagbag.py:500} INFO - Filling up the DagBag from /home/airflow/.local/lib/python3.7/site-packages/airflow/example_dags/example_branch_datetime_operator.py
[2022-04-18 21:05:25,246] {processor.py:652} INFO - DAG(s) dict_keys(['example_branch_datetime_operator_2']) retrieved from /home/airflow/.local/lib/python3.7/site-packages/airflow/example_dags/example_branch_datetime_operator.py
[2022-04-18 21:05:25,267] {logging_mixin.py:109} INFO - [2022-04-18 21:05:25,267] {dag.py:2398} INFO - Sync 1 DAGs
[2022-04-18 21:05:25,287] {logging_mixin.py:109} INFO - [2022-04-18 21:05:25,286] {dag.py:2937} INFO - Setting next_dagrun for example_branch_datetime_operator_2 to 2022-04-18T00:00:00+00:00
[2022-04-18 21:05:25,297] {processor.py:171} INFO - Processing /home/airflow/.local/lib/python3.7/site-packages/airflow/example_dags/example_branch_datetime_operator.py took 0.077 seconds
[2022-04-18 21:05:55,319] {processor.py:163} INFO - Started process (PID=936) to work on /home/airflow/.local/lib/python3.7/site-packages/airflow/example_dags/example_branch_datetime_operator.py
[2022-04-18 21:05:55,322] {processor.py:642} INFO - Processing file /home/airflow/.local/lib/python3.7/site-packages/airflow/example_dags/example_branch_datetime_operator.py for tasks to queue
[2022-04-18 21:05:55,323] {logging_mixin.py:109} INFO - [2022-04-18 21:05:55,323] {dagbag.py:500} INFO - Filling up the DagBag from /home/airflow/.local/lib/python3.7/site-packages/airflow/example_dags/example_branch_datetime_operator.py
[2022-04-18 21:05:55,339] {processor.py:652} INFO - DAG(s) dict_keys(['example_branch_datetime_operator_2']) retrieved from /home/airflow/.local/lib/python3.7/site-packages/airflow/example_dags/example_branch_datetime_operator.py
[2022-04-18 21:05:55,367] {logging_mixin.py:109} INFO - [2022-04-18 21:05:55,367] {dag.py:2398} INFO - Sync 1 DAGs
[2022-04-18 21:05:55,387] {logging_mixin.py:109} INFO - [2022-04-18 21:05:55,387] {dag.py:2937} INFO - Setting next_dagrun for example_branch_datetime_operator_2 to 2022-04-18T00:00:00+00:00
[2022-04-18 21:05:55,397] {processor.py:171} INFO - Processing /home/airflow/.local/lib/python3.7/site-packages/airflow/example_dags/example_branch_datetime_operator.py took 0.081 seconds
[2022-04-18 21:06:25,645] {processor.py:163} INFO - Started process (PID=999) to work on /home/airflow/.local/lib/python3.7/site-packages/airflow/example_dags/example_branch_datetime_operator.py
[2022-04-18 21:06:25,647] {processor.py:642} INFO - Processing file /home/airflow/.local/lib/python3.7/site-packages/airflow/example_dags/example_branch_datetime_operator.py for tasks to queue
[2022-04-18 21:06:25,648] {logging_mixin.py:109} INFO - [2022-04-18 21:06:25,648] {dagbag.py:500} INFO - Filling up the DagBag from /home/airflow/.local/lib/python3.7/site-packages/airflow/example_dags/example_branch_datetime_operator.py
[2022-04-18 21:06:25,666] {processor.py:652} INFO - DAG(s) dict_keys(['example_branch_datetime_operator_2']) retrieved from /home/airflow/.local/lib/python3.7/site-packages/airflow/example_dags/example_branch_datetime_operator.py
[2022-04-18 21:06:25,689] {logging_mixin.py:109} INFO - [2022-04-18 21:06:25,689] {dag.py:2398} INFO - Sync 1 DAGs
[2022-04-18 21:06:25,711] {logging_mixin.py:109} INFO - [2022-04-18 21:06:25,711] {dag.py:2937} INFO - Setting next_dagrun for example_branch_datetime_operator_2 to 2022-04-18T00:00:00+00:00
[2022-04-18 21:06:25,721] {processor.py:171} INFO - Processing /home/airflow/.local/lib/python3.7/site-packages/airflow/example_dags/example_branch_datetime_operator.py took 0.080 seconds
[2022-04-18 21:06:55,950] {processor.py:163} INFO - Started process (PID=1050) to work on /home/airflow/.local/lib/python3.7/site-packages/airflow/example_dags/example_branch_datetime_operator.py
[2022-04-18 21:06:55,955] {processor.py:642} INFO - Processing file /home/airflow/.local/lib/python3.7/site-packages/airflow/example_dags/example_branch_datetime_operator.py for tasks to queue
[2022-04-18 21:06:55,957] {logging_mixin.py:109} INFO - [2022-04-18 21:06:55,957] {dagbag.py:500} INFO - Filling up the DagBag from /home/airflow/.local/lib/python3.7/site-packages/airflow/example_dags/example_branch_datetime_operator.py
[2022-04-18 21:06:55,978] {processor.py:652} INFO - DAG(s) dict_keys(['example_branch_datetime_operator_2']) retrieved from /home/airflow/.local/lib/python3.7/site-packages/airflow/example_dags/example_branch_datetime_operator.py
[2022-04-18 21:06:56,004] {logging_mixin.py:109} INFO - [2022-04-18 21:06:56,004] {dag.py:2398} INFO - Sync 1 DAGs
[2022-04-18 21:06:56,025] {logging_mixin.py:109} INFO - [2022-04-18 21:06:56,025] {dag.py:2937} INFO - Setting next_dagrun for example_branch_datetime_operator_2 to 2022-04-18T00:00:00+00:00
[2022-04-18 21:06:56,036] {processor.py:171} INFO - Processing /home/airflow/.local/lib/python3.7/site-packages/airflow/example_dags/example_branch_datetime_operator.py took 0.092 seconds
[2022-04-18 21:07:26,377] {processor.py:163} INFO - Started process (PID=1113) to work on /home/airflow/.local/lib/python3.7/site-packages/airflow/example_dags/example_branch_datetime_operator.py
[2022-04-18 21:07:26,380] {processor.py:642} INFO - Processing file /home/airflow/.local/lib/python3.7/site-packages/airflow/example_dags/example_branch_datetime_operator.py for tasks to queue
[2022-04-18 21:07:26,381] {logging_mixin.py:109} INFO - [2022-04-18 21:07:26,381] {dagbag.py:500} INFO - Filling up the DagBag from /home/airflow/.local/lib/python3.7/site-packages/airflow/example_dags/example_branch_datetime_operator.py
[2022-04-18 21:07:26,399] {processor.py:652} INFO - DAG(s) dict_keys(['example_branch_datetime_operator_2']) retrieved from /home/airflow/.local/lib/python3.7/site-packages/airflow/example_dags/example_branch_datetime_operator.py
[2022-04-18 21:07:26,422] {logging_mixin.py:109} INFO - [2022-04-18 21:07:26,422] {dag.py:2398} INFO - Sync 1 DAGs
[2022-04-18 21:07:26,443] {logging_mixin.py:109} INFO - [2022-04-18 21:07:26,443] {dag.py:2937} INFO - Setting next_dagrun for example_branch_datetime_operator_2 to 2022-04-18T00:00:00+00:00
[2022-04-18 21:07:26,454] {processor.py:171} INFO - Processing /home/airflow/.local/lib/python3.7/site-packages/airflow/example_dags/example_branch_datetime_operator.py took 0.081 seconds
[2022-04-18 21:07:56,638] {processor.py:163} INFO - Started process (PID=1164) to work on /home/airflow/.local/lib/python3.7/site-packages/airflow/example_dags/example_branch_datetime_operator.py
[2022-04-18 21:07:56,640] {processor.py:642} INFO - Processing file /home/airflow/.local/lib/python3.7/site-packages/airflow/example_dags/example_branch_datetime_operator.py for tasks to queue
[2022-04-18 21:07:56,641] {logging_mixin.py:109} INFO - [2022-04-18 21:07:56,641] {dagbag.py:500} INFO - Filling up the DagBag from /home/airflow/.local/lib/python3.7/site-packages/airflow/example_dags/example_branch_datetime_operator.py
[2022-04-18 21:07:56,662] {processor.py:652} INFO - DAG(s) dict_keys(['example_branch_datetime_operator_2']) retrieved from /home/airflow/.local/lib/python3.7/site-packages/airflow/example_dags/example_branch_datetime_operator.py
[2022-04-18 21:07:56,689] {logging_mixin.py:109} INFO - [2022-04-18 21:07:56,689] {dag.py:2398} INFO - Sync 1 DAGs
[2022-04-18 21:07:56,717] {logging_mixin.py:109} INFO - [2022-04-18 21:07:56,716] {dag.py:2937} INFO - Setting next_dagrun for example_branch_datetime_operator_2 to 2022-04-18T00:00:00+00:00
[2022-04-18 21:07:56,727] {processor.py:171} INFO - Processing /home/airflow/.local/lib/python3.7/site-packages/airflow/example_dags/example_branch_datetime_operator.py took 0.094 seconds
[2022-04-18 21:08:27,172] {processor.py:163} INFO - Started process (PID=1225) to work on /home/airflow/.local/lib/python3.7/site-packages/airflow/example_dags/example_branch_datetime_operator.py
[2022-04-18 21:08:27,175] {processor.py:642} INFO - Processing file /home/airflow/.local/lib/python3.7/site-packages/airflow/example_dags/example_branch_datetime_operator.py for tasks to queue
[2022-04-18 21:08:27,176] {logging_mixin.py:109} INFO - [2022-04-18 21:08:27,176] {dagbag.py:500} INFO - Filling up the DagBag from /home/airflow/.local/lib/python3.7/site-packages/airflow/example_dags/example_branch_datetime_operator.py
[2022-04-18 21:08:27,195] {processor.py:652} INFO - DAG(s) dict_keys(['example_branch_datetime_operator_2']) retrieved from /home/airflow/.local/lib/python3.7/site-packages/airflow/example_dags/example_branch_datetime_operator.py
[2022-04-18 21:08:27,224] {logging_mixin.py:109} INFO - [2022-04-18 21:08:27,224] {dag.py:2398} INFO - Sync 1 DAGs
[2022-04-18 21:08:27,245] {logging_mixin.py:109} INFO - [2022-04-18 21:08:27,245] {dag.py:2937} INFO - Setting next_dagrun for example_branch_datetime_operator_2 to 2022-04-18T00:00:00+00:00
[2022-04-18 21:08:27,259] {processor.py:171} INFO - Processing /home/airflow/.local/lib/python3.7/site-packages/airflow/example_dags/example_branch_datetime_operator.py took 0.092 seconds
[2022-04-18 21:08:57,521] {processor.py:163} INFO - Started process (PID=1275) to work on /home/airflow/.local/lib/python3.7/site-packages/airflow/example_dags/example_branch_datetime_operator.py
[2022-04-18 21:08:57,522] {processor.py:642} INFO - Processing file /home/airflow/.local/lib/python3.7/site-packages/airflow/example_dags/example_branch_datetime_operator.py for tasks to queue
[2022-04-18 21:08:57,524] {logging_mixin.py:109} INFO - [2022-04-18 21:08:57,523] {dagbag.py:500} INFO - Filling up the DagBag from /home/airflow/.local/lib/python3.7/site-packages/airflow/example_dags/example_branch_datetime_operator.py
[2022-04-18 21:08:57,540] {processor.py:652} INFO - DAG(s) dict_keys(['example_branch_datetime_operator_2']) retrieved from /home/airflow/.local/lib/python3.7/site-packages/airflow/example_dags/example_branch_datetime_operator.py
[2022-04-18 21:08:57,567] {logging_mixin.py:109} INFO - [2022-04-18 21:08:57,566] {dag.py:2398} INFO - Sync 1 DAGs
[2022-04-18 21:08:57,590] {logging_mixin.py:109} INFO - [2022-04-18 21:08:57,589] {dag.py:2937} INFO - Setting next_dagrun for example_branch_datetime_operator_2 to 2022-04-18T00:00:00+00:00
[2022-04-18 21:08:57,601] {processor.py:171} INFO - Processing /home/airflow/.local/lib/python3.7/site-packages/airflow/example_dags/example_branch_datetime_operator.py took 0.084 seconds
