[2022-04-18 20:59:22,899] {processor.py:163} INFO - Started process (PID=91) to work on /home/airflow/.local/lib/python3.7/site-packages/airflow/example_dags/example_latest_only_with_trigger.py
[2022-04-18 20:59:22,901] {processor.py:642} INFO - Processing file /home/airflow/.local/lib/python3.7/site-packages/airflow/example_dags/example_latest_only_with_trigger.py for tasks to queue
[2022-04-18 20:59:22,902] {logging_mixin.py:109} INFO - [2022-04-18 20:59:22,902] {dagbag.py:500} INFO - Filling up the DagBag from /home/airflow/.local/lib/python3.7/site-packages/airflow/example_dags/example_latest_only_with_trigger.py
[2022-04-18 20:59:22,925] {processor.py:652} INFO - DAG(s) dict_keys(['latest_only_with_trigger']) retrieved from /home/airflow/.local/lib/python3.7/site-packages/airflow/example_dags/example_latest_only_with_trigger.py
[2022-04-18 20:59:26,956] {logging_mixin.py:109} INFO - [2022-04-18 20:59:26,956] {manager.py:496} INFO - Created Permission View: can read on DAG:latest_only_with_trigger
[2022-04-18 20:59:26,973] {logging_mixin.py:109} INFO - [2022-04-18 20:59:26,973] {manager.py:496} INFO - Created Permission View: can edit on DAG:latest_only_with_trigger
[2022-04-18 20:59:26,976] {logging_mixin.py:109} INFO - [2022-04-18 20:59:26,975] {dag.py:2398} INFO - Sync 1 DAGs
[2022-04-18 20:59:26,988] {logging_mixin.py:109} INFO - [2022-04-18 20:59:26,988] {dag.py:2417} INFO - Creating ORM DAG for latest_only_with_trigger
[2022-04-18 20:59:27,013] {logging_mixin.py:109} INFO - [2022-04-18 20:59:27,013] {dag.py:2937} INFO - Setting next_dagrun for latest_only_with_trigger to 2022-04-18T16:59:27.013316+00:00
[2022-04-18 20:59:27,043] {processor.py:171} INFO - Processing /home/airflow/.local/lib/python3.7/site-packages/airflow/example_dags/example_latest_only_with_trigger.py took 4.169 seconds
[2022-04-18 20:59:57,244] {processor.py:163} INFO - Started process (PID=286) to work on /home/airflow/.local/lib/python3.7/site-packages/airflow/example_dags/example_latest_only_with_trigger.py
[2022-04-18 20:59:57,245] {processor.py:642} INFO - Processing file /home/airflow/.local/lib/python3.7/site-packages/airflow/example_dags/example_latest_only_with_trigger.py for tasks to queue
[2022-04-18 20:59:57,247] {logging_mixin.py:109} INFO - [2022-04-18 20:59:57,247] {dagbag.py:500} INFO - Filling up the DagBag from /home/airflow/.local/lib/python3.7/site-packages/airflow/example_dags/example_latest_only_with_trigger.py
[2022-04-18 20:59:57,266] {processor.py:652} INFO - DAG(s) dict_keys(['latest_only_with_trigger']) retrieved from /home/airflow/.local/lib/python3.7/site-packages/airflow/example_dags/example_latest_only_with_trigger.py
[2022-04-18 20:59:57,295] {logging_mixin.py:109} INFO - [2022-04-18 20:59:57,295] {dag.py:2398} INFO - Sync 1 DAGs
[2022-04-18 20:59:57,313] {logging_mixin.py:109} INFO - [2022-04-18 20:59:57,313] {dag.py:2937} INFO - Setting next_dagrun for latest_only_with_trigger to 2022-04-18T16:59:57.313202+00:00
[2022-04-18 20:59:57,329] {processor.py:171} INFO - Processing /home/airflow/.local/lib/python3.7/site-packages/airflow/example_dags/example_latest_only_with_trigger.py took 0.090 seconds
[2022-04-18 21:00:27,558] {processor.py:163} INFO - Started process (PID=347) to work on /home/airflow/.local/lib/python3.7/site-packages/airflow/example_dags/example_latest_only_with_trigger.py
[2022-04-18 21:00:27,560] {processor.py:642} INFO - Processing file /home/airflow/.local/lib/python3.7/site-packages/airflow/example_dags/example_latest_only_with_trigger.py for tasks to queue
[2022-04-18 21:00:27,562] {logging_mixin.py:109} INFO - [2022-04-18 21:00:27,562] {dagbag.py:500} INFO - Filling up the DagBag from /home/airflow/.local/lib/python3.7/site-packages/airflow/example_dags/example_latest_only_with_trigger.py
[2022-04-18 21:00:27,598] {processor.py:652} INFO - DAG(s) dict_keys(['latest_only_with_trigger']) retrieved from /home/airflow/.local/lib/python3.7/site-packages/airflow/example_dags/example_latest_only_with_trigger.py
[2022-04-18 21:00:27,638] {logging_mixin.py:109} INFO - [2022-04-18 21:00:27,638] {dag.py:2398} INFO - Sync 1 DAGs
[2022-04-18 21:00:27,672] {logging_mixin.py:109} INFO - [2022-04-18 21:00:27,672] {dag.py:2937} INFO - Setting next_dagrun for latest_only_with_trigger to 2022-04-18T17:00:27.671946+00:00
[2022-04-18 21:00:27,688] {processor.py:171} INFO - Processing /home/airflow/.local/lib/python3.7/site-packages/airflow/example_dags/example_latest_only_with_trigger.py took 0.135 seconds
[2022-04-18 21:00:57,757] {processor.py:163} INFO - Started process (PID=399) to work on /home/airflow/.local/lib/python3.7/site-packages/airflow/example_dags/example_latest_only_with_trigger.py
[2022-04-18 21:00:57,760] {processor.py:642} INFO - Processing file /home/airflow/.local/lib/python3.7/site-packages/airflow/example_dags/example_latest_only_with_trigger.py for tasks to queue
[2022-04-18 21:00:57,761] {logging_mixin.py:109} INFO - [2022-04-18 21:00:57,761] {dagbag.py:500} INFO - Filling up the DagBag from /home/airflow/.local/lib/python3.7/site-packages/airflow/example_dags/example_latest_only_with_trigger.py
[2022-04-18 21:00:57,781] {processor.py:652} INFO - DAG(s) dict_keys(['latest_only_with_trigger']) retrieved from /home/airflow/.local/lib/python3.7/site-packages/airflow/example_dags/example_latest_only_with_trigger.py
[2022-04-18 21:00:57,808] {logging_mixin.py:109} INFO - [2022-04-18 21:00:57,808] {dag.py:2398} INFO - Sync 1 DAGs
[2022-04-18 21:00:57,829] {logging_mixin.py:109} INFO - [2022-04-18 21:00:57,829] {dag.py:2937} INFO - Setting next_dagrun for latest_only_with_trigger to 2022-04-18T17:00:57.829250+00:00
[2022-04-18 21:00:57,841] {processor.py:171} INFO - Processing /home/airflow/.local/lib/python3.7/site-packages/airflow/example_dags/example_latest_only_with_trigger.py took 0.090 seconds
[2022-04-18 21:01:28,062] {processor.py:163} INFO - Started process (PID=461) to work on /home/airflow/.local/lib/python3.7/site-packages/airflow/example_dags/example_latest_only_with_trigger.py
[2022-04-18 21:01:28,064] {processor.py:642} INFO - Processing file /home/airflow/.local/lib/python3.7/site-packages/airflow/example_dags/example_latest_only_with_trigger.py for tasks to queue
[2022-04-18 21:01:28,065] {logging_mixin.py:109} INFO - [2022-04-18 21:01:28,065] {dagbag.py:500} INFO - Filling up the DagBag from /home/airflow/.local/lib/python3.7/site-packages/airflow/example_dags/example_latest_only_with_trigger.py
[2022-04-18 21:01:28,084] {processor.py:652} INFO - DAG(s) dict_keys(['latest_only_with_trigger']) retrieved from /home/airflow/.local/lib/python3.7/site-packages/airflow/example_dags/example_latest_only_with_trigger.py
[2022-04-18 21:01:28,109] {logging_mixin.py:109} INFO - [2022-04-18 21:01:28,109] {dag.py:2398} INFO - Sync 1 DAGs
[2022-04-18 21:01:28,129] {logging_mixin.py:109} INFO - [2022-04-18 21:01:28,129] {dag.py:2937} INFO - Setting next_dagrun for latest_only_with_trigger to 2022-04-18T17:01:28.128842+00:00
[2022-04-18 21:01:28,141] {processor.py:171} INFO - Processing /home/airflow/.local/lib/python3.7/site-packages/airflow/example_dags/example_latest_only_with_trigger.py took 0.084 seconds
[2022-04-18 21:01:58,392] {processor.py:163} INFO - Started process (PID=512) to work on /home/airflow/.local/lib/python3.7/site-packages/airflow/example_dags/example_latest_only_with_trigger.py
[2022-04-18 21:01:58,395] {processor.py:642} INFO - Processing file /home/airflow/.local/lib/python3.7/site-packages/airflow/example_dags/example_latest_only_with_trigger.py for tasks to queue
[2022-04-18 21:01:58,397] {logging_mixin.py:109} INFO - [2022-04-18 21:01:58,397] {dagbag.py:500} INFO - Filling up the DagBag from /home/airflow/.local/lib/python3.7/site-packages/airflow/example_dags/example_latest_only_with_trigger.py
[2022-04-18 21:01:58,417] {processor.py:652} INFO - DAG(s) dict_keys(['latest_only_with_trigger']) retrieved from /home/airflow/.local/lib/python3.7/site-packages/airflow/example_dags/example_latest_only_with_trigger.py
[2022-04-18 21:01:58,470] {logging_mixin.py:109} INFO - [2022-04-18 21:01:58,470] {dag.py:2398} INFO - Sync 1 DAGs
[2022-04-18 21:01:58,512] {logging_mixin.py:109} INFO - [2022-04-18 21:01:58,512] {dag.py:2937} INFO - Setting next_dagrun for latest_only_with_trigger to 2022-04-18T17:01:58.511816+00:00
[2022-04-18 21:01:58,540] {processor.py:171} INFO - Processing /home/airflow/.local/lib/python3.7/site-packages/airflow/example_dags/example_latest_only_with_trigger.py took 0.153 seconds
[2022-04-18 21:02:29,282] {processor.py:163} INFO - Started process (PID=574) to work on /home/airflow/.local/lib/python3.7/site-packages/airflow/example_dags/example_latest_only_with_trigger.py
[2022-04-18 21:02:29,284] {processor.py:642} INFO - Processing file /home/airflow/.local/lib/python3.7/site-packages/airflow/example_dags/example_latest_only_with_trigger.py for tasks to queue
[2022-04-18 21:02:29,285] {logging_mixin.py:109} INFO - [2022-04-18 21:02:29,285] {dagbag.py:500} INFO - Filling up the DagBag from /home/airflow/.local/lib/python3.7/site-packages/airflow/example_dags/example_latest_only_with_trigger.py
[2022-04-18 21:02:29,302] {processor.py:652} INFO - DAG(s) dict_keys(['latest_only_with_trigger']) retrieved from /home/airflow/.local/lib/python3.7/site-packages/airflow/example_dags/example_latest_only_with_trigger.py
[2022-04-18 21:02:29,326] {logging_mixin.py:109} INFO - [2022-04-18 21:02:29,325] {dag.py:2398} INFO - Sync 1 DAGs
[2022-04-18 21:02:29,345] {logging_mixin.py:109} INFO - [2022-04-18 21:02:29,345] {dag.py:2937} INFO - Setting next_dagrun for latest_only_with_trigger to 2022-04-18T17:02:29.345239+00:00
[2022-04-18 21:02:29,357] {processor.py:171} INFO - Processing /home/airflow/.local/lib/python3.7/site-packages/airflow/example_dags/example_latest_only_with_trigger.py took 0.079 seconds
[2022-04-18 21:02:59,690] {processor.py:163} INFO - Started process (PID=624) to work on /home/airflow/.local/lib/python3.7/site-packages/airflow/example_dags/example_latest_only_with_trigger.py
[2022-04-18 21:02:59,692] {processor.py:642} INFO - Processing file /home/airflow/.local/lib/python3.7/site-packages/airflow/example_dags/example_latest_only_with_trigger.py for tasks to queue
[2022-04-18 21:02:59,693] {logging_mixin.py:109} INFO - [2022-04-18 21:02:59,693] {dagbag.py:500} INFO - Filling up the DagBag from /home/airflow/.local/lib/python3.7/site-packages/airflow/example_dags/example_latest_only_with_trigger.py
[2022-04-18 21:02:59,708] {processor.py:652} INFO - DAG(s) dict_keys(['latest_only_with_trigger']) retrieved from /home/airflow/.local/lib/python3.7/site-packages/airflow/example_dags/example_latest_only_with_trigger.py
[2022-04-18 21:02:59,729] {logging_mixin.py:109} INFO - [2022-04-18 21:02:59,729] {dag.py:2398} INFO - Sync 1 DAGs
[2022-04-18 21:02:59,747] {logging_mixin.py:109} INFO - [2022-04-18 21:02:59,747] {dag.py:2937} INFO - Setting next_dagrun for latest_only_with_trigger to 2022-04-18T17:02:59.747172+00:00
[2022-04-18 21:02:59,758] {processor.py:171} INFO - Processing /home/airflow/.local/lib/python3.7/site-packages/airflow/example_dags/example_latest_only_with_trigger.py took 0.072 seconds
[2022-04-18 21:03:30,237] {processor.py:163} INFO - Started process (PID=683) to work on /home/airflow/.local/lib/python3.7/site-packages/airflow/example_dags/example_latest_only_with_trigger.py
[2022-04-18 21:03:30,239] {processor.py:642} INFO - Processing file /home/airflow/.local/lib/python3.7/site-packages/airflow/example_dags/example_latest_only_with_trigger.py for tasks to queue
[2022-04-18 21:03:30,241] {logging_mixin.py:109} INFO - [2022-04-18 21:03:30,241] {dagbag.py:500} INFO - Filling up the DagBag from /home/airflow/.local/lib/python3.7/site-packages/airflow/example_dags/example_latest_only_with_trigger.py
[2022-04-18 21:03:30,256] {processor.py:652} INFO - DAG(s) dict_keys(['latest_only_with_trigger']) retrieved from /home/airflow/.local/lib/python3.7/site-packages/airflow/example_dags/example_latest_only_with_trigger.py
[2022-04-18 21:03:30,277] {logging_mixin.py:109} INFO - [2022-04-18 21:03:30,277] {dag.py:2398} INFO - Sync 1 DAGs
[2022-04-18 21:03:30,295] {logging_mixin.py:109} INFO - [2022-04-18 21:03:30,295] {dag.py:2937} INFO - Setting next_dagrun for latest_only_with_trigger to 2022-04-18T17:03:30.295135+00:00
[2022-04-18 21:03:30,306] {processor.py:171} INFO - Processing /home/airflow/.local/lib/python3.7/site-packages/airflow/example_dags/example_latest_only_with_trigger.py took 0.072 seconds
[2022-04-18 21:04:00,514] {processor.py:163} INFO - Started process (PID=732) to work on /home/airflow/.local/lib/python3.7/site-packages/airflow/example_dags/example_latest_only_with_trigger.py
[2022-04-18 21:04:00,516] {processor.py:642} INFO - Processing file /home/airflow/.local/lib/python3.7/site-packages/airflow/example_dags/example_latest_only_with_trigger.py for tasks to queue
[2022-04-18 21:04:00,518] {logging_mixin.py:109} INFO - [2022-04-18 21:04:00,518] {dagbag.py:500} INFO - Filling up the DagBag from /home/airflow/.local/lib/python3.7/site-packages/airflow/example_dags/example_latest_only_with_trigger.py
[2022-04-18 21:04:00,544] {processor.py:652} INFO - DAG(s) dict_keys(['latest_only_with_trigger']) retrieved from /home/airflow/.local/lib/python3.7/site-packages/airflow/example_dags/example_latest_only_with_trigger.py
[2022-04-18 21:04:00,576] {logging_mixin.py:109} INFO - [2022-04-18 21:04:00,576] {dag.py:2398} INFO - Sync 1 DAGs
[2022-04-18 21:04:00,602] {logging_mixin.py:109} INFO - [2022-04-18 21:04:00,602] {dag.py:2937} INFO - Setting next_dagrun for latest_only_with_trigger to 2022-04-18T17:04:00.602066+00:00
[2022-04-18 21:04:00,623] {processor.py:171} INFO - Processing /home/airflow/.local/lib/python3.7/site-packages/airflow/example_dags/example_latest_only_with_trigger.py took 0.114 seconds
[2022-04-18 21:04:30,950] {processor.py:163} INFO - Started process (PID=793) to work on /home/airflow/.local/lib/python3.7/site-packages/airflow/example_dags/example_latest_only_with_trigger.py
[2022-04-18 21:04:30,953] {processor.py:642} INFO - Processing file /home/airflow/.local/lib/python3.7/site-packages/airflow/example_dags/example_latest_only_with_trigger.py for tasks to queue
[2022-04-18 21:04:30,954] {logging_mixin.py:109} INFO - [2022-04-18 21:04:30,954] {dagbag.py:500} INFO - Filling up the DagBag from /home/airflow/.local/lib/python3.7/site-packages/airflow/example_dags/example_latest_only_with_trigger.py
[2022-04-18 21:04:30,977] {processor.py:652} INFO - DAG(s) dict_keys(['latest_only_with_trigger']) retrieved from /home/airflow/.local/lib/python3.7/site-packages/airflow/example_dags/example_latest_only_with_trigger.py
[2022-04-18 21:04:31,061] {logging_mixin.py:109} INFO - [2022-04-18 21:04:31,060] {dag.py:2398} INFO - Sync 1 DAGs
[2022-04-18 21:04:31,112] {logging_mixin.py:109} INFO - [2022-04-18 21:04:31,111] {dag.py:2937} INFO - Setting next_dagrun for latest_only_with_trigger to 2022-04-18T17:04:31.111361+00:00
[2022-04-18 21:04:31,132] {processor.py:171} INFO - Processing /home/airflow/.local/lib/python3.7/site-packages/airflow/example_dags/example_latest_only_with_trigger.py took 0.186 seconds
[2022-04-18 21:05:01,243] {processor.py:163} INFO - Started process (PID=844) to work on /home/airflow/.local/lib/python3.7/site-packages/airflow/example_dags/example_latest_only_with_trigger.py
[2022-04-18 21:05:01,245] {processor.py:642} INFO - Processing file /home/airflow/.local/lib/python3.7/site-packages/airflow/example_dags/example_latest_only_with_trigger.py for tasks to queue
[2022-04-18 21:05:01,246] {logging_mixin.py:109} INFO - [2022-04-18 21:05:01,246] {dagbag.py:500} INFO - Filling up the DagBag from /home/airflow/.local/lib/python3.7/site-packages/airflow/example_dags/example_latest_only_with_trigger.py
[2022-04-18 21:05:01,269] {processor.py:652} INFO - DAG(s) dict_keys(['latest_only_with_trigger']) retrieved from /home/airflow/.local/lib/python3.7/site-packages/airflow/example_dags/example_latest_only_with_trigger.py
[2022-04-18 21:05:01,296] {logging_mixin.py:109} INFO - [2022-04-18 21:05:01,296] {dag.py:2398} INFO - Sync 1 DAGs
[2022-04-18 21:05:01,316] {logging_mixin.py:109} INFO - [2022-04-18 21:05:01,316] {dag.py:2937} INFO - Setting next_dagrun for latest_only_with_trigger to 2022-04-18T17:05:01.315784+00:00
[2022-04-18 21:05:01,327] {processor.py:171} INFO - Processing /home/airflow/.local/lib/python3.7/site-packages/airflow/example_dags/example_latest_only_with_trigger.py took 0.089 seconds
[2022-04-18 21:05:31,731] {processor.py:163} INFO - Started process (PID=904) to work on /home/airflow/.local/lib/python3.7/site-packages/airflow/example_dags/example_latest_only_with_trigger.py
[2022-04-18 21:05:31,733] {processor.py:642} INFO - Processing file /home/airflow/.local/lib/python3.7/site-packages/airflow/example_dags/example_latest_only_with_trigger.py for tasks to queue
[2022-04-18 21:05:31,734] {logging_mixin.py:109} INFO - [2022-04-18 21:05:31,734] {dagbag.py:500} INFO - Filling up the DagBag from /home/airflow/.local/lib/python3.7/site-packages/airflow/example_dags/example_latest_only_with_trigger.py
[2022-04-18 21:05:31,752] {processor.py:652} INFO - DAG(s) dict_keys(['latest_only_with_trigger']) retrieved from /home/airflow/.local/lib/python3.7/site-packages/airflow/example_dags/example_latest_only_with_trigger.py
[2022-04-18 21:05:31,776] {logging_mixin.py:109} INFO - [2022-04-18 21:05:31,776] {dag.py:2398} INFO - Sync 1 DAGs
[2022-04-18 21:05:31,796] {logging_mixin.py:109} INFO - [2022-04-18 21:05:31,796] {dag.py:2937} INFO - Setting next_dagrun for latest_only_with_trigger to 2022-04-18T17:05:31.795989+00:00
[2022-04-18 21:05:31,809] {processor.py:171} INFO - Processing /home/airflow/.local/lib/python3.7/site-packages/airflow/example_dags/example_latest_only_with_trigger.py took 0.083 seconds
[2022-04-18 21:06:02,182] {processor.py:163} INFO - Started process (PID=956) to work on /home/airflow/.local/lib/python3.7/site-packages/airflow/example_dags/example_latest_only_with_trigger.py
[2022-04-18 21:06:02,185] {processor.py:642} INFO - Processing file /home/airflow/.local/lib/python3.7/site-packages/airflow/example_dags/example_latest_only_with_trigger.py for tasks to queue
[2022-04-18 21:06:02,186] {logging_mixin.py:109} INFO - [2022-04-18 21:06:02,186] {dagbag.py:500} INFO - Filling up the DagBag from /home/airflow/.local/lib/python3.7/site-packages/airflow/example_dags/example_latest_only_with_trigger.py
[2022-04-18 21:06:02,203] {processor.py:652} INFO - DAG(s) dict_keys(['latest_only_with_trigger']) retrieved from /home/airflow/.local/lib/python3.7/site-packages/airflow/example_dags/example_latest_only_with_trigger.py
[2022-04-18 21:06:02,223] {logging_mixin.py:109} INFO - [2022-04-18 21:06:02,223] {dag.py:2398} INFO - Sync 1 DAGs
[2022-04-18 21:06:02,241] {logging_mixin.py:109} INFO - [2022-04-18 21:06:02,240] {dag.py:2937} INFO - Setting next_dagrun for latest_only_with_trigger to 2022-04-18T17:06:02.240638+00:00
[2022-04-18 21:06:02,250] {processor.py:171} INFO - Processing /home/airflow/.local/lib/python3.7/site-packages/airflow/example_dags/example_latest_only_with_trigger.py took 0.072 seconds
[2022-04-18 21:06:32,994] {processor.py:163} INFO - Started process (PID=1016) to work on /home/airflow/.local/lib/python3.7/site-packages/airflow/example_dags/example_latest_only_with_trigger.py
[2022-04-18 21:06:32,996] {processor.py:642} INFO - Processing file /home/airflow/.local/lib/python3.7/site-packages/airflow/example_dags/example_latest_only_with_trigger.py for tasks to queue
[2022-04-18 21:06:32,997] {logging_mixin.py:109} INFO - [2022-04-18 21:06:32,997] {dagbag.py:500} INFO - Filling up the DagBag from /home/airflow/.local/lib/python3.7/site-packages/airflow/example_dags/example_latest_only_with_trigger.py
[2022-04-18 21:06:33,013] {processor.py:652} INFO - DAG(s) dict_keys(['latest_only_with_trigger']) retrieved from /home/airflow/.local/lib/python3.7/site-packages/airflow/example_dags/example_latest_only_with_trigger.py
[2022-04-18 21:06:33,034] {logging_mixin.py:109} INFO - [2022-04-18 21:06:33,034] {dag.py:2398} INFO - Sync 1 DAGs
[2022-04-18 21:06:33,052] {logging_mixin.py:109} INFO - [2022-04-18 21:06:33,052] {dag.py:2937} INFO - Setting next_dagrun for latest_only_with_trigger to 2022-04-18T17:06:33.052136+00:00
[2022-04-18 21:06:33,063] {processor.py:171} INFO - Processing /home/airflow/.local/lib/python3.7/site-packages/airflow/example_dags/example_latest_only_with_trigger.py took 0.073 seconds
[2022-04-18 21:07:03,327] {processor.py:163} INFO - Started process (PID=1069) to work on /home/airflow/.local/lib/python3.7/site-packages/airflow/example_dags/example_latest_only_with_trigger.py
[2022-04-18 21:07:03,329] {processor.py:642} INFO - Processing file /home/airflow/.local/lib/python3.7/site-packages/airflow/example_dags/example_latest_only_with_trigger.py for tasks to queue
[2022-04-18 21:07:03,331] {logging_mixin.py:109} INFO - [2022-04-18 21:07:03,331] {dagbag.py:500} INFO - Filling up the DagBag from /home/airflow/.local/lib/python3.7/site-packages/airflow/example_dags/example_latest_only_with_trigger.py
[2022-04-18 21:07:03,352] {processor.py:652} INFO - DAG(s) dict_keys(['latest_only_with_trigger']) retrieved from /home/airflow/.local/lib/python3.7/site-packages/airflow/example_dags/example_latest_only_with_trigger.py
[2022-04-18 21:07:03,387] {logging_mixin.py:109} INFO - [2022-04-18 21:07:03,387] {dag.py:2398} INFO - Sync 1 DAGs
[2022-04-18 21:07:03,415] {logging_mixin.py:109} INFO - [2022-04-18 21:07:03,415] {dag.py:2937} INFO - Setting next_dagrun for latest_only_with_trigger to 2022-04-18T17:07:03.414770+00:00
[2022-04-18 21:07:03,434] {processor.py:171} INFO - Processing /home/airflow/.local/lib/python3.7/site-packages/airflow/example_dags/example_latest_only_with_trigger.py took 0.112 seconds
[2022-04-18 21:07:33,732] {processor.py:163} INFO - Started process (PID=1121) to work on /home/airflow/.local/lib/python3.7/site-packages/airflow/example_dags/example_latest_only_with_trigger.py
[2022-04-18 21:07:33,735] {processor.py:642} INFO - Processing file /home/airflow/.local/lib/python3.7/site-packages/airflow/example_dags/example_latest_only_with_trigger.py for tasks to queue
[2022-04-18 21:07:33,736] {logging_mixin.py:109} INFO - [2022-04-18 21:07:33,736] {dagbag.py:500} INFO - Filling up the DagBag from /home/airflow/.local/lib/python3.7/site-packages/airflow/example_dags/example_latest_only_with_trigger.py
[2022-04-18 21:07:33,762] {processor.py:652} INFO - DAG(s) dict_keys(['latest_only_with_trigger']) retrieved from /home/airflow/.local/lib/python3.7/site-packages/airflow/example_dags/example_latest_only_with_trigger.py
[2022-04-18 21:07:33,798] {logging_mixin.py:109} INFO - [2022-04-18 21:07:33,798] {dag.py:2398} INFO - Sync 1 DAGs
[2022-04-18 21:07:33,828] {logging_mixin.py:109} INFO - [2022-04-18 21:07:33,828] {dag.py:2937} INFO - Setting next_dagrun for latest_only_with_trigger to 2022-04-18T17:07:33.827932+00:00
[2022-04-18 21:07:33,848] {processor.py:171} INFO - Processing /home/airflow/.local/lib/python3.7/site-packages/airflow/example_dags/example_latest_only_with_trigger.py took 0.123 seconds
[2022-04-18 21:08:03,958] {processor.py:163} INFO - Started process (PID=1182) to work on /home/airflow/.local/lib/python3.7/site-packages/airflow/example_dags/example_latest_only_with_trigger.py
[2022-04-18 21:08:03,961] {processor.py:642} INFO - Processing file /home/airflow/.local/lib/python3.7/site-packages/airflow/example_dags/example_latest_only_with_trigger.py for tasks to queue
[2022-04-18 21:08:03,963] {logging_mixin.py:109} INFO - [2022-04-18 21:08:03,963] {dagbag.py:500} INFO - Filling up the DagBag from /home/airflow/.local/lib/python3.7/site-packages/airflow/example_dags/example_latest_only_with_trigger.py
[2022-04-18 21:08:03,983] {processor.py:652} INFO - DAG(s) dict_keys(['latest_only_with_trigger']) retrieved from /home/airflow/.local/lib/python3.7/site-packages/airflow/example_dags/example_latest_only_with_trigger.py
[2022-04-18 21:08:04,013] {logging_mixin.py:109} INFO - [2022-04-18 21:08:04,012] {dag.py:2398} INFO - Sync 1 DAGs
[2022-04-18 21:08:04,036] {logging_mixin.py:109} INFO - [2022-04-18 21:08:04,036] {dag.py:2937} INFO - Setting next_dagrun for latest_only_with_trigger to 2022-04-18T17:08:04.035830+00:00
[2022-04-18 21:08:04,051] {processor.py:171} INFO - Processing /home/airflow/.local/lib/python3.7/site-packages/airflow/example_dags/example_latest_only_with_trigger.py took 0.100 seconds
[2022-04-18 21:08:34,493] {processor.py:163} INFO - Started process (PID=1233) to work on /home/airflow/.local/lib/python3.7/site-packages/airflow/example_dags/example_latest_only_with_trigger.py
[2022-04-18 21:08:34,495] {processor.py:642} INFO - Processing file /home/airflow/.local/lib/python3.7/site-packages/airflow/example_dags/example_latest_only_with_trigger.py for tasks to queue
[2022-04-18 21:08:34,497] {logging_mixin.py:109} INFO - [2022-04-18 21:08:34,497] {dagbag.py:500} INFO - Filling up the DagBag from /home/airflow/.local/lib/python3.7/site-packages/airflow/example_dags/example_latest_only_with_trigger.py
[2022-04-18 21:08:34,517] {processor.py:652} INFO - DAG(s) dict_keys(['latest_only_with_trigger']) retrieved from /home/airflow/.local/lib/python3.7/site-packages/airflow/example_dags/example_latest_only_with_trigger.py
[2022-04-18 21:08:34,540] {logging_mixin.py:109} INFO - [2022-04-18 21:08:34,540] {dag.py:2398} INFO - Sync 1 DAGs
[2022-04-18 21:08:34,557] {logging_mixin.py:109} INFO - [2022-04-18 21:08:34,557] {dag.py:2937} INFO - Setting next_dagrun for latest_only_with_trigger to 2022-04-18T17:08:34.556657+00:00
[2022-04-18 21:08:34,568] {processor.py:171} INFO - Processing /home/airflow/.local/lib/python3.7/site-packages/airflow/example_dags/example_latest_only_with_trigger.py took 0.080 seconds
[2022-04-18 21:09:04,846] {processor.py:163} INFO - Started process (PID=1292) to work on /home/airflow/.local/lib/python3.7/site-packages/airflow/example_dags/example_latest_only_with_trigger.py
[2022-04-18 21:09:04,848] {processor.py:642} INFO - Processing file /home/airflow/.local/lib/python3.7/site-packages/airflow/example_dags/example_latest_only_with_trigger.py for tasks to queue
[2022-04-18 21:09:04,850] {logging_mixin.py:109} INFO - [2022-04-18 21:09:04,850] {dagbag.py:500} INFO - Filling up the DagBag from /home/airflow/.local/lib/python3.7/site-packages/airflow/example_dags/example_latest_only_with_trigger.py
[2022-04-18 21:09:04,866] {processor.py:652} INFO - DAG(s) dict_keys(['latest_only_with_trigger']) retrieved from /home/airflow/.local/lib/python3.7/site-packages/airflow/example_dags/example_latest_only_with_trigger.py
[2022-04-18 21:09:04,888] {logging_mixin.py:109} INFO - [2022-04-18 21:09:04,888] {dag.py:2398} INFO - Sync 1 DAGs
[2022-04-18 21:09:04,907] {logging_mixin.py:109} INFO - [2022-04-18 21:09:04,907] {dag.py:2937} INFO - Setting next_dagrun for latest_only_with_trigger to 2022-04-18T17:09:04.907361+00:00
[2022-04-18 21:09:04,918] {processor.py:171} INFO - Processing /home/airflow/.local/lib/python3.7/site-packages/airflow/example_dags/example_latest_only_with_trigger.py took 0.075 seconds
