[2022-04-18 20:59:34,578] {processor.py:163} INFO - Started process (PID=167) to work on /home/airflow/.local/lib/python3.7/site-packages/airflow/example_dags/example_bash_operator.py
[2022-04-18 20:59:34,580] {processor.py:642} INFO - Processing file /home/airflow/.local/lib/python3.7/site-packages/airflow/example_dags/example_bash_operator.py for tasks to queue
[2022-04-18 20:59:34,582] {logging_mixin.py:109} INFO - [2022-04-18 20:59:34,581] {dagbag.py:500} INFO - Filling up the DagBag from /home/airflow/.local/lib/python3.7/site-packages/airflow/example_dags/example_bash_operator.py
[2022-04-18 20:59:34,613] {processor.py:652} INFO - DAG(s) dict_keys(['example_bash_operator']) retrieved from /home/airflow/.local/lib/python3.7/site-packages/airflow/example_dags/example_bash_operator.py
[2022-04-18 20:59:36,701] {logging_mixin.py:109} INFO - [2022-04-18 20:59:36,700] {manager.py:496} INFO - Created Permission View: can read on DAG:example_bash_operator
[2022-04-18 20:59:36,715] {logging_mixin.py:109} INFO - [2022-04-18 20:59:36,715] {manager.py:496} INFO - Created Permission View: can edit on DAG:example_bash_operator
[2022-04-18 20:59:36,716] {logging_mixin.py:109} INFO - [2022-04-18 20:59:36,716] {dag.py:2398} INFO - Sync 1 DAGs
[2022-04-18 20:59:36,727] {logging_mixin.py:109} INFO - [2022-04-18 20:59:36,727] {dag.py:2417} INFO - Creating ORM DAG for example_bash_operator
[2022-04-18 20:59:36,739] {logging_mixin.py:109} INFO - [2022-04-18 20:59:36,739] {dag.py:2937} INFO - Setting next_dagrun for example_bash_operator to 2022-04-17 00:00:00+00:00
[2022-04-18 20:59:36,757] {processor.py:171} INFO - Processing /home/airflow/.local/lib/python3.7/site-packages/airflow/example_dags/example_bash_operator.py took 2.183 seconds
[2022-04-18 21:00:07,060] {processor.py:163} INFO - Started process (PID=305) to work on /home/airflow/.local/lib/python3.7/site-packages/airflow/example_dags/example_bash_operator.py
[2022-04-18 21:00:07,063] {processor.py:642} INFO - Processing file /home/airflow/.local/lib/python3.7/site-packages/airflow/example_dags/example_bash_operator.py for tasks to queue
[2022-04-18 21:00:07,064] {logging_mixin.py:109} INFO - [2022-04-18 21:00:07,064] {dagbag.py:500} INFO - Filling up the DagBag from /home/airflow/.local/lib/python3.7/site-packages/airflow/example_dags/example_bash_operator.py
[2022-04-18 21:00:07,094] {processor.py:652} INFO - DAG(s) dict_keys(['example_bash_operator']) retrieved from /home/airflow/.local/lib/python3.7/site-packages/airflow/example_dags/example_bash_operator.py
[2022-04-18 21:00:07,124] {logging_mixin.py:109} INFO - [2022-04-18 21:00:07,124] {dag.py:2398} INFO - Sync 1 DAGs
[2022-04-18 21:00:07,147] {logging_mixin.py:109} INFO - [2022-04-18 21:00:07,147] {dag.py:2937} INFO - Setting next_dagrun for example_bash_operator to 2022-04-17 00:00:00+00:00
[2022-04-18 21:00:07,159] {processor.py:171} INFO - Processing /home/airflow/.local/lib/python3.7/site-packages/airflow/example_dags/example_bash_operator.py took 0.103 seconds
[2022-04-18 21:00:37,604] {processor.py:163} INFO - Started process (PID=367) to work on /home/airflow/.local/lib/python3.7/site-packages/airflow/example_dags/example_bash_operator.py
[2022-04-18 21:00:37,607] {processor.py:642} INFO - Processing file /home/airflow/.local/lib/python3.7/site-packages/airflow/example_dags/example_bash_operator.py for tasks to queue
[2022-04-18 21:00:37,608] {logging_mixin.py:109} INFO - [2022-04-18 21:00:37,608] {dagbag.py:500} INFO - Filling up the DagBag from /home/airflow/.local/lib/python3.7/site-packages/airflow/example_dags/example_bash_operator.py
[2022-04-18 21:00:37,630] {processor.py:652} INFO - DAG(s) dict_keys(['example_bash_operator']) retrieved from /home/airflow/.local/lib/python3.7/site-packages/airflow/example_dags/example_bash_operator.py
[2022-04-18 21:00:37,653] {logging_mixin.py:109} INFO - [2022-04-18 21:00:37,653] {dag.py:2398} INFO - Sync 1 DAGs
[2022-04-18 21:00:37,672] {logging_mixin.py:109} INFO - [2022-04-18 21:00:37,672] {dag.py:2937} INFO - Setting next_dagrun for example_bash_operator to 2022-04-17 00:00:00+00:00
[2022-04-18 21:00:37,684] {processor.py:171} INFO - Processing /home/airflow/.local/lib/python3.7/site-packages/airflow/example_dags/example_bash_operator.py took 0.083 seconds
[2022-04-18 21:01:08,564] {processor.py:163} INFO - Started process (PID=418) to work on /home/airflow/.local/lib/python3.7/site-packages/airflow/example_dags/example_bash_operator.py
[2022-04-18 21:01:08,566] {processor.py:642} INFO - Processing file /home/airflow/.local/lib/python3.7/site-packages/airflow/example_dags/example_bash_operator.py for tasks to queue
[2022-04-18 21:01:08,567] {logging_mixin.py:109} INFO - [2022-04-18 21:01:08,567] {dagbag.py:500} INFO - Filling up the DagBag from /home/airflow/.local/lib/python3.7/site-packages/airflow/example_dags/example_bash_operator.py
[2022-04-18 21:01:08,587] {processor.py:652} INFO - DAG(s) dict_keys(['example_bash_operator']) retrieved from /home/airflow/.local/lib/python3.7/site-packages/airflow/example_dags/example_bash_operator.py
[2022-04-18 21:01:08,612] {logging_mixin.py:109} INFO - [2022-04-18 21:01:08,612] {dag.py:2398} INFO - Sync 1 DAGs
[2022-04-18 21:01:08,636] {logging_mixin.py:109} INFO - [2022-04-18 21:01:08,636] {dag.py:2937} INFO - Setting next_dagrun for example_bash_operator to 2022-04-17 00:00:00+00:00
[2022-04-18 21:01:08,650] {processor.py:171} INFO - Processing /home/airflow/.local/lib/python3.7/site-packages/airflow/example_dags/example_bash_operator.py took 0.089 seconds
[2022-04-18 21:01:38,813] {processor.py:163} INFO - Started process (PID=480) to work on /home/airflow/.local/lib/python3.7/site-packages/airflow/example_dags/example_bash_operator.py
[2022-04-18 21:01:38,815] {processor.py:642} INFO - Processing file /home/airflow/.local/lib/python3.7/site-packages/airflow/example_dags/example_bash_operator.py for tasks to queue
[2022-04-18 21:01:38,816] {logging_mixin.py:109} INFO - [2022-04-18 21:01:38,816] {dagbag.py:500} INFO - Filling up the DagBag from /home/airflow/.local/lib/python3.7/site-packages/airflow/example_dags/example_bash_operator.py
[2022-04-18 21:01:38,840] {processor.py:652} INFO - DAG(s) dict_keys(['example_bash_operator']) retrieved from /home/airflow/.local/lib/python3.7/site-packages/airflow/example_dags/example_bash_operator.py
[2022-04-18 21:01:38,864] {logging_mixin.py:109} INFO - [2022-04-18 21:01:38,864] {dag.py:2398} INFO - Sync 1 DAGs
[2022-04-18 21:01:38,885] {logging_mixin.py:109} INFO - [2022-04-18 21:01:38,885] {dag.py:2937} INFO - Setting next_dagrun for example_bash_operator to 2022-04-17 00:00:00+00:00
[2022-04-18 21:01:38,896] {processor.py:171} INFO - Processing /home/airflow/.local/lib/python3.7/site-packages/airflow/example_dags/example_bash_operator.py took 0.088 seconds
[2022-04-18 21:02:09,342] {processor.py:163} INFO - Started process (PID=532) to work on /home/airflow/.local/lib/python3.7/site-packages/airflow/example_dags/example_bash_operator.py
[2022-04-18 21:02:09,345] {processor.py:642} INFO - Processing file /home/airflow/.local/lib/python3.7/site-packages/airflow/example_dags/example_bash_operator.py for tasks to queue
[2022-04-18 21:02:09,346] {logging_mixin.py:109} INFO - [2022-04-18 21:02:09,346] {dagbag.py:500} INFO - Filling up the DagBag from /home/airflow/.local/lib/python3.7/site-packages/airflow/example_dags/example_bash_operator.py
[2022-04-18 21:02:09,370] {processor.py:652} INFO - DAG(s) dict_keys(['example_bash_operator']) retrieved from /home/airflow/.local/lib/python3.7/site-packages/airflow/example_dags/example_bash_operator.py
[2022-04-18 21:02:09,397] {logging_mixin.py:109} INFO - [2022-04-18 21:02:09,397] {dag.py:2398} INFO - Sync 1 DAGs
[2022-04-18 21:02:09,417] {logging_mixin.py:109} INFO - [2022-04-18 21:02:09,417] {dag.py:2937} INFO - Setting next_dagrun for example_bash_operator to 2022-04-17 00:00:00+00:00
[2022-04-18 21:02:09,428] {processor.py:171} INFO - Processing /home/airflow/.local/lib/python3.7/site-packages/airflow/example_dags/example_bash_operator.py took 0.090 seconds
[2022-04-18 21:02:40,083] {processor.py:163} INFO - Started process (PID=592) to work on /home/airflow/.local/lib/python3.7/site-packages/airflow/example_dags/example_bash_operator.py
[2022-04-18 21:02:40,094] {processor.py:642} INFO - Processing file /home/airflow/.local/lib/python3.7/site-packages/airflow/example_dags/example_bash_operator.py for tasks to queue
[2022-04-18 21:02:40,098] {logging_mixin.py:109} INFO - [2022-04-18 21:02:40,097] {dagbag.py:500} INFO - Filling up the DagBag from /home/airflow/.local/lib/python3.7/site-packages/airflow/example_dags/example_bash_operator.py
[2022-04-18 21:02:40,153] {processor.py:652} INFO - DAG(s) dict_keys(['example_bash_operator']) retrieved from /home/airflow/.local/lib/python3.7/site-packages/airflow/example_dags/example_bash_operator.py
[2022-04-18 21:02:40,243] {logging_mixin.py:109} INFO - [2022-04-18 21:02:40,243] {dag.py:2398} INFO - Sync 1 DAGs
[2022-04-18 21:02:40,295] {logging_mixin.py:109} INFO - [2022-04-18 21:02:40,295] {dag.py:2937} INFO - Setting next_dagrun for example_bash_operator to 2022-04-17 00:00:00+00:00
[2022-04-18 21:02:40,322] {processor.py:171} INFO - Processing /home/airflow/.local/lib/python3.7/site-packages/airflow/example_dags/example_bash_operator.py took 0.253 seconds
[2022-04-18 21:03:10,487] {processor.py:163} INFO - Started process (PID=642) to work on /home/airflow/.local/lib/python3.7/site-packages/airflow/example_dags/example_bash_operator.py
[2022-04-18 21:03:10,491] {processor.py:642} INFO - Processing file /home/airflow/.local/lib/python3.7/site-packages/airflow/example_dags/example_bash_operator.py for tasks to queue
[2022-04-18 21:03:10,492] {logging_mixin.py:109} INFO - [2022-04-18 21:03:10,492] {dagbag.py:500} INFO - Filling up the DagBag from /home/airflow/.local/lib/python3.7/site-packages/airflow/example_dags/example_bash_operator.py
[2022-04-18 21:03:10,515] {processor.py:652} INFO - DAG(s) dict_keys(['example_bash_operator']) retrieved from /home/airflow/.local/lib/python3.7/site-packages/airflow/example_dags/example_bash_operator.py
[2022-04-18 21:03:10,540] {logging_mixin.py:109} INFO - [2022-04-18 21:03:10,540] {dag.py:2398} INFO - Sync 1 DAGs
[2022-04-18 21:03:10,565] {logging_mixin.py:109} INFO - [2022-04-18 21:03:10,565] {dag.py:2937} INFO - Setting next_dagrun for example_bash_operator to 2022-04-17 00:00:00+00:00
[2022-04-18 21:03:10,580] {processor.py:171} INFO - Processing /home/airflow/.local/lib/python3.7/site-packages/airflow/example_dags/example_bash_operator.py took 0.098 seconds
[2022-04-18 21:03:41,077] {processor.py:163} INFO - Started process (PID=701) to work on /home/airflow/.local/lib/python3.7/site-packages/airflow/example_dags/example_bash_operator.py
[2022-04-18 21:03:41,080] {processor.py:642} INFO - Processing file /home/airflow/.local/lib/python3.7/site-packages/airflow/example_dags/example_bash_operator.py for tasks to queue
[2022-04-18 21:03:41,083] {logging_mixin.py:109} INFO - [2022-04-18 21:03:41,083] {dagbag.py:500} INFO - Filling up the DagBag from /home/airflow/.local/lib/python3.7/site-packages/airflow/example_dags/example_bash_operator.py
[2022-04-18 21:03:41,120] {processor.py:652} INFO - DAG(s) dict_keys(['example_bash_operator']) retrieved from /home/airflow/.local/lib/python3.7/site-packages/airflow/example_dags/example_bash_operator.py
[2022-04-18 21:03:41,184] {logging_mixin.py:109} INFO - [2022-04-18 21:03:41,183] {dag.py:2398} INFO - Sync 1 DAGs
[2022-04-18 21:03:41,226] {logging_mixin.py:109} INFO - [2022-04-18 21:03:41,226] {dag.py:2937} INFO - Setting next_dagrun for example_bash_operator to 2022-04-17 00:00:00+00:00
[2022-04-18 21:03:41,249] {processor.py:171} INFO - Processing /home/airflow/.local/lib/python3.7/site-packages/airflow/example_dags/example_bash_operator.py took 0.177 seconds
[2022-04-18 21:04:11,665] {processor.py:163} INFO - Started process (PID=752) to work on /home/airflow/.local/lib/python3.7/site-packages/airflow/example_dags/example_bash_operator.py
[2022-04-18 21:04:11,668] {processor.py:642} INFO - Processing file /home/airflow/.local/lib/python3.7/site-packages/airflow/example_dags/example_bash_operator.py for tasks to queue
[2022-04-18 21:04:11,669] {logging_mixin.py:109} INFO - [2022-04-18 21:04:11,669] {dagbag.py:500} INFO - Filling up the DagBag from /home/airflow/.local/lib/python3.7/site-packages/airflow/example_dags/example_bash_operator.py
[2022-04-18 21:04:11,691] {processor.py:652} INFO - DAG(s) dict_keys(['example_bash_operator']) retrieved from /home/airflow/.local/lib/python3.7/site-packages/airflow/example_dags/example_bash_operator.py
[2022-04-18 21:04:11,716] {logging_mixin.py:109} INFO - [2022-04-18 21:04:11,716] {dag.py:2398} INFO - Sync 1 DAGs
[2022-04-18 21:04:11,738] {logging_mixin.py:109} INFO - [2022-04-18 21:04:11,738] {dag.py:2937} INFO - Setting next_dagrun for example_bash_operator to 2022-04-17 00:00:00+00:00
[2022-04-18 21:04:11,749] {processor.py:171} INFO - Processing /home/airflow/.local/lib/python3.7/site-packages/airflow/example_dags/example_bash_operator.py took 0.088 seconds
[2022-04-18 21:04:41,894] {processor.py:163} INFO - Started process (PID=803) to work on /home/airflow/.local/lib/python3.7/site-packages/airflow/example_dags/example_bash_operator.py
[2022-04-18 21:04:41,897] {processor.py:642} INFO - Processing file /home/airflow/.local/lib/python3.7/site-packages/airflow/example_dags/example_bash_operator.py for tasks to queue
[2022-04-18 21:04:41,898] {logging_mixin.py:109} INFO - [2022-04-18 21:04:41,898] {dagbag.py:500} INFO - Filling up the DagBag from /home/airflow/.local/lib/python3.7/site-packages/airflow/example_dags/example_bash_operator.py
[2022-04-18 21:04:41,920] {processor.py:652} INFO - DAG(s) dict_keys(['example_bash_operator']) retrieved from /home/airflow/.local/lib/python3.7/site-packages/airflow/example_dags/example_bash_operator.py
[2022-04-18 21:04:41,947] {logging_mixin.py:109} INFO - [2022-04-18 21:04:41,947] {dag.py:2398} INFO - Sync 1 DAGs
[2022-04-18 21:04:41,970] {logging_mixin.py:109} INFO - [2022-04-18 21:04:41,970] {dag.py:2937} INFO - Setting next_dagrun for example_bash_operator to 2022-04-17 00:00:00+00:00
[2022-04-18 21:04:41,981] {processor.py:171} INFO - Processing /home/airflow/.local/lib/python3.7/site-packages/airflow/example_dags/example_bash_operator.py took 0.091 seconds
[2022-04-18 21:05:12,122] {processor.py:163} INFO - Started process (PID=863) to work on /home/airflow/.local/lib/python3.7/site-packages/airflow/example_dags/example_bash_operator.py
[2022-04-18 21:05:12,124] {processor.py:642} INFO - Processing file /home/airflow/.local/lib/python3.7/site-packages/airflow/example_dags/example_bash_operator.py for tasks to queue
[2022-04-18 21:05:12,125] {logging_mixin.py:109} INFO - [2022-04-18 21:05:12,125] {dagbag.py:500} INFO - Filling up the DagBag from /home/airflow/.local/lib/python3.7/site-packages/airflow/example_dags/example_bash_operator.py
[2022-04-18 21:05:12,163] {processor.py:652} INFO - DAG(s) dict_keys(['example_bash_operator']) retrieved from /home/airflow/.local/lib/python3.7/site-packages/airflow/example_dags/example_bash_operator.py
[2022-04-18 21:05:12,252] {logging_mixin.py:109} INFO - [2022-04-18 21:05:12,252] {dag.py:2398} INFO - Sync 1 DAGs
[2022-04-18 21:05:12,291] {logging_mixin.py:109} INFO - [2022-04-18 21:05:12,291] {dag.py:2937} INFO - Setting next_dagrun for example_bash_operator to 2022-04-17 00:00:00+00:00
[2022-04-18 21:05:12,308] {processor.py:171} INFO - Processing /home/airflow/.local/lib/python3.7/site-packages/airflow/example_dags/example_bash_operator.py took 0.191 seconds
[2022-04-18 21:05:42,532] {processor.py:163} INFO - Started process (PID=913) to work on /home/airflow/.local/lib/python3.7/site-packages/airflow/example_dags/example_bash_operator.py
[2022-04-18 21:05:42,535] {processor.py:642} INFO - Processing file /home/airflow/.local/lib/python3.7/site-packages/airflow/example_dags/example_bash_operator.py for tasks to queue
[2022-04-18 21:05:42,537] {logging_mixin.py:109} INFO - [2022-04-18 21:05:42,537] {dagbag.py:500} INFO - Filling up the DagBag from /home/airflow/.local/lib/python3.7/site-packages/airflow/example_dags/example_bash_operator.py
[2022-04-18 21:05:42,575] {processor.py:652} INFO - DAG(s) dict_keys(['example_bash_operator']) retrieved from /home/airflow/.local/lib/python3.7/site-packages/airflow/example_dags/example_bash_operator.py
[2022-04-18 21:05:42,614] {logging_mixin.py:109} INFO - [2022-04-18 21:05:42,613] {dag.py:2398} INFO - Sync 1 DAGs
[2022-04-18 21:05:42,644] {logging_mixin.py:109} INFO - [2022-04-18 21:05:42,644] {dag.py:2937} INFO - Setting next_dagrun for example_bash_operator to 2022-04-17 00:00:00+00:00
[2022-04-18 21:05:42,661] {processor.py:171} INFO - Processing /home/airflow/.local/lib/python3.7/site-packages/airflow/example_dags/example_bash_operator.py took 0.136 seconds
[2022-04-18 21:06:12,745] {processor.py:163} INFO - Started process (PID=974) to work on /home/airflow/.local/lib/python3.7/site-packages/airflow/example_dags/example_bash_operator.py
[2022-04-18 21:06:12,748] {processor.py:642} INFO - Processing file /home/airflow/.local/lib/python3.7/site-packages/airflow/example_dags/example_bash_operator.py for tasks to queue
[2022-04-18 21:06:12,750] {logging_mixin.py:109} INFO - [2022-04-18 21:06:12,750] {dagbag.py:500} INFO - Filling up the DagBag from /home/airflow/.local/lib/python3.7/site-packages/airflow/example_dags/example_bash_operator.py
[2022-04-18 21:06:12,804] {processor.py:652} INFO - DAG(s) dict_keys(['example_bash_operator']) retrieved from /home/airflow/.local/lib/python3.7/site-packages/airflow/example_dags/example_bash_operator.py
[2022-04-18 21:06:13,113] {logging_mixin.py:109} INFO - [2022-04-18 21:06:13,112] {dag.py:2398} INFO - Sync 1 DAGs
[2022-04-18 21:06:13,207] {logging_mixin.py:109} INFO - [2022-04-18 21:06:13,207] {dag.py:2937} INFO - Setting next_dagrun for example_bash_operator to 2022-04-17 00:00:00+00:00
[2022-04-18 21:06:13,248] {processor.py:171} INFO - Processing /home/airflow/.local/lib/python3.7/site-packages/airflow/example_dags/example_bash_operator.py took 0.509 seconds
[2022-04-18 21:06:43,539] {processor.py:163} INFO - Started process (PID=1024) to work on /home/airflow/.local/lib/python3.7/site-packages/airflow/example_dags/example_bash_operator.py
[2022-04-18 21:06:43,543] {processor.py:642} INFO - Processing file /home/airflow/.local/lib/python3.7/site-packages/airflow/example_dags/example_bash_operator.py for tasks to queue
[2022-04-18 21:06:43,544] {logging_mixin.py:109} INFO - [2022-04-18 21:06:43,544] {dagbag.py:500} INFO - Filling up the DagBag from /home/airflow/.local/lib/python3.7/site-packages/airflow/example_dags/example_bash_operator.py
[2022-04-18 21:06:43,566] {processor.py:652} INFO - DAG(s) dict_keys(['example_bash_operator']) retrieved from /home/airflow/.local/lib/python3.7/site-packages/airflow/example_dags/example_bash_operator.py
[2022-04-18 21:06:43,592] {logging_mixin.py:109} INFO - [2022-04-18 21:06:43,592] {dag.py:2398} INFO - Sync 1 DAGs
[2022-04-18 21:06:43,623] {logging_mixin.py:109} INFO - [2022-04-18 21:06:43,623] {dag.py:2937} INFO - Setting next_dagrun for example_bash_operator to 2022-04-17 00:00:00+00:00
[2022-04-18 21:06:43,643] {processor.py:171} INFO - Processing /home/airflow/.local/lib/python3.7/site-packages/airflow/example_dags/example_bash_operator.py took 0.108 seconds
[2022-04-18 21:07:13,729] {processor.py:163} INFO - Started process (PID=1086) to work on /home/airflow/.local/lib/python3.7/site-packages/airflow/example_dags/example_bash_operator.py
[2022-04-18 21:07:13,732] {processor.py:642} INFO - Processing file /home/airflow/.local/lib/python3.7/site-packages/airflow/example_dags/example_bash_operator.py for tasks to queue
[2022-04-18 21:07:13,734] {logging_mixin.py:109} INFO - [2022-04-18 21:07:13,734] {dagbag.py:500} INFO - Filling up the DagBag from /home/airflow/.local/lib/python3.7/site-packages/airflow/example_dags/example_bash_operator.py
[2022-04-18 21:07:13,760] {processor.py:652} INFO - DAG(s) dict_keys(['example_bash_operator']) retrieved from /home/airflow/.local/lib/python3.7/site-packages/airflow/example_dags/example_bash_operator.py
[2022-04-18 21:07:13,786] {logging_mixin.py:109} INFO - [2022-04-18 21:07:13,786] {dag.py:2398} INFO - Sync 1 DAGs
[2022-04-18 21:07:13,806] {logging_mixin.py:109} INFO - [2022-04-18 21:07:13,806] {dag.py:2937} INFO - Setting next_dagrun for example_bash_operator to 2022-04-17 00:00:00+00:00
[2022-04-18 21:07:13,817] {processor.py:171} INFO - Processing /home/airflow/.local/lib/python3.7/site-packages/airflow/example_dags/example_bash_operator.py took 0.093 seconds
[2022-04-18 21:07:44,388] {processor.py:163} INFO - Started process (PID=1138) to work on /home/airflow/.local/lib/python3.7/site-packages/airflow/example_dags/example_bash_operator.py
[2022-04-18 21:07:44,391] {processor.py:642} INFO - Processing file /home/airflow/.local/lib/python3.7/site-packages/airflow/example_dags/example_bash_operator.py for tasks to queue
[2022-04-18 21:07:44,393] {logging_mixin.py:109} INFO - [2022-04-18 21:07:44,393] {dagbag.py:500} INFO - Filling up the DagBag from /home/airflow/.local/lib/python3.7/site-packages/airflow/example_dags/example_bash_operator.py
[2022-04-18 21:07:44,417] {processor.py:652} INFO - DAG(s) dict_keys(['example_bash_operator']) retrieved from /home/airflow/.local/lib/python3.7/site-packages/airflow/example_dags/example_bash_operator.py
[2022-04-18 21:07:44,446] {logging_mixin.py:109} INFO - [2022-04-18 21:07:44,446] {dag.py:2398} INFO - Sync 1 DAGs
[2022-04-18 21:07:44,473] {logging_mixin.py:109} INFO - [2022-04-18 21:07:44,472] {dag.py:2937} INFO - Setting next_dagrun for example_bash_operator to 2022-04-17 00:00:00+00:00
[2022-04-18 21:07:44,486] {processor.py:171} INFO - Processing /home/airflow/.local/lib/python3.7/site-packages/airflow/example_dags/example_bash_operator.py took 0.104 seconds
[2022-04-18 21:08:15,080] {processor.py:163} INFO - Started process (PID=1200) to work on /home/airflow/.local/lib/python3.7/site-packages/airflow/example_dags/example_bash_operator.py
[2022-04-18 21:08:15,083] {processor.py:642} INFO - Processing file /home/airflow/.local/lib/python3.7/site-packages/airflow/example_dags/example_bash_operator.py for tasks to queue
[2022-04-18 21:08:15,084] {logging_mixin.py:109} INFO - [2022-04-18 21:08:15,084] {dagbag.py:500} INFO - Filling up the DagBag from /home/airflow/.local/lib/python3.7/site-packages/airflow/example_dags/example_bash_operator.py
[2022-04-18 21:08:15,107] {processor.py:652} INFO - DAG(s) dict_keys(['example_bash_operator']) retrieved from /home/airflow/.local/lib/python3.7/site-packages/airflow/example_dags/example_bash_operator.py
[2022-04-18 21:08:15,132] {logging_mixin.py:109} INFO - [2022-04-18 21:08:15,132] {dag.py:2398} INFO - Sync 1 DAGs
[2022-04-18 21:08:15,153] {logging_mixin.py:109} INFO - [2022-04-18 21:08:15,153] {dag.py:2937} INFO - Setting next_dagrun for example_bash_operator to 2022-04-17 00:00:00+00:00
[2022-04-18 21:08:15,166] {processor.py:171} INFO - Processing /home/airflow/.local/lib/python3.7/site-packages/airflow/example_dags/example_bash_operator.py took 0.091 seconds
[2022-04-18 21:08:45,345] {processor.py:163} INFO - Started process (PID=1250) to work on /home/airflow/.local/lib/python3.7/site-packages/airflow/example_dags/example_bash_operator.py
[2022-04-18 21:08:45,346] {processor.py:642} INFO - Processing file /home/airflow/.local/lib/python3.7/site-packages/airflow/example_dags/example_bash_operator.py for tasks to queue
[2022-04-18 21:08:45,347] {logging_mixin.py:109} INFO - [2022-04-18 21:08:45,347] {dagbag.py:500} INFO - Filling up the DagBag from /home/airflow/.local/lib/python3.7/site-packages/airflow/example_dags/example_bash_operator.py
[2022-04-18 21:08:45,365] {processor.py:652} INFO - DAG(s) dict_keys(['example_bash_operator']) retrieved from /home/airflow/.local/lib/python3.7/site-packages/airflow/example_dags/example_bash_operator.py
[2022-04-18 21:08:45,386] {logging_mixin.py:109} INFO - [2022-04-18 21:08:45,386] {dag.py:2398} INFO - Sync 1 DAGs
[2022-04-18 21:08:45,404] {logging_mixin.py:109} INFO - [2022-04-18 21:08:45,404] {dag.py:2937} INFO - Setting next_dagrun for example_bash_operator to 2022-04-17 00:00:00+00:00
[2022-04-18 21:08:45,415] {processor.py:171} INFO - Processing /home/airflow/.local/lib/python3.7/site-packages/airflow/example_dags/example_bash_operator.py took 0.075 seconds
[2022-04-18 21:09:15,715] {processor.py:163} INFO - Started process (PID=1309) to work on /home/airflow/.local/lib/python3.7/site-packages/airflow/example_dags/example_bash_operator.py
[2022-04-18 21:09:15,718] {processor.py:642} INFO - Processing file /home/airflow/.local/lib/python3.7/site-packages/airflow/example_dags/example_bash_operator.py for tasks to queue
[2022-04-18 21:09:15,719] {logging_mixin.py:109} INFO - [2022-04-18 21:09:15,719] {dagbag.py:500} INFO - Filling up the DagBag from /home/airflow/.local/lib/python3.7/site-packages/airflow/example_dags/example_bash_operator.py
[2022-04-18 21:09:15,747] {processor.py:652} INFO - DAG(s) dict_keys(['example_bash_operator']) retrieved from /home/airflow/.local/lib/python3.7/site-packages/airflow/example_dags/example_bash_operator.py
[2022-04-18 21:09:15,771] {logging_mixin.py:109} INFO - [2022-04-18 21:09:15,771] {dag.py:2398} INFO - Sync 1 DAGs
[2022-04-18 21:09:15,790] {logging_mixin.py:109} INFO - [2022-04-18 21:09:15,790] {dag.py:2937} INFO - Setting next_dagrun for example_bash_operator to 2022-04-17 00:00:00+00:00
[2022-04-18 21:09:15,800] {processor.py:171} INFO - Processing /home/airflow/.local/lib/python3.7/site-packages/airflow/example_dags/example_bash_operator.py took 0.089 seconds
