[2022-04-18 20:59:39,272] {processor.py:163} INFO - Started process (PID=199) to work on /home/airflow/.local/lib/python3.7/site-packages/airflow/example_dags/example_kubernetes_executor.py
[2022-04-18 20:59:39,274] {processor.py:642} INFO - Processing file /home/airflow/.local/lib/python3.7/site-packages/airflow/example_dags/example_kubernetes_executor.py for tasks to queue
[2022-04-18 20:59:39,275] {logging_mixin.py:109} INFO - [2022-04-18 20:59:39,275] {dagbag.py:500} INFO - Filling up the DagBag from /home/airflow/.local/lib/python3.7/site-packages/airflow/example_dags/example_kubernetes_executor.py
[2022-04-18 20:59:39,309] {processor.py:652} INFO - DAG(s) dict_keys(['example_kubernetes_executor']) retrieved from /home/airflow/.local/lib/python3.7/site-packages/airflow/example_dags/example_kubernetes_executor.py
[2022-04-18 20:59:41,124] {logging_mixin.py:109} INFO - [2022-04-18 20:59:41,124] {manager.py:496} INFO - Created Permission View: can read on DAG:example_kubernetes_executor
[2022-04-18 20:59:41,138] {logging_mixin.py:109} INFO - [2022-04-18 20:59:41,138] {manager.py:496} INFO - Created Permission View: can edit on DAG:example_kubernetes_executor
[2022-04-18 20:59:41,140] {logging_mixin.py:109} INFO - [2022-04-18 20:59:41,139] {dag.py:2398} INFO - Sync 1 DAGs
[2022-04-18 20:59:41,150] {logging_mixin.py:109} INFO - [2022-04-18 20:59:41,149] {dag.py:2417} INFO - Creating ORM DAG for example_kubernetes_executor
[2022-04-18 20:59:41,161] {logging_mixin.py:109} INFO - [2022-04-18 20:59:41,161] {dag.py:2937} INFO - Setting next_dagrun for example_kubernetes_executor to None
[2022-04-18 20:59:41,176] {processor.py:171} INFO - Processing /home/airflow/.local/lib/python3.7/site-packages/airflow/example_dags/example_kubernetes_executor.py took 1.908 seconds
[2022-04-18 21:00:11,325] {processor.py:163} INFO - Started process (PID=310) to work on /home/airflow/.local/lib/python3.7/site-packages/airflow/example_dags/example_kubernetes_executor.py
[2022-04-18 21:00:11,327] {processor.py:642} INFO - Processing file /home/airflow/.local/lib/python3.7/site-packages/airflow/example_dags/example_kubernetes_executor.py for tasks to queue
[2022-04-18 21:00:11,329] {logging_mixin.py:109} INFO - [2022-04-18 21:00:11,328] {dagbag.py:500} INFO - Filling up the DagBag from /home/airflow/.local/lib/python3.7/site-packages/airflow/example_dags/example_kubernetes_executor.py
[2022-04-18 21:00:11,357] {processor.py:652} INFO - DAG(s) dict_keys(['example_kubernetes_executor']) retrieved from /home/airflow/.local/lib/python3.7/site-packages/airflow/example_dags/example_kubernetes_executor.py
[2022-04-18 21:00:11,381] {logging_mixin.py:109} INFO - [2022-04-18 21:00:11,381] {dag.py:2398} INFO - Sync 1 DAGs
[2022-04-18 21:00:11,400] {logging_mixin.py:109} INFO - [2022-04-18 21:00:11,399] {dag.py:2937} INFO - Setting next_dagrun for example_kubernetes_executor to None
[2022-04-18 21:00:11,411] {processor.py:171} INFO - Processing /home/airflow/.local/lib/python3.7/site-packages/airflow/example_dags/example_kubernetes_executor.py took 0.090 seconds
[2022-04-18 21:00:41,771] {processor.py:163} INFO - Started process (PID=372) to work on /home/airflow/.local/lib/python3.7/site-packages/airflow/example_dags/example_kubernetes_executor.py
[2022-04-18 21:00:41,772] {processor.py:642} INFO - Processing file /home/airflow/.local/lib/python3.7/site-packages/airflow/example_dags/example_kubernetes_executor.py for tasks to queue
[2022-04-18 21:00:41,774] {logging_mixin.py:109} INFO - [2022-04-18 21:00:41,774] {dagbag.py:500} INFO - Filling up the DagBag from /home/airflow/.local/lib/python3.7/site-packages/airflow/example_dags/example_kubernetes_executor.py
[2022-04-18 21:00:41,797] {processor.py:652} INFO - DAG(s) dict_keys(['example_kubernetes_executor']) retrieved from /home/airflow/.local/lib/python3.7/site-packages/airflow/example_dags/example_kubernetes_executor.py
[2022-04-18 21:00:41,825] {logging_mixin.py:109} INFO - [2022-04-18 21:00:41,825] {dag.py:2398} INFO - Sync 1 DAGs
[2022-04-18 21:00:41,847] {logging_mixin.py:109} INFO - [2022-04-18 21:00:41,846] {dag.py:2937} INFO - Setting next_dagrun for example_kubernetes_executor to None
[2022-04-18 21:00:41,860] {processor.py:171} INFO - Processing /home/airflow/.local/lib/python3.7/site-packages/airflow/example_dags/example_kubernetes_executor.py took 0.093 seconds
[2022-04-18 21:01:12,822] {processor.py:163} INFO - Started process (PID=433) to work on /home/airflow/.local/lib/python3.7/site-packages/airflow/example_dags/example_kubernetes_executor.py
[2022-04-18 21:01:12,824] {processor.py:642} INFO - Processing file /home/airflow/.local/lib/python3.7/site-packages/airflow/example_dags/example_kubernetes_executor.py for tasks to queue
[2022-04-18 21:01:12,826] {logging_mixin.py:109} INFO - [2022-04-18 21:01:12,825] {dagbag.py:500} INFO - Filling up the DagBag from /home/airflow/.local/lib/python3.7/site-packages/airflow/example_dags/example_kubernetes_executor.py
[2022-04-18 21:01:12,854] {processor.py:652} INFO - DAG(s) dict_keys(['example_kubernetes_executor']) retrieved from /home/airflow/.local/lib/python3.7/site-packages/airflow/example_dags/example_kubernetes_executor.py
[2022-04-18 21:01:12,883] {logging_mixin.py:109} INFO - [2022-04-18 21:01:12,882] {dag.py:2398} INFO - Sync 1 DAGs
[2022-04-18 21:01:12,902] {logging_mixin.py:109} INFO - [2022-04-18 21:01:12,901] {dag.py:2937} INFO - Setting next_dagrun for example_kubernetes_executor to None
[2022-04-18 21:01:12,913] {processor.py:171} INFO - Processing /home/airflow/.local/lib/python3.7/site-packages/airflow/example_dags/example_kubernetes_executor.py took 0.096 seconds
[2022-04-18 21:01:43,061] {processor.py:163} INFO - Started process (PID=484) to work on /home/airflow/.local/lib/python3.7/site-packages/airflow/example_dags/example_kubernetes_executor.py
[2022-04-18 21:01:43,063] {processor.py:642} INFO - Processing file /home/airflow/.local/lib/python3.7/site-packages/airflow/example_dags/example_kubernetes_executor.py for tasks to queue
[2022-04-18 21:01:43,065] {logging_mixin.py:109} INFO - [2022-04-18 21:01:43,064] {dagbag.py:500} INFO - Filling up the DagBag from /home/airflow/.local/lib/python3.7/site-packages/airflow/example_dags/example_kubernetes_executor.py
[2022-04-18 21:01:43,091] {processor.py:652} INFO - DAG(s) dict_keys(['example_kubernetes_executor']) retrieved from /home/airflow/.local/lib/python3.7/site-packages/airflow/example_dags/example_kubernetes_executor.py
[2022-04-18 21:01:43,118] {logging_mixin.py:109} INFO - [2022-04-18 21:01:43,117] {dag.py:2398} INFO - Sync 1 DAGs
[2022-04-18 21:01:43,134] {logging_mixin.py:109} INFO - [2022-04-18 21:01:43,134] {dag.py:2937} INFO - Setting next_dagrun for example_kubernetes_executor to None
[2022-04-18 21:01:43,144] {processor.py:171} INFO - Processing /home/airflow/.local/lib/python3.7/site-packages/airflow/example_dags/example_kubernetes_executor.py took 0.087 seconds
[2022-04-18 21:02:13,660] {processor.py:163} INFO - Started process (PID=536) to work on /home/airflow/.local/lib/python3.7/site-packages/airflow/example_dags/example_kubernetes_executor.py
[2022-04-18 21:02:13,664] {processor.py:642} INFO - Processing file /home/airflow/.local/lib/python3.7/site-packages/airflow/example_dags/example_kubernetes_executor.py for tasks to queue
[2022-04-18 21:02:13,666] {logging_mixin.py:109} INFO - [2022-04-18 21:02:13,666] {dagbag.py:500} INFO - Filling up the DagBag from /home/airflow/.local/lib/python3.7/site-packages/airflow/example_dags/example_kubernetes_executor.py
[2022-04-18 21:02:13,702] {processor.py:652} INFO - DAG(s) dict_keys(['example_kubernetes_executor']) retrieved from /home/airflow/.local/lib/python3.7/site-packages/airflow/example_dags/example_kubernetes_executor.py
[2022-04-18 21:02:13,742] {logging_mixin.py:109} INFO - [2022-04-18 21:02:13,742] {dag.py:2398} INFO - Sync 1 DAGs
[2022-04-18 21:02:13,771] {logging_mixin.py:109} INFO - [2022-04-18 21:02:13,771] {dag.py:2937} INFO - Setting next_dagrun for example_kubernetes_executor to None
[2022-04-18 21:02:13,799] {processor.py:171} INFO - Processing /home/airflow/.local/lib/python3.7/site-packages/airflow/example_dags/example_kubernetes_executor.py took 0.150 seconds
[2022-04-18 21:02:44,468] {processor.py:163} INFO - Started process (PID=596) to work on /home/airflow/.local/lib/python3.7/site-packages/airflow/example_dags/example_kubernetes_executor.py
[2022-04-18 21:02:44,471] {processor.py:642} INFO - Processing file /home/airflow/.local/lib/python3.7/site-packages/airflow/example_dags/example_kubernetes_executor.py for tasks to queue
[2022-04-18 21:02:44,472] {logging_mixin.py:109} INFO - [2022-04-18 21:02:44,472] {dagbag.py:500} INFO - Filling up the DagBag from /home/airflow/.local/lib/python3.7/site-packages/airflow/example_dags/example_kubernetes_executor.py
[2022-04-18 21:02:44,496] {processor.py:652} INFO - DAG(s) dict_keys(['example_kubernetes_executor']) retrieved from /home/airflow/.local/lib/python3.7/site-packages/airflow/example_dags/example_kubernetes_executor.py
[2022-04-18 21:02:44,520] {logging_mixin.py:109} INFO - [2022-04-18 21:02:44,520] {dag.py:2398} INFO - Sync 1 DAGs
[2022-04-18 21:02:44,537] {logging_mixin.py:109} INFO - [2022-04-18 21:02:44,537] {dag.py:2937} INFO - Setting next_dagrun for example_kubernetes_executor to None
[2022-04-18 21:02:44,547] {processor.py:171} INFO - Processing /home/airflow/.local/lib/python3.7/site-packages/airflow/example_dags/example_kubernetes_executor.py took 0.084 seconds
[2022-04-18 21:03:14,829] {processor.py:163} INFO - Started process (PID=646) to work on /home/airflow/.local/lib/python3.7/site-packages/airflow/example_dags/example_kubernetes_executor.py
[2022-04-18 21:03:14,832] {processor.py:642} INFO - Processing file /home/airflow/.local/lib/python3.7/site-packages/airflow/example_dags/example_kubernetes_executor.py for tasks to queue
[2022-04-18 21:03:14,834] {logging_mixin.py:109} INFO - [2022-04-18 21:03:14,834] {dagbag.py:500} INFO - Filling up the DagBag from /home/airflow/.local/lib/python3.7/site-packages/airflow/example_dags/example_kubernetes_executor.py
[2022-04-18 21:03:14,866] {processor.py:652} INFO - DAG(s) dict_keys(['example_kubernetes_executor']) retrieved from /home/airflow/.local/lib/python3.7/site-packages/airflow/example_dags/example_kubernetes_executor.py
[2022-04-18 21:03:14,902] {logging_mixin.py:109} INFO - [2022-04-18 21:03:14,902] {dag.py:2398} INFO - Sync 1 DAGs
[2022-04-18 21:03:14,928] {logging_mixin.py:109} INFO - [2022-04-18 21:03:14,927] {dag.py:2937} INFO - Setting next_dagrun for example_kubernetes_executor to None
[2022-04-18 21:03:14,946] {processor.py:171} INFO - Processing /home/airflow/.local/lib/python3.7/site-packages/airflow/example_dags/example_kubernetes_executor.py took 0.122 seconds
[2022-04-18 21:03:45,428] {processor.py:163} INFO - Started process (PID=705) to work on /home/airflow/.local/lib/python3.7/site-packages/airflow/example_dags/example_kubernetes_executor.py
[2022-04-18 21:03:45,431] {processor.py:642} INFO - Processing file /home/airflow/.local/lib/python3.7/site-packages/airflow/example_dags/example_kubernetes_executor.py for tasks to queue
[2022-04-18 21:03:45,432] {logging_mixin.py:109} INFO - [2022-04-18 21:03:45,432] {dagbag.py:500} INFO - Filling up the DagBag from /home/airflow/.local/lib/python3.7/site-packages/airflow/example_dags/example_kubernetes_executor.py
[2022-04-18 21:03:45,457] {processor.py:652} INFO - DAG(s) dict_keys(['example_kubernetes_executor']) retrieved from /home/airflow/.local/lib/python3.7/site-packages/airflow/example_dags/example_kubernetes_executor.py
[2022-04-18 21:03:45,484] {logging_mixin.py:109} INFO - [2022-04-18 21:03:45,484] {dag.py:2398} INFO - Sync 1 DAGs
[2022-04-18 21:03:45,503] {logging_mixin.py:109} INFO - [2022-04-18 21:03:45,503] {dag.py:2937} INFO - Setting next_dagrun for example_kubernetes_executor to None
[2022-04-18 21:03:45,518] {processor.py:171} INFO - Processing /home/airflow/.local/lib/python3.7/site-packages/airflow/example_dags/example_kubernetes_executor.py took 0.094 seconds
[2022-04-18 21:04:15,800] {processor.py:163} INFO - Started process (PID=756) to work on /home/airflow/.local/lib/python3.7/site-packages/airflow/example_dags/example_kubernetes_executor.py
[2022-04-18 21:04:15,803] {processor.py:642} INFO - Processing file /home/airflow/.local/lib/python3.7/site-packages/airflow/example_dags/example_kubernetes_executor.py for tasks to queue
[2022-04-18 21:04:15,804] {logging_mixin.py:109} INFO - [2022-04-18 21:04:15,804] {dagbag.py:500} INFO - Filling up the DagBag from /home/airflow/.local/lib/python3.7/site-packages/airflow/example_dags/example_kubernetes_executor.py
[2022-04-18 21:04:15,829] {processor.py:652} INFO - DAG(s) dict_keys(['example_kubernetes_executor']) retrieved from /home/airflow/.local/lib/python3.7/site-packages/airflow/example_dags/example_kubernetes_executor.py
[2022-04-18 21:04:15,855] {logging_mixin.py:109} INFO - [2022-04-18 21:04:15,855] {dag.py:2398} INFO - Sync 1 DAGs
[2022-04-18 21:04:15,875] {logging_mixin.py:109} INFO - [2022-04-18 21:04:15,875] {dag.py:2937} INFO - Setting next_dagrun for example_kubernetes_executor to None
[2022-04-18 21:04:15,891] {processor.py:171} INFO - Processing /home/airflow/.local/lib/python3.7/site-packages/airflow/example_dags/example_kubernetes_executor.py took 0.095 seconds
[2022-04-18 21:04:46,073] {processor.py:163} INFO - Started process (PID=816) to work on /home/airflow/.local/lib/python3.7/site-packages/airflow/example_dags/example_kubernetes_executor.py
[2022-04-18 21:04:46,075] {processor.py:642} INFO - Processing file /home/airflow/.local/lib/python3.7/site-packages/airflow/example_dags/example_kubernetes_executor.py for tasks to queue
[2022-04-18 21:04:46,077] {logging_mixin.py:109} INFO - [2022-04-18 21:04:46,077] {dagbag.py:500} INFO - Filling up the DagBag from /home/airflow/.local/lib/python3.7/site-packages/airflow/example_dags/example_kubernetes_executor.py
[2022-04-18 21:04:46,099] {processor.py:652} INFO - DAG(s) dict_keys(['example_kubernetes_executor']) retrieved from /home/airflow/.local/lib/python3.7/site-packages/airflow/example_dags/example_kubernetes_executor.py
[2022-04-18 21:04:46,128] {logging_mixin.py:109} INFO - [2022-04-18 21:04:46,128] {dag.py:2398} INFO - Sync 1 DAGs
[2022-04-18 21:04:46,146] {logging_mixin.py:109} INFO - [2022-04-18 21:04:46,146] {dag.py:2937} INFO - Setting next_dagrun for example_kubernetes_executor to None
[2022-04-18 21:04:46,165] {processor.py:171} INFO - Processing /home/airflow/.local/lib/python3.7/site-packages/airflow/example_dags/example_kubernetes_executor.py took 0.096 seconds
[2022-04-18 21:05:16,682] {processor.py:163} INFO - Started process (PID=867) to work on /home/airflow/.local/lib/python3.7/site-packages/airflow/example_dags/example_kubernetes_executor.py
[2022-04-18 21:05:16,685] {processor.py:642} INFO - Processing file /home/airflow/.local/lib/python3.7/site-packages/airflow/example_dags/example_kubernetes_executor.py for tasks to queue
[2022-04-18 21:05:16,686] {logging_mixin.py:109} INFO - [2022-04-18 21:05:16,686] {dagbag.py:500} INFO - Filling up the DagBag from /home/airflow/.local/lib/python3.7/site-packages/airflow/example_dags/example_kubernetes_executor.py
[2022-04-18 21:05:16,713] {processor.py:652} INFO - DAG(s) dict_keys(['example_kubernetes_executor']) retrieved from /home/airflow/.local/lib/python3.7/site-packages/airflow/example_dags/example_kubernetes_executor.py
[2022-04-18 21:05:16,750] {logging_mixin.py:109} INFO - [2022-04-18 21:05:16,750] {dag.py:2398} INFO - Sync 1 DAGs
[2022-04-18 21:05:16,783] {logging_mixin.py:109} INFO - [2022-04-18 21:05:16,782] {dag.py:2937} INFO - Setting next_dagrun for example_kubernetes_executor to None
[2022-04-18 21:05:16,803] {processor.py:171} INFO - Processing /home/airflow/.local/lib/python3.7/site-packages/airflow/example_dags/example_kubernetes_executor.py took 0.124 seconds
[2022-04-18 21:05:47,813] {processor.py:163} INFO - Started process (PID=927) to work on /home/airflow/.local/lib/python3.7/site-packages/airflow/example_dags/example_kubernetes_executor.py
[2022-04-18 21:05:47,816] {processor.py:642} INFO - Processing file /home/airflow/.local/lib/python3.7/site-packages/airflow/example_dags/example_kubernetes_executor.py for tasks to queue
[2022-04-18 21:05:47,818] {logging_mixin.py:109} INFO - [2022-04-18 21:05:47,817] {dagbag.py:500} INFO - Filling up the DagBag from /home/airflow/.local/lib/python3.7/site-packages/airflow/example_dags/example_kubernetes_executor.py
[2022-04-18 21:05:47,844] {processor.py:652} INFO - DAG(s) dict_keys(['example_kubernetes_executor']) retrieved from /home/airflow/.local/lib/python3.7/site-packages/airflow/example_dags/example_kubernetes_executor.py
[2022-04-18 21:05:47,871] {logging_mixin.py:109} INFO - [2022-04-18 21:05:47,871] {dag.py:2398} INFO - Sync 1 DAGs
[2022-04-18 21:05:47,889] {logging_mixin.py:109} INFO - [2022-04-18 21:05:47,889] {dag.py:2937} INFO - Setting next_dagrun for example_kubernetes_executor to None
[2022-04-18 21:05:47,901] {processor.py:171} INFO - Processing /home/airflow/.local/lib/python3.7/site-packages/airflow/example_dags/example_kubernetes_executor.py took 0.092 seconds
[2022-04-18 21:06:18,732] {processor.py:163} INFO - Started process (PID=979) to work on /home/airflow/.local/lib/python3.7/site-packages/airflow/example_dags/example_kubernetes_executor.py
[2022-04-18 21:06:18,735] {processor.py:642} INFO - Processing file /home/airflow/.local/lib/python3.7/site-packages/airflow/example_dags/example_kubernetes_executor.py for tasks to queue
[2022-04-18 21:06:18,736] {logging_mixin.py:109} INFO - [2022-04-18 21:06:18,736] {dagbag.py:500} INFO - Filling up the DagBag from /home/airflow/.local/lib/python3.7/site-packages/airflow/example_dags/example_kubernetes_executor.py
[2022-04-18 21:06:18,767] {processor.py:652} INFO - DAG(s) dict_keys(['example_kubernetes_executor']) retrieved from /home/airflow/.local/lib/python3.7/site-packages/airflow/example_dags/example_kubernetes_executor.py
[2022-04-18 21:06:18,801] {logging_mixin.py:109} INFO - [2022-04-18 21:06:18,801] {dag.py:2398} INFO - Sync 1 DAGs
[2022-04-18 21:06:18,822] {logging_mixin.py:109} INFO - [2022-04-18 21:06:18,822] {dag.py:2937} INFO - Setting next_dagrun for example_kubernetes_executor to None
[2022-04-18 21:06:18,841] {processor.py:171} INFO - Processing /home/airflow/.local/lib/python3.7/site-packages/airflow/example_dags/example_kubernetes_executor.py took 0.114 seconds
[2022-04-18 21:06:49,395] {processor.py:163} INFO - Started process (PID=1040) to work on /home/airflow/.local/lib/python3.7/site-packages/airflow/example_dags/example_kubernetes_executor.py
[2022-04-18 21:06:49,400] {processor.py:642} INFO - Processing file /home/airflow/.local/lib/python3.7/site-packages/airflow/example_dags/example_kubernetes_executor.py for tasks to queue
[2022-04-18 21:06:49,402] {logging_mixin.py:109} INFO - [2022-04-18 21:06:49,401] {dagbag.py:500} INFO - Filling up the DagBag from /home/airflow/.local/lib/python3.7/site-packages/airflow/example_dags/example_kubernetes_executor.py
[2022-04-18 21:06:49,432] {processor.py:652} INFO - DAG(s) dict_keys(['example_kubernetes_executor']) retrieved from /home/airflow/.local/lib/python3.7/site-packages/airflow/example_dags/example_kubernetes_executor.py
[2022-04-18 21:06:49,460] {logging_mixin.py:109} INFO - [2022-04-18 21:06:49,460] {dag.py:2398} INFO - Sync 1 DAGs
[2022-04-18 21:06:49,478] {logging_mixin.py:109} INFO - [2022-04-18 21:06:49,478] {dag.py:2937} INFO - Setting next_dagrun for example_kubernetes_executor to None
[2022-04-18 21:06:49,489] {processor.py:171} INFO - Processing /home/airflow/.local/lib/python3.7/site-packages/airflow/example_dags/example_kubernetes_executor.py took 0.102 seconds
[2022-04-18 21:07:19,910] {processor.py:163} INFO - Started process (PID=1092) to work on /home/airflow/.local/lib/python3.7/site-packages/airflow/example_dags/example_kubernetes_executor.py
[2022-04-18 21:07:19,913] {processor.py:642} INFO - Processing file /home/airflow/.local/lib/python3.7/site-packages/airflow/example_dags/example_kubernetes_executor.py for tasks to queue
[2022-04-18 21:07:19,915] {logging_mixin.py:109} INFO - [2022-04-18 21:07:19,914] {dagbag.py:500} INFO - Filling up the DagBag from /home/airflow/.local/lib/python3.7/site-packages/airflow/example_dags/example_kubernetes_executor.py
[2022-04-18 21:07:19,946] {processor.py:652} INFO - DAG(s) dict_keys(['example_kubernetes_executor']) retrieved from /home/airflow/.local/lib/python3.7/site-packages/airflow/example_dags/example_kubernetes_executor.py
[2022-04-18 21:07:19,982] {logging_mixin.py:109} INFO - [2022-04-18 21:07:19,982] {dag.py:2398} INFO - Sync 1 DAGs
[2022-04-18 21:07:20,016] {logging_mixin.py:109} INFO - [2022-04-18 21:07:20,016] {dag.py:2937} INFO - Setting next_dagrun for example_kubernetes_executor to None
[2022-04-18 21:07:20,034] {processor.py:171} INFO - Processing /home/airflow/.local/lib/python3.7/site-packages/airflow/example_dags/example_kubernetes_executor.py took 0.129 seconds
[2022-04-18 21:07:50,074] {processor.py:163} INFO - Started process (PID=1154) to work on /home/airflow/.local/lib/python3.7/site-packages/airflow/example_dags/example_kubernetes_executor.py
[2022-04-18 21:07:50,077] {processor.py:642} INFO - Processing file /home/airflow/.local/lib/python3.7/site-packages/airflow/example_dags/example_kubernetes_executor.py for tasks to queue
[2022-04-18 21:07:50,079] {logging_mixin.py:109} INFO - [2022-04-18 21:07:50,078] {dagbag.py:500} INFO - Filling up the DagBag from /home/airflow/.local/lib/python3.7/site-packages/airflow/example_dags/example_kubernetes_executor.py
[2022-04-18 21:07:50,112] {processor.py:652} INFO - DAG(s) dict_keys(['example_kubernetes_executor']) retrieved from /home/airflow/.local/lib/python3.7/site-packages/airflow/example_dags/example_kubernetes_executor.py
[2022-04-18 21:07:50,145] {logging_mixin.py:109} INFO - [2022-04-18 21:07:50,145] {dag.py:2398} INFO - Sync 1 DAGs
[2022-04-18 21:07:50,166] {logging_mixin.py:109} INFO - [2022-04-18 21:07:50,166] {dag.py:2937} INFO - Setting next_dagrun for example_kubernetes_executor to None
[2022-04-18 21:07:50,182] {processor.py:171} INFO - Processing /home/airflow/.local/lib/python3.7/site-packages/airflow/example_dags/example_kubernetes_executor.py took 0.114 seconds
[2022-04-18 21:08:20,704] {processor.py:163} INFO - Started process (PID=1206) to work on /home/airflow/.local/lib/python3.7/site-packages/airflow/example_dags/example_kubernetes_executor.py
[2022-04-18 21:08:20,706] {processor.py:642} INFO - Processing file /home/airflow/.local/lib/python3.7/site-packages/airflow/example_dags/example_kubernetes_executor.py for tasks to queue
[2022-04-18 21:08:20,708] {logging_mixin.py:109} INFO - [2022-04-18 21:08:20,708] {dagbag.py:500} INFO - Filling up the DagBag from /home/airflow/.local/lib/python3.7/site-packages/airflow/example_dags/example_kubernetes_executor.py
[2022-04-18 21:08:20,734] {processor.py:652} INFO - DAG(s) dict_keys(['example_kubernetes_executor']) retrieved from /home/airflow/.local/lib/python3.7/site-packages/airflow/example_dags/example_kubernetes_executor.py
[2022-04-18 21:08:20,769] {logging_mixin.py:109} INFO - [2022-04-18 21:08:20,768] {dag.py:2398} INFO - Sync 1 DAGs
[2022-04-18 21:08:20,794] {logging_mixin.py:109} INFO - [2022-04-18 21:08:20,794] {dag.py:2937} INFO - Setting next_dagrun for example_kubernetes_executor to None
[2022-04-18 21:08:20,812] {processor.py:171} INFO - Processing /home/airflow/.local/lib/python3.7/site-packages/airflow/example_dags/example_kubernetes_executor.py took 0.112 seconds
[2022-04-18 21:08:50,906] {processor.py:163} INFO - Started process (PID=1265) to work on /home/airflow/.local/lib/python3.7/site-packages/airflow/example_dags/example_kubernetes_executor.py
[2022-04-18 21:08:50,907] {processor.py:642} INFO - Processing file /home/airflow/.local/lib/python3.7/site-packages/airflow/example_dags/example_kubernetes_executor.py for tasks to queue
[2022-04-18 21:08:50,909] {logging_mixin.py:109} INFO - [2022-04-18 21:08:50,909] {dagbag.py:500} INFO - Filling up the DagBag from /home/airflow/.local/lib/python3.7/site-packages/airflow/example_dags/example_kubernetes_executor.py
[2022-04-18 21:08:50,934] {processor.py:652} INFO - DAG(s) dict_keys(['example_kubernetes_executor']) retrieved from /home/airflow/.local/lib/python3.7/site-packages/airflow/example_dags/example_kubernetes_executor.py
[2022-04-18 21:08:50,959] {logging_mixin.py:109} INFO - [2022-04-18 21:08:50,959] {dag.py:2398} INFO - Sync 1 DAGs
[2022-04-18 21:08:50,976] {logging_mixin.py:109} INFO - [2022-04-18 21:08:50,976] {dag.py:2937} INFO - Setting next_dagrun for example_kubernetes_executor to None
[2022-04-18 21:08:50,987] {processor.py:171} INFO - Processing /home/airflow/.local/lib/python3.7/site-packages/airflow/example_dags/example_kubernetes_executor.py took 0.085 seconds
[2022-04-18 21:09:21,338] {processor.py:163} INFO - Started process (PID=1315) to work on /home/airflow/.local/lib/python3.7/site-packages/airflow/example_dags/example_kubernetes_executor.py
[2022-04-18 21:09:21,341] {processor.py:642} INFO - Processing file /home/airflow/.local/lib/python3.7/site-packages/airflow/example_dags/example_kubernetes_executor.py for tasks to queue
[2022-04-18 21:09:21,342] {logging_mixin.py:109} INFO - [2022-04-18 21:09:21,342] {dagbag.py:500} INFO - Filling up the DagBag from /home/airflow/.local/lib/python3.7/site-packages/airflow/example_dags/example_kubernetes_executor.py
[2022-04-18 21:09:21,371] {processor.py:652} INFO - DAG(s) dict_keys(['example_kubernetes_executor']) retrieved from /home/airflow/.local/lib/python3.7/site-packages/airflow/example_dags/example_kubernetes_executor.py
[2022-04-18 21:09:21,406] {logging_mixin.py:109} INFO - [2022-04-18 21:09:21,406] {dag.py:2398} INFO - Sync 1 DAGs
[2022-04-18 21:09:21,431] {logging_mixin.py:109} INFO - [2022-04-18 21:09:21,431] {dag.py:2937} INFO - Setting next_dagrun for example_kubernetes_executor to None
[2022-04-18 21:09:21,445] {processor.py:171} INFO - Processing /home/airflow/.local/lib/python3.7/site-packages/airflow/example_dags/example_kubernetes_executor.py took 0.112 seconds
