[2022-04-18 20:59:45,641] {processor.py:163} INFO - Started process (PID=241) to work on /home/airflow/.local/lib/python3.7/site-packages/airflow/example_dags/example_branch_python_dop_operator_3.py
[2022-04-18 20:59:45,643] {processor.py:642} INFO - Processing file /home/airflow/.local/lib/python3.7/site-packages/airflow/example_dags/example_branch_python_dop_operator_3.py for tasks to queue
[2022-04-18 20:59:45,645] {logging_mixin.py:109} INFO - [2022-04-18 20:59:45,644] {dagbag.py:500} INFO - Filling up the DagBag from /home/airflow/.local/lib/python3.7/site-packages/airflow/example_dags/example_branch_python_dop_operator_3.py
[2022-04-18 20:59:45,666] {processor.py:652} INFO - DAG(s) dict_keys(['example_branch_dop_operator_v3']) retrieved from /home/airflow/.local/lib/python3.7/site-packages/airflow/example_dags/example_branch_python_dop_operator_3.py
[2022-04-18 20:59:47,544] {logging_mixin.py:109} INFO - [2022-04-18 20:59:47,544] {manager.py:496} INFO - Created Permission View: can read on DAG:example_branch_dop_operator_v3
[2022-04-18 20:59:47,556] {logging_mixin.py:109} INFO - [2022-04-18 20:59:47,556] {manager.py:496} INFO - Created Permission View: can edit on DAG:example_branch_dop_operator_v3
[2022-04-18 20:59:47,558] {logging_mixin.py:109} INFO - [2022-04-18 20:59:47,558] {dag.py:2398} INFO - Sync 1 DAGs
[2022-04-18 20:59:47,569] {logging_mixin.py:109} INFO - [2022-04-18 20:59:47,568] {dag.py:2417} INFO - Creating ORM DAG for example_branch_dop_operator_v3
[2022-04-18 20:59:47,585] {logging_mixin.py:109} INFO - [2022-04-18 20:59:47,585] {dag.py:2937} INFO - Setting next_dagrun for example_branch_dop_operator_v3 to 2022-04-18T20:58:00+00:00
[2022-04-18 20:59:47,600] {processor.py:171} INFO - Processing /home/airflow/.local/lib/python3.7/site-packages/airflow/example_dags/example_branch_python_dop_operator_3.py took 1.962 seconds
[2022-04-18 21:00:17,881] {processor.py:163} INFO - Started process (PID=325) to work on /home/airflow/.local/lib/python3.7/site-packages/airflow/example_dags/example_branch_python_dop_operator_3.py
[2022-04-18 21:00:17,883] {processor.py:642} INFO - Processing file /home/airflow/.local/lib/python3.7/site-packages/airflow/example_dags/example_branch_python_dop_operator_3.py for tasks to queue
[2022-04-18 21:00:17,885] {logging_mixin.py:109} INFO - [2022-04-18 21:00:17,885] {dagbag.py:500} INFO - Filling up the DagBag from /home/airflow/.local/lib/python3.7/site-packages/airflow/example_dags/example_branch_python_dop_operator_3.py
[2022-04-18 21:00:17,910] {processor.py:652} INFO - DAG(s) dict_keys(['example_branch_dop_operator_v3']) retrieved from /home/airflow/.local/lib/python3.7/site-packages/airflow/example_dags/example_branch_python_dop_operator_3.py
[2022-04-18 21:00:17,932] {logging_mixin.py:109} INFO - [2022-04-18 21:00:17,932] {dag.py:2398} INFO - Sync 1 DAGs
[2022-04-18 21:00:17,957] {logging_mixin.py:109} INFO - [2022-04-18 21:00:17,957] {dag.py:2937} INFO - Setting next_dagrun for example_branch_dop_operator_v3 to 2022-04-18T20:59:00+00:00
[2022-04-18 21:00:17,967] {processor.py:171} INFO - Processing /home/airflow/.local/lib/python3.7/site-packages/airflow/example_dags/example_branch_python_dop_operator_3.py took 0.092 seconds
[2022-04-18 21:00:48,056] {processor.py:163} INFO - Started process (PID=384) to work on /home/airflow/.local/lib/python3.7/site-packages/airflow/example_dags/example_branch_python_dop_operator_3.py
[2022-04-18 21:00:48,059] {processor.py:642} INFO - Processing file /home/airflow/.local/lib/python3.7/site-packages/airflow/example_dags/example_branch_python_dop_operator_3.py for tasks to queue
[2022-04-18 21:00:48,060] {logging_mixin.py:109} INFO - [2022-04-18 21:00:48,060] {dagbag.py:500} INFO - Filling up the DagBag from /home/airflow/.local/lib/python3.7/site-packages/airflow/example_dags/example_branch_python_dop_operator_3.py
[2022-04-18 21:00:48,081] {processor.py:652} INFO - DAG(s) dict_keys(['example_branch_dop_operator_v3']) retrieved from /home/airflow/.local/lib/python3.7/site-packages/airflow/example_dags/example_branch_python_dop_operator_3.py
[2022-04-18 21:00:48,109] {logging_mixin.py:109} INFO - [2022-04-18 21:00:48,109] {dag.py:2398} INFO - Sync 1 DAGs
[2022-04-18 21:00:48,139] {logging_mixin.py:109} INFO - [2022-04-18 21:00:48,138] {dag.py:2937} INFO - Setting next_dagrun for example_branch_dop_operator_v3 to 2022-04-18T20:59:00+00:00
[2022-04-18 21:00:48,153] {processor.py:171} INFO - Processing /home/airflow/.local/lib/python3.7/site-packages/airflow/example_dags/example_branch_python_dop_operator_3.py took 0.101 seconds
[2022-04-18 21:01:18,519] {processor.py:163} INFO - Started process (PID=438) to work on /home/airflow/.local/lib/python3.7/site-packages/airflow/example_dags/example_branch_python_dop_operator_3.py
[2022-04-18 21:01:18,521] {processor.py:642} INFO - Processing file /home/airflow/.local/lib/python3.7/site-packages/airflow/example_dags/example_branch_python_dop_operator_3.py for tasks to queue
[2022-04-18 21:01:18,523] {logging_mixin.py:109} INFO - [2022-04-18 21:01:18,522] {dagbag.py:500} INFO - Filling up the DagBag from /home/airflow/.local/lib/python3.7/site-packages/airflow/example_dags/example_branch_python_dop_operator_3.py
[2022-04-18 21:01:18,544] {processor.py:652} INFO - DAG(s) dict_keys(['example_branch_dop_operator_v3']) retrieved from /home/airflow/.local/lib/python3.7/site-packages/airflow/example_dags/example_branch_python_dop_operator_3.py
[2022-04-18 21:01:18,568] {logging_mixin.py:109} INFO - [2022-04-18 21:01:18,568] {dag.py:2398} INFO - Sync 1 DAGs
[2022-04-18 21:01:18,595] {logging_mixin.py:109} INFO - [2022-04-18 21:01:18,595] {dag.py:2937} INFO - Setting next_dagrun for example_branch_dop_operator_v3 to 2022-04-18T21:00:00+00:00
[2022-04-18 21:01:18,608] {processor.py:171} INFO - Processing /home/airflow/.local/lib/python3.7/site-packages/airflow/example_dags/example_branch_python_dop_operator_3.py took 0.096 seconds
[2022-04-18 21:01:48,918] {processor.py:163} INFO - Started process (PID=499) to work on /home/airflow/.local/lib/python3.7/site-packages/airflow/example_dags/example_branch_python_dop_operator_3.py
[2022-04-18 21:01:48,921] {processor.py:642} INFO - Processing file /home/airflow/.local/lib/python3.7/site-packages/airflow/example_dags/example_branch_python_dop_operator_3.py for tasks to queue
[2022-04-18 21:01:48,922] {logging_mixin.py:109} INFO - [2022-04-18 21:01:48,922] {dagbag.py:500} INFO - Filling up the DagBag from /home/airflow/.local/lib/python3.7/site-packages/airflow/example_dags/example_branch_python_dop_operator_3.py
[2022-04-18 21:01:48,947] {processor.py:652} INFO - DAG(s) dict_keys(['example_branch_dop_operator_v3']) retrieved from /home/airflow/.local/lib/python3.7/site-packages/airflow/example_dags/example_branch_python_dop_operator_3.py
[2022-04-18 21:01:48,977] {logging_mixin.py:109} INFO - [2022-04-18 21:01:48,977] {dag.py:2398} INFO - Sync 1 DAGs
[2022-04-18 21:01:49,009] {logging_mixin.py:109} INFO - [2022-04-18 21:01:49,009] {dag.py:2937} INFO - Setting next_dagrun for example_branch_dop_operator_v3 to 2022-04-18T21:00:00+00:00
[2022-04-18 21:01:49,022] {processor.py:171} INFO - Processing /home/airflow/.local/lib/python3.7/site-packages/airflow/example_dags/example_branch_python_dop_operator_3.py took 0.110 seconds
[2022-04-18 21:02:19,452] {processor.py:163} INFO - Started process (PID=552) to work on /home/airflow/.local/lib/python3.7/site-packages/airflow/example_dags/example_branch_python_dop_operator_3.py
[2022-04-18 21:02:19,454] {processor.py:642} INFO - Processing file /home/airflow/.local/lib/python3.7/site-packages/airflow/example_dags/example_branch_python_dop_operator_3.py for tasks to queue
[2022-04-18 21:02:19,456] {logging_mixin.py:109} INFO - [2022-04-18 21:02:19,455] {dagbag.py:500} INFO - Filling up the DagBag from /home/airflow/.local/lib/python3.7/site-packages/airflow/example_dags/example_branch_python_dop_operator_3.py
[2022-04-18 21:02:19,475] {processor.py:652} INFO - DAG(s) dict_keys(['example_branch_dop_operator_v3']) retrieved from /home/airflow/.local/lib/python3.7/site-packages/airflow/example_dags/example_branch_python_dop_operator_3.py
[2022-04-18 21:02:19,496] {logging_mixin.py:109} INFO - [2022-04-18 21:02:19,496] {dag.py:2398} INFO - Sync 1 DAGs
[2022-04-18 21:02:19,519] {logging_mixin.py:109} INFO - [2022-04-18 21:02:19,519] {dag.py:2937} INFO - Setting next_dagrun for example_branch_dop_operator_v3 to 2022-04-18T21:01:00+00:00
[2022-04-18 21:02:19,529] {processor.py:171} INFO - Processing /home/airflow/.local/lib/python3.7/site-packages/airflow/example_dags/example_branch_python_dop_operator_3.py took 0.081 seconds
[2022-04-18 21:02:49,711] {processor.py:163} INFO - Started process (PID=602) to work on /home/airflow/.local/lib/python3.7/site-packages/airflow/example_dags/example_branch_python_dop_operator_3.py
[2022-04-18 21:02:49,718] {processor.py:642} INFO - Processing file /home/airflow/.local/lib/python3.7/site-packages/airflow/example_dags/example_branch_python_dop_operator_3.py for tasks to queue
[2022-04-18 21:02:49,720] {logging_mixin.py:109} INFO - [2022-04-18 21:02:49,720] {dagbag.py:500} INFO - Filling up the DagBag from /home/airflow/.local/lib/python3.7/site-packages/airflow/example_dags/example_branch_python_dop_operator_3.py
[2022-04-18 21:02:49,740] {processor.py:652} INFO - DAG(s) dict_keys(['example_branch_dop_operator_v3']) retrieved from /home/airflow/.local/lib/python3.7/site-packages/airflow/example_dags/example_branch_python_dop_operator_3.py
[2022-04-18 21:02:49,763] {logging_mixin.py:109} INFO - [2022-04-18 21:02:49,763] {dag.py:2398} INFO - Sync 1 DAGs
[2022-04-18 21:02:49,787] {logging_mixin.py:109} INFO - [2022-04-18 21:02:49,787] {dag.py:2937} INFO - Setting next_dagrun for example_branch_dop_operator_v3 to 2022-04-18T21:01:00+00:00
[2022-04-18 21:02:49,798] {processor.py:171} INFO - Processing /home/airflow/.local/lib/python3.7/site-packages/airflow/example_dags/example_branch_python_dop_operator_3.py took 0.092 seconds
[2022-04-18 21:03:20,085] {processor.py:163} INFO - Started process (PID=661) to work on /home/airflow/.local/lib/python3.7/site-packages/airflow/example_dags/example_branch_python_dop_operator_3.py
[2022-04-18 21:03:20,088] {processor.py:642} INFO - Processing file /home/airflow/.local/lib/python3.7/site-packages/airflow/example_dags/example_branch_python_dop_operator_3.py for tasks to queue
[2022-04-18 21:03:20,089] {logging_mixin.py:109} INFO - [2022-04-18 21:03:20,089] {dagbag.py:500} INFO - Filling up the DagBag from /home/airflow/.local/lib/python3.7/site-packages/airflow/example_dags/example_branch_python_dop_operator_3.py
[2022-04-18 21:03:20,109] {processor.py:652} INFO - DAG(s) dict_keys(['example_branch_dop_operator_v3']) retrieved from /home/airflow/.local/lib/python3.7/site-packages/airflow/example_dags/example_branch_python_dop_operator_3.py
[2022-04-18 21:03:20,130] {logging_mixin.py:109} INFO - [2022-04-18 21:03:20,130] {dag.py:2398} INFO - Sync 1 DAGs
[2022-04-18 21:03:20,157] {logging_mixin.py:109} INFO - [2022-04-18 21:03:20,157] {dag.py:2937} INFO - Setting next_dagrun for example_branch_dop_operator_v3 to 2022-04-18T21:02:00+00:00
[2022-04-18 21:03:20,173] {processor.py:171} INFO - Processing /home/airflow/.local/lib/python3.7/site-packages/airflow/example_dags/example_branch_python_dop_operator_3.py took 0.093 seconds
[2022-04-18 21:03:50,591] {processor.py:163} INFO - Started process (PID=711) to work on /home/airflow/.local/lib/python3.7/site-packages/airflow/example_dags/example_branch_python_dop_operator_3.py
[2022-04-18 21:03:50,594] {processor.py:642} INFO - Processing file /home/airflow/.local/lib/python3.7/site-packages/airflow/example_dags/example_branch_python_dop_operator_3.py for tasks to queue
[2022-04-18 21:03:50,595] {logging_mixin.py:109} INFO - [2022-04-18 21:03:50,595] {dagbag.py:500} INFO - Filling up the DagBag from /home/airflow/.local/lib/python3.7/site-packages/airflow/example_dags/example_branch_python_dop_operator_3.py
[2022-04-18 21:03:50,618] {processor.py:652} INFO - DAG(s) dict_keys(['example_branch_dop_operator_v3']) retrieved from /home/airflow/.local/lib/python3.7/site-packages/airflow/example_dags/example_branch_python_dop_operator_3.py
[2022-04-18 21:03:50,647] {logging_mixin.py:109} INFO - [2022-04-18 21:03:50,647] {dag.py:2398} INFO - Sync 1 DAGs
[2022-04-18 21:03:50,683] {logging_mixin.py:109} INFO - [2022-04-18 21:03:50,682] {dag.py:2937} INFO - Setting next_dagrun for example_branch_dop_operator_v3 to 2022-04-18T21:02:00+00:00
[2022-04-18 21:03:50,695] {processor.py:171} INFO - Processing /home/airflow/.local/lib/python3.7/site-packages/airflow/example_dags/example_branch_python_dop_operator_3.py took 0.109 seconds
[2022-04-18 21:04:21,130] {processor.py:163} INFO - Started process (PID=771) to work on /home/airflow/.local/lib/python3.7/site-packages/airflow/example_dags/example_branch_python_dop_operator_3.py
[2022-04-18 21:04:21,132] {processor.py:642} INFO - Processing file /home/airflow/.local/lib/python3.7/site-packages/airflow/example_dags/example_branch_python_dop_operator_3.py for tasks to queue
[2022-04-18 21:04:21,134] {logging_mixin.py:109} INFO - [2022-04-18 21:04:21,134] {dagbag.py:500} INFO - Filling up the DagBag from /home/airflow/.local/lib/python3.7/site-packages/airflow/example_dags/example_branch_python_dop_operator_3.py
[2022-04-18 21:04:21,167] {processor.py:652} INFO - DAG(s) dict_keys(['example_branch_dop_operator_v3']) retrieved from /home/airflow/.local/lib/python3.7/site-packages/airflow/example_dags/example_branch_python_dop_operator_3.py
[2022-04-18 21:04:21,196] {logging_mixin.py:109} INFO - [2022-04-18 21:04:21,196] {dag.py:2398} INFO - Sync 1 DAGs
[2022-04-18 21:04:21,230] {logging_mixin.py:109} INFO - [2022-04-18 21:04:21,230] {dag.py:2937} INFO - Setting next_dagrun for example_branch_dop_operator_v3 to 2022-04-18T21:03:00+00:00
[2022-04-18 21:04:21,247] {processor.py:171} INFO - Processing /home/airflow/.local/lib/python3.7/site-packages/airflow/example_dags/example_branch_python_dop_operator_3.py took 0.122 seconds
[2022-04-18 21:04:51,457] {processor.py:163} INFO - Started process (PID=822) to work on /home/airflow/.local/lib/python3.7/site-packages/airflow/example_dags/example_branch_python_dop_operator_3.py
[2022-04-18 21:04:51,459] {processor.py:642} INFO - Processing file /home/airflow/.local/lib/python3.7/site-packages/airflow/example_dags/example_branch_python_dop_operator_3.py for tasks to queue
[2022-04-18 21:04:51,460] {logging_mixin.py:109} INFO - [2022-04-18 21:04:51,460] {dagbag.py:500} INFO - Filling up the DagBag from /home/airflow/.local/lib/python3.7/site-packages/airflow/example_dags/example_branch_python_dop_operator_3.py
[2022-04-18 21:04:51,477] {processor.py:652} INFO - DAG(s) dict_keys(['example_branch_dop_operator_v3']) retrieved from /home/airflow/.local/lib/python3.7/site-packages/airflow/example_dags/example_branch_python_dop_operator_3.py
[2022-04-18 21:04:51,498] {logging_mixin.py:109} INFO - [2022-04-18 21:04:51,498] {dag.py:2398} INFO - Sync 1 DAGs
[2022-04-18 21:04:51,520] {logging_mixin.py:109} INFO - [2022-04-18 21:04:51,520] {dag.py:2937} INFO - Setting next_dagrun for example_branch_dop_operator_v3 to 2022-04-18T21:03:00+00:00
[2022-04-18 21:04:51,529] {processor.py:171} INFO - Processing /home/airflow/.local/lib/python3.7/site-packages/airflow/example_dags/example_branch_python_dop_operator_3.py took 0.076 seconds
[2022-04-18 21:05:22,110] {processor.py:163} INFO - Started process (PID=882) to work on /home/airflow/.local/lib/python3.7/site-packages/airflow/example_dags/example_branch_python_dop_operator_3.py
[2022-04-18 21:05:22,113] {processor.py:642} INFO - Processing file /home/airflow/.local/lib/python3.7/site-packages/airflow/example_dags/example_branch_python_dop_operator_3.py for tasks to queue
[2022-04-18 21:05:22,114] {logging_mixin.py:109} INFO - [2022-04-18 21:05:22,114] {dagbag.py:500} INFO - Filling up the DagBag from /home/airflow/.local/lib/python3.7/site-packages/airflow/example_dags/example_branch_python_dop_operator_3.py
[2022-04-18 21:05:22,136] {processor.py:652} INFO - DAG(s) dict_keys(['example_branch_dop_operator_v3']) retrieved from /home/airflow/.local/lib/python3.7/site-packages/airflow/example_dags/example_branch_python_dop_operator_3.py
[2022-04-18 21:05:22,157] {logging_mixin.py:109} INFO - [2022-04-18 21:05:22,157] {dag.py:2398} INFO - Sync 1 DAGs
[2022-04-18 21:05:22,180] {logging_mixin.py:109} INFO - [2022-04-18 21:05:22,180] {dag.py:2937} INFO - Setting next_dagrun for example_branch_dop_operator_v3 to 2022-04-18T21:04:00+00:00
[2022-04-18 21:05:22,190] {processor.py:171} INFO - Processing /home/airflow/.local/lib/python3.7/site-packages/airflow/example_dags/example_branch_python_dop_operator_3.py took 0.085 seconds
[2022-04-18 21:05:52,224] {processor.py:163} INFO - Started process (PID=933) to work on /home/airflow/.local/lib/python3.7/site-packages/airflow/example_dags/example_branch_python_dop_operator_3.py
[2022-04-18 21:05:52,227] {processor.py:642} INFO - Processing file /home/airflow/.local/lib/python3.7/site-packages/airflow/example_dags/example_branch_python_dop_operator_3.py for tasks to queue
[2022-04-18 21:05:52,228] {logging_mixin.py:109} INFO - [2022-04-18 21:05:52,228] {dagbag.py:500} INFO - Filling up the DagBag from /home/airflow/.local/lib/python3.7/site-packages/airflow/example_dags/example_branch_python_dop_operator_3.py
[2022-04-18 21:05:52,248] {processor.py:652} INFO - DAG(s) dict_keys(['example_branch_dop_operator_v3']) retrieved from /home/airflow/.local/lib/python3.7/site-packages/airflow/example_dags/example_branch_python_dop_operator_3.py
[2022-04-18 21:05:52,271] {logging_mixin.py:109} INFO - [2022-04-18 21:05:52,270] {dag.py:2398} INFO - Sync 1 DAGs
[2022-04-18 21:05:52,296] {logging_mixin.py:109} INFO - [2022-04-18 21:05:52,296] {dag.py:2937} INFO - Setting next_dagrun for example_branch_dop_operator_v3 to 2022-04-18T21:04:00+00:00
[2022-04-18 21:05:52,307] {processor.py:171} INFO - Processing /home/airflow/.local/lib/python3.7/site-packages/airflow/example_dags/example_branch_python_dop_operator_3.py took 0.088 seconds
[2022-04-18 21:06:22,517] {processor.py:163} INFO - Started process (PID=995) to work on /home/airflow/.local/lib/python3.7/site-packages/airflow/example_dags/example_branch_python_dop_operator_3.py
[2022-04-18 21:06:22,519] {processor.py:642} INFO - Processing file /home/airflow/.local/lib/python3.7/site-packages/airflow/example_dags/example_branch_python_dop_operator_3.py for tasks to queue
[2022-04-18 21:06:22,520] {logging_mixin.py:109} INFO - [2022-04-18 21:06:22,520] {dagbag.py:500} INFO - Filling up the DagBag from /home/airflow/.local/lib/python3.7/site-packages/airflow/example_dags/example_branch_python_dop_operator_3.py
[2022-04-18 21:06:22,540] {processor.py:652} INFO - DAG(s) dict_keys(['example_branch_dop_operator_v3']) retrieved from /home/airflow/.local/lib/python3.7/site-packages/airflow/example_dags/example_branch_python_dop_operator_3.py
[2022-04-18 21:06:22,564] {logging_mixin.py:109} INFO - [2022-04-18 21:06:22,564] {dag.py:2398} INFO - Sync 1 DAGs
[2022-04-18 21:06:22,589] {logging_mixin.py:109} INFO - [2022-04-18 21:06:22,589] {dag.py:2937} INFO - Setting next_dagrun for example_branch_dop_operator_v3 to 2022-04-18T21:05:00+00:00
[2022-04-18 21:06:22,600] {processor.py:171} INFO - Processing /home/airflow/.local/lib/python3.7/site-packages/airflow/example_dags/example_branch_python_dop_operator_3.py took 0.087 seconds
[2022-04-18 21:06:52,803] {processor.py:163} INFO - Started process (PID=1046) to work on /home/airflow/.local/lib/python3.7/site-packages/airflow/example_dags/example_branch_python_dop_operator_3.py
[2022-04-18 21:06:52,805] {processor.py:642} INFO - Processing file /home/airflow/.local/lib/python3.7/site-packages/airflow/example_dags/example_branch_python_dop_operator_3.py for tasks to queue
[2022-04-18 21:06:52,806] {logging_mixin.py:109} INFO - [2022-04-18 21:06:52,806] {dagbag.py:500} INFO - Filling up the DagBag from /home/airflow/.local/lib/python3.7/site-packages/airflow/example_dags/example_branch_python_dop_operator_3.py
[2022-04-18 21:06:52,827] {processor.py:652} INFO - DAG(s) dict_keys(['example_branch_dop_operator_v3']) retrieved from /home/airflow/.local/lib/python3.7/site-packages/airflow/example_dags/example_branch_python_dop_operator_3.py
[2022-04-18 21:06:52,857] {logging_mixin.py:109} INFO - [2022-04-18 21:06:52,857] {dag.py:2398} INFO - Sync 1 DAGs
[2022-04-18 21:06:52,886] {logging_mixin.py:109} INFO - [2022-04-18 21:06:52,885] {dag.py:2937} INFO - Setting next_dagrun for example_branch_dop_operator_v3 to 2022-04-18T21:05:00+00:00
[2022-04-18 21:06:52,897] {processor.py:171} INFO - Processing /home/airflow/.local/lib/python3.7/site-packages/airflow/example_dags/example_branch_python_dop_operator_3.py took 0.098 seconds
[2022-04-18 21:07:23,185] {processor.py:163} INFO - Started process (PID=1108) to work on /home/airflow/.local/lib/python3.7/site-packages/airflow/example_dags/example_branch_python_dop_operator_3.py
[2022-04-18 21:07:23,187] {processor.py:642} INFO - Processing file /home/airflow/.local/lib/python3.7/site-packages/airflow/example_dags/example_branch_python_dop_operator_3.py for tasks to queue
[2022-04-18 21:07:23,188] {logging_mixin.py:109} INFO - [2022-04-18 21:07:23,188] {dagbag.py:500} INFO - Filling up the DagBag from /home/airflow/.local/lib/python3.7/site-packages/airflow/example_dags/example_branch_python_dop_operator_3.py
[2022-04-18 21:07:23,204] {processor.py:652} INFO - DAG(s) dict_keys(['example_branch_dop_operator_v3']) retrieved from /home/airflow/.local/lib/python3.7/site-packages/airflow/example_dags/example_branch_python_dop_operator_3.py
[2022-04-18 21:07:23,224] {logging_mixin.py:109} INFO - [2022-04-18 21:07:23,224] {dag.py:2398} INFO - Sync 1 DAGs
[2022-04-18 21:07:23,245] {logging_mixin.py:109} INFO - [2022-04-18 21:07:23,245] {dag.py:2937} INFO - Setting next_dagrun for example_branch_dop_operator_v3 to 2022-04-18T21:06:00+00:00
[2022-04-18 21:07:23,254] {processor.py:171} INFO - Processing /home/airflow/.local/lib/python3.7/site-packages/airflow/example_dags/example_branch_python_dop_operator_3.py took 0.073 seconds
[2022-04-18 21:07:53,362] {processor.py:163} INFO - Started process (PID=1159) to work on /home/airflow/.local/lib/python3.7/site-packages/airflow/example_dags/example_branch_python_dop_operator_3.py
[2022-04-18 21:07:53,365] {processor.py:642} INFO - Processing file /home/airflow/.local/lib/python3.7/site-packages/airflow/example_dags/example_branch_python_dop_operator_3.py for tasks to queue
[2022-04-18 21:07:53,367] {logging_mixin.py:109} INFO - [2022-04-18 21:07:53,367] {dagbag.py:500} INFO - Filling up the DagBag from /home/airflow/.local/lib/python3.7/site-packages/airflow/example_dags/example_branch_python_dop_operator_3.py
[2022-04-18 21:07:53,393] {processor.py:652} INFO - DAG(s) dict_keys(['example_branch_dop_operator_v3']) retrieved from /home/airflow/.local/lib/python3.7/site-packages/airflow/example_dags/example_branch_python_dop_operator_3.py
[2022-04-18 21:07:53,426] {logging_mixin.py:109} INFO - [2022-04-18 21:07:53,426] {dag.py:2398} INFO - Sync 1 DAGs
[2022-04-18 21:07:53,460] {logging_mixin.py:109} INFO - [2022-04-18 21:07:53,460] {dag.py:2937} INFO - Setting next_dagrun for example_branch_dop_operator_v3 to 2022-04-18T21:06:00+00:00
[2022-04-18 21:07:53,475] {processor.py:171} INFO - Processing /home/airflow/.local/lib/python3.7/site-packages/airflow/example_dags/example_branch_python_dop_operator_3.py took 0.118 seconds
[2022-04-18 21:08:24,033] {processor.py:163} INFO - Started process (PID=1220) to work on /home/airflow/.local/lib/python3.7/site-packages/airflow/example_dags/example_branch_python_dop_operator_3.py
[2022-04-18 21:08:24,035] {processor.py:642} INFO - Processing file /home/airflow/.local/lib/python3.7/site-packages/airflow/example_dags/example_branch_python_dop_operator_3.py for tasks to queue
[2022-04-18 21:08:24,037] {logging_mixin.py:109} INFO - [2022-04-18 21:08:24,037] {dagbag.py:500} INFO - Filling up the DagBag from /home/airflow/.local/lib/python3.7/site-packages/airflow/example_dags/example_branch_python_dop_operator_3.py
[2022-04-18 21:08:24,056] {processor.py:652} INFO - DAG(s) dict_keys(['example_branch_dop_operator_v3']) retrieved from /home/airflow/.local/lib/python3.7/site-packages/airflow/example_dags/example_branch_python_dop_operator_3.py
[2022-04-18 21:08:24,082] {logging_mixin.py:109} INFO - [2022-04-18 21:08:24,081] {dag.py:2398} INFO - Sync 1 DAGs
[2022-04-18 21:08:24,108] {logging_mixin.py:109} INFO - [2022-04-18 21:08:24,108] {dag.py:2937} INFO - Setting next_dagrun for example_branch_dop_operator_v3 to 2022-04-18T21:07:00+00:00
[2022-04-18 21:08:24,121] {processor.py:171} INFO - Processing /home/airflow/.local/lib/python3.7/site-packages/airflow/example_dags/example_branch_python_dop_operator_3.py took 0.092 seconds
[2022-04-18 21:08:54,202] {processor.py:163} INFO - Started process (PID=1270) to work on /home/airflow/.local/lib/python3.7/site-packages/airflow/example_dags/example_branch_python_dop_operator_3.py
[2022-04-18 21:08:54,204] {processor.py:642} INFO - Processing file /home/airflow/.local/lib/python3.7/site-packages/airflow/example_dags/example_branch_python_dop_operator_3.py for tasks to queue
[2022-04-18 21:08:54,206] {logging_mixin.py:109} INFO - [2022-04-18 21:08:54,206] {dagbag.py:500} INFO - Filling up the DagBag from /home/airflow/.local/lib/python3.7/site-packages/airflow/example_dags/example_branch_python_dop_operator_3.py
[2022-04-18 21:08:54,224] {processor.py:652} INFO - DAG(s) dict_keys(['example_branch_dop_operator_v3']) retrieved from /home/airflow/.local/lib/python3.7/site-packages/airflow/example_dags/example_branch_python_dop_operator_3.py
[2022-04-18 21:08:54,245] {logging_mixin.py:109} INFO - [2022-04-18 21:08:54,245] {dag.py:2398} INFO - Sync 1 DAGs
[2022-04-18 21:08:54,268] {logging_mixin.py:109} INFO - [2022-04-18 21:08:54,268] {dag.py:2937} INFO - Setting next_dagrun for example_branch_dop_operator_v3 to 2022-04-18T21:07:00+00:00
[2022-04-18 21:08:54,277] {processor.py:171} INFO - Processing /home/airflow/.local/lib/python3.7/site-packages/airflow/example_dags/example_branch_python_dop_operator_3.py took 0.079 seconds
[2022-04-18 21:09:24,576] {processor.py:163} INFO - Started process (PID=1329) to work on /home/airflow/.local/lib/python3.7/site-packages/airflow/example_dags/example_branch_python_dop_operator_3.py
[2022-04-18 21:09:24,578] {processor.py:642} INFO - Processing file /home/airflow/.local/lib/python3.7/site-packages/airflow/example_dags/example_branch_python_dop_operator_3.py for tasks to queue
[2022-04-18 21:09:24,579] {logging_mixin.py:109} INFO - [2022-04-18 21:09:24,579] {dagbag.py:500} INFO - Filling up the DagBag from /home/airflow/.local/lib/python3.7/site-packages/airflow/example_dags/example_branch_python_dop_operator_3.py
[2022-04-18 21:09:24,598] {processor.py:652} INFO - DAG(s) dict_keys(['example_branch_dop_operator_v3']) retrieved from /home/airflow/.local/lib/python3.7/site-packages/airflow/example_dags/example_branch_python_dop_operator_3.py
[2022-04-18 21:09:24,619] {logging_mixin.py:109} INFO - [2022-04-18 21:09:24,619] {dag.py:2398} INFO - Sync 1 DAGs
[2022-04-18 21:09:24,651] {logging_mixin.py:109} INFO - [2022-04-18 21:09:24,651] {dag.py:2937} INFO - Setting next_dagrun for example_branch_dop_operator_v3 to 2022-04-18T21:08:00+00:00
[2022-04-18 21:09:24,663] {processor.py:171} INFO - Processing /home/airflow/.local/lib/python3.7/site-packages/airflow/example_dags/example_branch_python_dop_operator_3.py took 0.091 seconds
