[2022-04-18 20:59:41,179] {processor.py:163} INFO - Started process (PID=212) to work on /home/airflow/.local/lib/python3.7/site-packages/airflow/example_dags/example_time_delta_sensor_async.py
[2022-04-18 20:59:41,182] {processor.py:642} INFO - Processing file /home/airflow/.local/lib/python3.7/site-packages/airflow/example_dags/example_time_delta_sensor_async.py for tasks to queue
[2022-04-18 20:59:41,184] {logging_mixin.py:109} INFO - [2022-04-18 20:59:41,184] {dagbag.py:500} INFO - Filling up the DagBag from /home/airflow/.local/lib/python3.7/site-packages/airflow/example_dags/example_time_delta_sensor_async.py
[2022-04-18 20:59:41,226] {processor.py:652} INFO - DAG(s) dict_keys(['example_time_delta_sensor_async']) retrieved from /home/airflow/.local/lib/python3.7/site-packages/airflow/example_dags/example_time_delta_sensor_async.py
[2022-04-18 20:59:43,531] {logging_mixin.py:109} INFO - [2022-04-18 20:59:43,531] {manager.py:496} INFO - Created Permission View: can read on DAG:example_time_delta_sensor_async
[2022-04-18 20:59:43,541] {logging_mixin.py:109} INFO - [2022-04-18 20:59:43,541] {manager.py:496} INFO - Created Permission View: can edit on DAG:example_time_delta_sensor_async
[2022-04-18 20:59:43,542] {logging_mixin.py:109} INFO - [2022-04-18 20:59:43,542] {dag.py:2398} INFO - Sync 1 DAGs
[2022-04-18 20:59:43,549] {logging_mixin.py:109} INFO - [2022-04-18 20:59:43,549] {dag.py:2417} INFO - Creating ORM DAG for example_time_delta_sensor_async
[2022-04-18 20:59:43,558] {logging_mixin.py:109} INFO - [2022-04-18 20:59:43,558] {dag.py:2937} INFO - Setting next_dagrun for example_time_delta_sensor_async to None
[2022-04-18 20:59:43,571] {processor.py:171} INFO - Processing /home/airflow/.local/lib/python3.7/site-packages/airflow/example_dags/example_time_delta_sensor_async.py took 2.397 seconds
[2022-04-18 21:00:13,742] {processor.py:163} INFO - Started process (PID=320) to work on /home/airflow/.local/lib/python3.7/site-packages/airflow/example_dags/example_time_delta_sensor_async.py
[2022-04-18 21:00:13,745] {processor.py:642} INFO - Processing file /home/airflow/.local/lib/python3.7/site-packages/airflow/example_dags/example_time_delta_sensor_async.py for tasks to queue
[2022-04-18 21:00:13,747] {logging_mixin.py:109} INFO - [2022-04-18 21:00:13,746] {dagbag.py:500} INFO - Filling up the DagBag from /home/airflow/.local/lib/python3.7/site-packages/airflow/example_dags/example_time_delta_sensor_async.py
[2022-04-18 21:00:13,769] {processor.py:652} INFO - DAG(s) dict_keys(['example_time_delta_sensor_async']) retrieved from /home/airflow/.local/lib/python3.7/site-packages/airflow/example_dags/example_time_delta_sensor_async.py
[2022-04-18 21:00:13,792] {logging_mixin.py:109} INFO - [2022-04-18 21:00:13,792] {dag.py:2398} INFO - Sync 1 DAGs
[2022-04-18 21:00:13,810] {logging_mixin.py:109} INFO - [2022-04-18 21:00:13,810] {dag.py:2937} INFO - Setting next_dagrun for example_time_delta_sensor_async to None
[2022-04-18 21:00:13,821] {processor.py:171} INFO - Processing /home/airflow/.local/lib/python3.7/site-packages/airflow/example_dags/example_time_delta_sensor_async.py took 0.083 seconds
[2022-04-18 21:00:43,896] {processor.py:163} INFO - Started process (PID=373) to work on /home/airflow/.local/lib/python3.7/site-packages/airflow/example_dags/example_time_delta_sensor_async.py
[2022-04-18 21:00:43,899] {processor.py:642} INFO - Processing file /home/airflow/.local/lib/python3.7/site-packages/airflow/example_dags/example_time_delta_sensor_async.py for tasks to queue
[2022-04-18 21:00:43,901] {logging_mixin.py:109} INFO - [2022-04-18 21:00:43,901] {dagbag.py:500} INFO - Filling up the DagBag from /home/airflow/.local/lib/python3.7/site-packages/airflow/example_dags/example_time_delta_sensor_async.py
[2022-04-18 21:00:43,920] {processor.py:652} INFO - DAG(s) dict_keys(['example_time_delta_sensor_async']) retrieved from /home/airflow/.local/lib/python3.7/site-packages/airflow/example_dags/example_time_delta_sensor_async.py
[2022-04-18 21:00:43,948] {logging_mixin.py:109} INFO - [2022-04-18 21:00:43,948] {dag.py:2398} INFO - Sync 1 DAGs
[2022-04-18 21:00:43,972] {logging_mixin.py:109} INFO - [2022-04-18 21:00:43,972] {dag.py:2937} INFO - Setting next_dagrun for example_time_delta_sensor_async to None
[2022-04-18 21:00:43,986] {processor.py:171} INFO - Processing /home/airflow/.local/lib/python3.7/site-packages/airflow/example_dags/example_time_delta_sensor_async.py took 0.097 seconds
[2022-04-18 21:01:14,286] {processor.py:163} INFO - Started process (PID=434) to work on /home/airflow/.local/lib/python3.7/site-packages/airflow/example_dags/example_time_delta_sensor_async.py
[2022-04-18 21:01:14,288] {processor.py:642} INFO - Processing file /home/airflow/.local/lib/python3.7/site-packages/airflow/example_dags/example_time_delta_sensor_async.py for tasks to queue
[2022-04-18 21:01:14,289] {logging_mixin.py:109} INFO - [2022-04-18 21:01:14,289] {dagbag.py:500} INFO - Filling up the DagBag from /home/airflow/.local/lib/python3.7/site-packages/airflow/example_dags/example_time_delta_sensor_async.py
[2022-04-18 21:01:14,306] {processor.py:652} INFO - DAG(s) dict_keys(['example_time_delta_sensor_async']) retrieved from /home/airflow/.local/lib/python3.7/site-packages/airflow/example_dags/example_time_delta_sensor_async.py
[2022-04-18 21:01:14,328] {logging_mixin.py:109} INFO - [2022-04-18 21:01:14,328] {dag.py:2398} INFO - Sync 1 DAGs
[2022-04-18 21:01:14,349] {logging_mixin.py:109} INFO - [2022-04-18 21:01:14,349] {dag.py:2937} INFO - Setting next_dagrun for example_time_delta_sensor_async to None
[2022-04-18 21:01:14,363] {processor.py:171} INFO - Processing /home/airflow/.local/lib/python3.7/site-packages/airflow/example_dags/example_time_delta_sensor_async.py took 0.081 seconds
[2022-04-18 21:01:44,737] {processor.py:163} INFO - Started process (PID=486) to work on /home/airflow/.local/lib/python3.7/site-packages/airflow/example_dags/example_time_delta_sensor_async.py
[2022-04-18 21:01:44,740] {processor.py:642} INFO - Processing file /home/airflow/.local/lib/python3.7/site-packages/airflow/example_dags/example_time_delta_sensor_async.py for tasks to queue
[2022-04-18 21:01:44,742] {logging_mixin.py:109} INFO - [2022-04-18 21:01:44,742] {dagbag.py:500} INFO - Filling up the DagBag from /home/airflow/.local/lib/python3.7/site-packages/airflow/example_dags/example_time_delta_sensor_async.py
[2022-04-18 21:01:44,766] {processor.py:652} INFO - DAG(s) dict_keys(['example_time_delta_sensor_async']) retrieved from /home/airflow/.local/lib/python3.7/site-packages/airflow/example_dags/example_time_delta_sensor_async.py
[2022-04-18 21:01:44,801] {logging_mixin.py:109} INFO - [2022-04-18 21:01:44,801] {dag.py:2398} INFO - Sync 1 DAGs
[2022-04-18 21:01:44,839] {logging_mixin.py:109} INFO - [2022-04-18 21:01:44,839] {dag.py:2937} INFO - Setting next_dagrun for example_time_delta_sensor_async to None
[2022-04-18 21:01:44,864] {processor.py:171} INFO - Processing /home/airflow/.local/lib/python3.7/site-packages/airflow/example_dags/example_time_delta_sensor_async.py took 0.136 seconds
[2022-04-18 21:02:15,278] {processor.py:163} INFO - Started process (PID=548) to work on /home/airflow/.local/lib/python3.7/site-packages/airflow/example_dags/example_time_delta_sensor_async.py
[2022-04-18 21:02:15,280] {processor.py:642} INFO - Processing file /home/airflow/.local/lib/python3.7/site-packages/airflow/example_dags/example_time_delta_sensor_async.py for tasks to queue
[2022-04-18 21:02:15,281] {logging_mixin.py:109} INFO - [2022-04-18 21:02:15,281] {dagbag.py:500} INFO - Filling up the DagBag from /home/airflow/.local/lib/python3.7/site-packages/airflow/example_dags/example_time_delta_sensor_async.py
[2022-04-18 21:02:15,297] {processor.py:652} INFO - DAG(s) dict_keys(['example_time_delta_sensor_async']) retrieved from /home/airflow/.local/lib/python3.7/site-packages/airflow/example_dags/example_time_delta_sensor_async.py
[2022-04-18 21:02:15,323] {logging_mixin.py:109} INFO - [2022-04-18 21:02:15,323] {dag.py:2398} INFO - Sync 1 DAGs
[2022-04-18 21:02:15,345] {logging_mixin.py:109} INFO - [2022-04-18 21:02:15,345] {dag.py:2937} INFO - Setting next_dagrun for example_time_delta_sensor_async to None
[2022-04-18 21:02:15,360] {processor.py:171} INFO - Processing /home/airflow/.local/lib/python3.7/site-packages/airflow/example_dags/example_time_delta_sensor_async.py took 0.087 seconds
[2022-04-18 21:02:45,483] {processor.py:163} INFO - Started process (PID=598) to work on /home/airflow/.local/lib/python3.7/site-packages/airflow/example_dags/example_time_delta_sensor_async.py
[2022-04-18 21:02:45,486] {processor.py:642} INFO - Processing file /home/airflow/.local/lib/python3.7/site-packages/airflow/example_dags/example_time_delta_sensor_async.py for tasks to queue
[2022-04-18 21:02:45,487] {logging_mixin.py:109} INFO - [2022-04-18 21:02:45,487] {dagbag.py:500} INFO - Filling up the DagBag from /home/airflow/.local/lib/python3.7/site-packages/airflow/example_dags/example_time_delta_sensor_async.py
[2022-04-18 21:02:45,504] {processor.py:652} INFO - DAG(s) dict_keys(['example_time_delta_sensor_async']) retrieved from /home/airflow/.local/lib/python3.7/site-packages/airflow/example_dags/example_time_delta_sensor_async.py
[2022-04-18 21:02:45,527] {logging_mixin.py:109} INFO - [2022-04-18 21:02:45,527] {dag.py:2398} INFO - Sync 1 DAGs
[2022-04-18 21:02:45,548] {logging_mixin.py:109} INFO - [2022-04-18 21:02:45,548] {dag.py:2937} INFO - Setting next_dagrun for example_time_delta_sensor_async to None
[2022-04-18 21:02:45,558] {processor.py:171} INFO - Processing /home/airflow/.local/lib/python3.7/site-packages/airflow/example_dags/example_time_delta_sensor_async.py took 0.079 seconds
[2022-04-18 21:03:15,858] {processor.py:163} INFO - Started process (PID=656) to work on /home/airflow/.local/lib/python3.7/site-packages/airflow/example_dags/example_time_delta_sensor_async.py
[2022-04-18 21:03:15,862] {processor.py:642} INFO - Processing file /home/airflow/.local/lib/python3.7/site-packages/airflow/example_dags/example_time_delta_sensor_async.py for tasks to queue
[2022-04-18 21:03:15,865] {logging_mixin.py:109} INFO - [2022-04-18 21:03:15,865] {dagbag.py:500} INFO - Filling up the DagBag from /home/airflow/.local/lib/python3.7/site-packages/airflow/example_dags/example_time_delta_sensor_async.py
[2022-04-18 21:03:15,896] {processor.py:652} INFO - DAG(s) dict_keys(['example_time_delta_sensor_async']) retrieved from /home/airflow/.local/lib/python3.7/site-packages/airflow/example_dags/example_time_delta_sensor_async.py
[2022-04-18 21:03:15,956] {logging_mixin.py:109} INFO - [2022-04-18 21:03:15,956] {dag.py:2398} INFO - Sync 1 DAGs
[2022-04-18 21:03:15,988] {logging_mixin.py:109} INFO - [2022-04-18 21:03:15,988] {dag.py:2937} INFO - Setting next_dagrun for example_time_delta_sensor_async to None
[2022-04-18 21:03:16,009] {processor.py:171} INFO - Processing /home/airflow/.local/lib/python3.7/site-packages/airflow/example_dags/example_time_delta_sensor_async.py took 0.158 seconds
[2022-04-18 21:03:46,443] {processor.py:163} INFO - Started process (PID=706) to work on /home/airflow/.local/lib/python3.7/site-packages/airflow/example_dags/example_time_delta_sensor_async.py
[2022-04-18 21:03:46,446] {processor.py:642} INFO - Processing file /home/airflow/.local/lib/python3.7/site-packages/airflow/example_dags/example_time_delta_sensor_async.py for tasks to queue
[2022-04-18 21:03:46,447] {logging_mixin.py:109} INFO - [2022-04-18 21:03:46,447] {dagbag.py:500} INFO - Filling up the DagBag from /home/airflow/.local/lib/python3.7/site-packages/airflow/example_dags/example_time_delta_sensor_async.py
[2022-04-18 21:03:46,462] {processor.py:652} INFO - DAG(s) dict_keys(['example_time_delta_sensor_async']) retrieved from /home/airflow/.local/lib/python3.7/site-packages/airflow/example_dags/example_time_delta_sensor_async.py
[2022-04-18 21:03:46,488] {logging_mixin.py:109} INFO - [2022-04-18 21:03:46,488] {dag.py:2398} INFO - Sync 1 DAGs
[2022-04-18 21:03:46,507] {logging_mixin.py:109} INFO - [2022-04-18 21:03:46,507] {dag.py:2937} INFO - Setting next_dagrun for example_time_delta_sensor_async to None
[2022-04-18 21:03:46,519] {processor.py:171} INFO - Processing /home/airflow/.local/lib/python3.7/site-packages/airflow/example_dags/example_time_delta_sensor_async.py took 0.079 seconds
[2022-04-18 21:04:16,808] {processor.py:163} INFO - Started process (PID=764) to work on /home/airflow/.local/lib/python3.7/site-packages/airflow/example_dags/example_time_delta_sensor_async.py
[2022-04-18 21:04:16,811] {processor.py:642} INFO - Processing file /home/airflow/.local/lib/python3.7/site-packages/airflow/example_dags/example_time_delta_sensor_async.py for tasks to queue
[2022-04-18 21:04:16,812] {logging_mixin.py:109} INFO - [2022-04-18 21:04:16,812] {dagbag.py:500} INFO - Filling up the DagBag from /home/airflow/.local/lib/python3.7/site-packages/airflow/example_dags/example_time_delta_sensor_async.py
[2022-04-18 21:04:16,831] {processor.py:652} INFO - DAG(s) dict_keys(['example_time_delta_sensor_async']) retrieved from /home/airflow/.local/lib/python3.7/site-packages/airflow/example_dags/example_time_delta_sensor_async.py
[2022-04-18 21:04:16,855] {logging_mixin.py:109} INFO - [2022-04-18 21:04:16,855] {dag.py:2398} INFO - Sync 1 DAGs
[2022-04-18 21:04:16,873] {logging_mixin.py:109} INFO - [2022-04-18 21:04:16,873] {dag.py:2937} INFO - Setting next_dagrun for example_time_delta_sensor_async to None
[2022-04-18 21:04:16,884] {processor.py:171} INFO - Processing /home/airflow/.local/lib/python3.7/site-packages/airflow/example_dags/example_time_delta_sensor_async.py took 0.081 seconds
[2022-04-18 21:04:47,123] {processor.py:163} INFO - Started process (PID=817) to work on /home/airflow/.local/lib/python3.7/site-packages/airflow/example_dags/example_time_delta_sensor_async.py
[2022-04-18 21:04:47,125] {processor.py:642} INFO - Processing file /home/airflow/.local/lib/python3.7/site-packages/airflow/example_dags/example_time_delta_sensor_async.py for tasks to queue
[2022-04-18 21:04:47,127] {logging_mixin.py:109} INFO - [2022-04-18 21:04:47,127] {dagbag.py:500} INFO - Filling up the DagBag from /home/airflow/.local/lib/python3.7/site-packages/airflow/example_dags/example_time_delta_sensor_async.py
[2022-04-18 21:04:47,145] {processor.py:652} INFO - DAG(s) dict_keys(['example_time_delta_sensor_async']) retrieved from /home/airflow/.local/lib/python3.7/site-packages/airflow/example_dags/example_time_delta_sensor_async.py
[2022-04-18 21:04:47,169] {logging_mixin.py:109} INFO - [2022-04-18 21:04:47,169] {dag.py:2398} INFO - Sync 1 DAGs
[2022-04-18 21:04:47,188] {logging_mixin.py:109} INFO - [2022-04-18 21:04:47,188] {dag.py:2937} INFO - Setting next_dagrun for example_time_delta_sensor_async to None
[2022-04-18 21:04:47,198] {processor.py:171} INFO - Processing /home/airflow/.local/lib/python3.7/site-packages/airflow/example_dags/example_time_delta_sensor_async.py took 0.080 seconds
[2022-04-18 21:05:17,709] {processor.py:163} INFO - Started process (PID=868) to work on /home/airflow/.local/lib/python3.7/site-packages/airflow/example_dags/example_time_delta_sensor_async.py
[2022-04-18 21:05:17,712] {processor.py:642} INFO - Processing file /home/airflow/.local/lib/python3.7/site-packages/airflow/example_dags/example_time_delta_sensor_async.py for tasks to queue
[2022-04-18 21:05:17,714] {logging_mixin.py:109} INFO - [2022-04-18 21:05:17,714] {dagbag.py:500} INFO - Filling up the DagBag from /home/airflow/.local/lib/python3.7/site-packages/airflow/example_dags/example_time_delta_sensor_async.py
[2022-04-18 21:05:17,757] {processor.py:652} INFO - DAG(s) dict_keys(['example_time_delta_sensor_async']) retrieved from /home/airflow/.local/lib/python3.7/site-packages/airflow/example_dags/example_time_delta_sensor_async.py
[2022-04-18 21:05:17,802] {logging_mixin.py:109} INFO - [2022-04-18 21:05:17,802] {dag.py:2398} INFO - Sync 1 DAGs
[2022-04-18 21:05:17,840] {logging_mixin.py:109} INFO - [2022-04-18 21:05:17,840] {dag.py:2937} INFO - Setting next_dagrun for example_time_delta_sensor_async to None
[2022-04-18 21:05:17,856] {processor.py:171} INFO - Processing /home/airflow/.local/lib/python3.7/site-packages/airflow/example_dags/example_time_delta_sensor_async.py took 0.159 seconds
[2022-04-18 21:05:47,926] {processor.py:163} INFO - Started process (PID=928) to work on /home/airflow/.local/lib/python3.7/site-packages/airflow/example_dags/example_time_delta_sensor_async.py
[2022-04-18 21:05:47,929] {processor.py:642} INFO - Processing file /home/airflow/.local/lib/python3.7/site-packages/airflow/example_dags/example_time_delta_sensor_async.py for tasks to queue
[2022-04-18 21:05:47,930] {logging_mixin.py:109} INFO - [2022-04-18 21:05:47,930] {dagbag.py:500} INFO - Filling up the DagBag from /home/airflow/.local/lib/python3.7/site-packages/airflow/example_dags/example_time_delta_sensor_async.py
[2022-04-18 21:05:47,947] {processor.py:652} INFO - DAG(s) dict_keys(['example_time_delta_sensor_async']) retrieved from /home/airflow/.local/lib/python3.7/site-packages/airflow/example_dags/example_time_delta_sensor_async.py
[2022-04-18 21:05:47,971] {logging_mixin.py:109} INFO - [2022-04-18 21:05:47,971] {dag.py:2398} INFO - Sync 1 DAGs
[2022-04-18 21:05:47,992] {logging_mixin.py:109} INFO - [2022-04-18 21:05:47,991] {dag.py:2937} INFO - Setting next_dagrun for example_time_delta_sensor_async to None
[2022-04-18 21:05:48,002] {processor.py:171} INFO - Processing /home/airflow/.local/lib/python3.7/site-packages/airflow/example_dags/example_time_delta_sensor_async.py took 0.081 seconds
[2022-04-18 21:06:18,735] {processor.py:163} INFO - Started process (PID=980) to work on /home/airflow/.local/lib/python3.7/site-packages/airflow/example_dags/example_time_delta_sensor_async.py
[2022-04-18 21:06:18,737] {processor.py:642} INFO - Processing file /home/airflow/.local/lib/python3.7/site-packages/airflow/example_dags/example_time_delta_sensor_async.py for tasks to queue
[2022-04-18 21:06:18,739] {logging_mixin.py:109} INFO - [2022-04-18 21:06:18,739] {dagbag.py:500} INFO - Filling up the DagBag from /home/airflow/.local/lib/python3.7/site-packages/airflow/example_dags/example_time_delta_sensor_async.py
[2022-04-18 21:06:18,757] {processor.py:652} INFO - DAG(s) dict_keys(['example_time_delta_sensor_async']) retrieved from /home/airflow/.local/lib/python3.7/site-packages/airflow/example_dags/example_time_delta_sensor_async.py
[2022-04-18 21:06:18,787] {logging_mixin.py:109} INFO - [2022-04-18 21:06:18,786] {dag.py:2398} INFO - Sync 1 DAGs
[2022-04-18 21:06:18,808] {logging_mixin.py:109} INFO - [2022-04-18 21:06:18,808] {dag.py:2937} INFO - Setting next_dagrun for example_time_delta_sensor_async to None
[2022-04-18 21:06:18,827] {processor.py:171} INFO - Processing /home/airflow/.local/lib/python3.7/site-packages/airflow/example_dags/example_time_delta_sensor_async.py took 0.096 seconds
[2022-04-18 21:06:49,397] {processor.py:163} INFO - Started process (PID=1041) to work on /home/airflow/.local/lib/python3.7/site-packages/airflow/example_dags/example_time_delta_sensor_async.py
[2022-04-18 21:06:49,400] {processor.py:642} INFO - Processing file /home/airflow/.local/lib/python3.7/site-packages/airflow/example_dags/example_time_delta_sensor_async.py for tasks to queue
[2022-04-18 21:06:49,402] {logging_mixin.py:109} INFO - [2022-04-18 21:06:49,402] {dagbag.py:500} INFO - Filling up the DagBag from /home/airflow/.local/lib/python3.7/site-packages/airflow/example_dags/example_time_delta_sensor_async.py
[2022-04-18 21:06:49,420] {processor.py:652} INFO - DAG(s) dict_keys(['example_time_delta_sensor_async']) retrieved from /home/airflow/.local/lib/python3.7/site-packages/airflow/example_dags/example_time_delta_sensor_async.py
[2022-04-18 21:06:49,445] {logging_mixin.py:109} INFO - [2022-04-18 21:06:49,445] {dag.py:2398} INFO - Sync 1 DAGs
[2022-04-18 21:06:49,465] {logging_mixin.py:109} INFO - [2022-04-18 21:06:49,465] {dag.py:2937} INFO - Setting next_dagrun for example_time_delta_sensor_async to None
[2022-04-18 21:06:49,476] {processor.py:171} INFO - Processing /home/airflow/.local/lib/python3.7/site-packages/airflow/example_dags/example_time_delta_sensor_async.py took 0.086 seconds
[2022-04-18 21:07:19,912] {processor.py:163} INFO - Started process (PID=1093) to work on /home/airflow/.local/lib/python3.7/site-packages/airflow/example_dags/example_time_delta_sensor_async.py
[2022-04-18 21:07:19,914] {processor.py:642} INFO - Processing file /home/airflow/.local/lib/python3.7/site-packages/airflow/example_dags/example_time_delta_sensor_async.py for tasks to queue
[2022-04-18 21:07:19,916] {logging_mixin.py:109} INFO - [2022-04-18 21:07:19,916] {dagbag.py:500} INFO - Filling up the DagBag from /home/airflow/.local/lib/python3.7/site-packages/airflow/example_dags/example_time_delta_sensor_async.py
[2022-04-18 21:07:19,934] {processor.py:652} INFO - DAG(s) dict_keys(['example_time_delta_sensor_async']) retrieved from /home/airflow/.local/lib/python3.7/site-packages/airflow/example_dags/example_time_delta_sensor_async.py
[2022-04-18 21:07:19,962] {logging_mixin.py:109} INFO - [2022-04-18 21:07:19,962] {dag.py:2398} INFO - Sync 1 DAGs
[2022-04-18 21:07:19,983] {logging_mixin.py:109} INFO - [2022-04-18 21:07:19,983] {dag.py:2937} INFO - Setting next_dagrun for example_time_delta_sensor_async to None
[2022-04-18 21:07:19,996] {processor.py:171} INFO - Processing /home/airflow/.local/lib/python3.7/site-packages/airflow/example_dags/example_time_delta_sensor_async.py took 0.089 seconds
[2022-04-18 21:07:50,081] {processor.py:163} INFO - Started process (PID=1155) to work on /home/airflow/.local/lib/python3.7/site-packages/airflow/example_dags/example_time_delta_sensor_async.py
[2022-04-18 21:07:50,083] {processor.py:642} INFO - Processing file /home/airflow/.local/lib/python3.7/site-packages/airflow/example_dags/example_time_delta_sensor_async.py for tasks to queue
[2022-04-18 21:07:50,086] {logging_mixin.py:109} INFO - [2022-04-18 21:07:50,085] {dagbag.py:500} INFO - Filling up the DagBag from /home/airflow/.local/lib/python3.7/site-packages/airflow/example_dags/example_time_delta_sensor_async.py
[2022-04-18 21:07:50,109] {processor.py:652} INFO - DAG(s) dict_keys(['example_time_delta_sensor_async']) retrieved from /home/airflow/.local/lib/python3.7/site-packages/airflow/example_dags/example_time_delta_sensor_async.py
[2022-04-18 21:07:50,135] {logging_mixin.py:109} INFO - [2022-04-18 21:07:50,135] {dag.py:2398} INFO - Sync 1 DAGs
[2022-04-18 21:07:50,159] {logging_mixin.py:109} INFO - [2022-04-18 21:07:50,159] {dag.py:2937} INFO - Setting next_dagrun for example_time_delta_sensor_async to None
[2022-04-18 21:07:50,173] {processor.py:171} INFO - Processing /home/airflow/.local/lib/python3.7/site-packages/airflow/example_dags/example_time_delta_sensor_async.py took 0.098 seconds
[2022-04-18 21:08:20,708] {processor.py:163} INFO - Started process (PID=1207) to work on /home/airflow/.local/lib/python3.7/site-packages/airflow/example_dags/example_time_delta_sensor_async.py
[2022-04-18 21:08:20,710] {processor.py:642} INFO - Processing file /home/airflow/.local/lib/python3.7/site-packages/airflow/example_dags/example_time_delta_sensor_async.py for tasks to queue
[2022-04-18 21:08:20,711] {logging_mixin.py:109} INFO - [2022-04-18 21:08:20,711] {dagbag.py:500} INFO - Filling up the DagBag from /home/airflow/.local/lib/python3.7/site-packages/airflow/example_dags/example_time_delta_sensor_async.py
[2022-04-18 21:08:20,729] {processor.py:652} INFO - DAG(s) dict_keys(['example_time_delta_sensor_async']) retrieved from /home/airflow/.local/lib/python3.7/site-packages/airflow/example_dags/example_time_delta_sensor_async.py
[2022-04-18 21:08:20,756] {logging_mixin.py:109} INFO - [2022-04-18 21:08:20,756] {dag.py:2398} INFO - Sync 1 DAGs
[2022-04-18 21:08:20,781] {logging_mixin.py:109} INFO - [2022-04-18 21:08:20,781] {dag.py:2937} INFO - Setting next_dagrun for example_time_delta_sensor_async to None
[2022-04-18 21:08:20,796] {processor.py:171} INFO - Processing /home/airflow/.local/lib/python3.7/site-packages/airflow/example_dags/example_time_delta_sensor_async.py took 0.092 seconds
[2022-04-18 21:08:50,910] {processor.py:163} INFO - Started process (PID=1266) to work on /home/airflow/.local/lib/python3.7/site-packages/airflow/example_dags/example_time_delta_sensor_async.py
[2022-04-18 21:08:50,912] {processor.py:642} INFO - Processing file /home/airflow/.local/lib/python3.7/site-packages/airflow/example_dags/example_time_delta_sensor_async.py for tasks to queue
[2022-04-18 21:08:50,916] {logging_mixin.py:109} INFO - [2022-04-18 21:08:50,916] {dagbag.py:500} INFO - Filling up the DagBag from /home/airflow/.local/lib/python3.7/site-packages/airflow/example_dags/example_time_delta_sensor_async.py
[2022-04-18 21:08:50,933] {processor.py:652} INFO - DAG(s) dict_keys(['example_time_delta_sensor_async']) retrieved from /home/airflow/.local/lib/python3.7/site-packages/airflow/example_dags/example_time_delta_sensor_async.py
[2022-04-18 21:08:50,956] {logging_mixin.py:109} INFO - [2022-04-18 21:08:50,956] {dag.py:2398} INFO - Sync 1 DAGs
[2022-04-18 21:08:50,974] {logging_mixin.py:109} INFO - [2022-04-18 21:08:50,973] {dag.py:2937} INFO - Setting next_dagrun for example_time_delta_sensor_async to None
[2022-04-18 21:08:50,984] {processor.py:171} INFO - Processing /home/airflow/.local/lib/python3.7/site-packages/airflow/example_dags/example_time_delta_sensor_async.py took 0.078 seconds
[2022-04-18 21:09:21,342] {processor.py:163} INFO - Started process (PID=1316) to work on /home/airflow/.local/lib/python3.7/site-packages/airflow/example_dags/example_time_delta_sensor_async.py
[2022-04-18 21:09:21,345] {processor.py:642} INFO - Processing file /home/airflow/.local/lib/python3.7/site-packages/airflow/example_dags/example_time_delta_sensor_async.py for tasks to queue
[2022-04-18 21:09:21,346] {logging_mixin.py:109} INFO - [2022-04-18 21:09:21,346] {dagbag.py:500} INFO - Filling up the DagBag from /home/airflow/.local/lib/python3.7/site-packages/airflow/example_dags/example_time_delta_sensor_async.py
[2022-04-18 21:09:21,365] {processor.py:652} INFO - DAG(s) dict_keys(['example_time_delta_sensor_async']) retrieved from /home/airflow/.local/lib/python3.7/site-packages/airflow/example_dags/example_time_delta_sensor_async.py
[2022-04-18 21:09:21,402] {logging_mixin.py:109} INFO - [2022-04-18 21:09:21,402] {dag.py:2398} INFO - Sync 1 DAGs
[2022-04-18 21:09:21,428] {logging_mixin.py:109} INFO - [2022-04-18 21:09:21,428] {dag.py:2937} INFO - Setting next_dagrun for example_time_delta_sensor_async to None
[2022-04-18 21:09:21,442] {processor.py:171} INFO - Processing /home/airflow/.local/lib/python3.7/site-packages/airflow/example_dags/example_time_delta_sensor_async.py took 0.104 seconds
