[2022-04-18 20:59:08,164] {processor.py:163} INFO - Started process (PID=40) to work on /home/airflow/.local/lib/python3.7/site-packages/airflow/example_dags/example_trigger_controller_dag.py
[2022-04-18 20:59:08,169] {processor.py:642} INFO - Processing file /home/airflow/.local/lib/python3.7/site-packages/airflow/example_dags/example_trigger_controller_dag.py for tasks to queue
[2022-04-18 20:59:08,171] {logging_mixin.py:109} INFO - [2022-04-18 20:59:08,171] {dagbag.py:500} INFO - Filling up the DagBag from /home/airflow/.local/lib/python3.7/site-packages/airflow/example_dags/example_trigger_controller_dag.py
[2022-04-18 20:59:08,264] {processor.py:652} INFO - DAG(s) dict_keys(['example_trigger_controller_dag']) retrieved from /home/airflow/.local/lib/python3.7/site-packages/airflow/example_dags/example_trigger_controller_dag.py
[2022-04-18 20:59:14,840] {logging_mixin.py:109} INFO - [2022-04-18 20:59:14,839] {manager.py:496} INFO - Created Permission View: can read on DAG:example_trigger_controller_dag
[2022-04-18 20:59:14,849] {logging_mixin.py:109} INFO - [2022-04-18 20:59:14,848] {manager.py:496} INFO - Created Permission View: can edit on DAG:example_trigger_controller_dag
[2022-04-18 20:59:14,850] {logging_mixin.py:109} INFO - [2022-04-18 20:59:14,849] {dag.py:2398} INFO - Sync 1 DAGs
[2022-04-18 20:59:14,859] {logging_mixin.py:109} INFO - [2022-04-18 20:59:14,859] {dag.py:2417} INFO - Creating ORM DAG for example_trigger_controller_dag
[2022-04-18 20:59:14,868] {logging_mixin.py:109} INFO - [2022-04-18 20:59:14,868] {dag.py:2937} INFO - Setting next_dagrun for example_trigger_controller_dag to 2021-01-01T00:00:00+00:00
[2022-04-18 20:59:14,882] {processor.py:171} INFO - Processing /home/airflow/.local/lib/python3.7/site-packages/airflow/example_dags/example_trigger_controller_dag.py took 6.722 seconds
[2022-04-18 20:59:49,824] {processor.py:163} INFO - Started process (PID=279) to work on /home/airflow/.local/lib/python3.7/site-packages/airflow/example_dags/example_trigger_controller_dag.py
[2022-04-18 20:59:49,826] {processor.py:642} INFO - Processing file /home/airflow/.local/lib/python3.7/site-packages/airflow/example_dags/example_trigger_controller_dag.py for tasks to queue
[2022-04-18 20:59:49,827] {logging_mixin.py:109} INFO - [2022-04-18 20:59:49,827] {dagbag.py:500} INFO - Filling up the DagBag from /home/airflow/.local/lib/python3.7/site-packages/airflow/example_dags/example_trigger_controller_dag.py
[2022-04-18 20:59:49,850] {processor.py:652} INFO - DAG(s) dict_keys(['example_trigger_controller_dag']) retrieved from /home/airflow/.local/lib/python3.7/site-packages/airflow/example_dags/example_trigger_controller_dag.py
[2022-04-18 20:59:49,875] {logging_mixin.py:109} INFO - [2022-04-18 20:59:49,874] {dag.py:2398} INFO - Sync 1 DAGs
[2022-04-18 20:59:49,902] {logging_mixin.py:109} INFO - [2022-04-18 20:59:49,902] {dag.py:2937} INFO - Setting next_dagrun for example_trigger_controller_dag to 2021-01-01T00:00:00+00:00
[2022-04-18 20:59:49,916] {processor.py:171} INFO - Processing /home/airflow/.local/lib/python3.7/site-packages/airflow/example_dags/example_trigger_controller_dag.py took 0.097 seconds
[2022-04-18 21:00:20,003] {processor.py:163} INFO - Started process (PID=326) to work on /home/airflow/.local/lib/python3.7/site-packages/airflow/example_dags/example_trigger_controller_dag.py
[2022-04-18 21:00:20,005] {processor.py:642} INFO - Processing file /home/airflow/.local/lib/python3.7/site-packages/airflow/example_dags/example_trigger_controller_dag.py for tasks to queue
[2022-04-18 21:00:20,007] {logging_mixin.py:109} INFO - [2022-04-18 21:00:20,006] {dagbag.py:500} INFO - Filling up the DagBag from /home/airflow/.local/lib/python3.7/site-packages/airflow/example_dags/example_trigger_controller_dag.py
[2022-04-18 21:00:20,028] {processor.py:652} INFO - DAG(s) dict_keys(['example_trigger_controller_dag']) retrieved from /home/airflow/.local/lib/python3.7/site-packages/airflow/example_dags/example_trigger_controller_dag.py
[2022-04-18 21:00:20,053] {logging_mixin.py:109} INFO - [2022-04-18 21:00:20,053] {dag.py:2398} INFO - Sync 1 DAGs
[2022-04-18 21:00:20,072] {logging_mixin.py:109} INFO - [2022-04-18 21:00:20,072] {dag.py:2937} INFO - Setting next_dagrun for example_trigger_controller_dag to 2021-01-01T00:00:00+00:00
[2022-04-18 21:00:20,084] {processor.py:171} INFO - Processing /home/airflow/.local/lib/python3.7/site-packages/airflow/example_dags/example_trigger_controller_dag.py took 0.086 seconds
[2022-04-18 21:00:50,193] {processor.py:163} INFO - Started process (PID=388) to work on /home/airflow/.local/lib/python3.7/site-packages/airflow/example_dags/example_trigger_controller_dag.py
[2022-04-18 21:00:50,195] {processor.py:642} INFO - Processing file /home/airflow/.local/lib/python3.7/site-packages/airflow/example_dags/example_trigger_controller_dag.py for tasks to queue
[2022-04-18 21:00:50,197] {logging_mixin.py:109} INFO - [2022-04-18 21:00:50,197] {dagbag.py:500} INFO - Filling up the DagBag from /home/airflow/.local/lib/python3.7/site-packages/airflow/example_dags/example_trigger_controller_dag.py
[2022-04-18 21:00:50,211] {processor.py:652} INFO - DAG(s) dict_keys(['example_trigger_controller_dag']) retrieved from /home/airflow/.local/lib/python3.7/site-packages/airflow/example_dags/example_trigger_controller_dag.py
[2022-04-18 21:00:50,234] {logging_mixin.py:109} INFO - [2022-04-18 21:00:50,234] {dag.py:2398} INFO - Sync 1 DAGs
[2022-04-18 21:00:50,257] {logging_mixin.py:109} INFO - [2022-04-18 21:00:50,257] {dag.py:2937} INFO - Setting next_dagrun for example_trigger_controller_dag to 2021-01-01T00:00:00+00:00
[2022-04-18 21:00:50,270] {processor.py:171} INFO - Processing /home/airflow/.local/lib/python3.7/site-packages/airflow/example_dags/example_trigger_controller_dag.py took 0.081 seconds
[2022-04-18 21:01:20,535] {processor.py:163} INFO - Started process (PID=439) to work on /home/airflow/.local/lib/python3.7/site-packages/airflow/example_dags/example_trigger_controller_dag.py
[2022-04-18 21:01:20,538] {processor.py:642} INFO - Processing file /home/airflow/.local/lib/python3.7/site-packages/airflow/example_dags/example_trigger_controller_dag.py for tasks to queue
[2022-04-18 21:01:20,540] {logging_mixin.py:109} INFO - [2022-04-18 21:01:20,540] {dagbag.py:500} INFO - Filling up the DagBag from /home/airflow/.local/lib/python3.7/site-packages/airflow/example_dags/example_trigger_controller_dag.py
[2022-04-18 21:01:20,560] {processor.py:652} INFO - DAG(s) dict_keys(['example_trigger_controller_dag']) retrieved from /home/airflow/.local/lib/python3.7/site-packages/airflow/example_dags/example_trigger_controller_dag.py
[2022-04-18 21:01:20,597] {logging_mixin.py:109} INFO - [2022-04-18 21:01:20,597] {dag.py:2398} INFO - Sync 1 DAGs
[2022-04-18 21:01:20,618] {logging_mixin.py:109} INFO - [2022-04-18 21:01:20,617] {dag.py:2937} INFO - Setting next_dagrun for example_trigger_controller_dag to 2021-01-01T00:00:00+00:00
[2022-04-18 21:01:20,632] {processor.py:171} INFO - Processing /home/airflow/.local/lib/python3.7/site-packages/airflow/example_dags/example_trigger_controller_dag.py took 0.105 seconds
[2022-04-18 21:01:51,009] {processor.py:163} INFO - Started process (PID=500) to work on /home/airflow/.local/lib/python3.7/site-packages/airflow/example_dags/example_trigger_controller_dag.py
[2022-04-18 21:01:51,011] {processor.py:642} INFO - Processing file /home/airflow/.local/lib/python3.7/site-packages/airflow/example_dags/example_trigger_controller_dag.py for tasks to queue
[2022-04-18 21:01:51,013] {logging_mixin.py:109} INFO - [2022-04-18 21:01:51,013] {dagbag.py:500} INFO - Filling up the DagBag from /home/airflow/.local/lib/python3.7/site-packages/airflow/example_dags/example_trigger_controller_dag.py
[2022-04-18 21:01:51,030] {processor.py:652} INFO - DAG(s) dict_keys(['example_trigger_controller_dag']) retrieved from /home/airflow/.local/lib/python3.7/site-packages/airflow/example_dags/example_trigger_controller_dag.py
[2022-04-18 21:01:51,057] {logging_mixin.py:109} INFO - [2022-04-18 21:01:51,057] {dag.py:2398} INFO - Sync 1 DAGs
[2022-04-18 21:01:51,076] {logging_mixin.py:109} INFO - [2022-04-18 21:01:51,076] {dag.py:2937} INFO - Setting next_dagrun for example_trigger_controller_dag to 2021-01-01T00:00:00+00:00
[2022-04-18 21:01:51,088] {processor.py:171} INFO - Processing /home/airflow/.local/lib/python3.7/site-packages/airflow/example_dags/example_trigger_controller_dag.py took 0.084 seconds
[2022-04-18 21:02:21,469] {processor.py:163} INFO - Started process (PID=553) to work on /home/airflow/.local/lib/python3.7/site-packages/airflow/example_dags/example_trigger_controller_dag.py
[2022-04-18 21:02:21,471] {processor.py:642} INFO - Processing file /home/airflow/.local/lib/python3.7/site-packages/airflow/example_dags/example_trigger_controller_dag.py for tasks to queue
[2022-04-18 21:02:21,473] {logging_mixin.py:109} INFO - [2022-04-18 21:02:21,473] {dagbag.py:500} INFO - Filling up the DagBag from /home/airflow/.local/lib/python3.7/site-packages/airflow/example_dags/example_trigger_controller_dag.py
[2022-04-18 21:02:21,488] {processor.py:652} INFO - DAG(s) dict_keys(['example_trigger_controller_dag']) retrieved from /home/airflow/.local/lib/python3.7/site-packages/airflow/example_dags/example_trigger_controller_dag.py
[2022-04-18 21:02:21,510] {logging_mixin.py:109} INFO - [2022-04-18 21:02:21,510] {dag.py:2398} INFO - Sync 1 DAGs
[2022-04-18 21:02:21,527] {logging_mixin.py:109} INFO - [2022-04-18 21:02:21,527] {dag.py:2937} INFO - Setting next_dagrun for example_trigger_controller_dag to 2021-01-01T00:00:00+00:00
[2022-04-18 21:02:21,537] {processor.py:171} INFO - Processing /home/airflow/.local/lib/python3.7/site-packages/airflow/example_dags/example_trigger_controller_dag.py took 0.071 seconds
[2022-04-18 21:02:51,807] {processor.py:163} INFO - Started process (PID=612) to work on /home/airflow/.local/lib/python3.7/site-packages/airflow/example_dags/example_trigger_controller_dag.py
[2022-04-18 21:02:51,810] {processor.py:642} INFO - Processing file /home/airflow/.local/lib/python3.7/site-packages/airflow/example_dags/example_trigger_controller_dag.py for tasks to queue
[2022-04-18 21:02:51,811] {logging_mixin.py:109} INFO - [2022-04-18 21:02:51,811] {dagbag.py:500} INFO - Filling up the DagBag from /home/airflow/.local/lib/python3.7/site-packages/airflow/example_dags/example_trigger_controller_dag.py
[2022-04-18 21:02:51,825] {processor.py:652} INFO - DAG(s) dict_keys(['example_trigger_controller_dag']) retrieved from /home/airflow/.local/lib/python3.7/site-packages/airflow/example_dags/example_trigger_controller_dag.py
[2022-04-18 21:02:51,847] {logging_mixin.py:109} INFO - [2022-04-18 21:02:51,847] {dag.py:2398} INFO - Sync 1 DAGs
[2022-04-18 21:02:51,864] {logging_mixin.py:109} INFO - [2022-04-18 21:02:51,864] {dag.py:2937} INFO - Setting next_dagrun for example_trigger_controller_dag to 2021-01-01T00:00:00+00:00
[2022-04-18 21:02:51,875] {processor.py:171} INFO - Processing /home/airflow/.local/lib/python3.7/site-packages/airflow/example_dags/example_trigger_controller_dag.py took 0.073 seconds
[2022-04-18 21:03:22,221] {processor.py:163} INFO - Started process (PID=662) to work on /home/airflow/.local/lib/python3.7/site-packages/airflow/example_dags/example_trigger_controller_dag.py
[2022-04-18 21:03:22,224] {processor.py:642} INFO - Processing file /home/airflow/.local/lib/python3.7/site-packages/airflow/example_dags/example_trigger_controller_dag.py for tasks to queue
[2022-04-18 21:03:22,225] {logging_mixin.py:109} INFO - [2022-04-18 21:03:22,225] {dagbag.py:500} INFO - Filling up the DagBag from /home/airflow/.local/lib/python3.7/site-packages/airflow/example_dags/example_trigger_controller_dag.py
[2022-04-18 21:03:22,246] {processor.py:652} INFO - DAG(s) dict_keys(['example_trigger_controller_dag']) retrieved from /home/airflow/.local/lib/python3.7/site-packages/airflow/example_dags/example_trigger_controller_dag.py
[2022-04-18 21:03:22,270] {logging_mixin.py:109} INFO - [2022-04-18 21:03:22,270] {dag.py:2398} INFO - Sync 1 DAGs
[2022-04-18 21:03:22,300] {logging_mixin.py:109} INFO - [2022-04-18 21:03:22,300] {dag.py:2937} INFO - Setting next_dagrun for example_trigger_controller_dag to 2021-01-01T00:00:00+00:00
[2022-04-18 21:03:22,312] {processor.py:171} INFO - Processing /home/airflow/.local/lib/python3.7/site-packages/airflow/example_dags/example_trigger_controller_dag.py took 0.105 seconds
[2022-04-18 21:03:52,719] {processor.py:163} INFO - Started process (PID=719) to work on /home/airflow/.local/lib/python3.7/site-packages/airflow/example_dags/example_trigger_controller_dag.py
[2022-04-18 21:03:52,721] {processor.py:642} INFO - Processing file /home/airflow/.local/lib/python3.7/site-packages/airflow/example_dags/example_trigger_controller_dag.py for tasks to queue
[2022-04-18 21:03:52,723] {logging_mixin.py:109} INFO - [2022-04-18 21:03:52,723] {dagbag.py:500} INFO - Filling up the DagBag from /home/airflow/.local/lib/python3.7/site-packages/airflow/example_dags/example_trigger_controller_dag.py
[2022-04-18 21:03:52,741] {processor.py:652} INFO - DAG(s) dict_keys(['example_trigger_controller_dag']) retrieved from /home/airflow/.local/lib/python3.7/site-packages/airflow/example_dags/example_trigger_controller_dag.py
[2022-04-18 21:03:52,763] {logging_mixin.py:109} INFO - [2022-04-18 21:03:52,763] {dag.py:2398} INFO - Sync 1 DAGs
[2022-04-18 21:03:52,783] {logging_mixin.py:109} INFO - [2022-04-18 21:03:52,783] {dag.py:2937} INFO - Setting next_dagrun for example_trigger_controller_dag to 2021-01-01T00:00:00+00:00
[2022-04-18 21:03:52,796] {processor.py:171} INFO - Processing /home/airflow/.local/lib/python3.7/site-packages/airflow/example_dags/example_trigger_controller_dag.py took 0.080 seconds
[2022-04-18 21:04:23,148] {processor.py:163} INFO - Started process (PID=772) to work on /home/airflow/.local/lib/python3.7/site-packages/airflow/example_dags/example_trigger_controller_dag.py
[2022-04-18 21:04:23,151] {processor.py:642} INFO - Processing file /home/airflow/.local/lib/python3.7/site-packages/airflow/example_dags/example_trigger_controller_dag.py for tasks to queue
[2022-04-18 21:04:23,152] {logging_mixin.py:109} INFO - [2022-04-18 21:04:23,152] {dagbag.py:500} INFO - Filling up the DagBag from /home/airflow/.local/lib/python3.7/site-packages/airflow/example_dags/example_trigger_controller_dag.py
[2022-04-18 21:04:23,168] {processor.py:652} INFO - DAG(s) dict_keys(['example_trigger_controller_dag']) retrieved from /home/airflow/.local/lib/python3.7/site-packages/airflow/example_dags/example_trigger_controller_dag.py
[2022-04-18 21:04:23,191] {logging_mixin.py:109} INFO - [2022-04-18 21:04:23,191] {dag.py:2398} INFO - Sync 1 DAGs
[2022-04-18 21:04:23,208] {logging_mixin.py:109} INFO - [2022-04-18 21:04:23,208] {dag.py:2937} INFO - Setting next_dagrun for example_trigger_controller_dag to 2021-01-01T00:00:00+00:00
[2022-04-18 21:04:23,218] {processor.py:171} INFO - Processing /home/airflow/.local/lib/python3.7/site-packages/airflow/example_dags/example_trigger_controller_dag.py took 0.074 seconds
[2022-04-18 21:04:53,471] {processor.py:163} INFO - Started process (PID=823) to work on /home/airflow/.local/lib/python3.7/site-packages/airflow/example_dags/example_trigger_controller_dag.py
[2022-04-18 21:04:53,474] {processor.py:642} INFO - Processing file /home/airflow/.local/lib/python3.7/site-packages/airflow/example_dags/example_trigger_controller_dag.py for tasks to queue
[2022-04-18 21:04:53,476] {logging_mixin.py:109} INFO - [2022-04-18 21:04:53,475] {dagbag.py:500} INFO - Filling up the DagBag from /home/airflow/.local/lib/python3.7/site-packages/airflow/example_dags/example_trigger_controller_dag.py
[2022-04-18 21:04:53,494] {processor.py:652} INFO - DAG(s) dict_keys(['example_trigger_controller_dag']) retrieved from /home/airflow/.local/lib/python3.7/site-packages/airflow/example_dags/example_trigger_controller_dag.py
[2022-04-18 21:04:53,523] {logging_mixin.py:109} INFO - [2022-04-18 21:04:53,523] {dag.py:2398} INFO - Sync 1 DAGs
[2022-04-18 21:04:53,547] {logging_mixin.py:109} INFO - [2022-04-18 21:04:53,547] {dag.py:2937} INFO - Setting next_dagrun for example_trigger_controller_dag to 2021-01-01T00:00:00+00:00
[2022-04-18 21:04:53,573] {processor.py:171} INFO - Processing /home/airflow/.local/lib/python3.7/site-packages/airflow/example_dags/example_trigger_controller_dag.py took 0.108 seconds
[2022-04-18 21:05:24,140] {processor.py:163} INFO - Started process (PID=883) to work on /home/airflow/.local/lib/python3.7/site-packages/airflow/example_dags/example_trigger_controller_dag.py
[2022-04-18 21:05:24,143] {processor.py:642} INFO - Processing file /home/airflow/.local/lib/python3.7/site-packages/airflow/example_dags/example_trigger_controller_dag.py for tasks to queue
[2022-04-18 21:05:24,144] {logging_mixin.py:109} INFO - [2022-04-18 21:05:24,144] {dagbag.py:500} INFO - Filling up the DagBag from /home/airflow/.local/lib/python3.7/site-packages/airflow/example_dags/example_trigger_controller_dag.py
[2022-04-18 21:05:24,139] {processor.py:652} INFO - DAG(s) dict_keys(['example_trigger_controller_dag']) retrieved from /home/airflow/.local/lib/python3.7/site-packages/airflow/example_dags/example_trigger_controller_dag.py
[2022-04-18 21:05:24,160] {logging_mixin.py:109} INFO - [2022-04-18 21:05:24,160] {dag.py:2398} INFO - Sync 1 DAGs
[2022-04-18 21:05:24,178] {logging_mixin.py:109} INFO - [2022-04-18 21:05:24,178] {dag.py:2937} INFO - Setting next_dagrun for example_trigger_controller_dag to 2021-01-01T00:00:00+00:00
[2022-04-18 21:05:24,188] {processor.py:171} INFO - Processing /home/airflow/.local/lib/python3.7/site-packages/airflow/example_dags/example_trigger_controller_dag.py took 0.076 seconds
[2022-04-18 21:05:54,217] {processor.py:163} INFO - Started process (PID=934) to work on /home/airflow/.local/lib/python3.7/site-packages/airflow/example_dags/example_trigger_controller_dag.py
[2022-04-18 21:05:54,220] {processor.py:642} INFO - Processing file /home/airflow/.local/lib/python3.7/site-packages/airflow/example_dags/example_trigger_controller_dag.py for tasks to queue
[2022-04-18 21:05:54,221] {logging_mixin.py:109} INFO - [2022-04-18 21:05:54,221] {dagbag.py:500} INFO - Filling up the DagBag from /home/airflow/.local/lib/python3.7/site-packages/airflow/example_dags/example_trigger_controller_dag.py
[2022-04-18 21:05:54,234] {processor.py:652} INFO - DAG(s) dict_keys(['example_trigger_controller_dag']) retrieved from /home/airflow/.local/lib/python3.7/site-packages/airflow/example_dags/example_trigger_controller_dag.py
[2022-04-18 21:05:54,255] {logging_mixin.py:109} INFO - [2022-04-18 21:05:54,255] {dag.py:2398} INFO - Sync 1 DAGs
[2022-04-18 21:05:54,273] {logging_mixin.py:109} INFO - [2022-04-18 21:05:54,273] {dag.py:2937} INFO - Setting next_dagrun for example_trigger_controller_dag to 2021-01-01T00:00:00+00:00
[2022-04-18 21:05:54,284] {processor.py:171} INFO - Processing /home/airflow/.local/lib/python3.7/site-packages/airflow/example_dags/example_trigger_controller_dag.py took 0.071 seconds
[2022-04-18 21:06:24,523] {processor.py:163} INFO - Started process (PID=996) to work on /home/airflow/.local/lib/python3.7/site-packages/airflow/example_dags/example_trigger_controller_dag.py
[2022-04-18 21:06:24,526] {processor.py:642} INFO - Processing file /home/airflow/.local/lib/python3.7/site-packages/airflow/example_dags/example_trigger_controller_dag.py for tasks to queue
[2022-04-18 21:06:24,529] {logging_mixin.py:109} INFO - [2022-04-18 21:06:24,529] {dagbag.py:500} INFO - Filling up the DagBag from /home/airflow/.local/lib/python3.7/site-packages/airflow/example_dags/example_trigger_controller_dag.py
[2022-04-18 21:06:24,544] {processor.py:652} INFO - DAG(s) dict_keys(['example_trigger_controller_dag']) retrieved from /home/airflow/.local/lib/python3.7/site-packages/airflow/example_dags/example_trigger_controller_dag.py
[2022-04-18 21:06:24,568] {logging_mixin.py:109} INFO - [2022-04-18 21:06:24,568] {dag.py:2398} INFO - Sync 1 DAGs
[2022-04-18 21:06:24,588] {logging_mixin.py:109} INFO - [2022-04-18 21:06:24,588] {dag.py:2937} INFO - Setting next_dagrun for example_trigger_controller_dag to 2021-01-01T00:00:00+00:00
[2022-04-18 21:06:24,600] {processor.py:171} INFO - Processing /home/airflow/.local/lib/python3.7/site-packages/airflow/example_dags/example_trigger_controller_dag.py took 0.082 seconds
[2022-04-18 21:06:54,906] {processor.py:163} INFO - Started process (PID=1047) to work on /home/airflow/.local/lib/python3.7/site-packages/airflow/example_dags/example_trigger_controller_dag.py
[2022-04-18 21:06:54,908] {processor.py:642} INFO - Processing file /home/airflow/.local/lib/python3.7/site-packages/airflow/example_dags/example_trigger_controller_dag.py for tasks to queue
[2022-04-18 21:06:54,910] {logging_mixin.py:109} INFO - [2022-04-18 21:06:54,910] {dagbag.py:500} INFO - Filling up the DagBag from /home/airflow/.local/lib/python3.7/site-packages/airflow/example_dags/example_trigger_controller_dag.py
[2022-04-18 21:06:54,923] {processor.py:652} INFO - DAG(s) dict_keys(['example_trigger_controller_dag']) retrieved from /home/airflow/.local/lib/python3.7/site-packages/airflow/example_dags/example_trigger_controller_dag.py
[2022-04-18 21:06:54,945] {logging_mixin.py:109} INFO - [2022-04-18 21:06:54,945] {dag.py:2398} INFO - Sync 1 DAGs
[2022-04-18 21:06:54,963] {logging_mixin.py:109} INFO - [2022-04-18 21:06:54,963] {dag.py:2937} INFO - Setting next_dagrun for example_trigger_controller_dag to 2021-01-01T00:00:00+00:00
[2022-04-18 21:06:54,973] {processor.py:171} INFO - Processing /home/airflow/.local/lib/python3.7/site-packages/airflow/example_dags/example_trigger_controller_dag.py took 0.072 seconds
[2022-04-18 21:07:25,263] {processor.py:163} INFO - Started process (PID=1110) to work on /home/airflow/.local/lib/python3.7/site-packages/airflow/example_dags/example_trigger_controller_dag.py
[2022-04-18 21:07:25,266] {processor.py:642} INFO - Processing file /home/airflow/.local/lib/python3.7/site-packages/airflow/example_dags/example_trigger_controller_dag.py for tasks to queue
[2022-04-18 21:07:25,267] {logging_mixin.py:109} INFO - [2022-04-18 21:07:25,267] {dagbag.py:500} INFO - Filling up the DagBag from /home/airflow/.local/lib/python3.7/site-packages/airflow/example_dags/example_trigger_controller_dag.py
[2022-04-18 21:07:25,284] {processor.py:652} INFO - DAG(s) dict_keys(['example_trigger_controller_dag']) retrieved from /home/airflow/.local/lib/python3.7/site-packages/airflow/example_dags/example_trigger_controller_dag.py
[2022-04-18 21:07:25,308] {logging_mixin.py:109} INFO - [2022-04-18 21:07:25,308] {dag.py:2398} INFO - Sync 1 DAGs
[2022-04-18 21:07:25,330] {logging_mixin.py:109} INFO - [2022-04-18 21:07:25,329] {dag.py:2937} INFO - Setting next_dagrun for example_trigger_controller_dag to 2021-01-01T00:00:00+00:00
[2022-04-18 21:07:25,342] {processor.py:171} INFO - Processing /home/airflow/.local/lib/python3.7/site-packages/airflow/example_dags/example_trigger_controller_dag.py took 0.083 seconds
[2022-04-18 21:07:55,486] {processor.py:163} INFO - Started process (PID=1161) to work on /home/airflow/.local/lib/python3.7/site-packages/airflow/example_dags/example_trigger_controller_dag.py
[2022-04-18 21:07:55,487] {processor.py:642} INFO - Processing file /home/airflow/.local/lib/python3.7/site-packages/airflow/example_dags/example_trigger_controller_dag.py for tasks to queue
[2022-04-18 21:07:55,488] {logging_mixin.py:109} INFO - [2022-04-18 21:07:55,488] {dagbag.py:500} INFO - Filling up the DagBag from /home/airflow/.local/lib/python3.7/site-packages/airflow/example_dags/example_trigger_controller_dag.py
[2022-04-18 21:07:55,507] {processor.py:652} INFO - DAG(s) dict_keys(['example_trigger_controller_dag']) retrieved from /home/airflow/.local/lib/python3.7/site-packages/airflow/example_dags/example_trigger_controller_dag.py
[2022-04-18 21:07:55,536] {logging_mixin.py:109} INFO - [2022-04-18 21:07:55,536] {dag.py:2398} INFO - Sync 1 DAGs
[2022-04-18 21:07:55,565] {logging_mixin.py:109} INFO - [2022-04-18 21:07:55,564] {dag.py:2937} INFO - Setting next_dagrun for example_trigger_controller_dag to 2021-01-01T00:00:00+00:00
[2022-04-18 21:07:55,590] {processor.py:171} INFO - Processing /home/airflow/.local/lib/python3.7/site-packages/airflow/example_dags/example_trigger_controller_dag.py took 0.110 seconds
[2022-04-18 21:08:26,154] {processor.py:163} INFO - Started process (PID=1222) to work on /home/airflow/.local/lib/python3.7/site-packages/airflow/example_dags/example_trigger_controller_dag.py
[2022-04-18 21:08:26,156] {processor.py:642} INFO - Processing file /home/airflow/.local/lib/python3.7/site-packages/airflow/example_dags/example_trigger_controller_dag.py for tasks to queue
[2022-04-18 21:08:26,157] {logging_mixin.py:109} INFO - [2022-04-18 21:08:26,157] {dagbag.py:500} INFO - Filling up the DagBag from /home/airflow/.local/lib/python3.7/site-packages/airflow/example_dags/example_trigger_controller_dag.py
[2022-04-18 21:08:26,172] {processor.py:652} INFO - DAG(s) dict_keys(['example_trigger_controller_dag']) retrieved from /home/airflow/.local/lib/python3.7/site-packages/airflow/example_dags/example_trigger_controller_dag.py
[2022-04-18 21:08:26,195] {logging_mixin.py:109} INFO - [2022-04-18 21:08:26,195] {dag.py:2398} INFO - Sync 1 DAGs
[2022-04-18 21:08:26,213] {logging_mixin.py:109} INFO - [2022-04-18 21:08:26,213] {dag.py:2937} INFO - Setting next_dagrun for example_trigger_controller_dag to 2021-01-01T00:00:00+00:00
[2022-04-18 21:08:26,224] {processor.py:171} INFO - Processing /home/airflow/.local/lib/python3.7/site-packages/airflow/example_dags/example_trigger_controller_dag.py took 0.075 seconds
[2022-04-18 21:08:56,304] {processor.py:163} INFO - Started process (PID=1272) to work on /home/airflow/.local/lib/python3.7/site-packages/airflow/example_dags/example_trigger_controller_dag.py
[2022-04-18 21:08:56,306] {processor.py:642} INFO - Processing file /home/airflow/.local/lib/python3.7/site-packages/airflow/example_dags/example_trigger_controller_dag.py for tasks to queue
[2022-04-18 21:08:56,308] {logging_mixin.py:109} INFO - [2022-04-18 21:08:56,308] {dagbag.py:500} INFO - Filling up the DagBag from /home/airflow/.local/lib/python3.7/site-packages/airflow/example_dags/example_trigger_controller_dag.py
[2022-04-18 21:08:56,325] {processor.py:652} INFO - DAG(s) dict_keys(['example_trigger_controller_dag']) retrieved from /home/airflow/.local/lib/python3.7/site-packages/airflow/example_dags/example_trigger_controller_dag.py
[2022-04-18 21:08:56,352] {logging_mixin.py:109} INFO - [2022-04-18 21:08:56,352] {dag.py:2398} INFO - Sync 1 DAGs
[2022-04-18 21:08:56,374] {logging_mixin.py:109} INFO - [2022-04-18 21:08:56,374] {dag.py:2937} INFO - Setting next_dagrun for example_trigger_controller_dag to 2021-01-01T00:00:00+00:00
[2022-04-18 21:08:56,387] {processor.py:171} INFO - Processing /home/airflow/.local/lib/python3.7/site-packages/airflow/example_dags/example_trigger_controller_dag.py took 0.086 seconds
[2022-04-18 21:09:26,593] {processor.py:163} INFO - Started process (PID=1330) to work on /home/airflow/.local/lib/python3.7/site-packages/airflow/example_dags/example_trigger_controller_dag.py
[2022-04-18 21:09:26,595] {processor.py:642} INFO - Processing file /home/airflow/.local/lib/python3.7/site-packages/airflow/example_dags/example_trigger_controller_dag.py for tasks to queue
[2022-04-18 21:09:26,596] {logging_mixin.py:109} INFO - [2022-04-18 21:09:26,596] {dagbag.py:500} INFO - Filling up the DagBag from /home/airflow/.local/lib/python3.7/site-packages/airflow/example_dags/example_trigger_controller_dag.py
[2022-04-18 21:09:26,612] {processor.py:652} INFO - DAG(s) dict_keys(['example_trigger_controller_dag']) retrieved from /home/airflow/.local/lib/python3.7/site-packages/airflow/example_dags/example_trigger_controller_dag.py
[2022-04-18 21:09:26,633] {logging_mixin.py:109} INFO - [2022-04-18 21:09:26,633] {dag.py:2398} INFO - Sync 1 DAGs
[2022-04-18 21:09:26,651] {logging_mixin.py:109} INFO - [2022-04-18 21:09:26,650] {dag.py:2937} INFO - Setting next_dagrun for example_trigger_controller_dag to 2021-01-01T00:00:00+00:00
[2022-04-18 21:09:26,661] {processor.py:171} INFO - Processing /home/airflow/.local/lib/python3.7/site-packages/airflow/example_dags/example_trigger_controller_dag.py took 0.072 seconds
