[2022-04-18 20:59:14,974] {processor.py:163} INFO - Started process (PID=54) to work on /home/airflow/.local/lib/python3.7/site-packages/airflow/example_dags/example_latest_only.py
[2022-04-18 20:59:14,976] {processor.py:642} INFO - Processing file /home/airflow/.local/lib/python3.7/site-packages/airflow/example_dags/example_latest_only.py for tasks to queue
[2022-04-18 20:59:14,977] {logging_mixin.py:109} INFO - [2022-04-18 20:59:14,977] {dagbag.py:500} INFO - Filling up the DagBag from /home/airflow/.local/lib/python3.7/site-packages/airflow/example_dags/example_latest_only.py
[2022-04-18 20:59:15,001] {processor.py:652} INFO - DAG(s) dict_keys(['latest_only']) retrieved from /home/airflow/.local/lib/python3.7/site-packages/airflow/example_dags/example_latest_only.py
[2022-04-18 20:59:18,156] {logging_mixin.py:109} INFO - [2022-04-18 20:59:18,155] {manager.py:496} INFO - Created Permission View: can read on DAG:latest_only
[2022-04-18 20:59:18,180] {logging_mixin.py:109} INFO - [2022-04-18 20:59:18,180] {manager.py:496} INFO - Created Permission View: can edit on DAG:latest_only
[2022-04-18 20:59:18,182] {logging_mixin.py:109} INFO - [2022-04-18 20:59:18,181] {dag.py:2398} INFO - Sync 1 DAGs
[2022-04-18 20:59:18,196] {logging_mixin.py:109} INFO - [2022-04-18 20:59:18,196] {dag.py:2417} INFO - Creating ORM DAG for latest_only
[2022-04-18 20:59:18,210] {logging_mixin.py:109} INFO - [2022-04-18 20:59:18,210] {dag.py:2937} INFO - Setting next_dagrun for latest_only to 2022-04-18T16:59:18.210329+00:00
[2022-04-18 20:59:18,231] {processor.py:171} INFO - Processing /home/airflow/.local/lib/python3.7/site-packages/airflow/example_dags/example_latest_only.py took 3.261 seconds
[2022-04-18 20:59:49,946] {processor.py:163} INFO - Started process (PID=281) to work on /home/airflow/.local/lib/python3.7/site-packages/airflow/example_dags/example_latest_only.py
[2022-04-18 20:59:49,979] {processor.py:642} INFO - Processing file /home/airflow/.local/lib/python3.7/site-packages/airflow/example_dags/example_latest_only.py for tasks to queue
[2022-04-18 20:59:49,982] {logging_mixin.py:109} INFO - [2022-04-18 20:59:49,981] {dagbag.py:500} INFO - Filling up the DagBag from /home/airflow/.local/lib/python3.7/site-packages/airflow/example_dags/example_latest_only.py
[2022-04-18 20:59:50,005] {processor.py:652} INFO - DAG(s) dict_keys(['latest_only']) retrieved from /home/airflow/.local/lib/python3.7/site-packages/airflow/example_dags/example_latest_only.py
[2022-04-18 20:59:50,028] {logging_mixin.py:109} INFO - [2022-04-18 20:59:50,028] {dag.py:2398} INFO - Sync 1 DAGs
[2022-04-18 20:59:50,046] {logging_mixin.py:109} INFO - [2022-04-18 20:59:50,046] {dag.py:2937} INFO - Setting next_dagrun for latest_only to 2022-04-18T16:59:50.046267+00:00
[2022-04-18 20:59:50,056] {processor.py:171} INFO - Processing /home/airflow/.local/lib/python3.7/site-packages/airflow/example_dags/example_latest_only.py took 0.114 seconds
[2022-04-18 21:00:20,238] {processor.py:163} INFO - Started process (PID=332) to work on /home/airflow/.local/lib/python3.7/site-packages/airflow/example_dags/example_latest_only.py
[2022-04-18 21:00:20,240] {processor.py:642} INFO - Processing file /home/airflow/.local/lib/python3.7/site-packages/airflow/example_dags/example_latest_only.py for tasks to queue
[2022-04-18 21:00:20,241] {logging_mixin.py:109} INFO - [2022-04-18 21:00:20,241] {dagbag.py:500} INFO - Filling up the DagBag from /home/airflow/.local/lib/python3.7/site-packages/airflow/example_dags/example_latest_only.py
[2022-04-18 21:00:20,261] {processor.py:652} INFO - DAG(s) dict_keys(['latest_only']) retrieved from /home/airflow/.local/lib/python3.7/site-packages/airflow/example_dags/example_latest_only.py
[2022-04-18 21:00:20,284] {logging_mixin.py:109} INFO - [2022-04-18 21:00:20,284] {dag.py:2398} INFO - Sync 1 DAGs
[2022-04-18 21:00:20,302] {logging_mixin.py:109} INFO - [2022-04-18 21:00:20,302] {dag.py:2937} INFO - Setting next_dagrun for latest_only to 2022-04-18T17:00:20.302119+00:00
[2022-04-18 21:00:20,313] {processor.py:171} INFO - Processing /home/airflow/.local/lib/python3.7/site-packages/airflow/example_dags/example_latest_only.py took 0.079 seconds
[2022-04-18 21:00:50,335] {processor.py:163} INFO - Started process (PID=391) to work on /home/airflow/.local/lib/python3.7/site-packages/airflow/example_dags/example_latest_only.py
[2022-04-18 21:00:50,337] {processor.py:642} INFO - Processing file /home/airflow/.local/lib/python3.7/site-packages/airflow/example_dags/example_latest_only.py for tasks to queue
[2022-04-18 21:00:50,338] {logging_mixin.py:109} INFO - [2022-04-18 21:00:50,338] {dagbag.py:500} INFO - Filling up the DagBag from /home/airflow/.local/lib/python3.7/site-packages/airflow/example_dags/example_latest_only.py
[2022-04-18 21:00:50,354] {processor.py:652} INFO - DAG(s) dict_keys(['latest_only']) retrieved from /home/airflow/.local/lib/python3.7/site-packages/airflow/example_dags/example_latest_only.py
[2022-04-18 21:00:50,381] {logging_mixin.py:109} INFO - [2022-04-18 21:00:50,381] {dag.py:2398} INFO - Sync 1 DAGs
[2022-04-18 21:00:50,403] {logging_mixin.py:109} INFO - [2022-04-18 21:00:50,403] {dag.py:2937} INFO - Setting next_dagrun for latest_only to 2022-04-18T17:00:50.403134+00:00
[2022-04-18 21:00:50,415] {processor.py:171} INFO - Processing /home/airflow/.local/lib/python3.7/site-packages/airflow/example_dags/example_latest_only.py took 0.083 seconds
[2022-04-18 21:01:20,535] {processor.py:163} INFO - Started process (PID=440) to work on /home/airflow/.local/lib/python3.7/site-packages/airflow/example_dags/example_latest_only.py
[2022-04-18 21:01:20,538] {processor.py:642} INFO - Processing file /home/airflow/.local/lib/python3.7/site-packages/airflow/example_dags/example_latest_only.py for tasks to queue
[2022-04-18 21:01:20,540] {logging_mixin.py:109} INFO - [2022-04-18 21:01:20,540] {dagbag.py:500} INFO - Filling up the DagBag from /home/airflow/.local/lib/python3.7/site-packages/airflow/example_dags/example_latest_only.py
[2022-04-18 21:01:20,560] {processor.py:652} INFO - DAG(s) dict_keys(['latest_only']) retrieved from /home/airflow/.local/lib/python3.7/site-packages/airflow/example_dags/example_latest_only.py
[2022-04-18 21:01:20,597] {logging_mixin.py:109} INFO - [2022-04-18 21:01:20,597] {dag.py:2398} INFO - Sync 1 DAGs
[2022-04-18 21:01:20,619] {logging_mixin.py:109} INFO - [2022-04-18 21:01:20,619] {dag.py:2937} INFO - Setting next_dagrun for latest_only to 2022-04-18T17:01:20.618619+00:00
[2022-04-18 21:01:20,631] {processor.py:171} INFO - Processing /home/airflow/.local/lib/python3.7/site-packages/airflow/example_dags/example_latest_only.py took 0.101 seconds
[2022-04-18 21:01:51,012] {processor.py:163} INFO - Started process (PID=501) to work on /home/airflow/.local/lib/python3.7/site-packages/airflow/example_dags/example_latest_only.py
[2022-04-18 21:01:51,014] {processor.py:642} INFO - Processing file /home/airflow/.local/lib/python3.7/site-packages/airflow/example_dags/example_latest_only.py for tasks to queue
[2022-04-18 21:01:51,016] {logging_mixin.py:109} INFO - [2022-04-18 21:01:51,016] {dagbag.py:500} INFO - Filling up the DagBag from /home/airflow/.local/lib/python3.7/site-packages/airflow/example_dags/example_latest_only.py
[2022-04-18 21:01:51,042] {processor.py:652} INFO - DAG(s) dict_keys(['latest_only']) retrieved from /home/airflow/.local/lib/python3.7/site-packages/airflow/example_dags/example_latest_only.py
[2022-04-18 21:01:51,070] {logging_mixin.py:109} INFO - [2022-04-18 21:01:51,070] {dag.py:2398} INFO - Sync 1 DAGs
[2022-04-18 21:01:51,093] {logging_mixin.py:109} INFO - [2022-04-18 21:01:51,093] {dag.py:2937} INFO - Setting next_dagrun for latest_only to 2022-04-18T17:01:51.092618+00:00
[2022-04-18 21:01:51,109] {processor.py:171} INFO - Processing /home/airflow/.local/lib/python3.7/site-packages/airflow/example_dags/example_latest_only.py took 0.101 seconds
[2022-04-18 21:02:21,474] {processor.py:163} INFO - Started process (PID=554) to work on /home/airflow/.local/lib/python3.7/site-packages/airflow/example_dags/example_latest_only.py
[2022-04-18 21:02:21,476] {processor.py:642} INFO - Processing file /home/airflow/.local/lib/python3.7/site-packages/airflow/example_dags/example_latest_only.py for tasks to queue
[2022-04-18 21:02:21,478] {logging_mixin.py:109} INFO - [2022-04-18 21:02:21,478] {dagbag.py:500} INFO - Filling up the DagBag from /home/airflow/.local/lib/python3.7/site-packages/airflow/example_dags/example_latest_only.py
[2022-04-18 21:02:21,494] {processor.py:652} INFO - DAG(s) dict_keys(['latest_only']) retrieved from /home/airflow/.local/lib/python3.7/site-packages/airflow/example_dags/example_latest_only.py
[2022-04-18 21:02:21,516] {logging_mixin.py:109} INFO - [2022-04-18 21:02:21,515] {dag.py:2398} INFO - Sync 1 DAGs
[2022-04-18 21:02:21,532] {logging_mixin.py:109} INFO - [2022-04-18 21:02:21,532] {dag.py:2937} INFO - Setting next_dagrun for latest_only to 2022-04-18T17:02:21.532568+00:00
[2022-04-18 21:02:21,543] {processor.py:171} INFO - Processing /home/airflow/.local/lib/python3.7/site-packages/airflow/example_dags/example_latest_only.py took 0.072 seconds
[2022-04-18 21:02:51,823] {processor.py:163} INFO - Started process (PID=613) to work on /home/airflow/.local/lib/python3.7/site-packages/airflow/example_dags/example_latest_only.py
[2022-04-18 21:02:51,825] {processor.py:642} INFO - Processing file /home/airflow/.local/lib/python3.7/site-packages/airflow/example_dags/example_latest_only.py for tasks to queue
[2022-04-18 21:02:51,826] {logging_mixin.py:109} INFO - [2022-04-18 21:02:51,826] {dagbag.py:500} INFO - Filling up the DagBag from /home/airflow/.local/lib/python3.7/site-packages/airflow/example_dags/example_latest_only.py
[2022-04-18 21:02:51,841] {processor.py:652} INFO - DAG(s) dict_keys(['latest_only']) retrieved from /home/airflow/.local/lib/python3.7/site-packages/airflow/example_dags/example_latest_only.py
[2022-04-18 21:02:51,863] {logging_mixin.py:109} INFO - [2022-04-18 21:02:51,863] {dag.py:2398} INFO - Sync 1 DAGs
[2022-04-18 21:02:51,887] {logging_mixin.py:109} INFO - [2022-04-18 21:02:51,887] {dag.py:2937} INFO - Setting next_dagrun for latest_only to 2022-04-18T17:02:51.886871+00:00
[2022-04-18 21:02:51,899] {processor.py:171} INFO - Processing /home/airflow/.local/lib/python3.7/site-packages/airflow/example_dags/example_latest_only.py took 0.079 seconds
[2022-04-18 21:03:22,220] {processor.py:163} INFO - Started process (PID=663) to work on /home/airflow/.local/lib/python3.7/site-packages/airflow/example_dags/example_latest_only.py
[2022-04-18 21:03:22,223] {processor.py:642} INFO - Processing file /home/airflow/.local/lib/python3.7/site-packages/airflow/example_dags/example_latest_only.py for tasks to queue
[2022-04-18 21:03:22,225] {logging_mixin.py:109} INFO - [2022-04-18 21:03:22,225] {dagbag.py:500} INFO - Filling up the DagBag from /home/airflow/.local/lib/python3.7/site-packages/airflow/example_dags/example_latest_only.py
[2022-04-18 21:03:22,246] {processor.py:652} INFO - DAG(s) dict_keys(['latest_only']) retrieved from /home/airflow/.local/lib/python3.7/site-packages/airflow/example_dags/example_latest_only.py
[2022-04-18 21:03:22,288] {logging_mixin.py:109} INFO - [2022-04-18 21:03:22,288] {dag.py:2398} INFO - Sync 1 DAGs
[2022-04-18 21:03:22,318] {logging_mixin.py:109} INFO - [2022-04-18 21:03:22,318] {dag.py:2937} INFO - Setting next_dagrun for latest_only to 2022-04-18T17:03:22.317732+00:00
[2022-04-18 21:03:22,333] {processor.py:171} INFO - Processing /home/airflow/.local/lib/python3.7/site-packages/airflow/example_dags/example_latest_only.py took 0.118 seconds
[2022-04-18 21:03:52,737] {processor.py:163} INFO - Started process (PID=720) to work on /home/airflow/.local/lib/python3.7/site-packages/airflow/example_dags/example_latest_only.py
[2022-04-18 21:03:52,740] {processor.py:642} INFO - Processing file /home/airflow/.local/lib/python3.7/site-packages/airflow/example_dags/example_latest_only.py for tasks to queue
[2022-04-18 21:03:52,742] {logging_mixin.py:109} INFO - [2022-04-18 21:03:52,742] {dagbag.py:500} INFO - Filling up the DagBag from /home/airflow/.local/lib/python3.7/site-packages/airflow/example_dags/example_latest_only.py
[2022-04-18 21:03:52,759] {processor.py:652} INFO - DAG(s) dict_keys(['latest_only']) retrieved from /home/airflow/.local/lib/python3.7/site-packages/airflow/example_dags/example_latest_only.py
[2022-04-18 21:03:52,789] {logging_mixin.py:109} INFO - [2022-04-18 21:03:52,789] {dag.py:2398} INFO - Sync 1 DAGs
[2022-04-18 21:03:52,814] {logging_mixin.py:109} INFO - [2022-04-18 21:03:52,814] {dag.py:2937} INFO - Setting next_dagrun for latest_only to 2022-04-18T17:03:52.813933+00:00
[2022-04-18 21:03:52,827] {processor.py:171} INFO - Processing /home/airflow/.local/lib/python3.7/site-packages/airflow/example_dags/example_latest_only.py took 0.093 seconds
[2022-04-18 21:04:23,153] {processor.py:163} INFO - Started process (PID=773) to work on /home/airflow/.local/lib/python3.7/site-packages/airflow/example_dags/example_latest_only.py
[2022-04-18 21:04:23,155] {processor.py:642} INFO - Processing file /home/airflow/.local/lib/python3.7/site-packages/airflow/example_dags/example_latest_only.py for tasks to queue
[2022-04-18 21:04:23,156] {logging_mixin.py:109} INFO - [2022-04-18 21:04:23,156] {dagbag.py:500} INFO - Filling up the DagBag from /home/airflow/.local/lib/python3.7/site-packages/airflow/example_dags/example_latest_only.py
[2022-04-18 21:04:23,173] {processor.py:652} INFO - DAG(s) dict_keys(['latest_only']) retrieved from /home/airflow/.local/lib/python3.7/site-packages/airflow/example_dags/example_latest_only.py
[2022-04-18 21:04:23,194] {logging_mixin.py:109} INFO - [2022-04-18 21:04:23,194] {dag.py:2398} INFO - Sync 1 DAGs
[2022-04-18 21:04:23,211] {logging_mixin.py:109} INFO - [2022-04-18 21:04:23,211] {dag.py:2937} INFO - Setting next_dagrun for latest_only to 2022-04-18T17:04:23.211421+00:00
[2022-04-18 21:04:23,221] {processor.py:171} INFO - Processing /home/airflow/.local/lib/python3.7/site-packages/airflow/example_dags/example_latest_only.py took 0.072 seconds
[2022-04-18 21:04:53,475] {processor.py:163} INFO - Started process (PID=824) to work on /home/airflow/.local/lib/python3.7/site-packages/airflow/example_dags/example_latest_only.py
[2022-04-18 21:04:53,478] {processor.py:642} INFO - Processing file /home/airflow/.local/lib/python3.7/site-packages/airflow/example_dags/example_latest_only.py for tasks to queue
[2022-04-18 21:04:53,479] {logging_mixin.py:109} INFO - [2022-04-18 21:04:53,479] {dagbag.py:500} INFO - Filling up the DagBag from /home/airflow/.local/lib/python3.7/site-packages/airflow/example_dags/example_latest_only.py
[2022-04-18 21:04:53,497] {processor.py:652} INFO - DAG(s) dict_keys(['latest_only']) retrieved from /home/airflow/.local/lib/python3.7/site-packages/airflow/example_dags/example_latest_only.py
[2022-04-18 21:04:53,527] {logging_mixin.py:109} INFO - [2022-04-18 21:04:53,527] {dag.py:2398} INFO - Sync 1 DAGs
[2022-04-18 21:04:53,551] {logging_mixin.py:109} INFO - [2022-04-18 21:04:53,551] {dag.py:2937} INFO - Setting next_dagrun for latest_only to 2022-04-18T17:04:53.551050+00:00
[2022-04-18 21:04:53,569] {processor.py:171} INFO - Processing /home/airflow/.local/lib/python3.7/site-packages/airflow/example_dags/example_latest_only.py took 0.099 seconds
[2022-04-18 21:05:24,140] {processor.py:163} INFO - Started process (PID=884) to work on /home/airflow/.local/lib/python3.7/site-packages/airflow/example_dags/example_latest_only.py
[2022-04-18 21:05:24,143] {processor.py:642} INFO - Processing file /home/airflow/.local/lib/python3.7/site-packages/airflow/example_dags/example_latest_only.py for tasks to queue
[2022-04-18 21:05:24,144] {logging_mixin.py:109} INFO - [2022-04-18 21:05:24,144] {dagbag.py:500} INFO - Filling up the DagBag from /home/airflow/.local/lib/python3.7/site-packages/airflow/example_dags/example_latest_only.py
[2022-04-18 21:05:24,145] {processor.py:652} INFO - DAG(s) dict_keys(['latest_only']) retrieved from /home/airflow/.local/lib/python3.7/site-packages/airflow/example_dags/example_latest_only.py
[2022-04-18 21:05:24,168] {logging_mixin.py:109} INFO - [2022-04-18 21:05:24,168] {dag.py:2398} INFO - Sync 1 DAGs
[2022-04-18 21:05:24,187] {logging_mixin.py:109} INFO - [2022-04-18 21:05:24,186] {dag.py:2937} INFO - Setting next_dagrun for latest_only to 2022-04-18T17:05:24.186525+00:00
[2022-04-18 21:05:24,199] {processor.py:171} INFO - Processing /home/airflow/.local/lib/python3.7/site-packages/airflow/example_dags/example_latest_only.py took 0.084 seconds
[2022-04-18 21:05:54,314] {processor.py:163} INFO - Started process (PID=935) to work on /home/airflow/.local/lib/python3.7/site-packages/airflow/example_dags/example_latest_only.py
[2022-04-18 21:05:54,316] {processor.py:642} INFO - Processing file /home/airflow/.local/lib/python3.7/site-packages/airflow/example_dags/example_latest_only.py for tasks to queue
[2022-04-18 21:05:54,318] {logging_mixin.py:109} INFO - [2022-04-18 21:05:54,317] {dagbag.py:500} INFO - Filling up the DagBag from /home/airflow/.local/lib/python3.7/site-packages/airflow/example_dags/example_latest_only.py
[2022-04-18 21:05:54,336] {processor.py:652} INFO - DAG(s) dict_keys(['latest_only']) retrieved from /home/airflow/.local/lib/python3.7/site-packages/airflow/example_dags/example_latest_only.py
[2022-04-18 21:05:54,361] {logging_mixin.py:109} INFO - [2022-04-18 21:05:54,360] {dag.py:2398} INFO - Sync 1 DAGs
[2022-04-18 21:05:54,380] {logging_mixin.py:109} INFO - [2022-04-18 21:05:54,380] {dag.py:2937} INFO - Setting next_dagrun for latest_only to 2022-04-18T17:05:54.380540+00:00
[2022-04-18 21:05:54,392] {processor.py:171} INFO - Processing /home/airflow/.local/lib/python3.7/site-packages/airflow/example_dags/example_latest_only.py took 0.082 seconds
[2022-04-18 21:06:24,527] {processor.py:163} INFO - Started process (PID=997) to work on /home/airflow/.local/lib/python3.7/site-packages/airflow/example_dags/example_latest_only.py
[2022-04-18 21:06:24,530] {processor.py:642} INFO - Processing file /home/airflow/.local/lib/python3.7/site-packages/airflow/example_dags/example_latest_only.py for tasks to queue
[2022-04-18 21:06:24,531] {logging_mixin.py:109} INFO - [2022-04-18 21:06:24,531] {dagbag.py:500} INFO - Filling up the DagBag from /home/airflow/.local/lib/python3.7/site-packages/airflow/example_dags/example_latest_only.py
[2022-04-18 21:06:24,550] {processor.py:652} INFO - DAG(s) dict_keys(['latest_only']) retrieved from /home/airflow/.local/lib/python3.7/site-packages/airflow/example_dags/example_latest_only.py
[2022-04-18 21:06:24,577] {logging_mixin.py:109} INFO - [2022-04-18 21:06:24,577] {dag.py:2398} INFO - Sync 1 DAGs
[2022-04-18 21:06:24,603] {logging_mixin.py:109} INFO - [2022-04-18 21:06:24,603] {dag.py:2937} INFO - Setting next_dagrun for latest_only to 2022-04-18T17:06:24.603199+00:00
[2022-04-18 21:06:24,616] {processor.py:171} INFO - Processing /home/airflow/.local/lib/python3.7/site-packages/airflow/example_dags/example_latest_only.py took 0.093 seconds
[2022-04-18 21:06:54,909] {processor.py:163} INFO - Started process (PID=1048) to work on /home/airflow/.local/lib/python3.7/site-packages/airflow/example_dags/example_latest_only.py
[2022-04-18 21:06:54,911] {processor.py:642} INFO - Processing file /home/airflow/.local/lib/python3.7/site-packages/airflow/example_dags/example_latest_only.py for tasks to queue
[2022-04-18 21:06:54,912] {logging_mixin.py:109} INFO - [2022-04-18 21:06:54,912] {dagbag.py:500} INFO - Filling up the DagBag from /home/airflow/.local/lib/python3.7/site-packages/airflow/example_dags/example_latest_only.py
[2022-04-18 21:06:54,925] {processor.py:652} INFO - DAG(s) dict_keys(['latest_only']) retrieved from /home/airflow/.local/lib/python3.7/site-packages/airflow/example_dags/example_latest_only.py
[2022-04-18 21:06:54,945] {logging_mixin.py:109} INFO - [2022-04-18 21:06:54,945] {dag.py:2398} INFO - Sync 1 DAGs
[2022-04-18 21:06:54,963] {logging_mixin.py:109} INFO - [2022-04-18 21:06:54,963] {dag.py:2937} INFO - Setting next_dagrun for latest_only to 2022-04-18T17:06:54.963090+00:00
[2022-04-18 21:06:54,974] {processor.py:171} INFO - Processing /home/airflow/.local/lib/python3.7/site-packages/airflow/example_dags/example_latest_only.py took 0.068 seconds
[2022-04-18 21:07:25,272] {processor.py:163} INFO - Started process (PID=1111) to work on /home/airflow/.local/lib/python3.7/site-packages/airflow/example_dags/example_latest_only.py
[2022-04-18 21:07:25,282] {processor.py:642} INFO - Processing file /home/airflow/.local/lib/python3.7/site-packages/airflow/example_dags/example_latest_only.py for tasks to queue
[2022-04-18 21:07:25,284] {logging_mixin.py:109} INFO - [2022-04-18 21:07:25,284] {dagbag.py:500} INFO - Filling up the DagBag from /home/airflow/.local/lib/python3.7/site-packages/airflow/example_dags/example_latest_only.py
[2022-04-18 21:07:25,303] {processor.py:652} INFO - DAG(s) dict_keys(['latest_only']) retrieved from /home/airflow/.local/lib/python3.7/site-packages/airflow/example_dags/example_latest_only.py
[2022-04-18 21:07:25,336] {logging_mixin.py:109} INFO - [2022-04-18 21:07:25,336] {dag.py:2398} INFO - Sync 1 DAGs
[2022-04-18 21:07:25,361] {logging_mixin.py:109} INFO - [2022-04-18 21:07:25,361] {dag.py:2937} INFO - Setting next_dagrun for latest_only to 2022-04-18T17:07:25.360716+00:00
[2022-04-18 21:07:25,375] {processor.py:171} INFO - Processing /home/airflow/.local/lib/python3.7/site-packages/airflow/example_dags/example_latest_only.py took 0.106 seconds
[2022-04-18 21:07:55,491] {processor.py:163} INFO - Started process (PID=1162) to work on /home/airflow/.local/lib/python3.7/site-packages/airflow/example_dags/example_latest_only.py
[2022-04-18 21:07:55,493] {processor.py:642} INFO - Processing file /home/airflow/.local/lib/python3.7/site-packages/airflow/example_dags/example_latest_only.py for tasks to queue
[2022-04-18 21:07:55,495] {logging_mixin.py:109} INFO - [2022-04-18 21:07:55,495] {dagbag.py:500} INFO - Filling up the DagBag from /home/airflow/.local/lib/python3.7/site-packages/airflow/example_dags/example_latest_only.py
[2022-04-18 21:07:55,516] {processor.py:652} INFO - DAG(s) dict_keys(['latest_only']) retrieved from /home/airflow/.local/lib/python3.7/site-packages/airflow/example_dags/example_latest_only.py
[2022-04-18 21:07:55,545] {logging_mixin.py:109} INFO - [2022-04-18 21:07:55,545] {dag.py:2398} INFO - Sync 1 DAGs
[2022-04-18 21:07:55,584] {logging_mixin.py:109} INFO - [2022-04-18 21:07:55,584] {dag.py:2937} INFO - Setting next_dagrun for latest_only to 2022-04-18T17:07:55.584093+00:00
[2022-04-18 21:07:55,610] {processor.py:171} INFO - Processing /home/airflow/.local/lib/python3.7/site-packages/airflow/example_dags/example_latest_only.py took 0.123 seconds
[2022-04-18 21:08:26,157] {processor.py:163} INFO - Started process (PID=1223) to work on /home/airflow/.local/lib/python3.7/site-packages/airflow/example_dags/example_latest_only.py
[2022-04-18 21:08:26,159] {processor.py:642} INFO - Processing file /home/airflow/.local/lib/python3.7/site-packages/airflow/example_dags/example_latest_only.py for tasks to queue
[2022-04-18 21:08:26,160] {logging_mixin.py:109} INFO - [2022-04-18 21:08:26,160] {dagbag.py:500} INFO - Filling up the DagBag from /home/airflow/.local/lib/python3.7/site-packages/airflow/example_dags/example_latest_only.py
[2022-04-18 21:08:26,175] {processor.py:652} INFO - DAG(s) dict_keys(['latest_only']) retrieved from /home/airflow/.local/lib/python3.7/site-packages/airflow/example_dags/example_latest_only.py
[2022-04-18 21:08:26,196] {logging_mixin.py:109} INFO - [2022-04-18 21:08:26,196] {dag.py:2398} INFO - Sync 1 DAGs
[2022-04-18 21:08:26,213] {logging_mixin.py:109} INFO - [2022-04-18 21:08:26,213] {dag.py:2937} INFO - Setting next_dagrun for latest_only to 2022-04-18T17:08:26.212957+00:00
[2022-04-18 21:08:26,224] {processor.py:171} INFO - Processing /home/airflow/.local/lib/python3.7/site-packages/airflow/example_dags/example_latest_only.py took 0.071 seconds
[2022-04-18 21:08:56,412] {processor.py:163} INFO - Started process (PID=1273) to work on /home/airflow/.local/lib/python3.7/site-packages/airflow/example_dags/example_latest_only.py
[2022-04-18 21:08:56,415] {processor.py:642} INFO - Processing file /home/airflow/.local/lib/python3.7/site-packages/airflow/example_dags/example_latest_only.py for tasks to queue
[2022-04-18 21:08:56,417] {logging_mixin.py:109} INFO - [2022-04-18 21:08:56,416] {dagbag.py:500} INFO - Filling up the DagBag from /home/airflow/.local/lib/python3.7/site-packages/airflow/example_dags/example_latest_only.py
[2022-04-18 21:08:56,435] {processor.py:652} INFO - DAG(s) dict_keys(['latest_only']) retrieved from /home/airflow/.local/lib/python3.7/site-packages/airflow/example_dags/example_latest_only.py
[2022-04-18 21:08:56,462] {logging_mixin.py:109} INFO - [2022-04-18 21:08:56,462] {dag.py:2398} INFO - Sync 1 DAGs
[2022-04-18 21:08:56,483] {logging_mixin.py:109} INFO - [2022-04-18 21:08:56,482] {dag.py:2937} INFO - Setting next_dagrun for latest_only to 2022-04-18T17:08:56.482639+00:00
[2022-04-18 21:08:56,495] {processor.py:171} INFO - Processing /home/airflow/.local/lib/python3.7/site-packages/airflow/example_dags/example_latest_only.py took 0.087 seconds
[2022-04-18 21:09:26,599] {processor.py:163} INFO - Started process (PID=1331) to work on /home/airflow/.local/lib/python3.7/site-packages/airflow/example_dags/example_latest_only.py
[2022-04-18 21:09:26,600] {processor.py:642} INFO - Processing file /home/airflow/.local/lib/python3.7/site-packages/airflow/example_dags/example_latest_only.py for tasks to queue
[2022-04-18 21:09:26,602] {logging_mixin.py:109} INFO - [2022-04-18 21:09:26,602] {dagbag.py:500} INFO - Filling up the DagBag from /home/airflow/.local/lib/python3.7/site-packages/airflow/example_dags/example_latest_only.py
[2022-04-18 21:09:26,618] {processor.py:652} INFO - DAG(s) dict_keys(['latest_only']) retrieved from /home/airflow/.local/lib/python3.7/site-packages/airflow/example_dags/example_latest_only.py
[2022-04-18 21:09:26,640] {logging_mixin.py:109} INFO - [2022-04-18 21:09:26,640] {dag.py:2398} INFO - Sync 1 DAGs
[2022-04-18 21:09:26,660] {logging_mixin.py:109} INFO - [2022-04-18 21:09:26,659] {dag.py:2937} INFO - Setting next_dagrun for latest_only to 2022-04-18T17:09:26.659734+00:00
[2022-04-18 21:09:26,671] {processor.py:171} INFO - Processing /home/airflow/.local/lib/python3.7/site-packages/airflow/example_dags/example_latest_only.py took 0.077 seconds
