[2022-04-18 20:59:32,089] {processor.py:163} INFO - Started process (PID=146) to work on /home/airflow/.local/lib/python3.7/site-packages/airflow/example_dags/example_task_group.py
[2022-04-18 20:59:32,091] {processor.py:642} INFO - Processing file /home/airflow/.local/lib/python3.7/site-packages/airflow/example_dags/example_task_group.py for tasks to queue
[2022-04-18 20:59:32,093] {logging_mixin.py:109} INFO - [2022-04-18 20:59:32,093] {dagbag.py:500} INFO - Filling up the DagBag from /home/airflow/.local/lib/python3.7/site-packages/airflow/example_dags/example_task_group.py
[2022-04-18 20:59:32,116] {processor.py:652} INFO - DAG(s) dict_keys(['example_task_group']) retrieved from /home/airflow/.local/lib/python3.7/site-packages/airflow/example_dags/example_task_group.py
[2022-04-18 20:59:34,494] {logging_mixin.py:109} INFO - [2022-04-18 20:59:34,494] {manager.py:496} INFO - Created Permission View: can read on DAG:example_task_group
[2022-04-18 20:59:34,508] {logging_mixin.py:109} INFO - [2022-04-18 20:59:34,508] {manager.py:496} INFO - Created Permission View: can edit on DAG:example_task_group
[2022-04-18 20:59:34,510] {logging_mixin.py:109} INFO - [2022-04-18 20:59:34,509] {dag.py:2398} INFO - Sync 1 DAGs
[2022-04-18 20:59:34,520] {logging_mixin.py:109} INFO - [2022-04-18 20:59:34,520] {dag.py:2417} INFO - Creating ORM DAG for example_task_group
[2022-04-18 20:59:34,534] {logging_mixin.py:109} INFO - [2022-04-18 20:59:34,534] {dag.py:2937} INFO - Setting next_dagrun for example_task_group to 2022-04-17T20:59:34.533873+00:00
[2022-04-18 20:59:34,552] {processor.py:171} INFO - Processing /home/airflow/.local/lib/python3.7/site-packages/airflow/example_dags/example_task_group.py took 2.466 seconds
[2022-04-18 21:00:04,687] {processor.py:163} INFO - Started process (PID=303) to work on /home/airflow/.local/lib/python3.7/site-packages/airflow/example_dags/example_task_group.py
[2022-04-18 21:00:04,689] {processor.py:642} INFO - Processing file /home/airflow/.local/lib/python3.7/site-packages/airflow/example_dags/example_task_group.py for tasks to queue
[2022-04-18 21:00:04,691] {logging_mixin.py:109} INFO - [2022-04-18 21:00:04,691] {dagbag.py:500} INFO - Filling up the DagBag from /home/airflow/.local/lib/python3.7/site-packages/airflow/example_dags/example_task_group.py
[2022-04-18 21:00:04,712] {processor.py:652} INFO - DAG(s) dict_keys(['example_task_group']) retrieved from /home/airflow/.local/lib/python3.7/site-packages/airflow/example_dags/example_task_group.py
[2022-04-18 21:00:04,738] {logging_mixin.py:109} INFO - [2022-04-18 21:00:04,738] {dag.py:2398} INFO - Sync 1 DAGs
[2022-04-18 21:00:04,758] {logging_mixin.py:109} INFO - [2022-04-18 21:00:04,758] {dag.py:2937} INFO - Setting next_dagrun for example_task_group to 2022-04-17T21:00:04.758246+00:00
[2022-04-18 21:00:04,772] {processor.py:171} INFO - Processing /home/airflow/.local/lib/python3.7/site-packages/airflow/example_dags/example_task_group.py took 0.093 seconds
[2022-04-18 21:00:34,805] {processor.py:163} INFO - Started process (PID=354) to work on /home/airflow/.local/lib/python3.7/site-packages/airflow/example_dags/example_task_group.py
[2022-04-18 21:00:34,808] {processor.py:642} INFO - Processing file /home/airflow/.local/lib/python3.7/site-packages/airflow/example_dags/example_task_group.py for tasks to queue
[2022-04-18 21:00:34,809] {logging_mixin.py:109} INFO - [2022-04-18 21:00:34,809] {dagbag.py:500} INFO - Filling up the DagBag from /home/airflow/.local/lib/python3.7/site-packages/airflow/example_dags/example_task_group.py
[2022-04-18 21:00:34,849] {processor.py:652} INFO - DAG(s) dict_keys(['example_task_group']) retrieved from /home/airflow/.local/lib/python3.7/site-packages/airflow/example_dags/example_task_group.py
[2022-04-18 21:00:34,881] {logging_mixin.py:109} INFO - [2022-04-18 21:00:34,881] {dag.py:2398} INFO - Sync 1 DAGs
[2022-04-18 21:00:34,903] {logging_mixin.py:109} INFO - [2022-04-18 21:00:34,903] {dag.py:2937} INFO - Setting next_dagrun for example_task_group to 2022-04-17T21:00:34.902311+00:00
[2022-04-18 21:00:34,930] {processor.py:171} INFO - Processing /home/airflow/.local/lib/python3.7/site-packages/airflow/example_dags/example_task_group.py took 0.130 seconds
[2022-04-18 21:01:05,187] {processor.py:163} INFO - Started process (PID=416) to work on /home/airflow/.local/lib/python3.7/site-packages/airflow/example_dags/example_task_group.py
[2022-04-18 21:01:05,189] {processor.py:642} INFO - Processing file /home/airflow/.local/lib/python3.7/site-packages/airflow/example_dags/example_task_group.py for tasks to queue
[2022-04-18 21:01:05,191] {logging_mixin.py:109} INFO - [2022-04-18 21:01:05,191] {dagbag.py:500} INFO - Filling up the DagBag from /home/airflow/.local/lib/python3.7/site-packages/airflow/example_dags/example_task_group.py
[2022-04-18 21:01:05,216] {processor.py:652} INFO - DAG(s) dict_keys(['example_task_group']) retrieved from /home/airflow/.local/lib/python3.7/site-packages/airflow/example_dags/example_task_group.py
[2022-04-18 21:01:05,245] {logging_mixin.py:109} INFO - [2022-04-18 21:01:05,245] {dag.py:2398} INFO - Sync 1 DAGs
[2022-04-18 21:01:05,269] {logging_mixin.py:109} INFO - [2022-04-18 21:01:05,269] {dag.py:2937} INFO - Setting next_dagrun for example_task_group to 2022-04-17T21:01:05.268988+00:00
[2022-04-18 21:01:05,282] {processor.py:171} INFO - Processing /home/airflow/.local/lib/python3.7/site-packages/airflow/example_dags/example_task_group.py took 0.099 seconds
[2022-04-18 21:01:35,649] {processor.py:163} INFO - Started process (PID=468) to work on /home/airflow/.local/lib/python3.7/site-packages/airflow/example_dags/example_task_group.py
[2022-04-18 21:01:35,651] {processor.py:642} INFO - Processing file /home/airflow/.local/lib/python3.7/site-packages/airflow/example_dags/example_task_group.py for tasks to queue
[2022-04-18 21:01:35,657] {logging_mixin.py:109} INFO - [2022-04-18 21:01:35,656] {dagbag.py:500} INFO - Filling up the DagBag from /home/airflow/.local/lib/python3.7/site-packages/airflow/example_dags/example_task_group.py
[2022-04-18 21:01:35,687] {processor.py:652} INFO - DAG(s) dict_keys(['example_task_group']) retrieved from /home/airflow/.local/lib/python3.7/site-packages/airflow/example_dags/example_task_group.py
[2022-04-18 21:01:35,723] {logging_mixin.py:109} INFO - [2022-04-18 21:01:35,722] {dag.py:2398} INFO - Sync 1 DAGs
[2022-04-18 21:01:35,749] {logging_mixin.py:109} INFO - [2022-04-18 21:01:35,749] {dag.py:2937} INFO - Setting next_dagrun for example_task_group to 2022-04-17T21:01:35.749386+00:00
[2022-04-18 21:01:35,769] {processor.py:171} INFO - Processing /home/airflow/.local/lib/python3.7/site-packages/airflow/example_dags/example_task_group.py took 0.128 seconds
[2022-04-18 21:02:05,898] {processor.py:163} INFO - Started process (PID=529) to work on /home/airflow/.local/lib/python3.7/site-packages/airflow/example_dags/example_task_group.py
[2022-04-18 21:02:05,901] {processor.py:642} INFO - Processing file /home/airflow/.local/lib/python3.7/site-packages/airflow/example_dags/example_task_group.py for tasks to queue
[2022-04-18 21:02:05,903] {logging_mixin.py:109} INFO - [2022-04-18 21:02:05,903] {dagbag.py:500} INFO - Filling up the DagBag from /home/airflow/.local/lib/python3.7/site-packages/airflow/example_dags/example_task_group.py
[2022-04-18 21:02:05,930] {processor.py:652} INFO - DAG(s) dict_keys(['example_task_group']) retrieved from /home/airflow/.local/lib/python3.7/site-packages/airflow/example_dags/example_task_group.py
[2022-04-18 21:02:05,966] {logging_mixin.py:109} INFO - [2022-04-18 21:02:05,964] {dag.py:2398} INFO - Sync 1 DAGs
[2022-04-18 21:02:05,992] {logging_mixin.py:109} INFO - [2022-04-18 21:02:05,992] {dag.py:2937} INFO - Setting next_dagrun for example_task_group to 2022-04-17T21:02:05.992456+00:00
[2022-04-18 21:02:06,006] {processor.py:171} INFO - Processing /home/airflow/.local/lib/python3.7/site-packages/airflow/example_dags/example_task_group.py took 0.113 seconds
[2022-04-18 21:02:36,559] {processor.py:163} INFO - Started process (PID=580) to work on /home/airflow/.local/lib/python3.7/site-packages/airflow/example_dags/example_task_group.py
[2022-04-18 21:02:36,560] {processor.py:642} INFO - Processing file /home/airflow/.local/lib/python3.7/site-packages/airflow/example_dags/example_task_group.py for tasks to queue
[2022-04-18 21:02:36,562] {logging_mixin.py:109} INFO - [2022-04-18 21:02:36,562] {dagbag.py:500} INFO - Filling up the DagBag from /home/airflow/.local/lib/python3.7/site-packages/airflow/example_dags/example_task_group.py
[2022-04-18 21:02:36,580] {processor.py:652} INFO - DAG(s) dict_keys(['example_task_group']) retrieved from /home/airflow/.local/lib/python3.7/site-packages/airflow/example_dags/example_task_group.py
[2022-04-18 21:02:36,604] {logging_mixin.py:109} INFO - [2022-04-18 21:02:36,604] {dag.py:2398} INFO - Sync 1 DAGs
[2022-04-18 21:02:36,621] {logging_mixin.py:109} INFO - [2022-04-18 21:02:36,621] {dag.py:2937} INFO - Setting next_dagrun for example_task_group to 2022-04-17T21:02:36.621048+00:00
[2022-04-18 21:02:36,630] {processor.py:171} INFO - Processing /home/airflow/.local/lib/python3.7/site-packages/airflow/example_dags/example_task_group.py took 0.075 seconds
[2022-04-18 21:03:06,970] {processor.py:163} INFO - Started process (PID=639) to work on /home/airflow/.local/lib/python3.7/site-packages/airflow/example_dags/example_task_group.py
[2022-04-18 21:03:06,973] {processor.py:642} INFO - Processing file /home/airflow/.local/lib/python3.7/site-packages/airflow/example_dags/example_task_group.py for tasks to queue
[2022-04-18 21:03:06,974] {logging_mixin.py:109} INFO - [2022-04-18 21:03:06,974] {dagbag.py:500} INFO - Filling up the DagBag from /home/airflow/.local/lib/python3.7/site-packages/airflow/example_dags/example_task_group.py
[2022-04-18 21:03:06,995] {processor.py:652} INFO - DAG(s) dict_keys(['example_task_group']) retrieved from /home/airflow/.local/lib/python3.7/site-packages/airflow/example_dags/example_task_group.py
[2022-04-18 21:03:07,029] {logging_mixin.py:109} INFO - [2022-04-18 21:03:07,029] {dag.py:2398} INFO - Sync 1 DAGs
[2022-04-18 21:03:07,054] {logging_mixin.py:109} INFO - [2022-04-18 21:03:07,054] {dag.py:2937} INFO - Setting next_dagrun for example_task_group to 2022-04-17T21:03:07.054072+00:00
[2022-04-18 21:03:07,068] {processor.py:171} INFO - Processing /home/airflow/.local/lib/python3.7/site-packages/airflow/example_dags/example_task_group.py took 0.102 seconds
[2022-04-18 21:03:37,800] {processor.py:163} INFO - Started process (PID=689) to work on /home/airflow/.local/lib/python3.7/site-packages/airflow/example_dags/example_task_group.py
[2022-04-18 21:03:37,803] {processor.py:642} INFO - Processing file /home/airflow/.local/lib/python3.7/site-packages/airflow/example_dags/example_task_group.py for tasks to queue
[2022-04-18 21:03:37,805] {logging_mixin.py:109} INFO - [2022-04-18 21:03:37,805] {dagbag.py:500} INFO - Filling up the DagBag from /home/airflow/.local/lib/python3.7/site-packages/airflow/example_dags/example_task_group.py
[2022-04-18 21:03:37,831] {processor.py:652} INFO - DAG(s) dict_keys(['example_task_group']) retrieved from /home/airflow/.local/lib/python3.7/site-packages/airflow/example_dags/example_task_group.py
[2022-04-18 21:03:37,863] {logging_mixin.py:109} INFO - [2022-04-18 21:03:37,863] {dag.py:2398} INFO - Sync 1 DAGs
[2022-04-18 21:03:37,897] {logging_mixin.py:109} INFO - [2022-04-18 21:03:37,897] {dag.py:2937} INFO - Setting next_dagrun for example_task_group to 2022-04-17T21:03:37.896808+00:00
[2022-04-18 21:03:37,914] {processor.py:171} INFO - Processing /home/airflow/.local/lib/python3.7/site-packages/airflow/example_dags/example_task_group.py took 0.125 seconds
[2022-04-18 21:04:08,037] {processor.py:163} INFO - Started process (PID=749) to work on /home/airflow/.local/lib/python3.7/site-packages/airflow/example_dags/example_task_group.py
[2022-04-18 21:04:08,039] {processor.py:642} INFO - Processing file /home/airflow/.local/lib/python3.7/site-packages/airflow/example_dags/example_task_group.py for tasks to queue
[2022-04-18 21:04:08,041] {logging_mixin.py:109} INFO - [2022-04-18 21:04:08,041] {dagbag.py:500} INFO - Filling up the DagBag from /home/airflow/.local/lib/python3.7/site-packages/airflow/example_dags/example_task_group.py
[2022-04-18 21:04:08,064] {processor.py:652} INFO - DAG(s) dict_keys(['example_task_group']) retrieved from /home/airflow/.local/lib/python3.7/site-packages/airflow/example_dags/example_task_group.py
[2022-04-18 21:04:08,093] {logging_mixin.py:109} INFO - [2022-04-18 21:04:08,093] {dag.py:2398} INFO - Sync 1 DAGs
[2022-04-18 21:04:08,128] {logging_mixin.py:109} INFO - [2022-04-18 21:04:08,128] {dag.py:2937} INFO - Setting next_dagrun for example_task_group to 2022-04-17T21:04:08.127933+00:00
[2022-04-18 21:04:08,143] {processor.py:171} INFO - Processing /home/airflow/.local/lib/python3.7/site-packages/airflow/example_dags/example_task_group.py took 0.111 seconds
[2022-04-18 21:04:38,388] {processor.py:163} INFO - Started process (PID=800) to work on /home/airflow/.local/lib/python3.7/site-packages/airflow/example_dags/example_task_group.py
[2022-04-18 21:04:38,390] {processor.py:642} INFO - Processing file /home/airflow/.local/lib/python3.7/site-packages/airflow/example_dags/example_task_group.py for tasks to queue
[2022-04-18 21:04:38,391] {logging_mixin.py:109} INFO - [2022-04-18 21:04:38,391] {dagbag.py:500} INFO - Filling up the DagBag from /home/airflow/.local/lib/python3.7/site-packages/airflow/example_dags/example_task_group.py
[2022-04-18 21:04:38,411] {processor.py:652} INFO - DAG(s) dict_keys(['example_task_group']) retrieved from /home/airflow/.local/lib/python3.7/site-packages/airflow/example_dags/example_task_group.py
[2022-04-18 21:04:38,440] {logging_mixin.py:109} INFO - [2022-04-18 21:04:38,440] {dag.py:2398} INFO - Sync 1 DAGs
[2022-04-18 21:04:38,457] {logging_mixin.py:109} INFO - [2022-04-18 21:04:38,457] {dag.py:2937} INFO - Setting next_dagrun for example_task_group to 2022-04-17T21:04:38.457350+00:00
[2022-04-18 21:04:38,467] {processor.py:171} INFO - Processing /home/airflow/.local/lib/python3.7/site-packages/airflow/example_dags/example_task_group.py took 0.083 seconds
[2022-04-18 21:05:08,533] {processor.py:163} INFO - Started process (PID=860) to work on /home/airflow/.local/lib/python3.7/site-packages/airflow/example_dags/example_task_group.py
[2022-04-18 21:05:08,535] {processor.py:642} INFO - Processing file /home/airflow/.local/lib/python3.7/site-packages/airflow/example_dags/example_task_group.py for tasks to queue
[2022-04-18 21:05:08,537] {logging_mixin.py:109} INFO - [2022-04-18 21:05:08,537] {dagbag.py:500} INFO - Filling up the DagBag from /home/airflow/.local/lib/python3.7/site-packages/airflow/example_dags/example_task_group.py
[2022-04-18 21:05:08,559] {processor.py:652} INFO - DAG(s) dict_keys(['example_task_group']) retrieved from /home/airflow/.local/lib/python3.7/site-packages/airflow/example_dags/example_task_group.py
[2022-04-18 21:05:08,593] {logging_mixin.py:109} INFO - [2022-04-18 21:05:08,593] {dag.py:2398} INFO - Sync 1 DAGs
[2022-04-18 21:05:08,627] {logging_mixin.py:109} INFO - [2022-04-18 21:05:08,627] {dag.py:2937} INFO - Setting next_dagrun for example_task_group to 2022-04-17T21:05:08.626858+00:00
[2022-04-18 21:05:08,668] {processor.py:171} INFO - Processing /home/airflow/.local/lib/python3.7/site-packages/airflow/example_dags/example_task_group.py took 0.140 seconds
[2022-04-18 21:05:39,008] {processor.py:163} INFO - Started process (PID=910) to work on /home/airflow/.local/lib/python3.7/site-packages/airflow/example_dags/example_task_group.py
[2022-04-18 21:05:39,011] {processor.py:642} INFO - Processing file /home/airflow/.local/lib/python3.7/site-packages/airflow/example_dags/example_task_group.py for tasks to queue
[2022-04-18 21:05:39,012] {logging_mixin.py:109} INFO - [2022-04-18 21:05:39,012] {dagbag.py:500} INFO - Filling up the DagBag from /home/airflow/.local/lib/python3.7/site-packages/airflow/example_dags/example_task_group.py
[2022-04-18 21:05:39,029] {processor.py:652} INFO - DAG(s) dict_keys(['example_task_group']) retrieved from /home/airflow/.local/lib/python3.7/site-packages/airflow/example_dags/example_task_group.py
[2022-04-18 21:05:39,051] {logging_mixin.py:109} INFO - [2022-04-18 21:05:39,051] {dag.py:2398} INFO - Sync 1 DAGs
[2022-04-18 21:05:39,068] {logging_mixin.py:109} INFO - [2022-04-18 21:05:39,068] {dag.py:2937} INFO - Setting next_dagrun for example_task_group to 2022-04-17T21:05:39.068315+00:00
[2022-04-18 21:05:39,078] {processor.py:171} INFO - Processing /home/airflow/.local/lib/python3.7/site-packages/airflow/example_dags/example_task_group.py took 0.073 seconds
[2022-04-18 21:06:09,569] {processor.py:163} INFO - Started process (PID=972) to work on /home/airflow/.local/lib/python3.7/site-packages/airflow/example_dags/example_task_group.py
[2022-04-18 21:06:09,572] {processor.py:642} INFO - Processing file /home/airflow/.local/lib/python3.7/site-packages/airflow/example_dags/example_task_group.py for tasks to queue
[2022-04-18 21:06:09,574] {logging_mixin.py:109} INFO - [2022-04-18 21:06:09,573] {dagbag.py:500} INFO - Filling up the DagBag from /home/airflow/.local/lib/python3.7/site-packages/airflow/example_dags/example_task_group.py
[2022-04-18 21:06:09,595] {processor.py:652} INFO - DAG(s) dict_keys(['example_task_group']) retrieved from /home/airflow/.local/lib/python3.7/site-packages/airflow/example_dags/example_task_group.py
[2022-04-18 21:06:09,638] {logging_mixin.py:109} INFO - [2022-04-18 21:06:09,638] {dag.py:2398} INFO - Sync 1 DAGs
[2022-04-18 21:06:09,665] {logging_mixin.py:109} INFO - [2022-04-18 21:06:09,665] {dag.py:2937} INFO - Setting next_dagrun for example_task_group to 2022-04-17T21:06:09.664874+00:00
[2022-04-18 21:06:09,679] {processor.py:171} INFO - Processing /home/airflow/.local/lib/python3.7/site-packages/airflow/example_dags/example_task_group.py took 0.115 seconds
[2022-04-18 21:06:40,411] {processor.py:163} INFO - Started process (PID=1022) to work on /home/airflow/.local/lib/python3.7/site-packages/airflow/example_dags/example_task_group.py
[2022-04-18 21:06:40,415] {processor.py:642} INFO - Processing file /home/airflow/.local/lib/python3.7/site-packages/airflow/example_dags/example_task_group.py for tasks to queue
[2022-04-18 21:06:40,416] {logging_mixin.py:109} INFO - [2022-04-18 21:06:40,416] {dagbag.py:500} INFO - Filling up the DagBag from /home/airflow/.local/lib/python3.7/site-packages/airflow/example_dags/example_task_group.py
[2022-04-18 21:06:40,437] {processor.py:652} INFO - DAG(s) dict_keys(['example_task_group']) retrieved from /home/airflow/.local/lib/python3.7/site-packages/airflow/example_dags/example_task_group.py
[2022-04-18 21:06:40,465] {logging_mixin.py:109} INFO - [2022-04-18 21:06:40,465] {dag.py:2398} INFO - Sync 1 DAGs
[2022-04-18 21:06:40,489] {logging_mixin.py:109} INFO - [2022-04-18 21:06:40,489] {dag.py:2937} INFO - Setting next_dagrun for example_task_group to 2022-04-17T21:06:40.488807+00:00
[2022-04-18 21:06:40,503] {processor.py:171} INFO - Processing /home/airflow/.local/lib/python3.7/site-packages/airflow/example_dags/example_task_group.py took 0.097 seconds
[2022-04-18 21:07:10,614] {processor.py:163} INFO - Started process (PID=1084) to work on /home/airflow/.local/lib/python3.7/site-packages/airflow/example_dags/example_task_group.py
[2022-04-18 21:07:10,616] {processor.py:642} INFO - Processing file /home/airflow/.local/lib/python3.7/site-packages/airflow/example_dags/example_task_group.py for tasks to queue
[2022-04-18 21:07:10,618] {logging_mixin.py:109} INFO - [2022-04-18 21:07:10,617] {dagbag.py:500} INFO - Filling up the DagBag from /home/airflow/.local/lib/python3.7/site-packages/airflow/example_dags/example_task_group.py
[2022-04-18 21:07:10,636] {processor.py:652} INFO - DAG(s) dict_keys(['example_task_group']) retrieved from /home/airflow/.local/lib/python3.7/site-packages/airflow/example_dags/example_task_group.py
[2022-04-18 21:07:10,661] {logging_mixin.py:109} INFO - [2022-04-18 21:07:10,660] {dag.py:2398} INFO - Sync 1 DAGs
[2022-04-18 21:07:10,681] {logging_mixin.py:109} INFO - [2022-04-18 21:07:10,681] {dag.py:2937} INFO - Setting next_dagrun for example_task_group to 2022-04-17T21:07:10.681048+00:00
[2022-04-18 21:07:10,693] {processor.py:171} INFO - Processing /home/airflow/.local/lib/python3.7/site-packages/airflow/example_dags/example_task_group.py took 0.083 seconds
[2022-04-18 21:07:41,265] {processor.py:163} INFO - Started process (PID=1136) to work on /home/airflow/.local/lib/python3.7/site-packages/airflow/example_dags/example_task_group.py
[2022-04-18 21:07:41,268] {processor.py:642} INFO - Processing file /home/airflow/.local/lib/python3.7/site-packages/airflow/example_dags/example_task_group.py for tasks to queue
[2022-04-18 21:07:41,269] {logging_mixin.py:109} INFO - [2022-04-18 21:07:41,269] {dagbag.py:500} INFO - Filling up the DagBag from /home/airflow/.local/lib/python3.7/site-packages/airflow/example_dags/example_task_group.py
[2022-04-18 21:07:41,294] {processor.py:652} INFO - DAG(s) dict_keys(['example_task_group']) retrieved from /home/airflow/.local/lib/python3.7/site-packages/airflow/example_dags/example_task_group.py
[2022-04-18 21:07:41,323] {logging_mixin.py:109} INFO - [2022-04-18 21:07:41,323] {dag.py:2398} INFO - Sync 1 DAGs
[2022-04-18 21:07:41,342] {logging_mixin.py:109} INFO - [2022-04-18 21:07:41,342] {dag.py:2937} INFO - Setting next_dagrun for example_task_group to 2022-04-17T21:07:41.341886+00:00
[2022-04-18 21:07:41,353] {processor.py:171} INFO - Processing /home/airflow/.local/lib/python3.7/site-packages/airflow/example_dags/example_task_group.py took 0.092 seconds
[2022-04-18 21:08:11,934] {processor.py:163} INFO - Started process (PID=1198) to work on /home/airflow/.local/lib/python3.7/site-packages/airflow/example_dags/example_task_group.py
[2022-04-18 21:08:11,936] {processor.py:642} INFO - Processing file /home/airflow/.local/lib/python3.7/site-packages/airflow/example_dags/example_task_group.py for tasks to queue
[2022-04-18 21:08:11,939] {logging_mixin.py:109} INFO - [2022-04-18 21:08:11,939] {dagbag.py:500} INFO - Filling up the DagBag from /home/airflow/.local/lib/python3.7/site-packages/airflow/example_dags/example_task_group.py
[2022-04-18 21:08:11,963] {processor.py:652} INFO - DAG(s) dict_keys(['example_task_group']) retrieved from /home/airflow/.local/lib/python3.7/site-packages/airflow/example_dags/example_task_group.py
[2022-04-18 21:08:11,996] {logging_mixin.py:109} INFO - [2022-04-18 21:08:11,996] {dag.py:2398} INFO - Sync 1 DAGs
[2022-04-18 21:08:12,019] {logging_mixin.py:109} INFO - [2022-04-18 21:08:12,018] {dag.py:2937} INFO - Setting next_dagrun for example_task_group to 2022-04-17T21:08:12.018583+00:00
[2022-04-18 21:08:12,033] {processor.py:171} INFO - Processing /home/airflow/.local/lib/python3.7/site-packages/airflow/example_dags/example_task_group.py took 0.105 seconds
[2022-04-18 21:08:42,864] {processor.py:163} INFO - Started process (PID=1248) to work on /home/airflow/.local/lib/python3.7/site-packages/airflow/example_dags/example_task_group.py
[2022-04-18 21:08:42,866] {processor.py:642} INFO - Processing file /home/airflow/.local/lib/python3.7/site-packages/airflow/example_dags/example_task_group.py for tasks to queue
[2022-04-18 21:08:42,867] {logging_mixin.py:109} INFO - [2022-04-18 21:08:42,867] {dagbag.py:500} INFO - Filling up the DagBag from /home/airflow/.local/lib/python3.7/site-packages/airflow/example_dags/example_task_group.py
[2022-04-18 21:08:42,887] {processor.py:652} INFO - DAG(s) dict_keys(['example_task_group']) retrieved from /home/airflow/.local/lib/python3.7/site-packages/airflow/example_dags/example_task_group.py
[2022-04-18 21:08:42,912] {logging_mixin.py:109} INFO - [2022-04-18 21:08:42,912] {dag.py:2398} INFO - Sync 1 DAGs
[2022-04-18 21:08:42,935] {logging_mixin.py:109} INFO - [2022-04-18 21:08:42,935] {dag.py:2937} INFO - Setting next_dagrun for example_task_group to 2022-04-17T21:08:42.934701+00:00
[2022-04-18 21:08:42,947] {processor.py:171} INFO - Processing /home/airflow/.local/lib/python3.7/site-packages/airflow/example_dags/example_task_group.py took 0.087 seconds
[2022-04-18 21:09:13,263] {processor.py:163} INFO - Started process (PID=1307) to work on /home/airflow/.local/lib/python3.7/site-packages/airflow/example_dags/example_task_group.py
[2022-04-18 21:09:13,265] {processor.py:642} INFO - Processing file /home/airflow/.local/lib/python3.7/site-packages/airflow/example_dags/example_task_group.py for tasks to queue
[2022-04-18 21:09:13,267] {logging_mixin.py:109} INFO - [2022-04-18 21:09:13,267] {dagbag.py:500} INFO - Filling up the DagBag from /home/airflow/.local/lib/python3.7/site-packages/airflow/example_dags/example_task_group.py
[2022-04-18 21:09:13,285] {processor.py:652} INFO - DAG(s) dict_keys(['example_task_group']) retrieved from /home/airflow/.local/lib/python3.7/site-packages/airflow/example_dags/example_task_group.py
[2022-04-18 21:09:13,308] {logging_mixin.py:109} INFO - [2022-04-18 21:09:13,308] {dag.py:2398} INFO - Sync 1 DAGs
[2022-04-18 21:09:13,324] {logging_mixin.py:109} INFO - [2022-04-18 21:09:13,324] {dag.py:2937} INFO - Setting next_dagrun for example_task_group to 2022-04-17T21:09:13.324589+00:00
[2022-04-18 21:09:13,334] {processor.py:171} INFO - Processing /home/airflow/.local/lib/python3.7/site-packages/airflow/example_dags/example_task_group.py took 0.075 seconds
