[2022-04-18 20:59:43,638] {processor.py:163} INFO - Started process (PID=226) to work on /home/airflow/.local/lib/python3.7/site-packages/airflow/example_dags/tutorial.py
[2022-04-18 20:59:43,640] {processor.py:642} INFO - Processing file /home/airflow/.local/lib/python3.7/site-packages/airflow/example_dags/tutorial.py for tasks to queue
[2022-04-18 20:59:43,644] {logging_mixin.py:109} INFO - [2022-04-18 20:59:43,644] {dagbag.py:500} INFO - Filling up the DagBag from /home/airflow/.local/lib/python3.7/site-packages/airflow/example_dags/tutorial.py
[2022-04-18 20:59:43,674] {processor.py:652} INFO - DAG(s) dict_keys(['tutorial']) retrieved from /home/airflow/.local/lib/python3.7/site-packages/airflow/example_dags/tutorial.py
[2022-04-18 20:59:45,493] {logging_mixin.py:109} INFO - [2022-04-18 20:59:45,493] {manager.py:496} INFO - Created Permission View: can read on DAG:tutorial
[2022-04-18 20:59:45,501] {logging_mixin.py:109} INFO - [2022-04-18 20:59:45,501] {manager.py:496} INFO - Created Permission View: can edit on DAG:tutorial
[2022-04-18 20:59:45,502] {logging_mixin.py:109} INFO - [2022-04-18 20:59:45,502] {dag.py:2398} INFO - Sync 1 DAGs
[2022-04-18 20:59:45,509] {logging_mixin.py:109} INFO - [2022-04-18 20:59:45,509] {dag.py:2417} INFO - Creating ORM DAG for tutorial
[2022-04-18 20:59:45,517] {logging_mixin.py:109} INFO - [2022-04-18 20:59:45,517] {dag.py:2937} INFO - Setting next_dagrun for tutorial to 2022-04-17T20:59:45.517508+00:00
[2022-04-18 20:59:45,530] {processor.py:171} INFO - Processing /home/airflow/.local/lib/python3.7/site-packages/airflow/example_dags/tutorial.py took 1.898 seconds
[2022-04-18 21:00:15,857] {processor.py:163} INFO - Started process (PID=322) to work on /home/airflow/.local/lib/python3.7/site-packages/airflow/example_dags/tutorial.py
[2022-04-18 21:00:15,858] {processor.py:642} INFO - Processing file /home/airflow/.local/lib/python3.7/site-packages/airflow/example_dags/tutorial.py for tasks to queue
[2022-04-18 21:00:15,860] {logging_mixin.py:109} INFO - [2022-04-18 21:00:15,860] {dagbag.py:500} INFO - Filling up the DagBag from /home/airflow/.local/lib/python3.7/site-packages/airflow/example_dags/tutorial.py
[2022-04-18 21:00:15,881] {processor.py:652} INFO - DAG(s) dict_keys(['tutorial']) retrieved from /home/airflow/.local/lib/python3.7/site-packages/airflow/example_dags/tutorial.py
[2022-04-18 21:00:15,905] {logging_mixin.py:109} INFO - [2022-04-18 21:00:15,905] {dag.py:2398} INFO - Sync 1 DAGs
[2022-04-18 21:00:15,924] {logging_mixin.py:109} INFO - [2022-04-18 21:00:15,924] {dag.py:2937} INFO - Setting next_dagrun for tutorial to 2022-04-17T21:00:15.924384+00:00
[2022-04-18 21:00:15,937] {processor.py:171} INFO - Processing /home/airflow/.local/lib/python3.7/site-packages/airflow/example_dags/tutorial.py took 0.085 seconds
[2022-04-18 21:00:46,042] {processor.py:163} INFO - Started process (PID=375) to work on /home/airflow/.local/lib/python3.7/site-packages/airflow/example_dags/tutorial.py
[2022-04-18 21:00:46,044] {processor.py:642} INFO - Processing file /home/airflow/.local/lib/python3.7/site-packages/airflow/example_dags/tutorial.py for tasks to queue
[2022-04-18 21:00:46,047] {logging_mixin.py:109} INFO - [2022-04-18 21:00:46,046] {dagbag.py:500} INFO - Filling up the DagBag from /home/airflow/.local/lib/python3.7/site-packages/airflow/example_dags/tutorial.py
[2022-04-18 21:00:46,072] {processor.py:652} INFO - DAG(s) dict_keys(['tutorial']) retrieved from /home/airflow/.local/lib/python3.7/site-packages/airflow/example_dags/tutorial.py
[2022-04-18 21:00:46,100] {logging_mixin.py:109} INFO - [2022-04-18 21:00:46,100] {dag.py:2398} INFO - Sync 1 DAGs
[2022-04-18 21:00:46,120] {logging_mixin.py:109} INFO - [2022-04-18 21:00:46,120] {dag.py:2937} INFO - Setting next_dagrun for tutorial to 2022-04-17T21:00:46.119828+00:00
[2022-04-18 21:00:46,131] {processor.py:171} INFO - Processing /home/airflow/.local/lib/python3.7/site-packages/airflow/example_dags/tutorial.py took 0.095 seconds
[2022-04-18 21:01:16,401] {processor.py:163} INFO - Started process (PID=436) to work on /home/airflow/.local/lib/python3.7/site-packages/airflow/example_dags/tutorial.py
[2022-04-18 21:01:16,405] {processor.py:642} INFO - Processing file /home/airflow/.local/lib/python3.7/site-packages/airflow/example_dags/tutorial.py for tasks to queue
[2022-04-18 21:01:16,406] {logging_mixin.py:109} INFO - [2022-04-18 21:01:16,406] {dagbag.py:500} INFO - Filling up the DagBag from /home/airflow/.local/lib/python3.7/site-packages/airflow/example_dags/tutorial.py
[2022-04-18 21:01:16,424] {processor.py:652} INFO - DAG(s) dict_keys(['tutorial']) retrieved from /home/airflow/.local/lib/python3.7/site-packages/airflow/example_dags/tutorial.py
[2022-04-18 21:01:16,453] {logging_mixin.py:109} INFO - [2022-04-18 21:01:16,452] {dag.py:2398} INFO - Sync 1 DAGs
[2022-04-18 21:01:16,475] {logging_mixin.py:109} INFO - [2022-04-18 21:01:16,475] {dag.py:2937} INFO - Setting next_dagrun for tutorial to 2022-04-17T21:01:16.475042+00:00
[2022-04-18 21:01:16,487] {processor.py:171} INFO - Processing /home/airflow/.local/lib/python3.7/site-packages/airflow/example_dags/tutorial.py took 0.090 seconds
[2022-04-18 21:01:46,781] {processor.py:163} INFO - Started process (PID=488) to work on /home/airflow/.local/lib/python3.7/site-packages/airflow/example_dags/tutorial.py
[2022-04-18 21:01:46,789] {processor.py:642} INFO - Processing file /home/airflow/.local/lib/python3.7/site-packages/airflow/example_dags/tutorial.py for tasks to queue
[2022-04-18 21:01:46,792] {logging_mixin.py:109} INFO - [2022-04-18 21:01:46,792] {dagbag.py:500} INFO - Filling up the DagBag from /home/airflow/.local/lib/python3.7/site-packages/airflow/example_dags/tutorial.py
[2022-04-18 21:01:46,823] {processor.py:652} INFO - DAG(s) dict_keys(['tutorial']) retrieved from /home/airflow/.local/lib/python3.7/site-packages/airflow/example_dags/tutorial.py
[2022-04-18 21:01:46,872] {logging_mixin.py:109} INFO - [2022-04-18 21:01:46,872] {dag.py:2398} INFO - Sync 1 DAGs
[2022-04-18 21:01:46,919] {logging_mixin.py:109} INFO - [2022-04-18 21:01:46,919] {dag.py:2937} INFO - Setting next_dagrun for tutorial to 2022-04-17T21:01:46.918292+00:00
[2022-04-18 21:01:46,943] {processor.py:171} INFO - Processing /home/airflow/.local/lib/python3.7/site-packages/airflow/example_dags/tutorial.py took 0.188 seconds
[2022-04-18 21:02:17,301] {processor.py:163} INFO - Started process (PID=550) to work on /home/airflow/.local/lib/python3.7/site-packages/airflow/example_dags/tutorial.py
[2022-04-18 21:02:17,304] {processor.py:642} INFO - Processing file /home/airflow/.local/lib/python3.7/site-packages/airflow/example_dags/tutorial.py for tasks to queue
[2022-04-18 21:02:17,307] {logging_mixin.py:109} INFO - [2022-04-18 21:02:17,307] {dagbag.py:500} INFO - Filling up the DagBag from /home/airflow/.local/lib/python3.7/site-packages/airflow/example_dags/tutorial.py
[2022-04-18 21:02:17,333] {processor.py:652} INFO - DAG(s) dict_keys(['tutorial']) retrieved from /home/airflow/.local/lib/python3.7/site-packages/airflow/example_dags/tutorial.py
[2022-04-18 21:02:17,370] {logging_mixin.py:109} INFO - [2022-04-18 21:02:17,370] {dag.py:2398} INFO - Sync 1 DAGs
[2022-04-18 21:02:17,395] {logging_mixin.py:109} INFO - [2022-04-18 21:02:17,395] {dag.py:2937} INFO - Setting next_dagrun for tutorial to 2022-04-17T21:02:17.395061+00:00
[2022-04-18 21:02:17,412] {processor.py:171} INFO - Processing /home/airflow/.local/lib/python3.7/site-packages/airflow/example_dags/tutorial.py took 0.119 seconds
[2022-04-18 21:02:47,694] {processor.py:163} INFO - Started process (PID=600) to work on /home/airflow/.local/lib/python3.7/site-packages/airflow/example_dags/tutorial.py
[2022-04-18 21:02:47,696] {processor.py:642} INFO - Processing file /home/airflow/.local/lib/python3.7/site-packages/airflow/example_dags/tutorial.py for tasks to queue
[2022-04-18 21:02:47,698] {logging_mixin.py:109} INFO - [2022-04-18 21:02:47,697] {dagbag.py:500} INFO - Filling up the DagBag from /home/airflow/.local/lib/python3.7/site-packages/airflow/example_dags/tutorial.py
[2022-04-18 21:02:47,715] {processor.py:652} INFO - DAG(s) dict_keys(['tutorial']) retrieved from /home/airflow/.local/lib/python3.7/site-packages/airflow/example_dags/tutorial.py
[2022-04-18 21:02:47,739] {logging_mixin.py:109} INFO - [2022-04-18 21:02:47,739] {dag.py:2398} INFO - Sync 1 DAGs
[2022-04-18 21:02:47,758] {logging_mixin.py:109} INFO - [2022-04-18 21:02:47,758] {dag.py:2937} INFO - Setting next_dagrun for tutorial to 2022-04-17T21:02:47.758119+00:00
[2022-04-18 21:02:47,770] {processor.py:171} INFO - Processing /home/airflow/.local/lib/python3.7/site-packages/airflow/example_dags/tutorial.py took 0.080 seconds
[2022-04-18 21:03:18,073] {processor.py:163} INFO - Started process (PID=659) to work on /home/airflow/.local/lib/python3.7/site-packages/airflow/example_dags/tutorial.py
[2022-04-18 21:03:18,076] {processor.py:642} INFO - Processing file /home/airflow/.local/lib/python3.7/site-packages/airflow/example_dags/tutorial.py for tasks to queue
[2022-04-18 21:03:18,077] {logging_mixin.py:109} INFO - [2022-04-18 21:03:18,077] {dagbag.py:500} INFO - Filling up the DagBag from /home/airflow/.local/lib/python3.7/site-packages/airflow/example_dags/tutorial.py
[2022-04-18 21:03:18,098] {processor.py:652} INFO - DAG(s) dict_keys(['tutorial']) retrieved from /home/airflow/.local/lib/python3.7/site-packages/airflow/example_dags/tutorial.py
[2022-04-18 21:03:18,123] {logging_mixin.py:109} INFO - [2022-04-18 21:03:18,123] {dag.py:2398} INFO - Sync 1 DAGs
[2022-04-18 21:03:18,141] {logging_mixin.py:109} INFO - [2022-04-18 21:03:18,141] {dag.py:2937} INFO - Setting next_dagrun for tutorial to 2022-04-17T21:03:18.141372+00:00
[2022-04-18 21:03:18,153] {processor.py:171} INFO - Processing /home/airflow/.local/lib/python3.7/site-packages/airflow/example_dags/tutorial.py took 0.085 seconds
[2022-04-18 21:03:48,569] {processor.py:163} INFO - Started process (PID=709) to work on /home/airflow/.local/lib/python3.7/site-packages/airflow/example_dags/tutorial.py
[2022-04-18 21:03:48,572] {processor.py:642} INFO - Processing file /home/airflow/.local/lib/python3.7/site-packages/airflow/example_dags/tutorial.py for tasks to queue
[2022-04-18 21:03:48,573] {logging_mixin.py:109} INFO - [2022-04-18 21:03:48,573] {dagbag.py:500} INFO - Filling up the DagBag from /home/airflow/.local/lib/python3.7/site-packages/airflow/example_dags/tutorial.py
[2022-04-18 21:03:48,591] {processor.py:652} INFO - DAG(s) dict_keys(['tutorial']) retrieved from /home/airflow/.local/lib/python3.7/site-packages/airflow/example_dags/tutorial.py
[2022-04-18 21:03:48,615] {logging_mixin.py:109} INFO - [2022-04-18 21:03:48,615] {dag.py:2398} INFO - Sync 1 DAGs
[2022-04-18 21:03:48,652] {logging_mixin.py:109} INFO - [2022-04-18 21:03:48,652] {dag.py:2937} INFO - Setting next_dagrun for tutorial to 2022-04-17T21:03:48.652132+00:00
[2022-04-18 21:03:48,666] {processor.py:171} INFO - Processing /home/airflow/.local/lib/python3.7/site-packages/airflow/example_dags/tutorial.py took 0.101 seconds
[2022-04-18 21:04:18,955] {processor.py:163} INFO - Started process (PID=769) to work on /home/airflow/.local/lib/python3.7/site-packages/airflow/example_dags/tutorial.py
[2022-04-18 21:04:18,957] {processor.py:642} INFO - Processing file /home/airflow/.local/lib/python3.7/site-packages/airflow/example_dags/tutorial.py for tasks to queue
[2022-04-18 21:04:18,961] {logging_mixin.py:109} INFO - [2022-04-18 21:04:18,960] {dagbag.py:500} INFO - Filling up the DagBag from /home/airflow/.local/lib/python3.7/site-packages/airflow/example_dags/tutorial.py
[2022-04-18 21:04:18,993] {processor.py:652} INFO - DAG(s) dict_keys(['tutorial']) retrieved from /home/airflow/.local/lib/python3.7/site-packages/airflow/example_dags/tutorial.py
[2022-04-18 21:04:19,038] {logging_mixin.py:109} INFO - [2022-04-18 21:04:19,038] {dag.py:2398} INFO - Sync 1 DAGs
[2022-04-18 21:04:19,081] {logging_mixin.py:109} INFO - [2022-04-18 21:04:19,081] {dag.py:2937} INFO - Setting next_dagrun for tutorial to 2022-04-17T21:04:19.081092+00:00
[2022-04-18 21:04:19,102] {processor.py:171} INFO - Processing /home/airflow/.local/lib/python3.7/site-packages/airflow/example_dags/tutorial.py took 0.158 seconds
[2022-04-18 21:04:49,241] {processor.py:163} INFO - Started process (PID=820) to work on /home/airflow/.local/lib/python3.7/site-packages/airflow/example_dags/tutorial.py
[2022-04-18 21:04:49,243] {processor.py:642} INFO - Processing file /home/airflow/.local/lib/python3.7/site-packages/airflow/example_dags/tutorial.py for tasks to queue
[2022-04-18 21:04:49,244] {logging_mixin.py:109} INFO - [2022-04-18 21:04:49,244] {dagbag.py:500} INFO - Filling up the DagBag from /home/airflow/.local/lib/python3.7/site-packages/airflow/example_dags/tutorial.py
[2022-04-18 21:04:49,262] {processor.py:652} INFO - DAG(s) dict_keys(['tutorial']) retrieved from /home/airflow/.local/lib/python3.7/site-packages/airflow/example_dags/tutorial.py
[2022-04-18 21:04:49,285] {logging_mixin.py:109} INFO - [2022-04-18 21:04:49,285] {dag.py:2398} INFO - Sync 1 DAGs
[2022-04-18 21:04:49,306] {logging_mixin.py:109} INFO - [2022-04-18 21:04:49,306] {dag.py:2937} INFO - Setting next_dagrun for tutorial to 2022-04-17T21:04:49.305661+00:00
[2022-04-18 21:04:49,317] {processor.py:171} INFO - Processing /home/airflow/.local/lib/python3.7/site-packages/airflow/example_dags/tutorial.py took 0.080 seconds
[2022-04-18 21:05:19,898] {processor.py:163} INFO - Started process (PID=880) to work on /home/airflow/.local/lib/python3.7/site-packages/airflow/example_dags/tutorial.py
[2022-04-18 21:05:19,900] {processor.py:642} INFO - Processing file /home/airflow/.local/lib/python3.7/site-packages/airflow/example_dags/tutorial.py for tasks to queue
[2022-04-18 21:05:19,901] {logging_mixin.py:109} INFO - [2022-04-18 21:05:19,901] {dagbag.py:500} INFO - Filling up the DagBag from /home/airflow/.local/lib/python3.7/site-packages/airflow/example_dags/tutorial.py
[2022-04-18 21:05:19,919] {processor.py:652} INFO - DAG(s) dict_keys(['tutorial']) retrieved from /home/airflow/.local/lib/python3.7/site-packages/airflow/example_dags/tutorial.py
[2022-04-18 21:05:19,943] {logging_mixin.py:109} INFO - [2022-04-18 21:05:19,943] {dag.py:2398} INFO - Sync 1 DAGs
[2022-04-18 21:05:19,963] {logging_mixin.py:109} INFO - [2022-04-18 21:05:19,963] {dag.py:2937} INFO - Setting next_dagrun for tutorial to 2022-04-17T21:05:19.963143+00:00
[2022-04-18 21:05:19,976] {processor.py:171} INFO - Processing /home/airflow/.local/lib/python3.7/site-packages/airflow/example_dags/tutorial.py took 0.082 seconds
[2022-04-18 21:05:50,036] {processor.py:163} INFO - Started process (PID=930) to work on /home/airflow/.local/lib/python3.7/site-packages/airflow/example_dags/tutorial.py
[2022-04-18 21:05:50,039] {processor.py:642} INFO - Processing file /home/airflow/.local/lib/python3.7/site-packages/airflow/example_dags/tutorial.py for tasks to queue
[2022-04-18 21:05:50,040] {logging_mixin.py:109} INFO - [2022-04-18 21:05:50,040] {dagbag.py:500} INFO - Filling up the DagBag from /home/airflow/.local/lib/python3.7/site-packages/airflow/example_dags/tutorial.py
[2022-04-18 21:05:50,058] {processor.py:652} INFO - DAG(s) dict_keys(['tutorial']) retrieved from /home/airflow/.local/lib/python3.7/site-packages/airflow/example_dags/tutorial.py
[2022-04-18 21:05:50,079] {logging_mixin.py:109} INFO - [2022-04-18 21:05:50,079] {dag.py:2398} INFO - Sync 1 DAGs
[2022-04-18 21:05:50,096] {logging_mixin.py:109} INFO - [2022-04-18 21:05:50,096] {dag.py:2937} INFO - Setting next_dagrun for tutorial to 2022-04-17T21:05:50.096366+00:00
[2022-04-18 21:05:50,106] {processor.py:171} INFO - Processing /home/airflow/.local/lib/python3.7/site-packages/airflow/example_dags/tutorial.py took 0.073 seconds
[2022-04-18 21:06:20,875] {processor.py:163} INFO - Started process (PID=992) to work on /home/airflow/.local/lib/python3.7/site-packages/airflow/example_dags/tutorial.py
[2022-04-18 21:06:20,877] {processor.py:642} INFO - Processing file /home/airflow/.local/lib/python3.7/site-packages/airflow/example_dags/tutorial.py for tasks to queue
[2022-04-18 21:06:20,878] {logging_mixin.py:109} INFO - [2022-04-18 21:06:20,878] {dagbag.py:500} INFO - Filling up the DagBag from /home/airflow/.local/lib/python3.7/site-packages/airflow/example_dags/tutorial.py
[2022-04-18 21:06:20,900] {processor.py:652} INFO - DAG(s) dict_keys(['tutorial']) retrieved from /home/airflow/.local/lib/python3.7/site-packages/airflow/example_dags/tutorial.py
[2022-04-18 21:06:20,927] {logging_mixin.py:109} INFO - [2022-04-18 21:06:20,927] {dag.py:2398} INFO - Sync 1 DAGs
[2022-04-18 21:06:20,947] {logging_mixin.py:109} INFO - [2022-04-18 21:06:20,947] {dag.py:2937} INFO - Setting next_dagrun for tutorial to 2022-04-17T21:06:20.946955+00:00
[2022-04-18 21:06:20,964] {processor.py:171} INFO - Processing /home/airflow/.local/lib/python3.7/site-packages/airflow/example_dags/tutorial.py took 0.093 seconds
[2022-04-18 21:06:51,551] {processor.py:163} INFO - Started process (PID=1043) to work on /home/airflow/.local/lib/python3.7/site-packages/airflow/example_dags/tutorial.py
[2022-04-18 21:06:51,560] {processor.py:642} INFO - Processing file /home/airflow/.local/lib/python3.7/site-packages/airflow/example_dags/tutorial.py for tasks to queue
[2022-04-18 21:06:51,563] {logging_mixin.py:109} INFO - [2022-04-18 21:06:51,562] {dagbag.py:500} INFO - Filling up the DagBag from /home/airflow/.local/lib/python3.7/site-packages/airflow/example_dags/tutorial.py
[2022-04-18 21:06:51,601] {processor.py:652} INFO - DAG(s) dict_keys(['tutorial']) retrieved from /home/airflow/.local/lib/python3.7/site-packages/airflow/example_dags/tutorial.py
[2022-04-18 21:06:51,668] {logging_mixin.py:109} INFO - [2022-04-18 21:06:51,668] {dag.py:2398} INFO - Sync 1 DAGs
[2022-04-18 21:06:51,724] {logging_mixin.py:109} INFO - [2022-04-18 21:06:51,724] {dag.py:2937} INFO - Setting next_dagrun for tutorial to 2022-04-17T21:06:51.723181+00:00
[2022-04-18 21:06:51,759] {processor.py:171} INFO - Processing /home/airflow/.local/lib/python3.7/site-packages/airflow/example_dags/tutorial.py took 0.217 seconds
[2022-04-18 21:07:22,071] {processor.py:163} INFO - Started process (PID=1095) to work on /home/airflow/.local/lib/python3.7/site-packages/airflow/example_dags/tutorial.py
[2022-04-18 21:07:22,073] {processor.py:642} INFO - Processing file /home/airflow/.local/lib/python3.7/site-packages/airflow/example_dags/tutorial.py for tasks to queue
[2022-04-18 21:07:22,074] {logging_mixin.py:109} INFO - [2022-04-18 21:07:22,074] {dagbag.py:500} INFO - Filling up the DagBag from /home/airflow/.local/lib/python3.7/site-packages/airflow/example_dags/tutorial.py
[2022-04-18 21:07:22,092] {processor.py:652} INFO - DAG(s) dict_keys(['tutorial']) retrieved from /home/airflow/.local/lib/python3.7/site-packages/airflow/example_dags/tutorial.py
[2022-04-18 21:07:22,113] {logging_mixin.py:109} INFO - [2022-04-18 21:07:22,113] {dag.py:2398} INFO - Sync 1 DAGs
[2022-04-18 21:07:22,144] {logging_mixin.py:109} INFO - [2022-04-18 21:07:22,144] {dag.py:2937} INFO - Setting next_dagrun for tutorial to 2022-04-17T21:07:22.144104+00:00
[2022-04-18 21:07:22,157] {processor.py:171} INFO - Processing /home/airflow/.local/lib/python3.7/site-packages/airflow/example_dags/tutorial.py took 0.092 seconds
[2022-04-18 21:07:52,223] {processor.py:163} INFO - Started process (PID=1157) to work on /home/airflow/.local/lib/python3.7/site-packages/airflow/example_dags/tutorial.py
[2022-04-18 21:07:52,225] {processor.py:642} INFO - Processing file /home/airflow/.local/lib/python3.7/site-packages/airflow/example_dags/tutorial.py for tasks to queue
[2022-04-18 21:07:52,226] {logging_mixin.py:109} INFO - [2022-04-18 21:07:52,226] {dagbag.py:500} INFO - Filling up the DagBag from /home/airflow/.local/lib/python3.7/site-packages/airflow/example_dags/tutorial.py
[2022-04-18 21:07:52,251] {processor.py:652} INFO - DAG(s) dict_keys(['tutorial']) retrieved from /home/airflow/.local/lib/python3.7/site-packages/airflow/example_dags/tutorial.py
[2022-04-18 21:07:52,287] {logging_mixin.py:109} INFO - [2022-04-18 21:07:52,286] {dag.py:2398} INFO - Sync 1 DAGs
[2022-04-18 21:07:52,321] {logging_mixin.py:109} INFO - [2022-04-18 21:07:52,321] {dag.py:2937} INFO - Setting next_dagrun for tutorial to 2022-04-17T21:07:52.320675+00:00
[2022-04-18 21:07:52,344] {processor.py:171} INFO - Processing /home/airflow/.local/lib/python3.7/site-packages/airflow/example_dags/tutorial.py took 0.129 seconds
[2022-04-18 21:08:22,853] {processor.py:163} INFO - Started process (PID=1209) to work on /home/airflow/.local/lib/python3.7/site-packages/airflow/example_dags/tutorial.py
[2022-04-18 21:08:22,856] {processor.py:642} INFO - Processing file /home/airflow/.local/lib/python3.7/site-packages/airflow/example_dags/tutorial.py for tasks to queue
[2022-04-18 21:08:22,857] {logging_mixin.py:109} INFO - [2022-04-18 21:08:22,857] {dagbag.py:500} INFO - Filling up the DagBag from /home/airflow/.local/lib/python3.7/site-packages/airflow/example_dags/tutorial.py
[2022-04-18 21:08:22,968] {processor.py:652} INFO - DAG(s) dict_keys(['tutorial']) retrieved from /home/airflow/.local/lib/python3.7/site-packages/airflow/example_dags/tutorial.py
[2022-04-18 21:08:22,996] {logging_mixin.py:109} INFO - [2022-04-18 21:08:22,996] {dag.py:2398} INFO - Sync 1 DAGs
[2022-04-18 21:08:23,016] {logging_mixin.py:109} INFO - [2022-04-18 21:08:23,016] {dag.py:2937} INFO - Setting next_dagrun for tutorial to 2022-04-17T21:08:23.016155+00:00
[2022-04-18 21:08:23,027] {processor.py:171} INFO - Processing /home/airflow/.local/lib/python3.7/site-packages/airflow/example_dags/tutorial.py took 0.179 seconds
[2022-04-18 21:08:53,129] {processor.py:163} INFO - Started process (PID=1268) to work on /home/airflow/.local/lib/python3.7/site-packages/airflow/example_dags/tutorial.py
[2022-04-18 21:08:53,131] {processor.py:642} INFO - Processing file /home/airflow/.local/lib/python3.7/site-packages/airflow/example_dags/tutorial.py for tasks to queue
[2022-04-18 21:08:53,133] {logging_mixin.py:109} INFO - [2022-04-18 21:08:53,132] {dagbag.py:500} INFO - Filling up the DagBag from /home/airflow/.local/lib/python3.7/site-packages/airflow/example_dags/tutorial.py
[2022-04-18 21:08:53,150] {processor.py:652} INFO - DAG(s) dict_keys(['tutorial']) retrieved from /home/airflow/.local/lib/python3.7/site-packages/airflow/example_dags/tutorial.py
[2022-04-18 21:08:53,173] {logging_mixin.py:109} INFO - [2022-04-18 21:08:53,173] {dag.py:2398} INFO - Sync 1 DAGs
[2022-04-18 21:08:53,190] {logging_mixin.py:109} INFO - [2022-04-18 21:08:53,190] {dag.py:2937} INFO - Setting next_dagrun for tutorial to 2022-04-17T21:08:53.190310+00:00
[2022-04-18 21:08:53,200] {processor.py:171} INFO - Processing /home/airflow/.local/lib/python3.7/site-packages/airflow/example_dags/tutorial.py took 0.076 seconds
[2022-04-18 21:09:23,485] {processor.py:163} INFO - Started process (PID=1327) to work on /home/airflow/.local/lib/python3.7/site-packages/airflow/example_dags/tutorial.py
[2022-04-18 21:09:23,488] {processor.py:642} INFO - Processing file /home/airflow/.local/lib/python3.7/site-packages/airflow/example_dags/tutorial.py for tasks to queue
[2022-04-18 21:09:23,489] {logging_mixin.py:109} INFO - [2022-04-18 21:09:23,489] {dagbag.py:500} INFO - Filling up the DagBag from /home/airflow/.local/lib/python3.7/site-packages/airflow/example_dags/tutorial.py
[2022-04-18 21:09:23,505] {processor.py:652} INFO - DAG(s) dict_keys(['tutorial']) retrieved from /home/airflow/.local/lib/python3.7/site-packages/airflow/example_dags/tutorial.py
[2022-04-18 21:09:23,529] {logging_mixin.py:109} INFO - [2022-04-18 21:09:23,529] {dag.py:2398} INFO - Sync 1 DAGs
[2022-04-18 21:09:23,557] {logging_mixin.py:109} INFO - [2022-04-18 21:09:23,557] {dag.py:2937} INFO - Setting next_dagrun for tutorial to 2022-04-17T21:09:23.557585+00:00
[2022-04-18 21:09:23,569] {processor.py:171} INFO - Processing /home/airflow/.local/lib/python3.7/site-packages/airflow/example_dags/tutorial.py took 0.089 seconds
