[2022-04-18 20:59:43,699] {processor.py:163} INFO - Started process (PID=227) to work on /home/airflow/.local/lib/python3.7/site-packages/airflow/example_dags/tutorial_etl_dag.py
[2022-04-18 20:59:43,701] {processor.py:642} INFO - Processing file /home/airflow/.local/lib/python3.7/site-packages/airflow/example_dags/tutorial_etl_dag.py for tasks to queue
[2022-04-18 20:59:43,702] {logging_mixin.py:109} INFO - [2022-04-18 20:59:43,702] {dagbag.py:500} INFO - Filling up the DagBag from /home/airflow/.local/lib/python3.7/site-packages/airflow/example_dags/tutorial_etl_dag.py
[2022-04-18 20:59:43,725] {processor.py:652} INFO - DAG(s) dict_keys(['tutorial_etl_dag']) retrieved from /home/airflow/.local/lib/python3.7/site-packages/airflow/example_dags/tutorial_etl_dag.py
[2022-04-18 20:59:45,542] {logging_mixin.py:109} INFO - [2022-04-18 20:59:45,542] {manager.py:496} INFO - Created Permission View: can read on DAG:tutorial_etl_dag
[2022-04-18 20:59:45,554] {logging_mixin.py:109} INFO - [2022-04-18 20:59:45,554] {manager.py:496} INFO - Created Permission View: can edit on DAG:tutorial_etl_dag
[2022-04-18 20:59:45,556] {logging_mixin.py:109} INFO - [2022-04-18 20:59:45,555] {dag.py:2398} INFO - Sync 1 DAGs
[2022-04-18 20:59:45,566] {logging_mixin.py:109} INFO - [2022-04-18 20:59:45,565] {dag.py:2417} INFO - Creating ORM DAG for tutorial_etl_dag
[2022-04-18 20:59:45,576] {logging_mixin.py:109} INFO - [2022-04-18 20:59:45,576] {dag.py:2937} INFO - Setting next_dagrun for tutorial_etl_dag to None
[2022-04-18 20:59:45,592] {processor.py:171} INFO - Processing /home/airflow/.local/lib/python3.7/site-packages/airflow/example_dags/tutorial_etl_dag.py took 1.898 seconds
[2022-04-18 21:00:15,859] {processor.py:163} INFO - Started process (PID=323) to work on /home/airflow/.local/lib/python3.7/site-packages/airflow/example_dags/tutorial_etl_dag.py
[2022-04-18 21:00:15,860] {processor.py:642} INFO - Processing file /home/airflow/.local/lib/python3.7/site-packages/airflow/example_dags/tutorial_etl_dag.py for tasks to queue
[2022-04-18 21:00:15,861] {logging_mixin.py:109} INFO - [2022-04-18 21:00:15,861] {dagbag.py:500} INFO - Filling up the DagBag from /home/airflow/.local/lib/python3.7/site-packages/airflow/example_dags/tutorial_etl_dag.py
[2022-04-18 21:00:15,884] {processor.py:652} INFO - DAG(s) dict_keys(['tutorial_etl_dag']) retrieved from /home/airflow/.local/lib/python3.7/site-packages/airflow/example_dags/tutorial_etl_dag.py
[2022-04-18 21:00:15,907] {logging_mixin.py:109} INFO - [2022-04-18 21:00:15,907] {dag.py:2398} INFO - Sync 1 DAGs
[2022-04-18 21:00:15,927] {logging_mixin.py:109} INFO - [2022-04-18 21:00:15,927] {dag.py:2937} INFO - Setting next_dagrun for tutorial_etl_dag to None
[2022-04-18 21:00:15,939] {processor.py:171} INFO - Processing /home/airflow/.local/lib/python3.7/site-packages/airflow/example_dags/tutorial_etl_dag.py took 0.083 seconds
[2022-04-18 21:00:46,046] {processor.py:163} INFO - Started process (PID=376) to work on /home/airflow/.local/lib/python3.7/site-packages/airflow/example_dags/tutorial_etl_dag.py
[2022-04-18 21:00:46,050] {processor.py:642} INFO - Processing file /home/airflow/.local/lib/python3.7/site-packages/airflow/example_dags/tutorial_etl_dag.py for tasks to queue
[2022-04-18 21:00:46,051] {logging_mixin.py:109} INFO - [2022-04-18 21:00:46,051] {dagbag.py:500} INFO - Filling up the DagBag from /home/airflow/.local/lib/python3.7/site-packages/airflow/example_dags/tutorial_etl_dag.py
[2022-04-18 21:00:46,074] {processor.py:652} INFO - DAG(s) dict_keys(['tutorial_etl_dag']) retrieved from /home/airflow/.local/lib/python3.7/site-packages/airflow/example_dags/tutorial_etl_dag.py
[2022-04-18 21:00:46,100] {logging_mixin.py:109} INFO - [2022-04-18 21:00:46,099] {dag.py:2398} INFO - Sync 1 DAGs
[2022-04-18 21:00:46,119] {logging_mixin.py:109} INFO - [2022-04-18 21:00:46,119] {dag.py:2937} INFO - Setting next_dagrun for tutorial_etl_dag to None
[2022-04-18 21:00:46,131] {processor.py:171} INFO - Processing /home/airflow/.local/lib/python3.7/site-packages/airflow/example_dags/tutorial_etl_dag.py took 0.090 seconds
[2022-04-18 21:01:16,408] {processor.py:163} INFO - Started process (PID=437) to work on /home/airflow/.local/lib/python3.7/site-packages/airflow/example_dags/tutorial_etl_dag.py
[2022-04-18 21:01:16,411] {processor.py:642} INFO - Processing file /home/airflow/.local/lib/python3.7/site-packages/airflow/example_dags/tutorial_etl_dag.py for tasks to queue
[2022-04-18 21:01:16,412] {logging_mixin.py:109} INFO - [2022-04-18 21:01:16,412] {dagbag.py:500} INFO - Filling up the DagBag from /home/airflow/.local/lib/python3.7/site-packages/airflow/example_dags/tutorial_etl_dag.py
[2022-04-18 21:01:16,429] {processor.py:652} INFO - DAG(s) dict_keys(['tutorial_etl_dag']) retrieved from /home/airflow/.local/lib/python3.7/site-packages/airflow/example_dags/tutorial_etl_dag.py
[2022-04-18 21:01:16,453] {logging_mixin.py:109} INFO - [2022-04-18 21:01:16,453] {dag.py:2398} INFO - Sync 1 DAGs
[2022-04-18 21:01:16,471] {logging_mixin.py:109} INFO - [2022-04-18 21:01:16,471] {dag.py:2937} INFO - Setting next_dagrun for tutorial_etl_dag to None
[2022-04-18 21:01:16,481] {processor.py:171} INFO - Processing /home/airflow/.local/lib/python3.7/site-packages/airflow/example_dags/tutorial_etl_dag.py took 0.077 seconds
[2022-04-18 21:01:46,776] {processor.py:163} INFO - Started process (PID=489) to work on /home/airflow/.local/lib/python3.7/site-packages/airflow/example_dags/tutorial_etl_dag.py
[2022-04-18 21:01:46,787] {processor.py:642} INFO - Processing file /home/airflow/.local/lib/python3.7/site-packages/airflow/example_dags/tutorial_etl_dag.py for tasks to queue
[2022-04-18 21:01:46,792] {logging_mixin.py:109} INFO - [2022-04-18 21:01:46,791] {dagbag.py:500} INFO - Filling up the DagBag from /home/airflow/.local/lib/python3.7/site-packages/airflow/example_dags/tutorial_etl_dag.py
[2022-04-18 21:01:46,823] {processor.py:652} INFO - DAG(s) dict_keys(['tutorial_etl_dag']) retrieved from /home/airflow/.local/lib/python3.7/site-packages/airflow/example_dags/tutorial_etl_dag.py
[2022-04-18 21:01:46,861] {logging_mixin.py:109} INFO - [2022-04-18 21:01:46,861] {dag.py:2398} INFO - Sync 1 DAGs
[2022-04-18 21:01:46,918] {logging_mixin.py:109} INFO - [2022-04-18 21:01:46,918] {dag.py:2937} INFO - Setting next_dagrun for tutorial_etl_dag to None
[2022-04-18 21:01:46,950] {processor.py:171} INFO - Processing /home/airflow/.local/lib/python3.7/site-packages/airflow/example_dags/tutorial_etl_dag.py took 0.185 seconds
[2022-04-18 21:02:17,305] {processor.py:163} INFO - Started process (PID=551) to work on /home/airflow/.local/lib/python3.7/site-packages/airflow/example_dags/tutorial_etl_dag.py
[2022-04-18 21:02:17,308] {processor.py:642} INFO - Processing file /home/airflow/.local/lib/python3.7/site-packages/airflow/example_dags/tutorial_etl_dag.py for tasks to queue
[2022-04-18 21:02:17,312] {logging_mixin.py:109} INFO - [2022-04-18 21:02:17,312] {dagbag.py:500} INFO - Filling up the DagBag from /home/airflow/.local/lib/python3.7/site-packages/airflow/example_dags/tutorial_etl_dag.py
[2022-04-18 21:02:17,334] {processor.py:652} INFO - DAG(s) dict_keys(['tutorial_etl_dag']) retrieved from /home/airflow/.local/lib/python3.7/site-packages/airflow/example_dags/tutorial_etl_dag.py
[2022-04-18 21:02:17,366] {logging_mixin.py:109} INFO - [2022-04-18 21:02:17,365] {dag.py:2398} INFO - Sync 1 DAGs
[2022-04-18 21:02:17,396] {logging_mixin.py:109} INFO - [2022-04-18 21:02:17,396] {dag.py:2937} INFO - Setting next_dagrun for tutorial_etl_dag to None
[2022-04-18 21:02:17,409] {processor.py:171} INFO - Processing /home/airflow/.local/lib/python3.7/site-packages/airflow/example_dags/tutorial_etl_dag.py took 0.110 seconds
[2022-04-18 21:02:47,695] {processor.py:163} INFO - Started process (PID=601) to work on /home/airflow/.local/lib/python3.7/site-packages/airflow/example_dags/tutorial_etl_dag.py
[2022-04-18 21:02:47,698] {processor.py:642} INFO - Processing file /home/airflow/.local/lib/python3.7/site-packages/airflow/example_dags/tutorial_etl_dag.py for tasks to queue
[2022-04-18 21:02:47,699] {logging_mixin.py:109} INFO - [2022-04-18 21:02:47,699] {dagbag.py:500} INFO - Filling up the DagBag from /home/airflow/.local/lib/python3.7/site-packages/airflow/example_dags/tutorial_etl_dag.py
[2022-04-18 21:02:47,717] {processor.py:652} INFO - DAG(s) dict_keys(['tutorial_etl_dag']) retrieved from /home/airflow/.local/lib/python3.7/site-packages/airflow/example_dags/tutorial_etl_dag.py
[2022-04-18 21:02:47,739] {logging_mixin.py:109} INFO - [2022-04-18 21:02:47,739] {dag.py:2398} INFO - Sync 1 DAGs
[2022-04-18 21:02:47,758] {logging_mixin.py:109} INFO - [2022-04-18 21:02:47,758] {dag.py:2937} INFO - Setting next_dagrun for tutorial_etl_dag to None
[2022-04-18 21:02:47,769] {processor.py:171} INFO - Processing /home/airflow/.local/lib/python3.7/site-packages/airflow/example_dags/tutorial_etl_dag.py took 0.078 seconds
[2022-04-18 21:03:18,077] {processor.py:163} INFO - Started process (PID=660) to work on /home/airflow/.local/lib/python3.7/site-packages/airflow/example_dags/tutorial_etl_dag.py
[2022-04-18 21:03:18,079] {processor.py:642} INFO - Processing file /home/airflow/.local/lib/python3.7/site-packages/airflow/example_dags/tutorial_etl_dag.py for tasks to queue
[2022-04-18 21:03:18,081] {logging_mixin.py:109} INFO - [2022-04-18 21:03:18,081] {dagbag.py:500} INFO - Filling up the DagBag from /home/airflow/.local/lib/python3.7/site-packages/airflow/example_dags/tutorial_etl_dag.py
[2022-04-18 21:03:18,101] {processor.py:652} INFO - DAG(s) dict_keys(['tutorial_etl_dag']) retrieved from /home/airflow/.local/lib/python3.7/site-packages/airflow/example_dags/tutorial_etl_dag.py
[2022-04-18 21:03:18,125] {logging_mixin.py:109} INFO - [2022-04-18 21:03:18,125] {dag.py:2398} INFO - Sync 1 DAGs
[2022-04-18 21:03:18,143] {logging_mixin.py:109} INFO - [2022-04-18 21:03:18,143] {dag.py:2937} INFO - Setting next_dagrun for tutorial_etl_dag to None
[2022-04-18 21:03:18,154] {processor.py:171} INFO - Processing /home/airflow/.local/lib/python3.7/site-packages/airflow/example_dags/tutorial_etl_dag.py took 0.081 seconds
[2022-04-18 21:03:48,574] {processor.py:163} INFO - Started process (PID=710) to work on /home/airflow/.local/lib/python3.7/site-packages/airflow/example_dags/tutorial_etl_dag.py
[2022-04-18 21:03:48,576] {processor.py:642} INFO - Processing file /home/airflow/.local/lib/python3.7/site-packages/airflow/example_dags/tutorial_etl_dag.py for tasks to queue
[2022-04-18 21:03:48,577] {logging_mixin.py:109} INFO - [2022-04-18 21:03:48,577] {dagbag.py:500} INFO - Filling up the DagBag from /home/airflow/.local/lib/python3.7/site-packages/airflow/example_dags/tutorial_etl_dag.py
[2022-04-18 21:03:48,596] {processor.py:652} INFO - DAG(s) dict_keys(['tutorial_etl_dag']) retrieved from /home/airflow/.local/lib/python3.7/site-packages/airflow/example_dags/tutorial_etl_dag.py
[2022-04-18 21:03:48,619] {logging_mixin.py:109} INFO - [2022-04-18 21:03:48,619] {dag.py:2398} INFO - Sync 1 DAGs
[2022-04-18 21:03:48,652] {logging_mixin.py:109} INFO - [2022-04-18 21:03:48,652] {dag.py:2937} INFO - Setting next_dagrun for tutorial_etl_dag to None
[2022-04-18 21:03:48,666] {processor.py:171} INFO - Processing /home/airflow/.local/lib/python3.7/site-packages/airflow/example_dags/tutorial_etl_dag.py took 0.097 seconds
[2022-04-18 21:04:18,953] {processor.py:163} INFO - Started process (PID=770) to work on /home/airflow/.local/lib/python3.7/site-packages/airflow/example_dags/tutorial_etl_dag.py
[2022-04-18 21:04:18,957] {processor.py:642} INFO - Processing file /home/airflow/.local/lib/python3.7/site-packages/airflow/example_dags/tutorial_etl_dag.py for tasks to queue
[2022-04-18 21:04:18,959] {logging_mixin.py:109} INFO - [2022-04-18 21:04:18,959] {dagbag.py:500} INFO - Filling up the DagBag from /home/airflow/.local/lib/python3.7/site-packages/airflow/example_dags/tutorial_etl_dag.py
[2022-04-18 21:04:18,984] {processor.py:652} INFO - DAG(s) dict_keys(['tutorial_etl_dag']) retrieved from /home/airflow/.local/lib/python3.7/site-packages/airflow/example_dags/tutorial_etl_dag.py
[2022-04-18 21:04:19,022] {logging_mixin.py:109} INFO - [2022-04-18 21:04:19,021] {dag.py:2398} INFO - Sync 1 DAGs
[2022-04-18 21:04:19,048] {logging_mixin.py:109} INFO - [2022-04-18 21:04:19,047] {dag.py:2937} INFO - Setting next_dagrun for tutorial_etl_dag to None
[2022-04-18 21:04:19,068] {processor.py:171} INFO - Processing /home/airflow/.local/lib/python3.7/site-packages/airflow/example_dags/tutorial_etl_dag.py took 0.120 seconds
[2022-04-18 21:04:49,343] {processor.py:163} INFO - Started process (PID=821) to work on /home/airflow/.local/lib/python3.7/site-packages/airflow/example_dags/tutorial_etl_dag.py
[2022-04-18 21:04:49,345] {processor.py:642} INFO - Processing file /home/airflow/.local/lib/python3.7/site-packages/airflow/example_dags/tutorial_etl_dag.py for tasks to queue
[2022-04-18 21:04:49,347] {logging_mixin.py:109} INFO - [2022-04-18 21:04:49,346] {dagbag.py:500} INFO - Filling up the DagBag from /home/airflow/.local/lib/python3.7/site-packages/airflow/example_dags/tutorial_etl_dag.py
[2022-04-18 21:04:49,364] {processor.py:652} INFO - DAG(s) dict_keys(['tutorial_etl_dag']) retrieved from /home/airflow/.local/lib/python3.7/site-packages/airflow/example_dags/tutorial_etl_dag.py
[2022-04-18 21:04:49,394] {logging_mixin.py:109} INFO - [2022-04-18 21:04:49,394] {dag.py:2398} INFO - Sync 1 DAGs
[2022-04-18 21:04:49,415] {logging_mixin.py:109} INFO - [2022-04-18 21:04:49,415] {dag.py:2937} INFO - Setting next_dagrun for tutorial_etl_dag to None
[2022-04-18 21:04:49,430] {processor.py:171} INFO - Processing /home/airflow/.local/lib/python3.7/site-packages/airflow/example_dags/tutorial_etl_dag.py took 0.090 seconds
[2022-04-18 21:05:20,000] {processor.py:163} INFO - Started process (PID=881) to work on /home/airflow/.local/lib/python3.7/site-packages/airflow/example_dags/tutorial_etl_dag.py
[2022-04-18 21:05:20,002] {processor.py:642} INFO - Processing file /home/airflow/.local/lib/python3.7/site-packages/airflow/example_dags/tutorial_etl_dag.py for tasks to queue
[2022-04-18 21:05:20,004] {logging_mixin.py:109} INFO - [2022-04-18 21:05:20,003] {dagbag.py:500} INFO - Filling up the DagBag from /home/airflow/.local/lib/python3.7/site-packages/airflow/example_dags/tutorial_etl_dag.py
[2022-04-18 21:05:20,022] {processor.py:652} INFO - DAG(s) dict_keys(['tutorial_etl_dag']) retrieved from /home/airflow/.local/lib/python3.7/site-packages/airflow/example_dags/tutorial_etl_dag.py
[2022-04-18 21:05:20,045] {logging_mixin.py:109} INFO - [2022-04-18 21:05:20,044] {dag.py:2398} INFO - Sync 1 DAGs
[2022-04-18 21:05:20,064] {logging_mixin.py:109} INFO - [2022-04-18 21:05:20,064] {dag.py:2937} INFO - Setting next_dagrun for tutorial_etl_dag to None
[2022-04-18 21:05:20,076] {processor.py:171} INFO - Processing /home/airflow/.local/lib/python3.7/site-packages/airflow/example_dags/tutorial_etl_dag.py took 0.080 seconds
[2022-04-18 21:05:50,126] {processor.py:163} INFO - Started process (PID=931) to work on /home/airflow/.local/lib/python3.7/site-packages/airflow/example_dags/tutorial_etl_dag.py
[2022-04-18 21:05:50,128] {processor.py:642} INFO - Processing file /home/airflow/.local/lib/python3.7/site-packages/airflow/example_dags/tutorial_etl_dag.py for tasks to queue
[2022-04-18 21:05:50,129] {logging_mixin.py:109} INFO - [2022-04-18 21:05:50,129] {dagbag.py:500} INFO - Filling up the DagBag from /home/airflow/.local/lib/python3.7/site-packages/airflow/example_dags/tutorial_etl_dag.py
[2022-04-18 21:05:50,145] {processor.py:652} INFO - DAG(s) dict_keys(['tutorial_etl_dag']) retrieved from /home/airflow/.local/lib/python3.7/site-packages/airflow/example_dags/tutorial_etl_dag.py
[2022-04-18 21:05:50,165] {logging_mixin.py:109} INFO - [2022-04-18 21:05:50,165] {dag.py:2398} INFO - Sync 1 DAGs
[2022-04-18 21:05:50,181] {logging_mixin.py:109} INFO - [2022-04-18 21:05:50,181] {dag.py:2937} INFO - Setting next_dagrun for tutorial_etl_dag to None
[2022-04-18 21:05:50,189] {processor.py:171} INFO - Processing /home/airflow/.local/lib/python3.7/site-packages/airflow/example_dags/tutorial_etl_dag.py took 0.067 seconds
[2022-04-18 21:06:20,878] {processor.py:163} INFO - Started process (PID=993) to work on /home/airflow/.local/lib/python3.7/site-packages/airflow/example_dags/tutorial_etl_dag.py
[2022-04-18 21:06:20,880] {processor.py:642} INFO - Processing file /home/airflow/.local/lib/python3.7/site-packages/airflow/example_dags/tutorial_etl_dag.py for tasks to queue
[2022-04-18 21:06:20,882] {logging_mixin.py:109} INFO - [2022-04-18 21:06:20,882] {dagbag.py:500} INFO - Filling up the DagBag from /home/airflow/.local/lib/python3.7/site-packages/airflow/example_dags/tutorial_etl_dag.py
[2022-04-18 21:06:20,904] {processor.py:652} INFO - DAG(s) dict_keys(['tutorial_etl_dag']) retrieved from /home/airflow/.local/lib/python3.7/site-packages/airflow/example_dags/tutorial_etl_dag.py
[2022-04-18 21:06:20,928] {logging_mixin.py:109} INFO - [2022-04-18 21:06:20,928] {dag.py:2398} INFO - Sync 1 DAGs
[2022-04-18 21:06:20,945] {logging_mixin.py:109} INFO - [2022-04-18 21:06:20,945] {dag.py:2937} INFO - Setting next_dagrun for tutorial_etl_dag to None
[2022-04-18 21:06:20,960] {processor.py:171} INFO - Processing /home/airflow/.local/lib/python3.7/site-packages/airflow/example_dags/tutorial_etl_dag.py took 0.086 seconds
[2022-04-18 21:06:51,560] {processor.py:163} INFO - Started process (PID=1044) to work on /home/airflow/.local/lib/python3.7/site-packages/airflow/example_dags/tutorial_etl_dag.py
[2022-04-18 21:06:51,564] {processor.py:642} INFO - Processing file /home/airflow/.local/lib/python3.7/site-packages/airflow/example_dags/tutorial_etl_dag.py for tasks to queue
[2022-04-18 21:06:51,568] {logging_mixin.py:109} INFO - [2022-04-18 21:06:51,567] {dagbag.py:500} INFO - Filling up the DagBag from /home/airflow/.local/lib/python3.7/site-packages/airflow/example_dags/tutorial_etl_dag.py
[2022-04-18 21:06:51,606] {processor.py:652} INFO - DAG(s) dict_keys(['tutorial_etl_dag']) retrieved from /home/airflow/.local/lib/python3.7/site-packages/airflow/example_dags/tutorial_etl_dag.py
[2022-04-18 21:06:51,675] {logging_mixin.py:109} INFO - [2022-04-18 21:06:51,675] {dag.py:2398} INFO - Sync 1 DAGs
[2022-04-18 21:06:51,720] {logging_mixin.py:109} INFO - [2022-04-18 21:06:51,720] {dag.py:2937} INFO - Setting next_dagrun for tutorial_etl_dag to None
[2022-04-18 21:06:51,740] {processor.py:171} INFO - Processing /home/airflow/.local/lib/python3.7/site-packages/airflow/example_dags/tutorial_etl_dag.py took 0.189 seconds
[2022-04-18 21:07:22,074] {processor.py:163} INFO - Started process (PID=1096) to work on /home/airflow/.local/lib/python3.7/site-packages/airflow/example_dags/tutorial_etl_dag.py
[2022-04-18 21:07:22,076] {processor.py:642} INFO - Processing file /home/airflow/.local/lib/python3.7/site-packages/airflow/example_dags/tutorial_etl_dag.py for tasks to queue
[2022-04-18 21:07:22,078] {logging_mixin.py:109} INFO - [2022-04-18 21:07:22,078] {dagbag.py:500} INFO - Filling up the DagBag from /home/airflow/.local/lib/python3.7/site-packages/airflow/example_dags/tutorial_etl_dag.py
[2022-04-18 21:07:22,095] {processor.py:652} INFO - DAG(s) dict_keys(['tutorial_etl_dag']) retrieved from /home/airflow/.local/lib/python3.7/site-packages/airflow/example_dags/tutorial_etl_dag.py
[2022-04-18 21:07:22,117] {logging_mixin.py:109} INFO - [2022-04-18 21:07:22,117] {dag.py:2398} INFO - Sync 1 DAGs
[2022-04-18 21:07:22,149] {logging_mixin.py:109} INFO - [2022-04-18 21:07:22,149] {dag.py:2937} INFO - Setting next_dagrun for tutorial_etl_dag to None
[2022-04-18 21:07:22,161] {processor.py:171} INFO - Processing /home/airflow/.local/lib/python3.7/site-packages/airflow/example_dags/tutorial_etl_dag.py took 0.092 seconds
[2022-04-18 21:07:52,226] {processor.py:163} INFO - Started process (PID=1158) to work on /home/airflow/.local/lib/python3.7/site-packages/airflow/example_dags/tutorial_etl_dag.py
[2022-04-18 21:07:52,228] {processor.py:642} INFO - Processing file /home/airflow/.local/lib/python3.7/site-packages/airflow/example_dags/tutorial_etl_dag.py for tasks to queue
[2022-04-18 21:07:52,230] {logging_mixin.py:109} INFO - [2022-04-18 21:07:52,230] {dagbag.py:500} INFO - Filling up the DagBag from /home/airflow/.local/lib/python3.7/site-packages/airflow/example_dags/tutorial_etl_dag.py
[2022-04-18 21:07:52,252] {processor.py:652} INFO - DAG(s) dict_keys(['tutorial_etl_dag']) retrieved from /home/airflow/.local/lib/python3.7/site-packages/airflow/example_dags/tutorial_etl_dag.py
[2022-04-18 21:07:52,281] {logging_mixin.py:109} INFO - [2022-04-18 21:07:52,281] {dag.py:2398} INFO - Sync 1 DAGs
[2022-04-18 21:07:52,306] {logging_mixin.py:109} INFO - [2022-04-18 21:07:52,306] {dag.py:2937} INFO - Setting next_dagrun for tutorial_etl_dag to None
[2022-04-18 21:07:52,323] {processor.py:171} INFO - Processing /home/airflow/.local/lib/python3.7/site-packages/airflow/example_dags/tutorial_etl_dag.py took 0.102 seconds
[2022-04-18 21:08:22,857] {processor.py:163} INFO - Started process (PID=1210) to work on /home/airflow/.local/lib/python3.7/site-packages/airflow/example_dags/tutorial_etl_dag.py
[2022-04-18 21:08:22,947] {processor.py:642} INFO - Processing file /home/airflow/.local/lib/python3.7/site-packages/airflow/example_dags/tutorial_etl_dag.py for tasks to queue
[2022-04-18 21:08:22,950] {logging_mixin.py:109} INFO - [2022-04-18 21:08:22,949] {dagbag.py:500} INFO - Filling up the DagBag from /home/airflow/.local/lib/python3.7/site-packages/airflow/example_dags/tutorial_etl_dag.py
[2022-04-18 21:08:22,969] {processor.py:652} INFO - DAG(s) dict_keys(['tutorial_etl_dag']) retrieved from /home/airflow/.local/lib/python3.7/site-packages/airflow/example_dags/tutorial_etl_dag.py
[2022-04-18 21:08:22,996] {logging_mixin.py:109} INFO - [2022-04-18 21:08:22,996] {dag.py:2398} INFO - Sync 1 DAGs
[2022-04-18 21:08:23,019] {logging_mixin.py:109} INFO - [2022-04-18 21:08:23,019] {dag.py:2937} INFO - Setting next_dagrun for tutorial_etl_dag to None
[2022-04-18 21:08:23,031] {processor.py:171} INFO - Processing /home/airflow/.local/lib/python3.7/site-packages/airflow/example_dags/tutorial_etl_dag.py took 0.178 seconds
[2022-04-18 21:08:53,131] {processor.py:163} INFO - Started process (PID=1269) to work on /home/airflow/.local/lib/python3.7/site-packages/airflow/example_dags/tutorial_etl_dag.py
[2022-04-18 21:08:53,133] {processor.py:642} INFO - Processing file /home/airflow/.local/lib/python3.7/site-packages/airflow/example_dags/tutorial_etl_dag.py for tasks to queue
[2022-04-18 21:08:53,134] {logging_mixin.py:109} INFO - [2022-04-18 21:08:53,134] {dagbag.py:500} INFO - Filling up the DagBag from /home/airflow/.local/lib/python3.7/site-packages/airflow/example_dags/tutorial_etl_dag.py
[2022-04-18 21:08:53,152] {processor.py:652} INFO - DAG(s) dict_keys(['tutorial_etl_dag']) retrieved from /home/airflow/.local/lib/python3.7/site-packages/airflow/example_dags/tutorial_etl_dag.py
[2022-04-18 21:08:53,173] {logging_mixin.py:109} INFO - [2022-04-18 21:08:53,173] {dag.py:2398} INFO - Sync 1 DAGs
[2022-04-18 21:08:53,190] {logging_mixin.py:109} INFO - [2022-04-18 21:08:53,190] {dag.py:2937} INFO - Setting next_dagrun for tutorial_etl_dag to None
[2022-04-18 21:08:53,200] {processor.py:171} INFO - Processing /home/airflow/.local/lib/python3.7/site-packages/airflow/example_dags/tutorial_etl_dag.py took 0.072 seconds
[2022-04-18 21:09:23,490] {processor.py:163} INFO - Started process (PID=1328) to work on /home/airflow/.local/lib/python3.7/site-packages/airflow/example_dags/tutorial_etl_dag.py
[2022-04-18 21:09:23,491] {processor.py:642} INFO - Processing file /home/airflow/.local/lib/python3.7/site-packages/airflow/example_dags/tutorial_etl_dag.py for tasks to queue
[2022-04-18 21:09:23,493] {logging_mixin.py:109} INFO - [2022-04-18 21:09:23,492] {dagbag.py:500} INFO - Filling up the DagBag from /home/airflow/.local/lib/python3.7/site-packages/airflow/example_dags/tutorial_etl_dag.py
[2022-04-18 21:09:23,508] {processor.py:652} INFO - DAG(s) dict_keys(['tutorial_etl_dag']) retrieved from /home/airflow/.local/lib/python3.7/site-packages/airflow/example_dags/tutorial_etl_dag.py
[2022-04-18 21:09:23,532] {logging_mixin.py:109} INFO - [2022-04-18 21:09:23,532] {dag.py:2398} INFO - Sync 1 DAGs
[2022-04-18 21:09:23,551] {logging_mixin.py:109} INFO - [2022-04-18 21:09:23,551] {dag.py:2937} INFO - Setting next_dagrun for tutorial_etl_dag to None
[2022-04-18 21:09:23,563] {processor.py:171} INFO - Processing /home/airflow/.local/lib/python3.7/site-packages/airflow/example_dags/tutorial_etl_dag.py took 0.078 seconds
